Using: /root/.etetoolkit/ext_apps-latest/bin/Slr
Using: /root/.etetoolkit/ext_apps-latest/bin/codeml

Running CodeML/Slr (20 CPUs)
  - processing model M0 (M0~7343b1278c3cd67741ec5605286ea15e)
  - processing model bsA (bsA~6dbff93404607dc71b73d30403f7fe44)
       marking branches 6

          (((((BT_Cry4Ba4,NOV_Cry4Ba1_98.9_ABR22237.1),BT_Cry4Ba1),(BT_Cry4Ba3,(NOV_Cry4Ba1_98.1_ABR22240.1,NOV_Cry4Ba1_98.5_ABR22238.1))),(NOV_Cry4Ba1_63.7_AJW76684.1,NOV_Cry4Ba1_63.8_OUB35623.1 #1)),NOV_Cry50Ba2_97.6_AFI42042.1,BT_Cry50Ba1);

  - processing model bsA1 (bsA1~9f4e17d763b60145a24cfd1330cd831d)
       marking branches 6

          (((((BT_Cry4Ba4,NOV_Cry4Ba1_98.9_ABR22237.1),BT_Cry4Ba1),(BT_Cry4Ba3,(NOV_Cry4Ba1_98.1_ABR22240.1,NOV_Cry4Ba1_98.5_ABR22238.1))),(NOV_Cry4Ba1_63.7_AJW76684.1,NOV_Cry4Ba1_63.8_OUB35623.1 #1)),NOV_Cry50Ba2_97.6_AFI42042.1,BT_Cry50Ba1);

  - processing model bsB (bsB~cf004675695b31d008a86cf9a8156101)
       marking branches 6

          (((((BT_Cry4Ba4,NOV_Cry4Ba1_98.9_ABR22237.1),BT_Cry4Ba1),(BT_Cry4Ba3,(NOV_Cry4Ba1_98.1_ABR22240.1,NOV_Cry4Ba1_98.5_ABR22238.1))),(NOV_Cry4Ba1_63.7_AJW76684.1,NOV_Cry4Ba1_63.8_OUB35623.1 #1)),NOV_Cry50Ba2_97.6_AFI42042.1,BT_Cry50Ba1);


LRT

                                         Null model |                             Alternative model | p-value
   =================================================|===============================================|============
                M0~7343b1278c3cd67741ec5605286ea15e |      bsA.6-1~fe52d95fff2a83318bde17f191810ef5 | 0.000000**
                M0~7343b1278c3cd67741ec5605286ea15e |     bsA1.6-1~a29a69d3bb4e5498eda84fbb1e4ffbc1 | 0.000000**
                M0~7343b1278c3cd67741ec5605286ea15e |      bsB.6-1~de9e18fa2163e88d83ddb07b8ec6a184 | 0.000000**
           bsA.6-1~fe52d95fff2a83318bde17f191810ef5 |      bsB.6-1~de9e18fa2163e88d83ddb07b8ec6a184 | 0.011980*
          bsA1.6-1~a29a69d3bb4e5498eda84fbb1e4ffbc1 |      bsA.6-1~fe52d95fff2a83318bde17f191810ef5 | 1.000000
          bsA1.6-1~a29a69d3bb4e5498eda84fbb1e4ffbc1 |      bsB.6-1~de9e18fa2163e88d83ddb07b8ec6a184 | 0.042556*

SUMMARY BY MODEL

 - Model M0
   * Average omega for all tree: 0.571

 - Model bsA.6-1
   * Marked branches
      (((((BT_Cry4Ba4,NOV_Cry4Ba1_98.9_ABR22237.1),BT_Cry4Ba1),(BT_Cry4Ba3,(NOV_Cry4Ba1_98.1_ABR22240.1,NOV_Cry4Ba1_98.5_ABR22238.1))),(NOV_Cry4Ba1_63.7_AJW76684.1,NOV_Cry4Ba1_63.8_OUB35623.1 #1)),NOV_Cry50Ba2_97.6_AFI42042.1,BT_Cry50Ba1);

 - Model bsA1.6-1
   * Marked branches
      (((((BT_Cry4Ba4,NOV_Cry4Ba1_98.9_ABR22237.1),BT_Cry4Ba1),(BT_Cry4Ba3,(NOV_Cry4Ba1_98.1_ABR22240.1,NOV_Cry4Ba1_98.5_ABR22238.1))),(NOV_Cry4Ba1_63.7_AJW76684.1,NOV_Cry4Ba1_63.8_OUB35623.1 #1)),NOV_Cry50Ba2_97.6_AFI42042.1,BT_Cry50Ba1);
   * Sites significantly caracterized
      codon position |   category
     -----------------------------------------------------------
                14   |   Relaxed (probability > 0.99)
                24   |   Relaxed (probability > 0.95)
                55   |   Relaxed (probability > 0.99)
                74   |   Relaxed (probability > 0.95)
                75   |   Relaxed (probability > 0.99)
           82-  83   |   Relaxed (probability > 0.99)
           86-  87   |   Relaxed (probability > 0.99)
                91   |   Relaxed (probability > 0.99)
                93   |   Relaxed (probability > 0.99)
                99   |   Relaxed (probability > 0.95)
               101   |   Relaxed (probability > 0.99)
          103- 104   |   Relaxed (probability > 0.99)
               107   |   Relaxed (probability > 0.99)
          108- 109   |   Relaxed (probability > 0.95)
               110   |   Relaxed (probability > 0.99)
               112   |   Relaxed (probability > 0.99)
               113   |   Relaxed (probability > 0.95)
               116   |   Relaxed (probability > 0.99)
               118   |   Relaxed (probability > 0.95)
               119   |   Relaxed (probability > 0.99)
               125   |   Relaxed (probability > 0.99)
               131   |   Relaxed (probability > 0.95)
               133   |   Relaxed (probability > 0.99)
               137   |   Relaxed (probability > 0.99)
               175   |   Relaxed (probability > 0.95)
               178   |   Relaxed (probability > 0.95)
               179   |   Relaxed (probability > 0.99)
               188   |   Relaxed (probability > 0.99)

 - Model bsB.6-1
   * Marked branches
      (((((BT_Cry4Ba4,NOV_Cry4Ba1_98.9_ABR22237.1),BT_Cry4Ba1),(BT_Cry4Ba3,(NOV_Cry4Ba1_98.1_ABR22240.1,NOV_Cry4Ba1_98.5_ABR22238.1))),(NOV_Cry4Ba1_63.7_AJW76684.1,NOV_Cry4Ba1_63.8_OUB35623.1 #1)),NOV_Cry50Ba2_97.6_AFI42042.1,BT_Cry50Ba1);
