Using: /root/.etetoolkit/ext_apps-latest/bin/Slr
Using: /root/.etetoolkit/ext_apps-latest/bin/codeml

Running CodeML/Slr (20 CPUs)
  - processing model M0 (M0~7343b1278c3cd67741ec5605286ea15e)
  - processing model b_free (b_free~af1bbc95b7ceead717786740b2adfbc3)
       marking branches 6

          (((((BT_Cry4Ba4,NOV_Cry4Ba1_98.9_ABR22237.1),BT_Cry4Ba1),(BT_Cry4Ba3,(NOV_Cry4Ba1_98.1_ABR22240.1,NOV_Cry4Ba1_98.5_ABR22238.1))),(NOV_Cry4Ba1_63.7_AJW76684.1,NOV_Cry4Ba1_63.8_OUB35623.1 #1)),NOV_Cry50Ba2_97.6_AFI42042.1,BT_Cry50Ba1);

  - processing model b_neut (b_neut~d3f733fab2a8ad9d2bad80c77061eabe)
       marking branches 6

          (((((BT_Cry4Ba4,NOV_Cry4Ba1_98.9_ABR22237.1),BT_Cry4Ba1),(BT_Cry4Ba3,(NOV_Cry4Ba1_98.1_ABR22240.1,NOV_Cry4Ba1_98.5_ABR22238.1))),(NOV_Cry4Ba1_63.7_AJW76684.1,NOV_Cry4Ba1_63.8_OUB35623.1 #1)),NOV_Cry50Ba2_97.6_AFI42042.1,BT_Cry50Ba1);


LRT

                                         Null model |                             Alternative model | p-value
   =================================================|===============================================|============
                M0~7343b1278c3cd67741ec5605286ea15e |   b_free.6-1~cc89a1b5a885d72a07c19f0ab55c898e | 0.407735
        b_neut.6-1~0bccf77788b623e15de858889e1435db |   b_free.6-1~cc89a1b5a885d72a07c19f0ab55c898e | 0.118145

SUMMARY BY MODEL

 - Model M0
   * Average omega for all tree: 0.571

 - Model b_free.6-1
   * Marked branches
      (((((BT_Cry4Ba4,NOV_Cry4Ba1_98.9_ABR22237.1),BT_Cry4Ba1),(BT_Cry4Ba3,(NOV_Cry4Ba1_98.1_ABR22240.1,NOV_Cry4Ba1_98.5_ABR22238.1))),(NOV_Cry4Ba1_63.7_AJW76684.1,NOV_Cry4Ba1_63.8_OUB35623.1 #1)),NOV_Cry50Ba2_97.6_AFI42042.1,BT_Cry50Ba1);

        Branches  =>   omega
              #1  =>   0.334
      background  =>   0.595

 - Model b_neut.6-1
   * Marked branches
      (((((BT_Cry4Ba4,NOV_Cry4Ba1_98.9_ABR22237.1),BT_Cry4Ba1),(BT_Cry4Ba3,(NOV_Cry4Ba1_98.1_ABR22240.1,NOV_Cry4Ba1_98.5_ABR22238.1))),(NOV_Cry4Ba1_63.7_AJW76684.1,NOV_Cry4Ba1_63.8_OUB35623.1 #1)),NOV_Cry50Ba2_97.6_AFI42042.1,BT_Cry50Ba1);

        Branches  =>   omega
      background  =>   0.583
              #1  =>   1.000
