Using: /root/.etetoolkit/ext_apps-latest/bin/Slr
Using: /root/.etetoolkit/ext_apps-latest/bin/codeml

Running CodeML/Slr (20 CPUs)
  - processing model M0 (M0~d02756a9af6a2731bad4e7b1319b20f5)
  - processing model M1 (M1~5543c452ecc97f64c84cdc1bc865d0cb)
  - processing model M2 (M2~7ec813793c483c6f506de8a6485fdcc3)
  - processing model M3 (M3~b8f944e34d1351e4d8ada50cb5c97c0e)
  - processing model M7 (M7~251b9eeaa20da19764d41fa405e8c367)
  - processing model M8 (M8~85daad8f5ced856208b7b9c486d5d451)

LRT

                                         Null model |                             Alternative model | p-value
   =================================================|===============================================|============
                M0~d02756a9af6a2731bad4e7b1319b20f5 |           M1~5543c452ecc97f64c84cdc1bc865d0cb | 0.000000**
                M0~d02756a9af6a2731bad4e7b1319b20f5 |           M2~7ec813793c483c6f506de8a6485fdcc3 | 0.000000**
                M0~d02756a9af6a2731bad4e7b1319b20f5 |           M3~b8f944e34d1351e4d8ada50cb5c97c0e | 0.000000**
                M0~d02756a9af6a2731bad4e7b1319b20f5 |           M7~251b9eeaa20da19764d41fa405e8c367 | 0.000000**
                M0~d02756a9af6a2731bad4e7b1319b20f5 |           M8~85daad8f5ced856208b7b9c486d5d451 | 0.000000**
                M1~5543c452ecc97f64c84cdc1bc865d0cb |           M2~7ec813793c483c6f506de8a6485fdcc3 | 0.066635
                M1~5543c452ecc97f64c84cdc1bc865d0cb |           M3~b8f944e34d1351e4d8ada50cb5c97c0e | 0.143111
                M1~5543c452ecc97f64c84cdc1bc865d0cb |           M8~85daad8f5ced856208b7b9c486d5d451 | 0.074995
                M2~7ec813793c483c6f506de8a6485fdcc3 |           M3~b8f944e34d1351e4d8ada50cb5c97c0e | 0.923157
                M7~251b9eeaa20da19764d41fa405e8c367 |           M2~7ec813793c483c6f506de8a6485fdcc3 | 0.039532*
                M7~251b9eeaa20da19764d41fa405e8c367 |           M3~b8f944e34d1351e4d8ada50cb5c97c0e | 0.090830
                M7~251b9eeaa20da19764d41fa405e8c367 |           M8~85daad8f5ced856208b7b9c486d5d451 | 0.044492*
                M8~85daad8f5ced856208b7b9c486d5d451 |           M3~b8f944e34d1351e4d8ada50cb5c97c0e | 0.620133

SUMMARY BY MODEL

 - Model M0
   * Average omega for all tree: 0.486

 - Model M1
   * Average omega for all tree: 0.507
   * Sites significantly caracterized
      codon position |   category
     -----------------------------------------------------------
           17-  19   |   Relaxed (probability > 0.99)
                20   |   Relaxed (probability > 0.95)
                32   |   Relaxed (probability > 0.95)
                41   |   Relaxed (probability > 0.95)
                72   |   Relaxed (probability > 0.95)
                74   |   Relaxed (probability > 0.99)
                79   |   Relaxed (probability > 0.99)
                82   |   Relaxed (probability > 0.95)
           83-  84   |   Relaxed (probability > 0.99)
                87   |   Relaxed (probability > 0.99)
                97   |   Relaxed (probability > 0.95)
                99   |   Relaxed (probability > 0.95)
               102   |   Relaxed (probability > 0.99)
               103   |   Relaxed (probability > 0.95)
               105   |   Relaxed (probability > 0.95)
               107   |   Relaxed (probability > 0.99)
          116- 117   |   Relaxed (probability > 0.99)
          126- 127   |   Relaxed (probability > 0.99)
               130   |   Relaxed (probability > 0.99)
               134   |   Relaxed (probability > 0.99)
          136- 137   |   Relaxed (probability > 0.95)
               140   |   Relaxed (probability > 0.99)
               141   |   Relaxed (probability > 0.95)
               142   |   Relaxed (probability > 0.99)

 - Model M2
   * Average omega for all tree: 0.735

 - Model M3
   * Average omega for all tree: 0.728
   * Sites significantly caracterized
      codon position |   category
     -----------------------------------------------------------
                 7   |   Relaxed (probability > 0.95)
           19-  21   |   Relaxed (probability > 0.95)
                41   |   Relaxed (probability > 0.95)
           44-  45   |   Relaxed (probability > 0.95)
                74   |   Relaxed (probability > 0.95)
                79   |   Relaxed (probability > 0.95)
           82-  83   |   Relaxed (probability > 0.95)
                87   |   Relaxed (probability > 0.99)
                90   |   Relaxed (probability > 0.95)
                97   |   Relaxed (probability > 0.95)
          101- 105   |   Relaxed (probability > 0.95)
               107   |   Relaxed (probability > 0.95)
               117   |   Relaxed (probability > 0.95)
               126   |   Relaxed (probability > 0.99)
               131   |   Relaxed (probability > 0.95)
          136- 137   |   Relaxed (probability > 0.95)
               141   |   Relaxed (probability > 0.95)

 - Model M7
   * Average omega for all tree: 0.497

 - Model M8
   * Average omega for all tree: 0.716
   * Sites significantly caracterized
      codon position |   category
     -----------------------------------------------------------
               130   |   Positively-selected (probability > 0.95)
