--------------------------------------------------------------------------------
ModelTest-NG v0.1.7

Input data:
  MSA:        /shared/lab_7/phyl_pipeline/evol_anal/NO_PAT/testing_evol/minor_event_45/minor_event_45_nucl_reported.fasta
  Tree:       Maximum likelihood
    file:           -
  #taxa:            10
  #sites:           678
  #patterns:        259
  Max. thread mem:  1 MB

Output:
  Log:           /shared/lab_7/phyl_pipeline/evol_anal/NO_PAT/testing_evol/minor_event_45/minor_event_45_nucl_reported.fasta.log
  Starting tree: /shared/lab_7/phyl_pipeline/evol_anal/NO_PAT/testing_evol/minor_event_45/minor_event_45_nucl_reported.fasta.tree
  Results:       /shared/lab_7/phyl_pipeline/evol_anal/NO_PAT/testing_evol/minor_event_45/minor_event_45_nucl_reported.fasta.out

Selection options:
  # dna schemes:      11
  # dna models:       88
  include model parameters:
    Uniform:         true
    p-inv (+I):      true
    gamma (+G):      true
    both (+I+G):     true
    free rates (+R): false
    fixed freqs:     true
    estimated freqs: true
    #categories:     4
  gamma rates mode:   mean
  asc bias:           none
  epsilon (opt):      0.01
  epsilon (par):      0.05
  keep branches:      false

Additional options:
  verbosity:        very low
  threads:          1/36
  RNG seed:         12345
  subtree repeats:  enabled
--------------------------------------------------------------------------------

BIC       model              K            lnL          score          delta    weight
--------------------------------------------------------------------------------
       1  TVM+G4             8     -3278.6829      6720.3444         0.0000    0.5210
       2  TPM3uf+G4          6     -3285.8286      6721.5976         1.2532    0.2784
       3  GTR+G4             9     -3276.9701      6723.4380         3.0936    0.1109
       4  TIM3+G4            7     -3284.1796      6724.8187         4.4742    0.0556
       5  TVM+I+G4           9     -3278.7705      6727.0389         6.6944    0.0183
       6  TPM3uf+I+G4        7     -3285.9191      6728.2978         7.9533    0.0098
       7  GTR+I+G4          10     -3277.0732      6730.1634         9.8189    0.0038
       8  TIM3+I+G4          8     -3284.2822      6731.5431        11.1987    0.0019
       9  TVM+I              8     -3287.7527      6738.4842        18.1397    0.0001
      10  TPM3uf+I           6     -3294.5634      6739.0673        18.7228    0.0000
--------------------------------------------------------------------------------
Best model according to BIC
---------------------------
Model:              TVM+G4
lnL:                -3278.6829
Frequencies:        0.3379 0.1327 0.2138 0.3156
Subst. Rates:       2.7760 2.1324 0.4489 1.9877 2.1324 1.0000 
Inv. sites prop:    -
Gamma shape:        1.0334
Score:              6720.3444
Weight:             0.5210
---------------------------
Parameter importances
---------------------------
P.Inv:              0.0001
Gamma:              0.9660
Gamma-Inv:          0.0339
Frequencies:        1.0000
---------------------------
Model averaged estimates
---------------------------
P.Inv:              0.2833
Alpha:              1.0463
Alpha-P.Inv:        1.1367
P.Inv-Alpha:        0.0216
Frequencies:        0.3350 0.1339 0.2143 0.3169 

Commands:
  > phyml  -i /shared/lab_7/phyl_pipeline/evol_anal/NO_PAT/testing_evol/minor_event_45/minor_event_45_nucl_reported.fasta -m 012314 -f m -v 0 -a e -c 4 -o tlr
  > raxmlHPC-SSE3 -s /shared/lab_7/phyl_pipeline/evol_anal/NO_PAT/testing_evol/minor_event_45/minor_event_45_nucl_reported.fasta -m GTRGAMMAX -n EXEC_NAME -p PARSIMONY_SEED
  > raxml-ng --msa /shared/lab_7/phyl_pipeline/evol_anal/NO_PAT/testing_evol/minor_event_45/minor_event_45_nucl_reported.fasta --model TVM+G4
  > paup -s /shared/lab_7/phyl_pipeline/evol_anal/NO_PAT/testing_evol/minor_event_45/minor_event_45_nucl_reported.fasta
  > iqtree -s /shared/lab_7/phyl_pipeline/evol_anal/NO_PAT/testing_evol/minor_event_45/minor_event_45_nucl_reported.fasta -m TVM+G4

AIC       model              K            lnL          score          delta    weight
--------------------------------------------------------------------------------
       1  GTR+G4             9     -3276.9701      6605.9402         0.0000    0.5003
       2  TVM+G4             8     -3278.6829      6607.3658         1.4256    0.2453
       3  GTR+I+G4          10     -3277.0732      6608.1464         2.2062    0.1660
       4  TVM+I+G4           9     -3278.7705      6609.5411         3.6009    0.0827
       5  TIM3+G4            7     -3284.1796      6616.3591        10.4189    0.0027
       6  TPM3uf+G4          6     -3285.8286      6617.6573        11.7171    0.0014
       7  TIM3+I+G4          8     -3284.2822      6618.5644        12.6242    0.0009
       8  TPM3uf+I+G4        7     -3285.9191      6619.8382        13.8980    0.0005
       9  GTR+I              9     -3285.4838      6622.9677        17.0275    0.0001
      10  TVM+I              8     -3287.7527      6625.5055        19.5653    0.0000
--------------------------------------------------------------------------------
Best model according to AIC
---------------------------
Model:              GTR+G4
lnL:                -3276.9701
Frequencies:        0.3309 0.1393 0.2070 0.3228
Subst. Rates:       2.5877 2.3846 0.4501 1.8781 1.6500 1.0000 
Inv. sites prop:    -
Gamma shape:        1.1000
Score:              6605.9402
Weight:             0.5003
---------------------------
Parameter importances
---------------------------
P.Inv:              0.0001
Gamma:              0.7498
Gamma-Inv:          0.2501
Frequencies:        1.0000
---------------------------
Model averaged estimates
---------------------------
P.Inv:              0.2749
Alpha:              1.0781
Alpha-P.Inv:        1.1714
P.Inv-Alpha:        0.0219
Frequencies:        0.3331 0.1371 0.2093 0.3205 

Commands:
  > phyml  -i /shared/lab_7/phyl_pipeline/evol_anal/NO_PAT/testing_evol/minor_event_45/minor_event_45_nucl_reported.fasta -m 012345 -f m -v 0 -a e -c 4 -o tlr
  > raxmlHPC-SSE3 -s /shared/lab_7/phyl_pipeline/evol_anal/NO_PAT/testing_evol/minor_event_45/minor_event_45_nucl_reported.fasta -m GTRGAMMAX -n EXEC_NAME -p PARSIMONY_SEED
  > raxml-ng --msa /shared/lab_7/phyl_pipeline/evol_anal/NO_PAT/testing_evol/minor_event_45/minor_event_45_nucl_reported.fasta --model GTR+G4
  > paup -s /shared/lab_7/phyl_pipeline/evol_anal/NO_PAT/testing_evol/minor_event_45/minor_event_45_nucl_reported.fasta
  > iqtree -s /shared/lab_7/phyl_pipeline/evol_anal/NO_PAT/testing_evol/minor_event_45/minor_event_45_nucl_reported.fasta -m GTR+G4

AICc      model              K            lnL          score          delta    weight
--------------------------------------------------------------------------------
       1  GTR+G4             9     -3276.9701      6607.9402         0.0000    0.4303
       2  TVM+G4             8     -3278.6829      6608.3658         0.4256    0.3478
       3  GTR+I+G4          10     -3277.0732      6610.1464         2.2062    0.1428
       4  TVM+I+G4           9     -3278.7705      6611.5411         3.6009    0.0711
       5  TIM3+G4            7     -3284.1796      6617.3591         9.4189    0.0039
       6  TPM3uf+G4          6     -3285.8286      6618.6573        10.7171    0.0020
       7  TIM3+I+G4          8     -3284.2822      6619.5644        11.6242    0.0013
       8  TPM3uf+I+G4        7     -3285.9191      6620.8382        12.8980    0.0007
       9  GTR+I              9     -3285.4838      6624.9677        17.0275    0.0001
      10  TVM+I              8     -3287.7527      6626.5055        18.5653    0.0000
--------------------------------------------------------------------------------
Best model according to AICc
---------------------------
Model:              GTR+G4
lnL:                -3276.9701
Frequencies:        0.3309 0.1393 0.2070 0.3228
Subst. Rates:       2.5877 2.3846 0.4501 1.8781 1.6500 1.0000 
Inv. sites prop:    -
Gamma shape:        1.1000
Score:              6607.9402
Weight:             0.4303
---------------------------
Parameter importances
---------------------------
P.Inv:              0.0001
Gamma:              0.7840
Gamma-Inv:          0.2159
Frequencies:        1.0000
---------------------------
Model averaged estimates
---------------------------
P.Inv:              0.2762
Alpha:              1.0703
Alpha-P.Inv:        1.1712
P.Inv-Alpha:        0.0219
Frequencies:        0.3337 0.1365 0.2099 0.3199 

Commands:
  > phyml  -i /shared/lab_7/phyl_pipeline/evol_anal/NO_PAT/testing_evol/minor_event_45/minor_event_45_nucl_reported.fasta -m 012345 -f m -v 0 -a e -c 4 -o tlr
  > raxmlHPC-SSE3 -s /shared/lab_7/phyl_pipeline/evol_anal/NO_PAT/testing_evol/minor_event_45/minor_event_45_nucl_reported.fasta -m GTRGAMMAX -n EXEC_NAME -p PARSIMONY_SEED
  > raxml-ng --msa /shared/lab_7/phyl_pipeline/evol_anal/NO_PAT/testing_evol/minor_event_45/minor_event_45_nucl_reported.fasta --model GTR+G4
  > paup -s /shared/lab_7/phyl_pipeline/evol_anal/NO_PAT/testing_evol/minor_event_45/minor_event_45_nucl_reported.fasta
  > iqtree -s /shared/lab_7/phyl_pipeline/evol_anal/NO_PAT/testing_evol/minor_event_45/minor_event_45_nucl_reported.fasta -m GTR+G4
Done
