Using: /root/.etetoolkit/ext_apps-latest/bin/Slr
Using: /root/.etetoolkit/ext_apps-latest/bin/codeml

Running CodeML/Slr (20 CPUs)
  - processing model M0 (M0~b3651e5f093ff36dcfe6ad2cdc41072f)
  - processing model bsA (bsA~4421b25cb2f20396869d20d879c8edd0)
       marking branches 43, 48, 44, 7, 14, 16, 45, 9, 46, 20, 21, 47, 10, 19, 42

          (((NOV_Cry4Ba1_98.1_ABR22240.1,(BT_Cry4Ba1,(((BT_Cry32Ua1,BT_Cry32Da1),((BT_Cry32Wa1,BT_Cry32Pa1),(((BT_Cry24Ca1,BT_Cry40Ba1),NOV_Cry24Aa1_98.3_WP_086403584.1),(BT_Cry24Da1,(BT_Cry44Aa1,(((((((NOV_Cry40Da1_81.5_AIN76756.1 #1,(BT_Cry40Da1 #1,NOV_Cry40Da1_66.9_PEU78339.1 #1) #1) #1,NOV_Cry40Da1_77.3_ARJ25823.1 #1) #1,BT_Cry40Ca1 #1) #1,BT_Cry40Aa1 #1) #1,(BT_Cry52Aa1 #1,BT_Cry52Ca1 #1) #1) #1,BT_Cry52Ba1),NOV_Cry40Da1_65.0_CAH33957.1)))))),BT_Cry4Ba3))),NOV_Cry4Ba1_98.5_ABR22238.1),NOV_Cry4Ba1_98.9_ABR22237.1,NOV_Cry4Ba1_98.9_ABR22236.1);

  - processing model bsA1 (bsA1~e7ab55392e8471aed3d68571b8cf431e)
       marking branches 43, 48, 44, 7, 14, 16, 45, 9, 46, 20, 21, 47, 10, 19, 42

          (((NOV_Cry4Ba1_98.1_ABR22240.1,(BT_Cry4Ba1,(((BT_Cry32Ua1,BT_Cry32Da1),((BT_Cry32Wa1,BT_Cry32Pa1),(((BT_Cry24Ca1,BT_Cry40Ba1),NOV_Cry24Aa1_98.3_WP_086403584.1),(BT_Cry24Da1,(BT_Cry44Aa1,(((((((NOV_Cry40Da1_81.5_AIN76756.1 #1,(BT_Cry40Da1 #1,NOV_Cry40Da1_66.9_PEU78339.1 #1) #1) #1,NOV_Cry40Da1_77.3_ARJ25823.1 #1) #1,BT_Cry40Ca1 #1) #1,BT_Cry40Aa1 #1) #1,(BT_Cry52Aa1 #1,BT_Cry52Ca1 #1) #1) #1,BT_Cry52Ba1),NOV_Cry40Da1_65.0_CAH33957.1)))))),BT_Cry4Ba3))),NOV_Cry4Ba1_98.5_ABR22238.1),NOV_Cry4Ba1_98.9_ABR22237.1,NOV_Cry4Ba1_98.9_ABR22236.1);

  - processing model bsB (bsB~394378d1e90bc3cf1efb3c05ead34d42)
       marking branches 43, 48, 44, 7, 14, 16, 45, 9, 46, 20, 21, 47, 10, 19, 42

          (((NOV_Cry4Ba1_98.1_ABR22240.1,(BT_Cry4Ba1,(((BT_Cry32Ua1,BT_Cry32Da1),((BT_Cry32Wa1,BT_Cry32Pa1),(((BT_Cry24Ca1,BT_Cry40Ba1),NOV_Cry24Aa1_98.3_WP_086403584.1),(BT_Cry24Da1,(BT_Cry44Aa1,(((((((NOV_Cry40Da1_81.5_AIN76756.1 #1,(BT_Cry40Da1 #1,NOV_Cry40Da1_66.9_PEU78339.1 #1) #1) #1,NOV_Cry40Da1_77.3_ARJ25823.1 #1) #1,BT_Cry40Ca1 #1) #1,BT_Cry40Aa1 #1) #1,(BT_Cry52Aa1 #1,BT_Cry52Ca1 #1) #1) #1,BT_Cry52Ba1),NOV_Cry40Da1_65.0_CAH33957.1)))))),BT_Cry4Ba3))),NOV_Cry4Ba1_98.5_ABR22238.1),NOV_Cry4Ba1_98.9_ABR22237.1,NOV_Cry4Ba1_98.9_ABR22236.1);


LRT

                                         Null model |                             Alternative model | p-value
   =================================================|===============================================|============
                M0~b3651e5f093ff36dcfe6ad2cdc41072f | bsA.43_48_44~265c9a1bbe181547b33764eb10cc1d21 | 0.000000**
                M0~b3651e5f093ff36dcfe6ad2cdc41072f | bsA1.43_48_4~ed6b28c292a00cefb7ff00a102451860 | 0.000000**
                M0~b3651e5f093ff36dcfe6ad2cdc41072f | bsB.43_48_44~f3624bd75e8653e2f8378e01103596ae | 0.000000**
      bsA.43_48_44~265c9a1bbe181547b33764eb10cc1d21 | bsB.43_48_44~f3624bd75e8653e2f8378e01103596ae | 0.000000**
      bsA1.43_48_4~ed6b28c292a00cefb7ff00a102451860 | bsA.43_48_44~265c9a1bbe181547b33764eb10cc1d21 | 0.000000**
      bsA1.43_48_4~ed6b28c292a00cefb7ff00a102451860 | bsB.43_48_44~f3624bd75e8653e2f8378e01103596ae | 0.000000**

SUMMARY BY MODEL

 - Model M0
   * Average omega for all tree: 0.446

 - Model bsA.43_48_44_7_14_16_45_9_46_20_21_47_10_19_42-1_1_1_1_1_1_1_1_1_1_1_1_1_1_1
   * Marked branches
      (((NOV_Cry4Ba1_98.1_ABR22240.1,(BT_Cry4Ba1,(((BT_Cry32Ua1,BT_Cry32Da1),((BT_Cry32Wa1,BT_Cry32Pa1),(((BT_Cry24Ca1,BT_Cry40Ba1),NOV_Cry24Aa1_98.3_WP_086403584.1),(BT_Cry24Da1,(BT_Cry44Aa1,(((((((NOV_Cry40Da1_81.5_AIN76756.1 #1,(BT_Cry40Da1 #1,NOV_Cry40Da1_66.9_PEU78339.1 #1) #1) #1,NOV_Cry40Da1_77.3_ARJ25823.1 #1) #1,BT_Cry40Ca1 #1) #1,BT_Cry40Aa1 #1) #1,(BT_Cry52Aa1 #1,BT_Cry52Ca1 #1) #1) #1,BT_Cry52Ba1),NOV_Cry40Da1_65.0_CAH33957.1)))))),BT_Cry4Ba3))),NOV_Cry4Ba1_98.5_ABR22238.1),NOV_Cry4Ba1_98.9_ABR22237.1,NOV_Cry4Ba1_98.9_ABR22236.1);
   * Sites significantly caracterized
      codon position |   category
     -----------------------------------------------------------
                 4   |   Conserved (probability > 0.99)
                 5   |   Conserved (probability > 0.95)
                 6   |   Conserved (probability > 0.99)
                 7   |   Conserved (probability > 0.95)
            8-  14   |   Conserved (probability > 0.99)
                19   |   Positively-selected (probability > 0.95)
                25   |   Positively-selected (probability > 0.99)
                27   |   Positively-selected (probability > 0.95)
                28   |   Conserved (probability > 0.99)
                31   |   Conserved (probability > 0.99)
                32   |   Conserved (probability > 0.95)
                33   |   Conserved (probability > 0.99)
           35-  40   |   Conserved (probability > 0.99)
                42   |   Conserved (probability > 0.99)
                56   |   Conserved (probability > 0.99)
                70   |   Conserved (probability > 0.99)
           72-  73   |   Conserved (probability > 0.99)
           74-  75   |   Conserved (probability > 0.95)
                76   |   Conserved (probability > 0.99)
                77   |   Positively-selected (probability > 0.99)
           79-  81   |   Positively-selected (probability > 0.99)
                83   |   Positively-selected (probability > 0.99)
                85   |   Positively-selected (probability > 0.99)
               100   |   Positively-selected (probability > 0.95)
               106   |   Conserved (probability > 0.99)
          107- 108   |   Positively-selected (probability > 0.99)
               110   |   Positively-selected (probability > 0.99)
               113   |   Positively-selected (probability > 0.99)
               119   |   Positively-selected (probability > 0.99)
               122   |   Conserved (probability > 0.99)
               124   |   Conserved (probability > 0.99)
               127   |   Conserved (probability > 0.99)
               129   |   Conserved (probability > 0.99)
               142   |   Conserved (probability > 0.99)
               143   |   Conserved (probability > 0.95)
               146   |   Conserved (probability > 0.99)
               151   |   Conserved (probability > 0.99)
               155   |   Positively-selected (probability > 0.99)
          160- 161   |   Conserved (probability > 0.99)
               163   |   Conserved (probability > 0.99)
               164   |   Conserved (probability > 0.95)

 - Model bsA1.43_48_44_7_14_16_45_9_46_20_21_47_10_19_42-1_1_1_1_1_1_1_1_1_1_1_1_1_1_1
   * Marked branches
      (((NOV_Cry4Ba1_98.1_ABR22240.1,(BT_Cry4Ba1,(((BT_Cry32Ua1,BT_Cry32Da1),((BT_Cry32Wa1,BT_Cry32Pa1),(((BT_Cry24Ca1,BT_Cry40Ba1),NOV_Cry24Aa1_98.3_WP_086403584.1),(BT_Cry24Da1,(BT_Cry44Aa1,(((((((NOV_Cry40Da1_81.5_AIN76756.1 #1,(BT_Cry40Da1 #1,NOV_Cry40Da1_66.9_PEU78339.1 #1) #1) #1,NOV_Cry40Da1_77.3_ARJ25823.1 #1) #1,BT_Cry40Ca1 #1) #1,BT_Cry40Aa1 #1) #1,(BT_Cry52Aa1 #1,BT_Cry52Ca1 #1) #1) #1,BT_Cry52Ba1),NOV_Cry40Da1_65.0_CAH33957.1)))))),BT_Cry4Ba3))),NOV_Cry4Ba1_98.5_ABR22238.1),NOV_Cry4Ba1_98.9_ABR22237.1,NOV_Cry4Ba1_98.9_ABR22236.1);
   * Sites significantly caracterized
      codon position |   category
     -----------------------------------------------------------
            4-   6   |   Relaxed (probability > 0.99)
                 8   |   Relaxed (probability > 0.95)
                 9   |   Relaxed (probability > 0.99)
                11   |   Relaxed (probability > 0.99)
                12   |   Relaxed (probability > 0.95)
           13-  14   |   Relaxed (probability > 0.99)
                28   |   Relaxed (probability > 0.95)
                31   |   Relaxed (probability > 0.99)
                33   |   Relaxed (probability > 0.99)
                35   |   Relaxed (probability > 0.99)
                36   |   Relaxed (probability > 0.95)
                37   |   Relaxed (probability > 0.99)
           38-  39   |   Relaxed (probability > 0.95)
                40   |   Relaxed (probability > 0.99)
                42   |   Relaxed (probability > 0.95)
                56   |   Relaxed (probability > 0.99)
                68   |   Relaxed (probability > 0.95)
           72-  73   |   Relaxed (probability > 0.99)
                76   |   Relaxed (probability > 0.95)
                77   |   Relaxed (probability > 0.99)
                82   |   Relaxed (probability > 0.95)
               106   |   Relaxed (probability > 0.95)
               119   |   Relaxed (probability > 0.99)
               124   |   Relaxed (probability > 0.99)
               127   |   Relaxed (probability > 0.95)
               129   |   Relaxed (probability > 0.99)
               142   |   Relaxed (probability > 0.99)
          143- 144   |   Relaxed (probability > 0.95)
               146   |   Relaxed (probability > 0.99)
               151   |   Relaxed (probability > 0.99)
               160   |   Relaxed (probability > 0.95)
               161   |   Relaxed (probability > 0.99)
               163   |   Relaxed (probability > 0.95)

 - Model bsB.43_48_44_7_14_16_45_9_46_20_21_47_10_19_42-1_1_1_1_1_1_1_1_1_1_1_1_1_1_1
   * Marked branches
      (((NOV_Cry4Ba1_98.1_ABR22240.1,(BT_Cry4Ba1,(((BT_Cry32Ua1,BT_Cry32Da1),((BT_Cry32Wa1,BT_Cry32Pa1),(((BT_Cry24Ca1,BT_Cry40Ba1),NOV_Cry24Aa1_98.3_WP_086403584.1),(BT_Cry24Da1,(BT_Cry44Aa1,(((((((NOV_Cry40Da1_81.5_AIN76756.1 #1,(BT_Cry40Da1 #1,NOV_Cry40Da1_66.9_PEU78339.1 #1) #1) #1,NOV_Cry40Da1_77.3_ARJ25823.1 #1) #1,BT_Cry40Ca1 #1) #1,BT_Cry40Aa1 #1) #1,(BT_Cry52Aa1 #1,BT_Cry52Ca1 #1) #1) #1,BT_Cry52Ba1),NOV_Cry40Da1_65.0_CAH33957.1)))))),BT_Cry4Ba3))),NOV_Cry4Ba1_98.5_ABR22238.1),NOV_Cry4Ba1_98.9_ABR22237.1,NOV_Cry4Ba1_98.9_ABR22236.1);
   * Sites significantly caracterized
      codon position |   category
     -----------------------------------------------------------
                 4   |   Conserved (probability > 0.99)
                 6   |   Conserved (probability > 0.99)
            8-  13   |   Conserved (probability > 0.99)
                19   |   Positively-selected (probability > 0.95)
                25   |   Positively-selected (probability > 0.99)
                27   |   Positively-selected (probability > 0.99)
                28   |   Conserved (probability > 0.99)
                31   |   Conserved (probability > 0.99)
                33   |   Conserved (probability > 0.99)
           35-  38   |   Conserved (probability > 0.99)
                40   |   Conserved (probability > 0.99)
                41   |   Positively-selected (probability > 0.95)
                46   |   Positively-selected (probability > 0.95)
                56   |   Conserved (probability > 0.99)
                70   |   Conserved (probability > 0.95)
                72   |   Conserved (probability > 0.95)
                73   |   Conserved (probability > 0.99)
                75   |   Conserved (probability > 0.95)
                76   |   Conserved (probability > 0.99)
                77   |   Positively-selected (probability > 0.99)
           79-  81   |   Positively-selected (probability > 0.99)
                83   |   Positively-selected (probability > 0.99)
                85   |   Positively-selected (probability > 0.99)
               100   |   Positively-selected (probability > 0.99)
          107- 108   |   Positively-selected (probability > 0.99)
               110   |   Positively-selected (probability > 0.99)
               113   |   Positively-selected (probability > 0.99)
               119   |   Positively-selected (probability > 0.99)
               122   |   Conserved (probability > 0.99)
               124   |   Conserved (probability > 0.99)
               146   |   Conserved (probability > 0.95)
               155   |   Positively-selected (probability > 0.99)
          160- 161   |   Conserved (probability > 0.99)
               163   |   Conserved (probability > 0.99)
