Using: /root/.etetoolkit/ext_apps-latest/bin/Slr
Using: /root/.etetoolkit/ext_apps-latest/bin/codeml

Running CodeML/Slr (20 CPUs)
  - processing model M0 (M0~b3651e5f093ff36dcfe6ad2cdc41072f)
  - processing model bsA (bsA~4421b25cb2f20396869d20d879c8edd0)
       marking branches 15

          (((NOV_Cry4Ba1_98.1_ABR22240.1,(BT_Cry4Ba1,(((BT_Cry32Ua1,BT_Cry32Da1),((BT_Cry32Wa1,BT_Cry32Pa1),(((BT_Cry24Ca1,BT_Cry40Ba1),NOV_Cry24Aa1_98.3_WP_086403584.1),(BT_Cry24Da1,(BT_Cry44Aa1,(((((((NOV_Cry40Da1_81.5_AIN76756.1,(BT_Cry40Da1,NOV_Cry40Da1_66.9_PEU78339.1)),NOV_Cry40Da1_77.3_ARJ25823.1),BT_Cry40Ca1),BT_Cry40Aa1),(BT_Cry52Aa1,BT_Cry52Ca1)),BT_Cry52Ba1 #1),NOV_Cry40Da1_65.0_CAH33957.1)))))),BT_Cry4Ba3))),NOV_Cry4Ba1_98.5_ABR22238.1),NOV_Cry4Ba1_98.9_ABR22237.1,NOV_Cry4Ba1_98.9_ABR22236.1);

  - processing model bsA1 (bsA1~e7ab55392e8471aed3d68571b8cf431e)
       marking branches 15

          (((NOV_Cry4Ba1_98.1_ABR22240.1,(BT_Cry4Ba1,(((BT_Cry32Ua1,BT_Cry32Da1),((BT_Cry32Wa1,BT_Cry32Pa1),(((BT_Cry24Ca1,BT_Cry40Ba1),NOV_Cry24Aa1_98.3_WP_086403584.1),(BT_Cry24Da1,(BT_Cry44Aa1,(((((((NOV_Cry40Da1_81.5_AIN76756.1,(BT_Cry40Da1,NOV_Cry40Da1_66.9_PEU78339.1)),NOV_Cry40Da1_77.3_ARJ25823.1),BT_Cry40Ca1),BT_Cry40Aa1),(BT_Cry52Aa1,BT_Cry52Ca1)),BT_Cry52Ba1 #1),NOV_Cry40Da1_65.0_CAH33957.1)))))),BT_Cry4Ba3))),NOV_Cry4Ba1_98.5_ABR22238.1),NOV_Cry4Ba1_98.9_ABR22237.1,NOV_Cry4Ba1_98.9_ABR22236.1);

  - processing model bsB (bsB~394378d1e90bc3cf1efb3c05ead34d42)
       marking branches 15

          (((NOV_Cry4Ba1_98.1_ABR22240.1,(BT_Cry4Ba1,(((BT_Cry32Ua1,BT_Cry32Da1),((BT_Cry32Wa1,BT_Cry32Pa1),(((BT_Cry24Ca1,BT_Cry40Ba1),NOV_Cry24Aa1_98.3_WP_086403584.1),(BT_Cry24Da1,(BT_Cry44Aa1,(((((((NOV_Cry40Da1_81.5_AIN76756.1,(BT_Cry40Da1,NOV_Cry40Da1_66.9_PEU78339.1)),NOV_Cry40Da1_77.3_ARJ25823.1),BT_Cry40Ca1),BT_Cry40Aa1),(BT_Cry52Aa1,BT_Cry52Ca1)),BT_Cry52Ba1 #1),NOV_Cry40Da1_65.0_CAH33957.1)))))),BT_Cry4Ba3))),NOV_Cry4Ba1_98.5_ABR22238.1),NOV_Cry4Ba1_98.9_ABR22237.1,NOV_Cry4Ba1_98.9_ABR22236.1);


LRT

                                         Null model |                             Alternative model | p-value
   =================================================|===============================================|============
                M0~b3651e5f093ff36dcfe6ad2cdc41072f |     bsA.15-1~ed5e2605226f924cc38025e58ba23ef4 | 0.000000**
                M0~b3651e5f093ff36dcfe6ad2cdc41072f |    bsA1.15-1~efb0a3447edda7a7f3b04e7dd28e947d | 0.000000**
                M0~b3651e5f093ff36dcfe6ad2cdc41072f |     bsB.15-1~7979eb520927bde030597b1ba73b8e6e | 0.000000**
          bsA.15-1~ed5e2605226f924cc38025e58ba23ef4 |     bsB.15-1~7979eb520927bde030597b1ba73b8e6e | 0.023593*
         bsA1.15-1~efb0a3447edda7a7f3b04e7dd28e947d |     bsA.15-1~ed5e2605226f924cc38025e58ba23ef4 | 0.000498**
         bsA1.15-1~efb0a3447edda7a7f3b04e7dd28e947d |     bsB.15-1~7979eb520927bde030597b1ba73b8e6e | 0.000180**

SUMMARY BY MODEL

 - Model M0
   * Average omega for all tree: 0.446

 - Model bsA.15-1
   * Marked branches
      (((NOV_Cry4Ba1_98.1_ABR22240.1,(BT_Cry4Ba1,(((BT_Cry32Ua1,BT_Cry32Da1),((BT_Cry32Wa1,BT_Cry32Pa1),(((BT_Cry24Ca1,BT_Cry40Ba1),NOV_Cry24Aa1_98.3_WP_086403584.1),(BT_Cry24Da1,(BT_Cry44Aa1,(((((((NOV_Cry40Da1_81.5_AIN76756.1,(BT_Cry40Da1,NOV_Cry40Da1_66.9_PEU78339.1)),NOV_Cry40Da1_77.3_ARJ25823.1),BT_Cry40Ca1),BT_Cry40Aa1),(BT_Cry52Aa1,BT_Cry52Ca1)),BT_Cry52Ba1 #1),NOV_Cry40Da1_65.0_CAH33957.1)))))),BT_Cry4Ba3))),NOV_Cry4Ba1_98.5_ABR22238.1),NOV_Cry4Ba1_98.9_ABR22237.1,NOV_Cry4Ba1_98.9_ABR22236.1);
   * Sites significantly caracterized
      codon position |   category
     -----------------------------------------------------------
                 4   |   Conserved (probability > 0.95)
                 6   |   Conserved (probability > 0.95)
                 9   |   Conserved (probability > 0.95)
                38   |   Conserved (probability > 0.95)
                78   |   Conserved (probability > 0.95)
               151   |   Conserved (probability > 0.95)

 - Model bsA1.15-1
   * Marked branches
      (((NOV_Cry4Ba1_98.1_ABR22240.1,(BT_Cry4Ba1,(((BT_Cry32Ua1,BT_Cry32Da1),((BT_Cry32Wa1,BT_Cry32Pa1),(((BT_Cry24Ca1,BT_Cry40Ba1),NOV_Cry24Aa1_98.3_WP_086403584.1),(BT_Cry24Da1,(BT_Cry44Aa1,(((((((NOV_Cry40Da1_81.5_AIN76756.1,(BT_Cry40Da1,NOV_Cry40Da1_66.9_PEU78339.1)),NOV_Cry40Da1_77.3_ARJ25823.1),BT_Cry40Ca1),BT_Cry40Aa1),(BT_Cry52Aa1,BT_Cry52Ca1)),BT_Cry52Ba1 #1),NOV_Cry40Da1_65.0_CAH33957.1)))))),BT_Cry4Ba3))),NOV_Cry4Ba1_98.5_ABR22238.1),NOV_Cry4Ba1_98.9_ABR22237.1,NOV_Cry4Ba1_98.9_ABR22236.1);
   * Sites significantly caracterized
      codon position |   category
     -----------------------------------------------------------
            3-  14   |   Relaxed (probability > 0.99)
                15   |   Relaxed (probability > 0.95)
                16   |   Relaxed (probability > 0.99)
           18-  20   |   Relaxed (probability > 0.99)
           23-  24   |   Relaxed (probability > 0.95)
                25   |   Relaxed (probability > 0.99)
           27-  28   |   Relaxed (probability > 0.99)
           31-  43   |   Relaxed (probability > 0.99)
           45-  48   |   Relaxed (probability > 0.99)
                55   |   Relaxed (probability > 0.95)
                56   |   Relaxed (probability > 0.99)
                57   |   Relaxed (probability > 0.95)
           59-  60   |   Relaxed (probability > 0.99)
           65-  67   |   Relaxed (probability > 0.99)
                70   |   Relaxed (probability > 0.99)
           72-  76   |   Relaxed (probability > 0.99)
           78-  81   |   Relaxed (probability > 0.99)
                82   |   Relaxed (probability > 0.95)
           83-  85   |   Relaxed (probability > 0.99)
                87   |   Relaxed (probability > 0.99)
                89   |   Relaxed (probability > 0.95)
                90   |   Relaxed (probability > 0.99)
           91-  93   |   Relaxed (probability > 0.95)
           94-  95   |   Relaxed (probability > 0.99)
                96   |   Relaxed (probability > 0.95)
                97   |   Relaxed (probability > 0.99)
                98   |   Relaxed (probability > 0.95)
           99- 101   |   Relaxed (probability > 0.99)
          103- 110   |   Relaxed (probability > 0.99)
               113   |   Relaxed (probability > 0.99)
               116   |   Relaxed (probability > 0.99)
               118   |   Relaxed (probability > 0.95)
          120- 124   |   Relaxed (probability > 0.99)
               125   |   Relaxed (probability > 0.95)
               127   |   Relaxed (probability > 0.99)
               129   |   Relaxed (probability > 0.99)
               132   |   Relaxed (probability > 0.95)
               138   |   Relaxed (probability > 0.95)
          140- 143   |   Relaxed (probability > 0.99)
               144   |   Relaxed (probability > 0.95)
               146   |   Relaxed (probability > 0.99)
               147   |   Relaxed (probability > 0.95)
          151- 153   |   Relaxed (probability > 0.99)
               154   |   Relaxed (probability > 0.95)
          155- 156   |   Relaxed (probability > 0.99)
               158   |   Relaxed (probability > 0.99)
          160- 161   |   Relaxed (probability > 0.99)
               162   |   Relaxed (probability > 0.95)
          163- 165   |   Relaxed (probability > 0.99)

 - Model bsB.15-1
   * Marked branches
      (((NOV_Cry4Ba1_98.1_ABR22240.1,(BT_Cry4Ba1,(((BT_Cry32Ua1,BT_Cry32Da1),((BT_Cry32Wa1,BT_Cry32Pa1),(((BT_Cry24Ca1,BT_Cry40Ba1),NOV_Cry24Aa1_98.3_WP_086403584.1),(BT_Cry24Da1,(BT_Cry44Aa1,(((((((NOV_Cry40Da1_81.5_AIN76756.1,(BT_Cry40Da1,NOV_Cry40Da1_66.9_PEU78339.1)),NOV_Cry40Da1_77.3_ARJ25823.1),BT_Cry40Ca1),BT_Cry40Aa1),(BT_Cry52Aa1,BT_Cry52Ca1)),BT_Cry52Ba1 #1),NOV_Cry40Da1_65.0_CAH33957.1)))))),BT_Cry4Ba3))),NOV_Cry4Ba1_98.5_ABR22238.1),NOV_Cry4Ba1_98.9_ABR22237.1,NOV_Cry4Ba1_98.9_ABR22236.1);
   * Sites significantly caracterized
      codon position |   category
     -----------------------------------------------------------
                 4   |   Conserved (probability > 0.99)
                 5   |   Conserved (probability > 0.95)
            6-  12   |   Conserved (probability > 0.99)
                13   |   Conserved (probability > 0.95)
                14   |   Conserved (probability > 0.99)
                28   |   Conserved (probability > 0.99)
           31-  33   |   Conserved (probability > 0.99)
           35-  40   |   Conserved (probability > 0.99)
                42   |   Conserved (probability > 0.99)
                43   |   Positively-selected (probability > 0.99)
                56   |   Conserved (probability > 0.99)
                70   |   Conserved (probability > 0.99)
           72-  76   |   Conserved (probability > 0.99)
                78   |   Conserved (probability > 0.99)
               106   |   Conserved (probability > 0.99)
               109   |   Positively-selected (probability > 0.99)
               122   |   Conserved (probability > 0.99)
               124   |   Conserved (probability > 0.99)
               127   |   Conserved (probability > 0.95)
               129   |   Conserved (probability > 0.99)
               142   |   Conserved (probability > 0.99)
               143   |   Conserved (probability > 0.95)
               146   |   Conserved (probability > 0.99)
               151   |   Conserved (probability > 0.99)
          160- 161   |   Conserved (probability > 0.99)
               163   |   Conserved (probability > 0.99)
               164   |   Conserved (probability > 0.95)
