--------------------------------------------------------------------------------
ModelTest-NG v0.1.7

Input data:
  MSA:        /shared/lab_7/phyl_pipeline/evol_anal/NO_PAT/testing_evol/minor_event_23/minor_event_23_nucl_reported.fasta
  Tree:       Maximum likelihood
    file:           -
  #taxa:            25
  #sites:           498
  #patterns:        410
  Max. thread mem:  4 MB

Output:
  Log:           /shared/lab_7/phyl_pipeline/evol_anal/NO_PAT/testing_evol/minor_event_23/minor_event_23_nucl_reported.fasta.log
  Starting tree: /shared/lab_7/phyl_pipeline/evol_anal/NO_PAT/testing_evol/minor_event_23/minor_event_23_nucl_reported.fasta.tree
  Results:       /shared/lab_7/phyl_pipeline/evol_anal/NO_PAT/testing_evol/minor_event_23/minor_event_23_nucl_reported.fasta.out

Selection options:
  # dna schemes:      11
  # dna models:       88
  include model parameters:
    Uniform:         true
    p-inv (+I):      true
    gamma (+G):      true
    both (+I+G):     true
    free rates (+R): false
    fixed freqs:     true
    estimated freqs: true
    #categories:     4
  gamma rates mode:   mean
  asc bias:           none
  epsilon (opt):      0.01
  epsilon (par):      0.05
  keep branches:      false

Additional options:
  verbosity:        very low
  threads:          1/36
  RNG seed:         12345
  subtree repeats:  enabled
--------------------------------------------------------------------------------

BIC       model              K            lnL          score          delta    weight
--------------------------------------------------------------------------------
       1  TPM3uf+I+G4        7     -6437.1563     13209.6851         0.0000    0.8587
       2  TVM+I+G4           9     -6433.4233     13214.6401         4.9551    0.0721
       3  TIM3+I+G4          8     -6436.6742     13214.9314         5.2464    0.0623
       4  GTR+I+G4          10     -6432.6733     13219.3509         9.6658    0.0068
       5  TPM2uf+I+G4        7     -6450.9991     13237.3706        27.6856    0.0000
       6  HKY+I+G4           6     -6454.5215     13238.2049        28.5198    0.0000
       7  TIM2+I+G4          8     -6449.5962     13240.7754        31.0903    0.0000
       8  TrN+I+G4           7     -6453.4850     13242.3425        32.6574    0.0000
       9  TPM1uf+I+G4        7     -6453.7842     13242.9409        33.2558    0.0000
      10  TPM3uf+G4          6     -6457.2054     13243.5726        33.8876    0.0000
--------------------------------------------------------------------------------
Best model according to BIC
---------------------------
Model:              TPM3uf+I+G4
lnL:                -6437.1563
Frequencies:        0.3367 0.1572 0.2124 0.2936
Subst. Rates:       2.0215 2.2577 1.0000 2.0215 2.2577 1.0000 
Inv. sites prop:    0.1224
Gamma shape:        2.6724
Score:              13209.6851
Weight:             0.8587
---------------------------
Parameter importances
---------------------------
P.Inv:              0.0000
Gamma:              0.0000
Gamma-Inv:          1.0000
Frequencies:        1.0000
---------------------------
Model averaged estimates
---------------------------
P.Inv:              0.1412
Alpha:              1.1973
Alpha-P.Inv:        2.6664
P.Inv-Alpha:        0.1224
Frequencies:        0.3374 0.1573 0.2113 0.2939 

Commands:
  > phyml  -i /shared/lab_7/phyl_pipeline/evol_anal/NO_PAT/testing_evol/minor_event_23/minor_event_23_nucl_reported.fasta -m 012012 -f m -v e -a e -c 4 -o tlr
  > raxmlHPC-SSE3 -s /shared/lab_7/phyl_pipeline/evol_anal/NO_PAT/testing_evol/minor_event_23/minor_event_23_nucl_reported.fasta -m GTRGAMMAIX -n EXEC_NAME -p PARSIMONY_SEED
  > raxml-ng --msa /shared/lab_7/phyl_pipeline/evol_anal/NO_PAT/testing_evol/minor_event_23/minor_event_23_nucl_reported.fasta --model TPM3uf+I+G4
  > paup -s /shared/lab_7/phyl_pipeline/evol_anal/NO_PAT/testing_evol/minor_event_23/minor_event_23_nucl_reported.fasta
  > iqtree -s /shared/lab_7/phyl_pipeline/evol_anal/NO_PAT/testing_evol/minor_event_23/minor_event_23_nucl_reported.fasta -m TPM3uf+I+G4

AIC       model              K            lnL          score          delta    weight
--------------------------------------------------------------------------------
       1  TVM+I+G4           9     -6433.4233     12978.8465         0.0000    0.4853
       2  GTR+I+G4          10     -6432.6733     12979.3467         0.5002    0.3779
       3  TPM3uf+I+G4        7     -6437.1563     12982.3127         3.4661    0.0858
       4  TIM3+I+G4          8     -6436.6742     12983.3484         4.5019    0.0511
       5  TIM2+I+G4          8     -6449.5962     13009.1924        30.3459    0.0000
       6  TPM2uf+I+G4        7     -6450.9991     13009.9982        31.1517    0.0000
       7  TrN+I+G4           7     -6453.4850     13014.9701        36.1235    0.0000
       8  HKY+I+G4           6     -6454.5215     13015.0431        36.1966    0.0000
       9  TIM1+I+G4          8     -6452.7237     13015.4474        36.6009    0.0000
      10  TPM1uf+I+G4        7     -6453.7842     13015.5685        36.7219    0.0000
--------------------------------------------------------------------------------
Best model according to AIC
---------------------------
Model:              TVM+I+G4
lnL:                -6433.4233
Frequencies:        0.3491 0.1565 0.2010 0.2933
Subst. Rates:       1.4940 1.9230 0.7369 2.0614 1.9230 1.0000 
Inv. sites prop:    0.1212
Gamma shape:        2.5945
Score:              12978.8465
Weight:             0.4853
---------------------------
Parameter importances
---------------------------
P.Inv:              0.0000
Gamma:              0.0000
Gamma-Inv:          1.0000
Frequencies:        1.0000
---------------------------
Model averaged estimates
---------------------------
P.Inv:              0.1407
Alpha:              1.1470
Alpha-P.Inv:        2.6146
P.Inv-Alpha:        0.1214
Frequencies:        0.3453 0.1581 0.2006 0.2959 

Commands:
  > phyml  -i /shared/lab_7/phyl_pipeline/evol_anal/NO_PAT/testing_evol/minor_event_23/minor_event_23_nucl_reported.fasta -m 012314 -f m -v e -a e -c 4 -o tlr
  > raxmlHPC-SSE3 -s /shared/lab_7/phyl_pipeline/evol_anal/NO_PAT/testing_evol/minor_event_23/minor_event_23_nucl_reported.fasta -m GTRGAMMAIX -n EXEC_NAME -p PARSIMONY_SEED
  > raxml-ng --msa /shared/lab_7/phyl_pipeline/evol_anal/NO_PAT/testing_evol/minor_event_23/minor_event_23_nucl_reported.fasta --model TVM+I+G4
  > paup -s /shared/lab_7/phyl_pipeline/evol_anal/NO_PAT/testing_evol/minor_event_23/minor_event_23_nucl_reported.fasta
  > iqtree -s /shared/lab_7/phyl_pipeline/evol_anal/NO_PAT/testing_evol/minor_event_23/minor_event_23_nucl_reported.fasta -m TVM+I+G4

AICc      model              K            lnL          score          delta    weight
--------------------------------------------------------------------------------
       1  TVM+I+G4           9     -6433.4233     12992.8465         0.0000    0.5162
       2  GTR+I+G4          10     -6432.6733     12994.3467         1.5002    0.2438
       3  TPM3uf+I+G4        7     -6437.1563     12995.3127         2.4661    0.1504
       4  TIM3+I+G4          8     -6436.6742     12996.3484         3.5019    0.0896
       5  TIM2+I+G4          8     -6449.5962     13022.1924        29.3459    0.0000
       6  TPM2uf+I+G4        7     -6450.9991     13022.9982        30.1517    0.0000
       7  HKY+I+G4           6     -6454.5215     13027.0431        34.1966    0.0000
       8  TrN+I+G4           7     -6453.4850     13027.9701        35.1235    0.0000
       9  TIM1+I+G4          8     -6452.7237     13028.4474        35.6009    0.0000
      10  TPM1uf+I+G4        7     -6453.7842     13028.5685        35.7219    0.0000
--------------------------------------------------------------------------------
Best model according to AICc
---------------------------
Model:              TVM+I+G4
lnL:                -6433.4233
Frequencies:        0.3491 0.1565 0.2010 0.2933
Subst. Rates:       1.4940 1.9230 0.7369 2.0614 1.9230 1.0000 
Inv. sites prop:    0.1212
Gamma shape:        2.5945
Score:              12992.8465
Weight:             0.5162
---------------------------
Parameter importances
---------------------------
P.Inv:              0.0000
Gamma:              0.0000
Gamma-Inv:          1.0000
Frequencies:        1.0000
---------------------------
Model averaged estimates
---------------------------
P.Inv:              0.1407
Alpha:              1.1593
Alpha-P.Inv:        2.6193
P.Inv-Alpha:        0.1215
Frequencies:        0.3446 0.1578 0.2023 0.2953 

Commands:
  > phyml  -i /shared/lab_7/phyl_pipeline/evol_anal/NO_PAT/testing_evol/minor_event_23/minor_event_23_nucl_reported.fasta -m 012314 -f m -v e -a e -c 4 -o tlr
  > raxmlHPC-SSE3 -s /shared/lab_7/phyl_pipeline/evol_anal/NO_PAT/testing_evol/minor_event_23/minor_event_23_nucl_reported.fasta -m GTRGAMMAIX -n EXEC_NAME -p PARSIMONY_SEED
  > raxml-ng --msa /shared/lab_7/phyl_pipeline/evol_anal/NO_PAT/testing_evol/minor_event_23/minor_event_23_nucl_reported.fasta --model TVM+I+G4
  > paup -s /shared/lab_7/phyl_pipeline/evol_anal/NO_PAT/testing_evol/minor_event_23/minor_event_23_nucl_reported.fasta
  > iqtree -s /shared/lab_7/phyl_pipeline/evol_anal/NO_PAT/testing_evol/minor_event_23/minor_event_23_nucl_reported.fasta -m TVM+I+G4
Done
