Using: /root/.etetoolkit/ext_apps-latest/bin/Slr
Using: /root/.etetoolkit/ext_apps-latest/bin/codeml

Running CodeML/Slr (20 CPUs)
  - processing model M0 (M0~ee2e5457eb8aedf9783123793dac3ddf)
  - processing model bsA (bsA~c19dc4da64c7f6e96270fb71616a7f2d)
       marking branches 6, 8, 13

          ((BT_Cry30Ca1,BT_Cry30Fa1),(BT_Cry30Ga1,(NOV_Cry4Ba1_63.7_AJW76684.1,(BT_Cry50Ba1 #1,NOV_Cry50Ba2_97.6_AFI42042.1 #1) #1)),(BT_Cry30Aa1,BT_Cry30Ea1));

  - processing model bsA1 (bsA1~2ba74dbd947249412b8f6d86232c4667)
       marking branches 6, 8, 13

          ((BT_Cry30Ca1,BT_Cry30Fa1),(BT_Cry30Ga1,(NOV_Cry4Ba1_63.7_AJW76684.1,(BT_Cry50Ba1 #1,NOV_Cry50Ba2_97.6_AFI42042.1 #1) #1)),(BT_Cry30Aa1,BT_Cry30Ea1));

  - processing model bsB (bsB~24608669a7b7d3c9d8654a6e9732d748)
       marking branches 6, 8, 13

          ((BT_Cry30Ca1,BT_Cry30Fa1),(BT_Cry30Ga1,(NOV_Cry4Ba1_63.7_AJW76684.1,(BT_Cry50Ba1 #1,NOV_Cry50Ba2_97.6_AFI42042.1 #1) #1)),(BT_Cry30Aa1,BT_Cry30Ea1));


LRT

                                         Null model |                             Alternative model | p-value
   =================================================|===============================================|============
                M0~ee2e5457eb8aedf9783123793dac3ddf | bsA.6_8_13-1~0754db61441887204fdce3791fc4459a | 0.000000**
                M0~ee2e5457eb8aedf9783123793dac3ddf | bsA1.6_8_13-~d18c550893e4756087483e5a14613ff2 | 0.000000**
                M0~ee2e5457eb8aedf9783123793dac3ddf | bsB.6_8_13-1~20a9cbbc53bc44593bf90508c4276b96 | 0.000000**
      bsA.6_8_13-1~0754db61441887204fdce3791fc4459a | bsB.6_8_13-1~20a9cbbc53bc44593bf90508c4276b96 | 0.003936**
      bsA1.6_8_13-~d18c550893e4756087483e5a14613ff2 | bsA.6_8_13-1~0754db61441887204fdce3791fc4459a | 1.000000
      bsA1.6_8_13-~d18c550893e4756087483e5a14613ff2 | bsB.6_8_13-1~20a9cbbc53bc44593bf90508c4276b96 | 0.015661*

SUMMARY BY MODEL

 - Model M0
   * Average omega for all tree: 0.381

 - Model bsA.6_8_13-1_1_1
   * Marked branches
      ((BT_Cry30Ca1,BT_Cry30Fa1),(BT_Cry30Ga1,(NOV_Cry4Ba1_63.7_AJW76684.1,(BT_Cry50Ba1 #1,NOV_Cry50Ba2_97.6_AFI42042.1 #1) #1)),(BT_Cry30Aa1,BT_Cry30Ea1));

 - Model bsA1.6_8_13-1_1_1
   * Marked branches
      ((BT_Cry30Ca1,BT_Cry30Fa1),(BT_Cry30Ga1,(NOV_Cry4Ba1_63.7_AJW76684.1,(BT_Cry50Ba1 #1,NOV_Cry50Ba2_97.6_AFI42042.1 #1) #1)),(BT_Cry30Aa1,BT_Cry30Ea1));

 - Model bsB.6_8_13-1_1_1
   * Marked branches
      ((BT_Cry30Ca1,BT_Cry30Fa1),(BT_Cry30Ga1,(NOV_Cry4Ba1_63.7_AJW76684.1,(BT_Cry50Ba1 #1,NOV_Cry50Ba2_97.6_AFI42042.1 #1) #1)),(BT_Cry30Aa1,BT_Cry30Ea1));
