Using: /root/.etetoolkit/ext_apps-latest/bin/Slr
Using: /root/.etetoolkit/ext_apps-latest/bin/codeml

Running CodeML/Slr (20 CPUs)
  - processing model M0 (M0~11ee97425df7b9c5e5923d3f8496fb0b)
  - processing model bsA (bsA~c0e6ab6c97d2a44635e21e715f24052e)
       marking branches 5

          ((NOV_Cry7Ca1_86.8_AGM39664.1,NOV_Cry7Ca1_99.7_ABR67863.2),((NOV_Cry7Ba1_84.3_AFI42043.1 #1,BT_Cry7Ba1),NOV_Cry7Ea2_99.9_AFI42038.1),((NOV_Cry52Ca1_62.9_AZJ24464.1,BT_Cry52Ca1),BT_Cry7Cb1));

  - processing model bsA1 (bsA1~ad88c8918a8d45eb642e8dd6826bcc54)
       marking branches 5

          ((NOV_Cry7Ca1_86.8_AGM39664.1,NOV_Cry7Ca1_99.7_ABR67863.2),((NOV_Cry7Ba1_84.3_AFI42043.1 #1,BT_Cry7Ba1),NOV_Cry7Ea2_99.9_AFI42038.1),((NOV_Cry52Ca1_62.9_AZJ24464.1,BT_Cry52Ca1),BT_Cry7Cb1));

  - processing model bsB (bsB~a1215b75c365bd5c2c2f21be0476c8c6)
       marking branches 5

          ((NOV_Cry7Ca1_86.8_AGM39664.1,NOV_Cry7Ca1_99.7_ABR67863.2),((NOV_Cry7Ba1_84.3_AFI42043.1 #1,BT_Cry7Ba1),NOV_Cry7Ea2_99.9_AFI42038.1),((NOV_Cry52Ca1_62.9_AZJ24464.1,BT_Cry52Ca1),BT_Cry7Cb1));


LRT

                                         Null model |                             Alternative model | p-value
   =================================================|===============================================|============
                M0~11ee97425df7b9c5e5923d3f8496fb0b |      bsA.5-1~836edec7902f47d939867b82ef77bd06 | 0.000000**
                M0~11ee97425df7b9c5e5923d3f8496fb0b |     bsA1.5-1~1dfe82df80ef828ac6e4e41c3448cb08 | 0.000000**
                M0~11ee97425df7b9c5e5923d3f8496fb0b |      bsB.5-1~b94280618d576aa34e89784bba610028 | 0.000000**
           bsA.5-1~836edec7902f47d939867b82ef77bd06 |      bsB.5-1~b94280618d576aa34e89784bba610028 | 0.539628
          bsA1.5-1~1dfe82df80ef828ac6e4e41c3448cb08 |      bsA.5-1~836edec7902f47d939867b82ef77bd06 | 0.026719*
          bsA1.5-1~1dfe82df80ef828ac6e4e41c3448cb08 |      bsB.5-1~b94280618d576aa34e89784bba610028 | 0.071179

SUMMARY BY MODEL

 - Model M0
   * Average omega for all tree: 0.367

 - Model bsA.5-1
   * Marked branches
      ((NOV_Cry7Ca1_86.8_AGM39664.1,NOV_Cry7Ca1_99.7_ABR67863.2),((NOV_Cry7Ba1_84.3_AFI42043.1 #1,BT_Cry7Ba1),NOV_Cry7Ea2_99.9_AFI42038.1),((NOV_Cry52Ca1_62.9_AZJ24464.1,BT_Cry52Ca1),BT_Cry7Cb1));

 - Model bsA1.5-1
   * Marked branches
      ((NOV_Cry7Ca1_86.8_AGM39664.1,NOV_Cry7Ca1_99.7_ABR67863.2),((NOV_Cry7Ba1_84.3_AFI42043.1 #1,BT_Cry7Ba1),NOV_Cry7Ea2_99.9_AFI42038.1),((NOV_Cry52Ca1_62.9_AZJ24464.1,BT_Cry52Ca1),BT_Cry7Cb1));
   * Sites significantly caracterized
      codon position |   category
     -----------------------------------------------------------
            1- 235   |   Relaxed (probability > 0.99)

 - Model bsB.5-1
   * Marked branches
      ((NOV_Cry7Ca1_86.8_AGM39664.1,NOV_Cry7Ca1_99.7_ABR67863.2),((NOV_Cry7Ba1_84.3_AFI42043.1 #1,BT_Cry7Ba1),NOV_Cry7Ea2_99.9_AFI42038.1),((NOV_Cry52Ca1_62.9_AZJ24464.1,BT_Cry52Ca1),BT_Cry7Cb1));
   * Sites significantly caracterized
      codon position |   category
     -----------------------------------------------------------
            5-   8   |   Conserved (probability > 0.95)
                10   |   Conserved (probability > 0.95)
                13   |   Conserved (probability > 0.95)
                16   |   Conserved (probability > 0.95)
                40   |   Conserved (probability > 0.95)
                49   |   Conserved (probability > 0.95)
                75   |   Conserved (probability > 0.95)
                83   |   Conserved (probability > 0.95)
               101   |   Conserved (probability > 0.95)
               116   |   Conserved (probability > 0.95)
               118   |   Conserved (probability > 0.95)
          121- 122   |   Conserved (probability > 0.95)
               156   |   Conserved (probability > 0.95)
               163   |   Conserved (probability > 0.95)
               168   |   Conserved (probability > 0.95)
               191   |   Conserved (probability > 0.95)
               193   |   Conserved (probability > 0.95)
               195   |   Conserved (probability > 0.95)
               198   |   Conserved (probability > 0.95)
          200- 201   |   Conserved (probability > 0.95)
          203- 204   |   Conserved (probability > 0.95)
               224   |   Conserved (probability > 0.95)
               226   |   Conserved (probability > 0.95)
          232- 233   |   Conserved (probability > 0.95)
               235   |   Conserved (probability > 0.95)
