Using: /root/.etetoolkit/ext_apps-latest/bin/Slr
Using: /root/.etetoolkit/ext_apps-latest/bin/codeml

Running CodeML/Slr (20 CPUs)
  - processing model M0 (M0~e61afcae1f3e30b8f9756159da5d1e20)
  - processing model bsA (bsA~098194dea9dd7d92b62ec05cbe33c3de)
       marking branches 2

          ((NOV_Cry8Kb1_73.3_APT36283.1,(BT_Cry8Kb1,(BT_Cry8Ka1,BT_Cry8Ka3))),(NOV_Cry7Ba1_84.3_AFI42043.1,BT_Cry7Ba1),BT_Cry7Bb1 #1);

  - processing model bsA1 (bsA1~1d7850581b06f76d0196889391863f75)
       marking branches 2

          ((NOV_Cry8Kb1_73.3_APT36283.1,(BT_Cry8Kb1,(BT_Cry8Ka1,BT_Cry8Ka3))),(NOV_Cry7Ba1_84.3_AFI42043.1,BT_Cry7Ba1),BT_Cry7Bb1 #1);

  - processing model bsB (bsB~5d08c802233cbafe7bb8e67bd6d69f64)
       marking branches 2

          ((NOV_Cry8Kb1_73.3_APT36283.1,(BT_Cry8Kb1,(BT_Cry8Ka1,BT_Cry8Ka3))),(NOV_Cry7Ba1_84.3_AFI42043.1,BT_Cry7Ba1),BT_Cry7Bb1 #1);


LRT

                                         Null model |                             Alternative model | p-value
   =================================================|===============================================|============
                M0~e61afcae1f3e30b8f9756159da5d1e20 |      bsA.2-1~a1e8f6c25b4d3d9049933d852eb67b9e | 0.000000**
                M0~e61afcae1f3e30b8f9756159da5d1e20 |     bsA1.2-1~a46496afde1ee7f54bdd2f42e2c9350e | 0.000000**
                M0~e61afcae1f3e30b8f9756159da5d1e20 |      bsB.2-1~1ac18e40a18f2748fa858ece4dac7add | 0.000000**
           bsA.2-1~a1e8f6c25b4d3d9049933d852eb67b9e |      bsB.2-1~1ac18e40a18f2748fa858ece4dac7add | 0.092371
          bsA1.2-1~a46496afde1ee7f54bdd2f42e2c9350e |      bsA.2-1~a1e8f6c25b4d3d9049933d852eb67b9e | 0.000000**
          bsA1.2-1~a46496afde1ee7f54bdd2f42e2c9350e |      bsB.2-1~1ac18e40a18f2748fa858ece4dac7add | 0.000000**

SUMMARY BY MODEL

 - Model M0
   * Average omega for all tree: 0.289

 - Model bsA.2-1
   * Marked branches
      ((NOV_Cry8Kb1_73.3_APT36283.1,(BT_Cry8Kb1,(BT_Cry8Ka1,BT_Cry8Ka3))),(NOV_Cry7Ba1_84.3_AFI42043.1,BT_Cry7Ba1),BT_Cry7Bb1 #1);
   * Sites significantly caracterized
      codon position |   category
     -----------------------------------------------------------
               139   |   Positively-selected (probability > 0.95)

 - Model bsA1.2-1
   * Marked branches
      ((NOV_Cry8Kb1_73.3_APT36283.1,(BT_Cry8Kb1,(BT_Cry8Ka1,BT_Cry8Ka3))),(NOV_Cry7Ba1_84.3_AFI42043.1,BT_Cry7Ba1),BT_Cry7Bb1 #1);

 - Model bsB.2-1
   * Marked branches
      ((NOV_Cry8Kb1_73.3_APT36283.1,(BT_Cry8Kb1,(BT_Cry8Ka1,BT_Cry8Ka3))),(NOV_Cry7Ba1_84.3_AFI42043.1,BT_Cry7Ba1),BT_Cry7Bb1 #1);
   * Sites significantly caracterized
      codon position |   category
     -----------------------------------------------------------
           22-  23   |   Positively-selected (probability > 0.95)
                30   |   Conserved (probability > 0.95)
           40-  41   |   Conserved (probability > 0.95)
                46   |   Positively-selected (probability > 0.95)
                47   |   Positively-selected (probability > 0.99)
                48   |   Positively-selected (probability > 0.95)
                49   |   Conserved (probability > 0.95)
                57   |   Conserved (probability > 0.95)
                66   |   Conserved (probability > 0.95)
                78   |   Positively-selected (probability > 0.99)
                79   |   Conserved (probability > 0.95)
                81   |   Positively-selected (probability > 0.99)
                82   |   Positively-selected (probability > 0.95)
                98   |   Conserved (probability > 0.95)
               100   |   Positively-selected (probability > 0.99)
               102   |   Positively-selected (probability > 0.99)
               107   |   Conserved (probability > 0.95)
          112- 113   |   Conserved (probability > 0.95)
               115   |   Conserved (probability > 0.95)
               119   |   Conserved (probability > 0.95)
               121   |   Conserved (probability > 0.95)
               127   |   Conserved (probability > 0.95)
               130   |   Conserved (probability > 0.95)
               141   |   Conserved (probability > 0.95)
               147   |   Positively-selected (probability > 0.99)
               148   |   Conserved (probability > 0.95)
               155   |   Conserved (probability > 0.95)
               165   |   Conserved (probability > 0.95)
               167   |   Conserved (probability > 0.95)
               169   |   Conserved (probability > 0.95)
               172   |   Conserved (probability > 0.95)
          191- 193   |   Conserved (probability > 0.95)
               198   |   Conserved (probability > 0.95)
               205   |   Positively-selected (probability > 0.95)
