Using: /root/.etetoolkit/ext_apps-latest/bin/Slr
Using: /root/.etetoolkit/ext_apps-latest/bin/codeml

Running CodeML/Slr (20 CPUs)
  - processing model M0 (M0~38bfc3b697b8da67b6892973485a6e8b)
  - processing model b_free (b_free~d7d55e63eaa068ab0ab8604193486240)
       marking branches 11

          ((NOV_Cry1Da1_83.2_AIW52615.1,(BT_Cry1Db1,(NOV_Cry1Da1_84.8_ABK35074.1 #1,((BT_Cry1Da4,NOV_Cry1Da3_99.9_OTZ53868.1),BT_Cry1Da1)))),(((BT_Cry1Ca11,BT_Cry1Ca3),NOV_Cry1Ca2_99.9_CAA00882.1),BT_Cry1Cb1),(BT_Cry1Na1,BT_Cry1Nb1));

  - processing model b_neut (b_neut~eb6dfe146be12e2cd583bbea5b58eec7)
       marking branches 11

          ((NOV_Cry1Da1_83.2_AIW52615.1,(BT_Cry1Db1,(NOV_Cry1Da1_84.8_ABK35074.1 #1,((BT_Cry1Da4,NOV_Cry1Da3_99.9_OTZ53868.1),BT_Cry1Da1)))),(((BT_Cry1Ca11,BT_Cry1Ca3),NOV_Cry1Ca2_99.9_CAA00882.1),BT_Cry1Cb1),(BT_Cry1Na1,BT_Cry1Nb1));


LRT

                                         Null model |                             Alternative model | p-value
   =================================================|===============================================|============
                M0~38bfc3b697b8da67b6892973485a6e8b |  b_free.11-1~3a574f94cd3063ea84eed71e9de197eb | 0.602318
       b_neut.11-1~7ce7e182bd82dfc64230b2059872d86c |  b_free.11-1~3a574f94cd3063ea84eed71e9de197eb | 0.002035**

SUMMARY BY MODEL

 - Model M0
   * Average omega for all tree: 0.159

 - Model b_free.11-1
   * Marked branches
      ((NOV_Cry1Da1_83.2_AIW52615.1,(BT_Cry1Db1,(NOV_Cry1Da1_84.8_ABK35074.1 #1,((BT_Cry1Da4,NOV_Cry1Da3_99.9_OTZ53868.1),BT_Cry1Da1)))),(((BT_Cry1Ca11,BT_Cry1Ca3),NOV_Cry1Ca2_99.9_CAA00882.1),BT_Cry1Cb1),(BT_Cry1Na1,BT_Cry1Nb1));

        Branches  =>   omega
      background  =>   0.157
              #1  =>   0.205

 - Model b_neut.11-1
   * Marked branches
      ((NOV_Cry1Da1_83.2_AIW52615.1,(BT_Cry1Db1,(NOV_Cry1Da1_84.8_ABK35074.1 #1,((BT_Cry1Da4,NOV_Cry1Da3_99.9_OTZ53868.1),BT_Cry1Da1)))),(((BT_Cry1Ca11,BT_Cry1Ca3),NOV_Cry1Ca2_99.9_CAA00882.1),BT_Cry1Cb1),(BT_Cry1Na1,BT_Cry1Nb1));

        Branches  =>   omega
      background  =>   0.157
              #1  =>   1.000
