Using: /root/.etetoolkit/ext_apps-latest/bin/Slr
Using: /root/.etetoolkit/ext_apps-latest/bin/codeml

Running CodeML/Slr (20 CPUs)
  - processing model M0 (M0~146eb83883299aa5efc29b64cd5ffff5)
  - processing model b_free (b_free~d8d517bb8559b91a4c485e4c5c4c7c0e)
       marking branches 3

          ((BT_Cry7Cb1,(NOV_Cry7Ea2_99.9_AFI42038.1,(NOV_Cry7Ca1_86.8_AGM39664.1,NOV_Cry7Ca1_99.7_ABR67863.2))),(BT_Cry21Ba1,BT_Cry21Aa1),BT_Cry65Aa2 #1);

  - processing model b_neut (b_neut~e65c7df6a0116d8b4280e2a7d021a830)
       marking branches 3

          ((BT_Cry7Cb1,(NOV_Cry7Ea2_99.9_AFI42038.1,(NOV_Cry7Ca1_86.8_AGM39664.1,NOV_Cry7Ca1_99.7_ABR67863.2))),(BT_Cry21Ba1,BT_Cry21Aa1),BT_Cry65Aa2 #1);


LRT

                                         Null model |                             Alternative model | p-value
   =================================================|===============================================|============
                M0~146eb83883299aa5efc29b64cd5ffff5 |   b_free.3-1~45d93acae6b53e4af7472ffb93156698 | 0.323516
        b_neut.3-1~0495c0bb77333884560a158d135b2713 |   b_free.3-1~45d93acae6b53e4af7472ffb93156698 | 0.007184**

SUMMARY BY MODEL

 - Model M0
   * Average omega for all tree: 0.249

 - Model b_free.3-1
   * Marked branches
      ((BT_Cry7Cb1,(NOV_Cry7Ea2_99.9_AFI42038.1,(NOV_Cry7Ca1_86.8_AGM39664.1,NOV_Cry7Ca1_99.7_ABR67863.2))),(BT_Cry21Ba1,BT_Cry21Aa1),BT_Cry65Aa2 #1);

        Branches  =>   omega
      background  =>   0.257
              #1  =>   0.104

 - Model b_neut.3-1
   * Marked branches
      ((BT_Cry7Cb1,(NOV_Cry7Ea2_99.9_AFI42038.1,(NOV_Cry7Ca1_86.8_AGM39664.1,NOV_Cry7Ca1_99.7_ABR67863.2))),(BT_Cry21Ba1,BT_Cry21Aa1),BT_Cry65Aa2 #1);

        Branches  =>   omega
              #1  =>   1.000
      background  =>   0.246
