Using: /root/.etetoolkit/ext_apps-latest/bin/Slr
Using: /root/.etetoolkit/ext_apps-latest/bin/codeml

Running CodeML/Slr (20 CPUs)
  - processing model M0 (M0~8f9e8b4d970cbb7de1df07822b87e0e8)
  - processing model b_free (b_free~7c9b7db0b65e83a534802061986fb7f9)
       marking branches 6

          ((NOV_Cry69Ab1_58.0_PEU83535.1 #1,((BT_Cry69Ab1,BT_Cry69Aa1),(NOV_Cry53Ab1_39.4_AFM37573.1,NOV_Cry43Cb1_38.6_AGV55020.1))),NOV_Cry69Ab1_59.2_WP_103591619.1,NOV_Cry69Aa2_62.7_WP_103591151.1);

  - processing model b_neut (b_neut~a15bfcfb14cef7df5ac881078d461210)
       marking branches 6

          ((NOV_Cry69Ab1_58.0_PEU83535.1 #1,((BT_Cry69Ab1,BT_Cry69Aa1),(NOV_Cry53Ab1_39.4_AFM37573.1,NOV_Cry43Cb1_38.6_AGV55020.1))),NOV_Cry69Ab1_59.2_WP_103591619.1,NOV_Cry69Aa2_62.7_WP_103591151.1);


LRT

                                         Null model |                             Alternative model | p-value
   =================================================|===============================================|============
                M0~8f9e8b4d970cbb7de1df07822b87e0e8 |   b_free.6-1~a37ba5e45c3c77ebff29765ad78402e1 | 0.820114
        b_neut.6-1~e6fa1b42643b98d9af198080fc1836bc |   b_free.6-1~a37ba5e45c3c77ebff29765ad78402e1 | 0.286139

SUMMARY BY MODEL

 - Model M0
   * Average omega for all tree: 0.396

 - Model b_free.6-1
   * Marked branches
      ((NOV_Cry69Ab1_58.0_PEU83535.1 #1,((BT_Cry69Ab1,BT_Cry69Aa1),(NOV_Cry53Ab1_39.4_AFM37573.1,NOV_Cry43Cb1_38.6_AGV55020.1))),NOV_Cry69Ab1_59.2_WP_103591619.1,NOV_Cry69Aa2_62.7_WP_103591151.1);

        Branches  =>   omega
      background  =>   0.392
              #1  =>   0.454

 - Model b_neut.6-1
   * Marked branches
      ((NOV_Cry69Ab1_58.0_PEU83535.1 #1,((BT_Cry69Ab1,BT_Cry69Aa1),(NOV_Cry53Ab1_39.4_AFM37573.1,NOV_Cry43Cb1_38.6_AGV55020.1))),NOV_Cry69Ab1_59.2_WP_103591619.1,NOV_Cry69Aa2_62.7_WP_103591151.1);

        Branches  =>   omega
      background  =>   0.383
              #1  =>   1.000
