Using: /root/.etetoolkit/ext_apps-latest/bin/Slr
Using: /root/.etetoolkit/ext_apps-latest/bin/codeml

Running CodeML/Slr (20 CPUs)
  - processing model M0 (M0~33b9d43bebfd193ac5ee1c58234ba749)
  - processing model b_free (b_free~8c1073b60ac781356e6bc2cfcd28b6af)
       marking branches 5

          (((BT_Cry9Ea5,BT_Cry9Ea10),(BT_Cry9Aa1,BT_Cry1Jb1)),(BT_Cry9Ec1,(((((BT_Cry9Da1,BT_Cry9Eb1),BT_Cry9Db1),(BT_Cry9Bb1 #1,BT_Cry9Ee1)),BT_Cry1Ba1),BT_Cry9Ed1)),(BT_Cry9Ca1,(BT_Cry9Ba1,BT_Cry9Dc1)));

  - processing model b_neut (b_neut~ef43917ff2afb2b6b425f8fdcc3afd31)
       marking branches 5

          (((BT_Cry9Ea5,BT_Cry9Ea10),(BT_Cry9Aa1,BT_Cry1Jb1)),(BT_Cry9Ec1,(((((BT_Cry9Da1,BT_Cry9Eb1),BT_Cry9Db1),(BT_Cry9Bb1 #1,BT_Cry9Ee1)),BT_Cry1Ba1),BT_Cry9Ed1)),(BT_Cry9Ca1,(BT_Cry9Ba1,BT_Cry9Dc1)));


LRT

                                         Null model |                             Alternative model | p-value
   =================================================|===============================================|============
                M0~33b9d43bebfd193ac5ee1c58234ba749 |   b_free.5-1~fd9082aec1e4a17f4bebf333cad215f1 | 0.544210
        b_neut.5-1~625bb392596c71e440767a0e0a8332eb |   b_free.5-1~fd9082aec1e4a17f4bebf333cad215f1 | 0.427387

SUMMARY BY MODEL

 - Model M0
   * Average omega for all tree: 0.386

 - Model b_free.5-1
   * Marked branches
      (((BT_Cry9Ea5,BT_Cry9Ea10),(BT_Cry9Aa1,BT_Cry1Jb1)),(BT_Cry9Ec1,(((((BT_Cry9Da1,BT_Cry9Eb1),BT_Cry9Db1),(BT_Cry9Bb1 #1,BT_Cry9Ee1)),BT_Cry1Ba1),BT_Cry9Ed1)),(BT_Cry9Ca1,(BT_Cry9Ba1,BT_Cry9Dc1)));

        Branches  =>   omega
              #1  =>   0.556
      background  =>   0.382

 - Model b_neut.5-1
   * Marked branches
      (((BT_Cry9Ea5,BT_Cry9Ea10),(BT_Cry9Aa1,BT_Cry1Jb1)),(BT_Cry9Ec1,(((((BT_Cry9Da1,BT_Cry9Eb1),BT_Cry9Db1),(BT_Cry9Bb1 #1,BT_Cry9Ee1)),BT_Cry1Ba1),BT_Cry9Ed1)),(BT_Cry9Ca1,(BT_Cry9Ba1,BT_Cry9Dc1)));

        Branches  =>   omega
      background  =>   0.379
              #1  =>   1.000
