Using: /root/.etetoolkit/ext_apps-latest/bin/Slr
Using: /root/.etetoolkit/ext_apps-latest/bin/codeml

Running CodeML/Slr (20 CPUs)
  - processing model M0 (M0~33b9d43bebfd193ac5ee1c58234ba749)
  - processing model bsA (bsA~ef3fa309cee5035971648bf7ac0c893f)
       marking branches 15

          (((BT_Cry9Ea5,BT_Cry9Ea10),(BT_Cry9Aa1,BT_Cry1Jb1)),(BT_Cry9Ec1,(((((BT_Cry9Da1,BT_Cry9Eb1),BT_Cry9Db1),(BT_Cry9Bb1,BT_Cry9Ee1 #1)),BT_Cry1Ba1),BT_Cry9Ed1)),(BT_Cry9Ca1,(BT_Cry9Ba1,BT_Cry9Dc1)));

  - processing model bsA1 (bsA1~62b1e152ff6aeac07f24a41b78510a25)
       marking branches 15

          (((BT_Cry9Ea5,BT_Cry9Ea10),(BT_Cry9Aa1,BT_Cry1Jb1)),(BT_Cry9Ec1,(((((BT_Cry9Da1,BT_Cry9Eb1),BT_Cry9Db1),(BT_Cry9Bb1,BT_Cry9Ee1 #1)),BT_Cry1Ba1),BT_Cry9Ed1)),(BT_Cry9Ca1,(BT_Cry9Ba1,BT_Cry9Dc1)));

  - processing model bsB (bsB~b87dcdfae99aec6c5ff093efce6c25dd)
       marking branches 15

          (((BT_Cry9Ea5,BT_Cry9Ea10),(BT_Cry9Aa1,BT_Cry1Jb1)),(BT_Cry9Ec1,(((((BT_Cry9Da1,BT_Cry9Eb1),BT_Cry9Db1),(BT_Cry9Bb1,BT_Cry9Ee1 #1)),BT_Cry1Ba1),BT_Cry9Ed1)),(BT_Cry9Ca1,(BT_Cry9Ba1,BT_Cry9Dc1)));


LRT

                                         Null model |                             Alternative model | p-value
   =================================================|===============================================|============
                M0~33b9d43bebfd193ac5ee1c58234ba749 |     bsA.15-1~26287c79e47fd1e7afe305a80f1b57fa | 0.000000**
                M0~33b9d43bebfd193ac5ee1c58234ba749 |    bsA1.15-1~0a3a6f0e335d35151c4c071a51af052d | 0.000000**
                M0~33b9d43bebfd193ac5ee1c58234ba749 |     bsB.15-1~fbac6b3c5f0a5d260077bdc747903c8a | 0.000000**
          bsA.15-1~26287c79e47fd1e7afe305a80f1b57fa |     bsB.15-1~fbac6b3c5f0a5d260077bdc747903c8a | 0.039706*
         bsA1.15-1~0a3a6f0e335d35151c4c071a51af052d |     bsA.15-1~26287c79e47fd1e7afe305a80f1b57fa | 0.007284**
         bsA1.15-1~0a3a6f0e335d35151c4c071a51af052d |     bsB.15-1~fbac6b3c5f0a5d260077bdc747903c8a | 0.003293**

SUMMARY BY MODEL

 - Model M0
   * Average omega for all tree: 0.386

 - Model bsA.15-1
   * Marked branches
      (((BT_Cry9Ea5,BT_Cry9Ea10),(BT_Cry9Aa1,BT_Cry1Jb1)),(BT_Cry9Ec1,(((((BT_Cry9Da1,BT_Cry9Eb1),BT_Cry9Db1),(BT_Cry9Bb1,BT_Cry9Ee1 #1)),BT_Cry1Ba1),BT_Cry9Ed1)),(BT_Cry9Ca1,(BT_Cry9Ba1,BT_Cry9Dc1)));
   * Sites significantly caracterized
      codon position |   category
     -----------------------------------------------------------
                42   |   Positively-selected (probability > 0.95)
               116   |   Positively-selected (probability > 0.99)

 - Model bsA1.15-1
   * Marked branches
      (((BT_Cry9Ea5,BT_Cry9Ea10),(BT_Cry9Aa1,BT_Cry1Jb1)),(BT_Cry9Ec1,(((((BT_Cry9Da1,BT_Cry9Eb1),BT_Cry9Db1),(BT_Cry9Bb1,BT_Cry9Ee1 #1)),BT_Cry1Ba1),BT_Cry9Ed1)),(BT_Cry9Ca1,(BT_Cry9Ba1,BT_Cry9Dc1)));

 - Model bsB.15-1
   * Marked branches
      (((BT_Cry9Ea5,BT_Cry9Ea10),(BT_Cry9Aa1,BT_Cry1Jb1)),(BT_Cry9Ec1,(((((BT_Cry9Da1,BT_Cry9Eb1),BT_Cry9Db1),(BT_Cry9Bb1,BT_Cry9Ee1 #1)),BT_Cry1Ba1),BT_Cry9Ed1)),(BT_Cry9Ca1,(BT_Cry9Ba1,BT_Cry9Dc1)));
   * Sites significantly caracterized
      codon position |   category
     -----------------------------------------------------------
           11-  12   |   Conserved (probability > 0.95)
                15   |   Conserved (probability > 0.95)
           17-  18   |   Conserved (probability > 0.95)
                25   |   Conserved (probability > 0.95)
                29   |   Conserved (probability > 0.95)
           31-  39   |   Conserved (probability > 0.95)
                42   |   Positively-selected (probability > 0.95)
                43   |   Conserved (probability > 0.95)
                47   |   Conserved (probability > 0.95)
           52-  53   |   Conserved (probability > 0.95)
           61-  62   |   Conserved (probability > 0.95)
           64-  67   |   Conserved (probability > 0.95)
           69-  71   |   Conserved (probability > 0.95)
                73   |   Conserved (probability > 0.95)
           97-  98   |   Conserved (probability > 0.95)
               101   |   Conserved (probability > 0.95)
               107   |   Conserved (probability > 0.95)
               109   |   Conserved (probability > 0.95)
               116   |   Positively-selected (probability > 0.99)
               124   |   Conserved (probability > 0.95)
               126   |   Positively-selected (probability > 0.95)
               149   |   Conserved (probability > 0.95)
          151- 152   |   Conserved (probability > 0.95)
