Using: /root/.etetoolkit/ext_apps-latest/bin/Slr
Using: /root/.etetoolkit/ext_apps-latest/bin/codeml

Running CodeML/Slr (20 CPUs)
  - processing model M0 (M0~58cd35893d9b7e0f4fc441f36f1f9c4d)
  - processing model b_free (b_free~f51f8c060137f994c2af8d0cf7679a40)
       marking branches 9, 10, 1, 3, 4, 11, 5, 7, 12, 2, 6, 8

          ((BT_Cry8Ja1 #1,NOV_Cry8Ea3_99.9_ABB29863.1 #1) #1,((NOV_Cry8Ha1_89.8_ATY50148.1 #1,(BT_Cry8Ha1 #1,NOV_Cry8Ha1_89.4_ABB29866.1 #1) #1) #1,NOV_Cry8Ea3_99.9_AEA51183.1 #1) #1,BT_Cry8Ea2 #1) #1;

  - processing model b_neut (b_neut~bdceba05dbfc2b47b3892235910cd4d5)
       marking branches 9, 10, 1, 3, 4, 11, 5, 7, 12, 2, 6, 8

          ((BT_Cry8Ja1 #1,NOV_Cry8Ea3_99.9_ABB29863.1 #1) #1,((NOV_Cry8Ha1_89.8_ATY50148.1 #1,(BT_Cry8Ha1 #1,NOV_Cry8Ha1_89.4_ABB29866.1 #1) #1) #1,NOV_Cry8Ea3_99.9_AEA51183.1 #1) #1,BT_Cry8Ea2 #1) #1;


LRT

                                         Null model |                             Alternative model | p-value
   =================================================|===============================================|============
                M0~58cd35893d9b7e0f4fc441f36f1f9c4d | b_free.9_10_~2bbfcff9d6eb1315abe71d0f13602366 | 1.000000
      b_neut.9_10_~b16dbbbbcbf618e3a72538288f7bad0d | b_free.9_10_~2bbfcff9d6eb1315abe71d0f13602366 | 0.000000**

SUMMARY BY MODEL

 - Model M0
   * Average omega for all tree: 0.332

 - Model b_free.9_10_1_3_4_11_5_7_12_2_6_8-1_1_1_1_1_1_1_1_1_1_1_1
   * Marked branches
      ((BT_Cry8Ja1 #1,NOV_Cry8Ea3_99.9_ABB29863.1 #1) #1,((NOV_Cry8Ha1_89.8_ATY50148.1 #1,(BT_Cry8Ha1 #1,NOV_Cry8Ha1_89.4_ABB29866.1 #1) #1) #1,NOV_Cry8Ea3_99.9_AEA51183.1 #1) #1,BT_Cry8Ea2 #1) #1;

        Branches  =>   omega
              #1  =>   0.332

 - Model b_neut.9_10_1_3_4_11_5_7_12_2_6_8-1_1_1_1_1_1_1_1_1_1_1_1
   * Marked branches
      ((BT_Cry8Ja1 #1,NOV_Cry8Ea3_99.9_ABB29863.1 #1) #1,((NOV_Cry8Ha1_89.8_ATY50148.1 #1,(BT_Cry8Ha1 #1,NOV_Cry8Ha1_89.4_ABB29866.1 #1) #1) #1,NOV_Cry8Ea3_99.9_AEA51183.1 #1) #1,BT_Cry8Ea2 #1) #1;

        Branches  =>   omega
              #1  =>   1.000
