Using: /root/.etetoolkit/ext_apps-latest/bin/Slr
Using: /root/.etetoolkit/ext_apps-latest/bin/codeml

Running CodeML/Slr (20 CPUs)
  - processing model M0 (M0~58cd35893d9b7e0f4fc441f36f1f9c4d)
  - processing model bsA (bsA~bef3cc02cf33ec4a739a7f4b01dd857b)
       marking branches 9, 10, 1, 3, 4, 11, 5, 7, 12, 2, 6, 8

          ((BT_Cry8Ja1 #1,NOV_Cry8Ea3_99.9_ABB29863.1 #1) #1,((NOV_Cry8Ha1_89.8_ATY50148.1 #1,(BT_Cry8Ha1 #1,NOV_Cry8Ha1_89.4_ABB29866.1 #1) #1) #1,NOV_Cry8Ea3_99.9_AEA51183.1 #1) #1,BT_Cry8Ea2 #1) #1;

  - processing model bsA1 (bsA1~8a47cd923518830faa84d7e341cf4e8f)
       marking branches 9, 10, 1, 3, 4, 11, 5, 7, 12, 2, 6, 8

          ((BT_Cry8Ja1 #1,NOV_Cry8Ea3_99.9_ABB29863.1 #1) #1,((NOV_Cry8Ha1_89.8_ATY50148.1 #1,(BT_Cry8Ha1 #1,NOV_Cry8Ha1_89.4_ABB29866.1 #1) #1) #1,NOV_Cry8Ea3_99.9_AEA51183.1 #1) #1,BT_Cry8Ea2 #1) #1;

  - processing model bsB (bsB~94cab39c5f51944bcf2c798df3a29ca3)
       marking branches 9, 10, 1, 3, 4, 11, 5, 7, 12, 2, 6, 8

          ((BT_Cry8Ja1 #1,NOV_Cry8Ea3_99.9_ABB29863.1 #1) #1,((NOV_Cry8Ha1_89.8_ATY50148.1 #1,(BT_Cry8Ha1 #1,NOV_Cry8Ha1_89.4_ABB29866.1 #1) #1) #1,NOV_Cry8Ea3_99.9_AEA51183.1 #1) #1,BT_Cry8Ea2 #1) #1;


LRT

                                         Null model |                             Alternative model | p-value
   =================================================|===============================================|============
                M0~58cd35893d9b7e0f4fc441f36f1f9c4d | bsA.9_10_1_3~27c76d1b9e806c7ffd4907f033cf92ea | 0.000000**
                M0~58cd35893d9b7e0f4fc441f36f1f9c4d | bsA1.9_10_1_~e55505a0c4ea8436d64c11286f7a3ef4 | 0.000000**
                M0~58cd35893d9b7e0f4fc441f36f1f9c4d | bsB.9_10_1_3~b150d901b0adea0c3e1a561e73a3e945 | 0.000000**
      bsA.9_10_1_3~27c76d1b9e806c7ffd4907f033cf92ea | bsB.9_10_1_3~b150d901b0adea0c3e1a561e73a3e945 | 0.535550
      bsA1.9_10_1_~e55505a0c4ea8436d64c11286f7a3ef4 | bsA.9_10_1_3~27c76d1b9e806c7ffd4907f033cf92ea | 0.010120*
      bsA1.9_10_1_~e55505a0c4ea8436d64c11286f7a3ef4 | bsB.9_10_1_3~b150d901b0adea0c3e1a561e73a3e945 | 0.030235*

SUMMARY BY MODEL

 - Model M0
   * Average omega for all tree: 0.332

 - Model bsA.9_10_1_3_4_11_5_7_12_2_6_8-1_1_1_1_1_1_1_1_1_1_1_1
   * Marked branches
      ((BT_Cry8Ja1 #1,NOV_Cry8Ea3_99.9_ABB29863.1 #1) #1,((NOV_Cry8Ha1_89.8_ATY50148.1 #1,(BT_Cry8Ha1 #1,NOV_Cry8Ha1_89.4_ABB29866.1 #1) #1) #1,NOV_Cry8Ea3_99.9_AEA51183.1 #1) #1,BT_Cry8Ea2 #1) #1;
   * Sites significantly caracterized
      codon position |   category
     -----------------------------------------------------------
                34   |   Conserved (probability > 0.95)
                42   |   Conserved (probability > 0.95)
           49-  50   |   Conserved (probability > 0.95)
                53   |   Conserved (probability > 0.95)
                55   |   Conserved (probability > 0.95)
           59-  61   |   Conserved (probability > 0.95)
           65-  66   |   Conserved (probability > 0.95)
           73-  76   |   Conserved (probability > 0.95)
                79   |   Conserved (probability > 0.95)
                84   |   Conserved (probability > 0.95)
           88-  89   |   Conserved (probability > 0.95)
                95   |   Conserved (probability > 0.95)
               102   |   Conserved (probability > 0.95)
               114   |   Positively-selected (probability > 0.95)
               123   |   Conserved (probability > 0.95)
               134   |   Conserved (probability > 0.95)
               139   |   Conserved (probability > 0.95)
          141- 145   |   Conserved (probability > 0.95)
          151- 153   |   Conserved (probability > 0.95)
               156   |   Conserved (probability > 0.95)
               158   |   Conserved (probability > 0.95)
               163   |   Conserved (probability > 0.95)
               167   |   Conserved (probability > 0.95)
               169   |   Conserved (probability > 0.95)
               193   |   Conserved (probability > 0.95)
               196   |   Conserved (probability > 0.95)
               198   |   Conserved (probability > 0.95)
               200   |   Conserved (probability > 0.95)
          203- 205   |   Conserved (probability > 0.95)
               214   |   Conserved (probability > 0.95)
          217- 220   |   Conserved (probability > 0.95)
               222   |   Conserved (probability > 0.95)
          236- 240   |   Conserved (probability > 0.95)
               243   |   Conserved (probability > 0.95)
               245   |   Conserved (probability > 0.95)

 - Model bsA1.9_10_1_3_4_11_5_7_12_2_6_8-1_1_1_1_1_1_1_1_1_1_1_1
   * Marked branches
      ((BT_Cry8Ja1 #1,NOV_Cry8Ea3_99.9_ABB29863.1 #1) #1,((NOV_Cry8Ha1_89.8_ATY50148.1 #1,(BT_Cry8Ha1 #1,NOV_Cry8Ha1_89.4_ABB29866.1 #1) #1) #1,NOV_Cry8Ea3_99.9_AEA51183.1 #1) #1,BT_Cry8Ea2 #1) #1;
   * Sites significantly caracterized
      codon position |   category
     -----------------------------------------------------------
                34   |   Relaxed (probability > 0.95)
                42   |   Relaxed (probability > 0.95)
           49-  50   |   Relaxed (probability > 0.95)
                55   |   Relaxed (probability > 0.95)
                59   |   Relaxed (probability > 0.95)
           65-  66   |   Relaxed (probability > 0.95)
                73   |   Relaxed (probability > 0.95)
           75-  76   |   Relaxed (probability > 0.95)
                79   |   Relaxed (probability > 0.95)
                84   |   Relaxed (probability > 0.95)
           88-  89   |   Relaxed (probability > 0.95)
                95   |   Relaxed (probability > 0.95)
               102   |   Relaxed (probability > 0.95)
               123   |   Relaxed (probability > 0.95)
               134   |   Relaxed (probability > 0.95)
               139   |   Relaxed (probability > 0.95)
          141- 142   |   Relaxed (probability > 0.95)
          144- 145   |   Relaxed (probability > 0.95)
          151- 153   |   Relaxed (probability > 0.95)
               156   |   Relaxed (probability > 0.95)
               158   |   Relaxed (probability > 0.95)
               163   |   Relaxed (probability > 0.95)
               167   |   Relaxed (probability > 0.95)
               169   |   Relaxed (probability > 0.95)
               193   |   Relaxed (probability > 0.95)
               196   |   Relaxed (probability > 0.95)
               198   |   Relaxed (probability > 0.95)
               203   |   Relaxed (probability > 0.95)
               205   |   Relaxed (probability > 0.95)
               214   |   Relaxed (probability > 0.95)
          217- 220   |   Relaxed (probability > 0.95)
               222   |   Relaxed (probability > 0.95)
          236- 240   |   Relaxed (probability > 0.95)
               243   |   Relaxed (probability > 0.95)
               245   |   Relaxed (probability > 0.95)

 - Model bsB.9_10_1_3_4_11_5_7_12_2_6_8-1_1_1_1_1_1_1_1_1_1_1_1
   * Marked branches
      ((BT_Cry8Ja1 #1,NOV_Cry8Ea3_99.9_ABB29863.1 #1) #1,((NOV_Cry8Ha1_89.8_ATY50148.1 #1,(BT_Cry8Ha1 #1,NOV_Cry8Ha1_89.4_ABB29866.1 #1) #1) #1,NOV_Cry8Ea3_99.9_AEA51183.1 #1) #1,BT_Cry8Ea2 #1) #1;
   * Sites significantly caracterized
      codon position |   category
     -----------------------------------------------------------
                34   |   Conserved (probability > 0.95)
                42   |   Conserved (probability > 0.95)
           49-  50   |   Conserved (probability > 0.95)
           53-  56   |   Conserved (probability > 0.95)
           58-  61   |   Conserved (probability > 0.95)
           65-  66   |   Conserved (probability > 0.95)
           73-  74   |   Conserved (probability > 0.95)
           75-  76   |   Conserved (probability > 0.99)
                79   |   Conserved (probability > 0.95)
                84   |   Conserved (probability > 0.99)
                88   |   Conserved (probability > 0.99)
                89   |   Conserved (probability > 0.95)
                94   |   Conserved (probability > 0.95)
                95   |   Conserved (probability > 0.99)
                96   |   Conserved (probability > 0.95)
                99   |   Conserved (probability > 0.95)
               101   |   Conserved (probability > 0.95)
               102   |   Conserved (probability > 0.99)
               123   |   Conserved (probability > 0.95)
               134   |   Conserved (probability > 0.95)
               139   |   Conserved (probability > 0.95)
               141   |   Conserved (probability > 0.95)
               142   |   Conserved (probability > 0.99)
               143   |   Conserved (probability > 0.95)
          144- 145   |   Conserved (probability > 0.99)
               149   |   Conserved (probability > 0.95)
               151   |   Conserved (probability > 0.95)
               152   |   Conserved (probability > 0.99)
          153- 154   |   Conserved (probability > 0.95)
               156   |   Conserved (probability > 0.95)
               158   |   Conserved (probability > 0.95)
          161- 163   |   Conserved (probability > 0.95)
               167   |   Conserved (probability > 0.99)
               169   |   Conserved (probability > 0.99)
               174   |   Conserved (probability > 0.95)
               186   |   Conserved (probability > 0.95)
               192   |   Conserved (probability > 0.95)
               193   |   Conserved (probability > 0.99)
               196   |   Conserved (probability > 0.99)
               198   |   Conserved (probability > 0.95)
               200   |   Conserved (probability > 0.95)
               202   |   Conserved (probability > 0.95)
               203   |   Conserved (probability > 0.99)
               204   |   Conserved (probability > 0.95)
               205   |   Conserved (probability > 0.99)
               214   |   Conserved (probability > 0.99)
          217- 220   |   Conserved (probability > 0.99)
               221   |   Conserved (probability > 0.95)
               222   |   Conserved (probability > 0.99)
               223   |   Conserved (probability > 0.95)
               232   |   Conserved (probability > 0.95)
          235- 236   |   Conserved (probability > 0.95)
               237   |   Conserved (probability > 0.99)
               238   |   Conserved (probability > 0.95)
          239- 240   |   Conserved (probability > 0.99)
               241   |   Conserved (probability > 0.95)
               243   |   Conserved (probability > 0.99)
               245   |   Conserved (probability > 0.99)
