Using: /root/.etetoolkit/ext_apps-latest/bin/Slr
Using: /root/.etetoolkit/ext_apps-latest/bin/codeml

Running CodeML/Slr (20 CPUs)
  - processing model M0 (M0~7b02438bd21092adebf3df63a5f48776)
  - processing model bsA (bsA~68c990c865ff01696ea1bf0ea5d59ac4)
       marking branches 7, 8, 11

          ((NOV_Cry7Ea2_99.9_AFI42038.1,(NOV_Cry8Ca1_41.2_AST51780.1 #1,NOV_Cry8Ca1_42.6_ABY46520.1 #1) #1),((BT_Cry1Be1,BT_Cry1Bg1),BT_Cry1Bf1),(NOV_Cry8Ab1_80.0_AMR06151.1,BT_Cry8Ra1));

  - processing model bsA1 (bsA1~ae5a8ebb7a6cbd0e2a750b5277a663fc)
       marking branches 7, 8, 11

          ((NOV_Cry7Ea2_99.9_AFI42038.1,(NOV_Cry8Ca1_41.2_AST51780.1 #1,NOV_Cry8Ca1_42.6_ABY46520.1 #1) #1),((BT_Cry1Be1,BT_Cry1Bg1),BT_Cry1Bf1),(NOV_Cry8Ab1_80.0_AMR06151.1,BT_Cry8Ra1));

  - processing model bsB (bsB~2538e498529f02d1042168b7bf1e707d)
       marking branches 7, 8, 11

          ((NOV_Cry7Ea2_99.9_AFI42038.1,(NOV_Cry8Ca1_41.2_AST51780.1 #1,NOV_Cry8Ca1_42.6_ABY46520.1 #1) #1),((BT_Cry1Be1,BT_Cry1Bg1),BT_Cry1Bf1),(NOV_Cry8Ab1_80.0_AMR06151.1,BT_Cry8Ra1));


LRT

                                         Null model |                             Alternative model | p-value
   =================================================|===============================================|============
                M0~7b02438bd21092adebf3df63a5f48776 | bsA.7_8_11-1~00ef5053accd4cd049f6c413b3f632f3 | 0.000000**
                M0~7b02438bd21092adebf3df63a5f48776 | bsA1.7_8_11-~d0b36a5affed91436d51c236201de557 | 0.000000**
                M0~7b02438bd21092adebf3df63a5f48776 | bsB.7_8_11-1~8786fe586d70763f7327e63a9d00d372 | 0.000000**
      bsA.7_8_11-1~00ef5053accd4cd049f6c413b3f632f3 | bsB.7_8_11-1~8786fe586d70763f7327e63a9d00d372 | 0.000001**
      bsA1.7_8_11-~d0b36a5affed91436d51c236201de557 | bsA.7_8_11-1~00ef5053accd4cd049f6c413b3f632f3 | 0.000798**
      bsA1.7_8_11-~d0b36a5affed91436d51c236201de557 | bsB.7_8_11-1~8786fe586d70763f7327e63a9d00d372 | 0.000000**

SUMMARY BY MODEL

 - Model M0
   * Average omega for all tree: 0.244

 - Model bsA.7_8_11-1_1_1
   * Marked branches
      ((NOV_Cry7Ea2_99.9_AFI42038.1,(NOV_Cry8Ca1_41.2_AST51780.1 #1,NOV_Cry8Ca1_42.6_ABY46520.1 #1) #1),((BT_Cry1Be1,BT_Cry1Bg1),BT_Cry1Bf1),(NOV_Cry8Ab1_80.0_AMR06151.1,BT_Cry8Ra1));
   * Sites significantly caracterized
      codon position |   category
     -----------------------------------------------------------
                 3   |   Conserved (probability > 0.99)
                 5   |   Conserved (probability > 0.99)
                12   |   Conserved (probability > 0.99)
                22   |   Conserved (probability > 0.99)
           25-  27   |   Conserved (probability > 0.99)
                28   |   Conserved (probability > 0.95)
           30-  31   |   Conserved (probability > 0.99)
                63   |   Conserved (probability > 0.99)
                66   |   Conserved (probability > 0.99)
                67   |   Conserved (probability > 0.95)
           69-  70   |   Conserved (probability > 0.99)
                71   |   Conserved (probability > 0.95)
                77   |   Conserved (probability > 0.95)
           97-  98   |   Conserved (probability > 0.99)
               105   |   Conserved (probability > 0.95)
               109   |   Conserved (probability > 0.99)
               111   |   Conserved (probability > 0.95)
               129   |   Conserved (probability > 0.99)
               145   |   Conserved (probability > 0.99)
               148   |   Conserved (probability > 0.99)
               150   |   Conserved (probability > 0.95)

 - Model bsA1.7_8_11-1_1_1
   * Marked branches
      ((NOV_Cry7Ea2_99.9_AFI42038.1,(NOV_Cry8Ca1_41.2_AST51780.1 #1,NOV_Cry8Ca1_42.6_ABY46520.1 #1) #1),((BT_Cry1Be1,BT_Cry1Bg1),BT_Cry1Bf1),(NOV_Cry8Ab1_80.0_AMR06151.1,BT_Cry8Ra1));
   * Sites significantly caracterized
      codon position |   category
     -----------------------------------------------------------
                 3   |   Relaxed (probability > 0.99)
            5-   6   |   Relaxed (probability > 0.95)
                12   |   Relaxed (probability > 0.99)
                22   |   Relaxed (probability > 0.99)
           25-  27   |   Relaxed (probability > 0.95)
           30-  31   |   Relaxed (probability > 0.95)
                63   |   Relaxed (probability > 0.95)
           66-  67   |   Relaxed (probability > 0.95)
           69-  71   |   Relaxed (probability > 0.95)
                77   |   Relaxed (probability > 0.95)
                97   |   Relaxed (probability > 0.95)
                98   |   Relaxed (probability > 0.99)
               105   |   Relaxed (probability > 0.95)
               109   |   Relaxed (probability > 0.99)
               111   |   Relaxed (probability > 0.95)
               129   |   Relaxed (probability > 0.95)
               145   |   Relaxed (probability > 0.99)
               148   |   Relaxed (probability > 0.95)
               150   |   Relaxed (probability > 0.95)

 - Model bsB.7_8_11-1_1_1
   * Marked branches
      ((NOV_Cry7Ea2_99.9_AFI42038.1,(NOV_Cry8Ca1_41.2_AST51780.1 #1,NOV_Cry8Ca1_42.6_ABY46520.1 #1) #1),((BT_Cry1Be1,BT_Cry1Bg1),BT_Cry1Bf1),(NOV_Cry8Ab1_80.0_AMR06151.1,BT_Cry8Ra1));
   * Sites significantly caracterized
      codon position |   category
     -----------------------------------------------------------
                 3   |   Conserved (probability > 0.99)
                 5   |   Conserved (probability > 0.95)
                12   |   Conserved (probability > 0.99)
                19   |   Positively-selected (probability > 0.95)
                22   |   Conserved (probability > 0.99)
           25-  27   |   Conserved (probability > 0.95)
           30-  31   |   Conserved (probability > 0.95)
                63   |   Conserved (probability > 0.99)
                66   |   Conserved (probability > 0.99)
                69   |   Conserved (probability > 0.99)
                70   |   Conserved (probability > 0.95)
                80   |   Positively-selected (probability > 0.95)
                82   |   Positively-selected (probability > 0.95)
           97-  98   |   Conserved (probability > 0.99)
               109   |   Conserved (probability > 0.99)
               114   |   Positively-selected (probability > 0.95)
               119   |   Positively-selected (probability > 0.95)
               129   |   Conserved (probability > 0.95)
               145   |   Conserved (probability > 0.95)
               148   |   Conserved (probability > 0.95)
