Using: /root/.etetoolkit/ext_apps-latest/bin/Slr
Using: /root/.etetoolkit/ext_apps-latest/bin/codeml

Running CodeML/Slr (20 CPUs)
  - processing model M0 (M0~7b02438bd21092adebf3df63a5f48776)
  - processing model b_free (b_free~aec3437bd8c46f55ff97db0bd10c0544)
       marking branches 5

          ((NOV_Cry7Ea2_99.9_AFI42038.1 #1,(NOV_Cry8Ca1_41.2_AST51780.1,NOV_Cry8Ca1_42.6_ABY46520.1)),((BT_Cry1Be1,BT_Cry1Bg1),BT_Cry1Bf1),(NOV_Cry8Ab1_80.0_AMR06151.1,BT_Cry8Ra1));

  - processing model b_neut (b_neut~a72f67f6223095c17d373de8af9769be)
       marking branches 5

          ((NOV_Cry7Ea2_99.9_AFI42038.1 #1,(NOV_Cry8Ca1_41.2_AST51780.1,NOV_Cry8Ca1_42.6_ABY46520.1)),((BT_Cry1Be1,BT_Cry1Bg1),BT_Cry1Bf1),(NOV_Cry8Ab1_80.0_AMR06151.1,BT_Cry8Ra1));


LRT

                                         Null model |                             Alternative model | p-value
   =================================================|===============================================|============
                M0~7b02438bd21092adebf3df63a5f48776 |   b_free.5-1~13925757bb7cc47edf14af4138ab0d00 | 0.826876
        b_neut.5-1~174b23afdb5a51e39bb70aecb3b2755a |   b_free.5-1~13925757bb7cc47edf14af4138ab0d00 | 0.052432

SUMMARY BY MODEL

 - Model M0
   * Average omega for all tree: 0.244

 - Model b_free.5-1
   * Marked branches
      ((NOV_Cry7Ea2_99.9_AFI42038.1 #1,(NOV_Cry8Ca1_41.2_AST51780.1,NOV_Cry8Ca1_42.6_ABY46520.1)),((BT_Cry1Be1,BT_Cry1Bg1),BT_Cry1Bf1),(NOV_Cry8Ab1_80.0_AMR06151.1,BT_Cry8Ra1));

        Branches  =>   omega
      background  =>   0.241
              #1  =>   0.276

 - Model b_neut.5-1
   * Marked branches
      ((NOV_Cry7Ea2_99.9_AFI42038.1 #1,(NOV_Cry8Ca1_41.2_AST51780.1,NOV_Cry8Ca1_42.6_ABY46520.1)),((BT_Cry1Be1,BT_Cry1Bg1),BT_Cry1Bf1),(NOV_Cry8Ab1_80.0_AMR06151.1,BT_Cry8Ra1));

        Branches  =>   omega
      background  =>   0.223
              #1  =>   1.000
