--------------------------------------------------------------------------------
ModelTest-NG v0.1.7

Input data:
  MSA:        /shared/lab_7/phyl_pipeline/evol_anal/NO_PAT/testing_evol/minor_event_112/minor_event_112_nucl_reported.fasta
  Tree:       Maximum likelihood
    file:           -
  #taxa:            8
  #sites:           453
  #patterns:        294
  Max. thread mem:  0 MB

Output:
  Log:           /shared/lab_7/phyl_pipeline/evol_anal/NO_PAT/testing_evol/minor_event_112/minor_event_112_nucl_reported.fasta.log
  Starting tree: /shared/lab_7/phyl_pipeline/evol_anal/NO_PAT/testing_evol/minor_event_112/minor_event_112_nucl_reported.fasta.tree
  Results:       /shared/lab_7/phyl_pipeline/evol_anal/NO_PAT/testing_evol/minor_event_112/minor_event_112_nucl_reported.fasta.out

Selection options:
  # dna schemes:      11
  # dna models:       88
  include model parameters:
    Uniform:         true
    p-inv (+I):      true
    gamma (+G):      true
    both (+I+G):     true
    free rates (+R): false
    fixed freqs:     true
    estimated freqs: true
    #categories:     4
  gamma rates mode:   mean
  asc bias:           none
  epsilon (opt):      0.01
  epsilon (par):      0.05
  keep branches:      false

Additional options:
  verbosity:        very low
  threads:          1/36
  RNG seed:         12345
  subtree repeats:  enabled
--------------------------------------------------------------------------------

BIC       model              K            lnL          score          delta    weight
--------------------------------------------------------------------------------
       1  TPM3uf+G4          6     -2655.9530      5428.1080         0.0000    0.3055
       2  TIM3+G4            7     -2652.9122      5428.1423         0.0343    0.3003
       3  TIM3+I             7     -2653.4716      5429.2611         1.1531    0.1716
       4  TIM3+I+G4          8     -2651.0191      5430.4719         2.3639    0.0937
       5  TPM3uf+I+G4        7     -2654.7921      5431.9020         3.7940    0.0458
       6  TPM3uf+I           6     -2658.5450      5433.2920         5.1840    0.0229
       7  TVM+G4             8     -2652.4480      5433.3298         5.2218    0.0224
       8  GTR+G4             9     -2649.5028      5433.5551         5.4471    0.0201
       9  GTR+I              9     -2650.4276      5435.4048         7.2968    0.0080
      10  GTR+I+G4          10     -2647.8554      5436.3762         8.2682    0.0049
--------------------------------------------------------------------------------
Best model according to BIC
---------------------------
Model:              TPM3uf+G4
lnL:                -2655.9530
Frequencies:        0.3650 0.1501 0.1815 0.3033
Subst. Rates:       2.9901 3.2156 1.0000 2.9901 3.2156 1.0000 
Inv. sites prop:    -
Gamma shape:        1.1985
Score:              5428.1080
Weight:             0.3055
---------------------------
Parameter importances
---------------------------
P.Inv:              0.2038
Gamma:              0.6490
Gamma-Inv:          0.1473
Frequencies:        1.0000
---------------------------
Model averaged estimates
---------------------------
P.Inv:              0.1356
Alpha:              1.2028
Alpha-P.Inv:        2.6319
P.Inv-Alpha:        0.0929
Frequencies:        0.3584 0.1553 0.1771 0.3091 

Commands:
  > phyml  -i /shared/lab_7/phyl_pipeline/evol_anal/NO_PAT/testing_evol/minor_event_112/minor_event_112_nucl_reported.fasta -m 012012 -f m -v 0 -a e -c 4 -o tlr
  > raxmlHPC-SSE3 -s /shared/lab_7/phyl_pipeline/evol_anal/NO_PAT/testing_evol/minor_event_112/minor_event_112_nucl_reported.fasta -m GTRGAMMAX -n EXEC_NAME -p PARSIMONY_SEED
  > raxml-ng --msa /shared/lab_7/phyl_pipeline/evol_anal/NO_PAT/testing_evol/minor_event_112/minor_event_112_nucl_reported.fasta --model TPM3uf+G4
  > paup -s /shared/lab_7/phyl_pipeline/evol_anal/NO_PAT/testing_evol/minor_event_112/minor_event_112_nucl_reported.fasta
  > iqtree -s /shared/lab_7/phyl_pipeline/evol_anal/NO_PAT/testing_evol/minor_event_112/minor_event_112_nucl_reported.fasta -m TPM3uf+G4

AIC       model              K            lnL          score          delta    weight
--------------------------------------------------------------------------------
       1  GTR+I+G4          10     -2647.8554      5341.7107         0.0000    0.4116
       2  GTR+G4             9     -2649.5028      5343.0055         1.2948    0.2154
       3  TIM3+I+G4          8     -2651.0191      5344.0382         2.3274    0.1286
       4  GTR+I              9     -2650.4276      5344.8552         3.1445    0.0854
       5  TIM3+G4            7     -2652.9122      5345.8244         4.1137    0.0526
       6  TVM+G4             8     -2652.4480      5346.8961         5.1854    0.0308
       7  TIM3+I             7     -2653.4716      5346.9432         5.2325    0.0301
       8  TVM+I+G4           9     -2651.5157      5347.0314         5.3207    0.0288
       9  TPM3uf+I+G4        7     -2654.7921      5349.5842         7.8734    0.0080
      10  TPM3uf+G4          6     -2655.9530      5349.9061         8.1953    0.0068
--------------------------------------------------------------------------------
Best model according to AIC
---------------------------
Model:              GTR+I+G4
lnL:                -2647.8554
Frequencies:        0.3487 0.1587 0.1795 0.3131
Subst. Rates:       4.7014 6.2085 2.0222 2.6124 3.1127 1.0000 
Inv. sites prop:    0.1003
Gamma shape:        3.0330
Score:              5341.7107
Weight:             0.4116
---------------------------
Parameter importances
---------------------------
P.Inv:              0.1172
Gamma:              0.3058
Gamma-Inv:          0.5771
Frequencies:        1.0000
---------------------------
Model averaged estimates
---------------------------
P.Inv:              0.1405
Alpha:              1.1759
Alpha-P.Inv:        2.8924
P.Inv-Alpha:        0.0977
Frequencies:        0.3506 0.1580 0.1793 0.3121 

Commands:
  > phyml  -i /shared/lab_7/phyl_pipeline/evol_anal/NO_PAT/testing_evol/minor_event_112/minor_event_112_nucl_reported.fasta -m 012345 -f m -v e -a e -c 4 -o tlr
  > raxmlHPC-SSE3 -s /shared/lab_7/phyl_pipeline/evol_anal/NO_PAT/testing_evol/minor_event_112/minor_event_112_nucl_reported.fasta -m GTRGAMMAIX -n EXEC_NAME -p PARSIMONY_SEED
  > raxml-ng --msa /shared/lab_7/phyl_pipeline/evol_anal/NO_PAT/testing_evol/minor_event_112/minor_event_112_nucl_reported.fasta --model GTR+I+G4
  > paup -s /shared/lab_7/phyl_pipeline/evol_anal/NO_PAT/testing_evol/minor_event_112/minor_event_112_nucl_reported.fasta
  > iqtree -s /shared/lab_7/phyl_pipeline/evol_anal/NO_PAT/testing_evol/minor_event_112/minor_event_112_nucl_reported.fasta -m GTR+I+G4

AICc      model              K            lnL          score          delta    weight
--------------------------------------------------------------------------------
       1  GTR+I+G4          10     -2647.8554      5343.7107         0.0000    0.3869
       2  GTR+G4             9     -2649.5028      5345.0055         1.2948    0.2025
       3  TIM3+I+G4          8     -2651.0191      5346.0382         2.3274    0.1209
       4  TIM3+G4            7     -2652.9122      5346.8244         3.1137    0.0816
       5  GTR+I              9     -2650.4276      5346.8552         3.1445    0.0803
       6  TIM3+I             7     -2653.4716      5347.9432         4.2325    0.0466
       7  TVM+G4             8     -2652.4480      5348.8961         5.1854    0.0290
       8  TVM+I+G4           9     -2651.5157      5349.0314         5.3207    0.0271
       9  TPM3uf+I+G4        7     -2654.7921      5350.5842         6.8734    0.0124
      10  TPM3uf+G4          6     -2655.9530      5350.9061         7.1953    0.0106
--------------------------------------------------------------------------------
Best model according to AICc
---------------------------
Model:              GTR+I+G4
lnL:                -2647.8554
Frequencies:        0.3487 0.1587 0.1795 0.3131
Subst. Rates:       4.7014 6.2085 2.0222 2.6124 3.1127 1.0000 
Inv. sites prop:    0.1003
Gamma shape:        3.0330
Score:              5343.7107
Weight:             0.3869
---------------------------
Parameter importances
---------------------------
P.Inv:              0.1288
Gamma:              0.3237
Gamma-Inv:          0.5474
Frequencies:        1.0000
---------------------------
Model averaged estimates
---------------------------
P.Inv:              0.1398
Alpha:              1.1796
Alpha-P.Inv:        2.8897
P.Inv-Alpha:        0.0976
Frequencies:        0.3510 0.1580 0.1790 0.3120 

Commands:
  > phyml  -i /shared/lab_7/phyl_pipeline/evol_anal/NO_PAT/testing_evol/minor_event_112/minor_event_112_nucl_reported.fasta -m 012345 -f m -v e -a e -c 4 -o tlr
  > raxmlHPC-SSE3 -s /shared/lab_7/phyl_pipeline/evol_anal/NO_PAT/testing_evol/minor_event_112/minor_event_112_nucl_reported.fasta -m GTRGAMMAIX -n EXEC_NAME -p PARSIMONY_SEED
  > raxml-ng --msa /shared/lab_7/phyl_pipeline/evol_anal/NO_PAT/testing_evol/minor_event_112/minor_event_112_nucl_reported.fasta --model GTR+I+G4
  > paup -s /shared/lab_7/phyl_pipeline/evol_anal/NO_PAT/testing_evol/minor_event_112/minor_event_112_nucl_reported.fasta
  > iqtree -s /shared/lab_7/phyl_pipeline/evol_anal/NO_PAT/testing_evol/minor_event_112/minor_event_112_nucl_reported.fasta -m GTR+I+G4
Done
