Using: /root/.etetoolkit/ext_apps-latest/bin/Slr
Using: /root/.etetoolkit/ext_apps-latest/bin/codeml

Running CodeML/Slr (20 CPUs)
  - processing model M0 (M0~189a4ca42ac1d183990a0ab162dc8904)
  - processing model bsA (bsA~39ad751c88c19cdd6478bcb33fbfd592)
       marking branches 6

          ((BT_Cry8Ga1,BT_Cry8Fa2 #1),(BT_Cry30Ea1,BT_Cry30Aa1),((BT_Cry30Ca1,BT_Cry30Fa1),BT_Cry30Ga1));

  - processing model bsA1 (bsA1~75a854a99df5e671b47e0a4e4ea4eb25)
       marking branches 6

          ((BT_Cry8Ga1,BT_Cry8Fa2 #1),(BT_Cry30Ea1,BT_Cry30Aa1),((BT_Cry30Ca1,BT_Cry30Fa1),BT_Cry30Ga1));

  - processing model bsB (bsB~a4c875664cee80a9025060e8f7eb5e64)
       marking branches 6

          ((BT_Cry8Ga1,BT_Cry8Fa2 #1),(BT_Cry30Ea1,BT_Cry30Aa1),((BT_Cry30Ca1,BT_Cry30Fa1),BT_Cry30Ga1));


LRT

                                         Null model |                             Alternative model | p-value
   =================================================|===============================================|============
                M0~189a4ca42ac1d183990a0ab162dc8904 |      bsA.6-1~6a2456d79579b6c6782c14b26f9fb5dc | 0.000000**
                M0~189a4ca42ac1d183990a0ab162dc8904 |     bsA1.6-1~a4841f822eaa08e892d25f8037bcea25 | 0.000000**
                M0~189a4ca42ac1d183990a0ab162dc8904 |      bsB.6-1~75f0acdfd9ce7f71c0bea6f4918fd903 | 0.000000**
           bsA.6-1~6a2456d79579b6c6782c14b26f9fb5dc |      bsB.6-1~75f0acdfd9ce7f71c0bea6f4918fd903 | 0.050757
          bsA1.6-1~a4841f822eaa08e892d25f8037bcea25 |      bsA.6-1~6a2456d79579b6c6782c14b26f9fb5dc | 0.216808
          bsA1.6-1~a4841f822eaa08e892d25f8037bcea25 |      bsB.6-1~75f0acdfd9ce7f71c0bea6f4918fd903 | 0.069195

SUMMARY BY MODEL

 - Model M0
   * Average omega for all tree: 0.350

 - Model bsA.6-1
   * Marked branches
      ((BT_Cry8Ga1,BT_Cry8Fa2 #1),(BT_Cry30Ea1,BT_Cry30Aa1),((BT_Cry30Ca1,BT_Cry30Fa1),BT_Cry30Ga1));

 - Model bsA1.6-1
   * Marked branches
      ((BT_Cry8Ga1,BT_Cry8Fa2 #1),(BT_Cry30Ea1,BT_Cry30Aa1),((BT_Cry30Ca1,BT_Cry30Fa1),BT_Cry30Ga1));
   * Sites significantly caracterized
      codon position |   category
     -----------------------------------------------------------
            1- 159   |   Relaxed (probability > 0.99)

 - Model bsB.6-1
   * Marked branches
      ((BT_Cry8Ga1,BT_Cry8Fa2 #1),(BT_Cry30Ea1,BT_Cry30Aa1),((BT_Cry30Ca1,BT_Cry30Fa1),BT_Cry30Ga1));
   * Sites significantly caracterized
      codon position |   category
     -----------------------------------------------------------
                36   |   Positively-selected (probability > 0.95)
                56   |   Positively-selected (probability > 0.95)
                63   |   Positively-selected (probability > 0.95)
                79   |   Positively-selected (probability > 0.95)
