Using: /root/.etetoolkit/ext_apps-latest/bin/Slr
Using: /root/.etetoolkit/ext_apps-latest/bin/codeml

Running CodeML/Slr (20 CPUs)
  - processing model M0 (M0~189a4ca42ac1d183990a0ab162dc8904)
  - processing model b_free (b_free~edce3d80cec8781983bf9eb4b98c8c36)
       marking branches 6

          ((BT_Cry8Ga1,BT_Cry8Fa2 #1),(BT_Cry30Ea1,BT_Cry30Aa1),((BT_Cry30Ca1,BT_Cry30Fa1),BT_Cry30Ga1));

  - processing model b_neut (b_neut~ad81e5e5359c3c473cc182a9b9ff94ec)
       marking branches 6

          ((BT_Cry8Ga1,BT_Cry8Fa2 #1),(BT_Cry30Ea1,BT_Cry30Aa1),((BT_Cry30Ca1,BT_Cry30Fa1),BT_Cry30Ga1));


LRT

                                         Null model |                             Alternative model | p-value
   =================================================|===============================================|============
                M0~189a4ca42ac1d183990a0ab162dc8904 |   b_free.6-1~bc0a5402e0eb72300df8fdbece1e5a66 | 0.091179
        b_neut.6-1~cc76b0f5e79616d0f7b3d7c8e07ab088 |   b_free.6-1~bc0a5402e0eb72300df8fdbece1e5a66 | 0.996615

SUMMARY BY MODEL

 - Model M0
   * Average omega for all tree: 0.350

 - Model b_free.6-1
   * Marked branches
      ((BT_Cry8Ga1,BT_Cry8Fa2 #1),(BT_Cry30Ea1,BT_Cry30Aa1),((BT_Cry30Ca1,BT_Cry30Fa1),BT_Cry30Ga1));

        Branches  =>   omega
              #1  =>   1.004
      background  =>   0.309

 - Model b_neut.6-1
   * Marked branches
      ((BT_Cry8Ga1,BT_Cry8Fa2 #1),(BT_Cry30Ea1,BT_Cry30Aa1),((BT_Cry30Ca1,BT_Cry30Fa1),BT_Cry30Ga1));

        Branches  =>   omega
              #1  =>   1.000
      background  =>   0.309
