--------------------------------------------------------------------------------
ModelTest-NG v0.1.7

Input data:
  MSA:        /shared/lab_7/phyl_pipeline/evol_anal/NO_PAT/testing_evol/minor_event_51/minor_event_51_nucl_reported.fasta
  Tree:       Maximum likelihood
    file:           -
  #taxa:            7
  #sites:           477
  #patterns:        174
  Max. thread mem:  0 MB

Output:
  Log:           /shared/lab_7/phyl_pipeline/evol_anal/NO_PAT/testing_evol/minor_event_51/minor_event_51_nucl_reported.fasta.log
  Starting tree: /shared/lab_7/phyl_pipeline/evol_anal/NO_PAT/testing_evol/minor_event_51/minor_event_51_nucl_reported.fasta.tree
  Results:       /shared/lab_7/phyl_pipeline/evol_anal/NO_PAT/testing_evol/minor_event_51/minor_event_51_nucl_reported.fasta.out

Selection options:
  # dna schemes:      11
  # dna models:       88
  include model parameters:
    Uniform:         true
    p-inv (+I):      true
    gamma (+G):      true
    both (+I+G):     true
    free rates (+R): false
    fixed freqs:     true
    estimated freqs: true
    #categories:     4
  gamma rates mode:   mean
  asc bias:           none
  epsilon (opt):      0.01
  epsilon (par):      0.05
  keep branches:      false

Additional options:
  verbosity:        very low
  threads:          1/36
  RNG seed:         12345
  subtree repeats:  enabled
--------------------------------------------------------------------------------

BIC       model              K            lnL          score          delta    weight
--------------------------------------------------------------------------------
       1  HKY+G4             5     -2135.0306      4368.7414         0.0000    0.6095
       2  TPM3uf+G4          6     -2133.4558      4371.7594         3.0180    0.1348
       3  HKY+I              5     -2137.2203      4373.1209         4.3795    0.0682
       4  TPM1uf+G4          6     -2134.7486      4374.3449         5.6035    0.0370
       5  TPM3uf+I           6     -2134.9326      4374.7129         5.9715    0.0308
       6  TPM2uf+G4          6     -2134.9469      4374.7415         6.0001    0.0303
       7  TrN+G4             6     -2134.9940      4374.8357         6.0943    0.0289
       8  HKY+I+G4           6     -2135.2098      4375.2675         6.5260    0.0233
       9  TPM3uf+I+G4        7     -2133.2301      4377.4755         8.7341    0.0077
      10  TIM3+G4            7     -2133.4452      4377.9057         9.1642    0.0062
--------------------------------------------------------------------------------
Best model according to BIC
---------------------------
Model:              HKY+G4
lnL:                -2135.0306
Frequencies:        0.3588 0.1753 0.1609 0.3050
Subst. Rates:       1.0000 2.2681 1.0000 1.0000 2.2681 1.0000 
Inv. sites prop:    -
Gamma shape:        0.9182
Score:              4368.7414
Weight:             0.6095
---------------------------
Parameter importances
---------------------------
P.Inv:              0.1136
Gamma:              0.8504
Gamma-Inv:          0.0360
Frequencies:        1.0000
---------------------------
Model averaged estimates
---------------------------
P.Inv:              0.2435
Alpha:              0.9193
Alpha-P.Inv:        1.8450
P.Inv-Alpha:        0.1520
Frequencies:        0.3587 0.1739 0.1607 0.3067 

Commands:
  > phyml  -i /shared/lab_7/phyl_pipeline/evol_anal/NO_PAT/testing_evol/minor_event_51/minor_event_51_nucl_reported.fasta -m 010010 -f m -v 0 -a e -c 4 -o tlr
  > raxmlHPC-SSE3 -s /shared/lab_7/phyl_pipeline/evol_anal/NO_PAT/testing_evol/minor_event_51/minor_event_51_nucl_reported.fasta -m GTRGAMMAX -n EXEC_NAME -p PARSIMONY_SEED
  > raxml-ng --msa /shared/lab_7/phyl_pipeline/evol_anal/NO_PAT/testing_evol/minor_event_51/minor_event_51_nucl_reported.fasta --model HKY+G4
  > paup -s /shared/lab_7/phyl_pipeline/evol_anal/NO_PAT/testing_evol/minor_event_51/minor_event_51_nucl_reported.fasta
  > iqtree -s /shared/lab_7/phyl_pipeline/evol_anal/NO_PAT/testing_evol/minor_event_51/minor_event_51_nucl_reported.fasta -m HKY+G4

AIC       model              K            lnL          score          delta    weight
--------------------------------------------------------------------------------
       1  TPM3uf+G4          6     -2133.4558      4300.9117         0.0000    0.2067
       2  HKY+G4             5     -2135.0306      4302.0612         1.1495    0.1164
       3  TPM3uf+I+G4        7     -2133.2301      4302.4602         1.5486    0.0953
       4  TIM3+G4            7     -2133.4452      4302.8904         1.9787    0.0769
       5  TPM1uf+G4          6     -2134.7486      4303.4972         2.5855    0.0567
       6  TPM3uf+I           6     -2134.9326      4303.8651         2.9535    0.0472
       7  TPM2uf+G4          6     -2134.9469      4303.8937         2.9821    0.0465
       8  TrN+G4             6     -2134.9940      4303.9879         3.0763    0.0444
       9  HKY+I+G4           6     -2135.2098      4304.4197         3.5080    0.0358
      10  TIM3+I+G4          8     -2133.2272      4304.4544         3.5428    0.0352
--------------------------------------------------------------------------------
Best model according to AIC
---------------------------
Model:              TPM3uf+G4
lnL:                -2133.4558
Frequencies:        0.3582 0.1684 0.1605 0.3128
Subst. Rates:       1.5161 2.7128 1.0000 1.5161 2.7128 1.0000 
Inv. sites prop:    -
Gamma shape:        0.9242
Score:              4300.9117
Weight:             0.2067
---------------------------
Parameter importances
---------------------------
P.Inv:              0.1137
Gamma:              0.6313
Gamma-Inv:          0.2551
Frequencies:        1.0000
---------------------------
Model averaged estimates
---------------------------
P.Inv:              0.2444
Alpha:              0.9210
Alpha-P.Inv:        1.5968
P.Inv-Alpha:        0.1295
Frequencies:        0.3586 0.1713 0.1601 0.3100 

Commands:
  > phyml  -i /shared/lab_7/phyl_pipeline/evol_anal/NO_PAT/testing_evol/minor_event_51/minor_event_51_nucl_reported.fasta -m 012012 -f m -v 0 -a e -c 4 -o tlr
  > raxmlHPC-SSE3 -s /shared/lab_7/phyl_pipeline/evol_anal/NO_PAT/testing_evol/minor_event_51/minor_event_51_nucl_reported.fasta -m GTRGAMMAX -n EXEC_NAME -p PARSIMONY_SEED
  > raxml-ng --msa /shared/lab_7/phyl_pipeline/evol_anal/NO_PAT/testing_evol/minor_event_51/minor_event_51_nucl_reported.fasta --model TPM3uf+G4
  > paup -s /shared/lab_7/phyl_pipeline/evol_anal/NO_PAT/testing_evol/minor_event_51/minor_event_51_nucl_reported.fasta
  > iqtree -s /shared/lab_7/phyl_pipeline/evol_anal/NO_PAT/testing_evol/minor_event_51/minor_event_51_nucl_reported.fasta -m TPM3uf+G4

AICc      model              K            lnL          score          delta    weight
--------------------------------------------------------------------------------
       1  TPM3uf+G4          6     -2133.4558      4301.9117         0.0000    0.2072
       2  HKY+G4             5     -2135.0306      4303.0612         1.1495    0.1166
       3  TPM3uf+I+G4        7     -2133.2301      4303.4602         1.5486    0.0955
       4  TIM3+G4            7     -2133.4452      4303.8904         1.9787    0.0770
       5  TPM1uf+G4          6     -2134.7486      4304.4972         2.5855    0.0569
       6  TPM3uf+I           6     -2134.9326      4304.8651         2.9535    0.0473
       7  TPM2uf+G4          6     -2134.9469      4304.8937         2.9821    0.0466
       8  TrN+G4             6     -2134.9940      4304.9879         3.0763    0.0445
       9  HKY+I+G4           6     -2135.2098      4305.4197         3.5080    0.0359
      10  TIM3+I+G4          8     -2133.2272      4305.4544         3.5428    0.0352
--------------------------------------------------------------------------------
Best model according to AICc
---------------------------
Model:              TPM3uf+G4
lnL:                -2133.4558
Frequencies:        0.3582 0.1684 0.1605 0.3128
Subst. Rates:       1.5161 2.7128 1.0000 1.5161 2.7128 1.0000 
Inv. sites prop:    -
Gamma shape:        0.9242
Score:              4301.9117
Weight:             0.2072
---------------------------
Parameter importances
---------------------------
P.Inv:              0.1139
Gamma:              0.6327
Gamma-Inv:          0.2534
Frequencies:        1.0000
---------------------------
Model averaged estimates
---------------------------
P.Inv:              0.2444
Alpha:              0.9210
Alpha-P.Inv:        1.5992
P.Inv-Alpha:        0.1296
Frequencies:        0.3586 0.1713 0.1601 0.3100 

Commands:
  > phyml  -i /shared/lab_7/phyl_pipeline/evol_anal/NO_PAT/testing_evol/minor_event_51/minor_event_51_nucl_reported.fasta -m 012012 -f m -v 0 -a e -c 4 -o tlr
  > raxmlHPC-SSE3 -s /shared/lab_7/phyl_pipeline/evol_anal/NO_PAT/testing_evol/minor_event_51/minor_event_51_nucl_reported.fasta -m GTRGAMMAX -n EXEC_NAME -p PARSIMONY_SEED
  > raxml-ng --msa /shared/lab_7/phyl_pipeline/evol_anal/NO_PAT/testing_evol/minor_event_51/minor_event_51_nucl_reported.fasta --model TPM3uf+G4
  > paup -s /shared/lab_7/phyl_pipeline/evol_anal/NO_PAT/testing_evol/minor_event_51/minor_event_51_nucl_reported.fasta
  > iqtree -s /shared/lab_7/phyl_pipeline/evol_anal/NO_PAT/testing_evol/minor_event_51/minor_event_51_nucl_reported.fasta -m TPM3uf+G4
Done
