Using: /root/.etetoolkit/ext_apps-latest/bin/Slr
Using: /root/.etetoolkit/ext_apps-latest/bin/codeml

Running CodeML/Slr (20 CPUs)
  - processing model M0 (M0~189a4ca42ac1d183990a0ab162dc8904)
  - processing model M1 (M1~a599298944b3e2a2eea40a58656c13bc)
  - processing model M2 (M2~383390ae49f67fabf08a1299da5b19a3)
  - processing model M3 (M3~d540725bb69462e58574001ba4fe3f5b)
  - processing model M7 (M7~87733067e0c346b0794c4d20420fa59c)
  - processing model M8 (M8~109765f37879e40136ffc167dc56043b)

LRT

                                         Null model |                             Alternative model | p-value
   =================================================|===============================================|============
                M0~189a4ca42ac1d183990a0ab162dc8904 |           M1~a599298944b3e2a2eea40a58656c13bc | 0.000000**
                M0~189a4ca42ac1d183990a0ab162dc8904 |           M2~383390ae49f67fabf08a1299da5b19a3 | 0.000000**
                M0~189a4ca42ac1d183990a0ab162dc8904 |           M3~d540725bb69462e58574001ba4fe3f5b | 0.000000**
                M0~189a4ca42ac1d183990a0ab162dc8904 |           M7~87733067e0c346b0794c4d20420fa59c | 0.000000**
                M0~189a4ca42ac1d183990a0ab162dc8904 |           M8~109765f37879e40136ffc167dc56043b | 0.000000**
                M1~a599298944b3e2a2eea40a58656c13bc |           M2~383390ae49f67fabf08a1299da5b19a3 | 0.000038**
                M1~a599298944b3e2a2eea40a58656c13bc |           M3~d540725bb69462e58574001ba4fe3f5b | 0.000015**
                M1~a599298944b3e2a2eea40a58656c13bc |           M8~109765f37879e40136ffc167dc56043b | 0.000003**
                M2~383390ae49f67fabf08a1299da5b19a3 |           M3~d540725bb69462e58574001ba4fe3f5b | 0.029378*
                M7~87733067e0c346b0794c4d20420fa59c |           M2~383390ae49f67fabf08a1299da5b19a3 | 0.000048**
                M7~87733067e0c346b0794c4d20420fa59c |           M3~d540725bb69462e58574001ba4fe3f5b | 0.000019**
                M7~87733067e0c346b0794c4d20420fa59c |           M8~109765f37879e40136ffc167dc56043b | 0.000004**
                M8~109765f37879e40136ffc167dc56043b |           M3~d540725bb69462e58574001ba4fe3f5b | 1.000000

SUMMARY BY MODEL

 - Model M0
   * Average omega for all tree: 0.350

 - Model M1
   * Average omega for all tree: 0.462
   * Sites significantly caracterized
      codon position |   category
     -----------------------------------------------------------
                 3   |   Relaxed (probability > 0.95)
            4-  12   |   Relaxed (probability > 0.99)
           13-  14   |   Relaxed (probability > 0.95)
                21   |   Relaxed (probability > 0.95)
                24   |   Relaxed (probability > 0.99)
                25   |   Relaxed (probability > 0.95)
           27-  28   |   Relaxed (probability > 0.99)
           30-  34   |   Relaxed (probability > 0.99)
                37   |   Relaxed (probability > 0.95)
           40-  41   |   Relaxed (probability > 0.99)
                44   |   Relaxed (probability > 0.95)
           45-  46   |   Relaxed (probability > 0.99)
                48   |   Relaxed (probability > 0.99)
                50   |   Relaxed (probability > 0.95)
                62   |   Relaxed (probability > 0.99)
                64   |   Relaxed (probability > 0.95)
                66   |   Relaxed (probability > 0.95)
           68-  72   |   Relaxed (probability > 0.99)
                80   |   Relaxed (probability > 0.95)
                84   |   Relaxed (probability > 0.99)
                87   |   Relaxed (probability > 0.99)
                89   |   Relaxed (probability > 0.99)
                93   |   Relaxed (probability > 0.95)
                94   |   Relaxed (probability > 0.99)
           96-  97   |   Relaxed (probability > 0.99)
           98-  99   |   Relaxed (probability > 0.95)
          102- 103   |   Relaxed (probability > 0.99)
               104   |   Relaxed (probability > 0.95)
          109- 110   |   Relaxed (probability > 0.95)
               115   |   Relaxed (probability > 0.99)
               117   |   Relaxed (probability > 0.99)
               119   |   Relaxed (probability > 0.95)
               121   |   Relaxed (probability > 0.99)
          128- 129   |   Relaxed (probability > 0.99)
               132   |   Relaxed (probability > 0.95)
               134   |   Relaxed (probability > 0.95)
               136   |   Relaxed (probability > 0.95)
          137- 138   |   Relaxed (probability > 0.99)
               139   |   Relaxed (probability > 0.95)
               140   |   Relaxed (probability > 0.99)
          142- 146   |   Relaxed (probability > 0.99)
               148   |   Relaxed (probability > 0.95)
          151- 152   |   Relaxed (probability > 0.99)
               153   |   Relaxed (probability > 0.95)
               155   |   Relaxed (probability > 0.95)
               156   |   Relaxed (probability > 0.99)
               159   |   Relaxed (probability > 0.95)

 - Model M2
   * Average omega for all tree: 0.950
   * Sites significantly caracterized
      codon position |   category
     -----------------------------------------------------------
                 3   |   Conserved (probability > 0.95)
            4-  12   |   Conserved (probability > 0.99)
                24   |   Conserved (probability > 0.99)
           27-  28   |   Conserved (probability > 0.95)
                30   |   Conserved (probability > 0.95)
           31-  33   |   Conserved (probability > 0.99)
                34   |   Conserved (probability > 0.95)
                37   |   Conserved (probability > 0.95)
                45   |   Conserved (probability > 0.99)
                66   |   Conserved (probability > 0.95)
           68-  72   |   Conserved (probability > 0.99)
                84   |   Positively-selected (probability > 0.95)
                89   |   Positively-selected (probability > 0.99)
                96   |   Conserved (probability > 0.99)
           98-  99   |   Conserved (probability > 0.95)
               103   |   Conserved (probability > 0.99)
          109- 110   |   Conserved (probability > 0.95)
               115   |   Conserved (probability > 0.99)
               117   |   Conserved (probability > 0.99)
               119   |   Conserved (probability > 0.95)
               129   |   Conserved (probability > 0.99)
               132   |   Conserved (probability > 0.95)
               136   |   Conserved (probability > 0.95)
               137   |   Conserved (probability > 0.99)
          151- 152   |   Conserved (probability > 0.99)
               153   |   Conserved (probability > 0.95)
               156   |   Conserved (probability > 0.99)
               159   |   Conserved (probability > 0.95)

 - Model M3
   * Average omega for all tree: 0.708
   * Sites significantly caracterized
      codon position |   category
     -----------------------------------------------------------
                15   |   Relaxed (probability > 0.95)
                17   |   Relaxed (probability > 0.95)
                22   |   Relaxed (probability > 0.99)
                23   |   Relaxed (probability > 0.95)
                29   |   Relaxed (probability > 0.99)
                35   |   Relaxed (probability > 0.99)
                36   |   Relaxed (probability > 0.95)
                51   |   Relaxed (probability > 0.95)
                52   |   Relaxed (probability > 0.99)
           53-  54   |   Relaxed (probability > 0.95)
                56   |   Relaxed (probability > 0.95)
                57   |   Relaxed (probability > 0.99)
           60-  61   |   Relaxed (probability > 0.95)
                63   |   Relaxed (probability > 0.95)
                67   |   Relaxed (probability > 0.99)
                73   |   Relaxed (probability > 0.95)
                75   |   Relaxed (probability > 0.95)
                76   |   Relaxed (probability > 0.99)
                78   |   Relaxed (probability > 0.99)
                79   |   Relaxed (probability > 0.95)
                81   |   Relaxed (probability > 0.95)
                84   |   Relaxed (probability > 0.99)
           87-  88   |   Relaxed (probability > 0.95)
           89-  90   |   Relaxed (probability > 0.99)
                91   |   Relaxed (probability > 0.95)
                95   |   Relaxed (probability > 0.99)
                97   |   Relaxed (probability > 0.95)
               101   |   Relaxed (probability > 0.99)
               104   |   Relaxed (probability > 0.99)
               108   |   Relaxed (probability > 0.95)
               111   |   Relaxed (probability > 0.99)
               114   |   Relaxed (probability > 0.95)
               118   |   Relaxed (probability > 0.99)
               120   |   Relaxed (probability > 0.95)
               121   |   Relaxed (probability > 0.99)
               122   |   Relaxed (probability > 0.95)
               124   |   Relaxed (probability > 0.99)
          125- 126   |   Relaxed (probability > 0.95)
          127- 128   |   Relaxed (probability > 0.99)
               133   |   Relaxed (probability > 0.99)
               135   |   Relaxed (probability > 0.95)
          140- 141   |   Relaxed (probability > 0.95)
               143   |   Relaxed (probability > 0.95)
          144- 145   |   Relaxed (probability > 0.99)
               146   |   Relaxed (probability > 0.95)
               150   |   Relaxed (probability > 0.95)
               158   |   Relaxed (probability > 0.99)

 - Model M7
   * Average omega for all tree: 0.416

 - Model M8
   * Average omega for all tree: 0.787
   * Sites significantly caracterized
      codon position |   category
     -----------------------------------------------------------
                84   |   Positively-selected (probability > 0.99)
                89   |   Positively-selected (probability > 0.99)
          144- 145   |   Positively-selected (probability > 0.95)
