Using: /root/.etetoolkit/ext_apps-latest/bin/Slr
Using: /root/.etetoolkit/ext_apps-latest/bin/codeml

Running CodeML/Slr (20 CPUs)
  - processing model M0 (M0~feead9503fde272d93298116aef91fb5)
  - processing model b_free (b_free~9058e9653df06f0d967f562b2e6c2698)
       marking branches 8

          ((NOV_Cry19Ba1_74.0_AGV55021.1,BT_Cry19Ca1),(BT_Cry19Ba1,BT_Cry19Aa1),((NOV_Cry52Ca1_62.9_AZJ24464.1 #1,BT_Cry52Ca1),(BT_Cry52Ba1,BT_Cry52Aa1)));

  - processing model b_neut (b_neut~10b2ab0458da9b4514321f2e28115df8)
       marking branches 8

          ((NOV_Cry19Ba1_74.0_AGV55021.1,BT_Cry19Ca1),(BT_Cry19Ba1,BT_Cry19Aa1),((NOV_Cry52Ca1_62.9_AZJ24464.1 #1,BT_Cry52Ca1),(BT_Cry52Ba1,BT_Cry52Aa1)));


LRT

                                         Null model |                             Alternative model | p-value
   =================================================|===============================================|============
                M0~feead9503fde272d93298116aef91fb5 |   b_free.8-1~8b2da9f8f72abeac7713a35453f423d0 | 0.813459
        b_neut.8-1~1fb4eb37bd82e5975cf3b87970775164 |   b_free.8-1~8b2da9f8f72abeac7713a35453f423d0 | 0.005912**

SUMMARY BY MODEL

 - Model M0
   * Average omega for all tree: 0.201

 - Model b_free.8-1
   * Marked branches
      ((NOV_Cry19Ba1_74.0_AGV55021.1,BT_Cry19Ca1),(BT_Cry19Ba1,BT_Cry19Aa1),((NOV_Cry52Ca1_62.9_AZJ24464.1 #1,BT_Cry52Ca1),(BT_Cry52Ba1,BT_Cry52Aa1)));

        Branches  =>   omega
              #1  =>   0.222
      background  =>   0.199

 - Model b_neut.8-1
   * Marked branches
      ((NOV_Cry19Ba1_74.0_AGV55021.1,BT_Cry19Ca1),(BT_Cry19Ba1,BT_Cry19Aa1),((NOV_Cry52Ca1_62.9_AZJ24464.1 #1,BT_Cry52Ca1),(BT_Cry52Ba1,BT_Cry52Aa1)));

        Branches  =>   omega
      background  =>   0.186
              #1  =>   1.000
