Using: /root/.etetoolkit/ext_apps-latest/bin/Slr
Using: /root/.etetoolkit/ext_apps-latest/bin/codeml

Running CodeML/Slr (20 CPUs)
  - processing model M0 (M0~4a020ae9c4f944986474f29235a1c2e4)
  - processing model bsA (bsA~191453e24068c787a67a61486f546d98)
       marking branches 5

          (((NOV_Cry7Ca1_99.7_ABR67863.2 #1,NOV_Cry7Ca1_86.8_AGM39664.1),(NOV_Cry8Ma2_96.0_WP_103622989.1,NOV_Cry8Ma3_96.0_ATY50149.1)),(NOV_Cry7Ba1_84.3_AFI42043.1,BT_Cry7Ba1),BT_Cry7Bb1);

  - processing model bsA1 (bsA1~7dd071844a0768ee9ac333e7033911fb)
       marking branches 5

          (((NOV_Cry7Ca1_99.7_ABR67863.2 #1,NOV_Cry7Ca1_86.8_AGM39664.1),(NOV_Cry8Ma2_96.0_WP_103622989.1,NOV_Cry8Ma3_96.0_ATY50149.1)),(NOV_Cry7Ba1_84.3_AFI42043.1,BT_Cry7Ba1),BT_Cry7Bb1);

  - processing model bsB (bsB~491fc6b37a9514525cf83d2e6c7d7601)
       marking branches 5

          (((NOV_Cry7Ca1_99.7_ABR67863.2 #1,NOV_Cry7Ca1_86.8_AGM39664.1),(NOV_Cry8Ma2_96.0_WP_103622989.1,NOV_Cry8Ma3_96.0_ATY50149.1)),(NOV_Cry7Ba1_84.3_AFI42043.1,BT_Cry7Ba1),BT_Cry7Bb1);


LRT

                                         Null model |                             Alternative model | p-value
   =================================================|===============================================|============
                M0~4a020ae9c4f944986474f29235a1c2e4 |      bsA.5-1~f9dace1f61cd6a36bc87d38a851e573d | 0.000000**
                M0~4a020ae9c4f944986474f29235a1c2e4 |     bsA1.5-1~d9ba9dbd3b8308ee612ea2d43f88de6d | 0.000000**
                M0~4a020ae9c4f944986474f29235a1c2e4 |      bsB.5-1~5912b2dbb89ddcb201e9e9c8fd2d4a90 | 0.000000**
           bsA.5-1~f9dace1f61cd6a36bc87d38a851e573d |      bsB.5-1~5912b2dbb89ddcb201e9e9c8fd2d4a90 | 0.043263*
          bsA1.5-1~d9ba9dbd3b8308ee612ea2d43f88de6d |      bsA.5-1~f9dace1f61cd6a36bc87d38a851e573d | 0.988383
          bsA1.5-1~d9ba9dbd3b8308ee612ea2d43f88de6d |      bsB.5-1~5912b2dbb89ddcb201e9e9c8fd2d4a90 | 0.129685

SUMMARY BY MODEL

 - Model M0
   * Average omega for all tree: 0.417

 - Model bsA.5-1
   * Marked branches
      (((NOV_Cry7Ca1_99.7_ABR67863.2 #1,NOV_Cry7Ca1_86.8_AGM39664.1),(NOV_Cry8Ma2_96.0_WP_103622989.1,NOV_Cry8Ma3_96.0_ATY50149.1)),(NOV_Cry7Ba1_84.3_AFI42043.1,BT_Cry7Ba1),BT_Cry7Bb1);

 - Model bsA1.5-1
   * Marked branches
      (((NOV_Cry7Ca1_99.7_ABR67863.2 #1,NOV_Cry7Ca1_86.8_AGM39664.1),(NOV_Cry8Ma2_96.0_WP_103622989.1,NOV_Cry8Ma3_96.0_ATY50149.1)),(NOV_Cry7Ba1_84.3_AFI42043.1,BT_Cry7Ba1),BT_Cry7Bb1);

 - Model bsB.5-1
   * Marked branches
      (((NOV_Cry7Ca1_99.7_ABR67863.2 #1,NOV_Cry7Ca1_86.8_AGM39664.1),(NOV_Cry8Ma2_96.0_WP_103622989.1,NOV_Cry8Ma3_96.0_ATY50149.1)),(NOV_Cry7Ba1_84.3_AFI42043.1,BT_Cry7Ba1),BT_Cry7Bb1);
   * Sites significantly caracterized
      codon position |   category
     -----------------------------------------------------------
            1- 231   |   Positively-selected (probability > 0.99)
