Using: /root/.etetoolkit/ext_apps-latest/bin/Slr
Using: /root/.etetoolkit/ext_apps-latest/bin/codeml

Running CodeML/Slr (20 CPUs)
  - processing model M0 (M0~5571d7964889b59ff5e30181875910e8)
  - processing model b_free (b_free~271d1ed8a7356d79dba1b2d4ca49e2a0)
       marking branches 3

          ((((NOV_Cry7Ca1_99.7_ABR67863.2,NOV_Cry7Ca1_86.8_AGM39664.1),(NOV_Cry8Ba1_88.6_AEP25412.1,BT_Cry8Pa1 #1)),BT_Cry8Hb1),(BT_Cry8Ha1,NOV_Cry8Ha1_89.4_ABB29866.1),NOV_Cry8Ha1_89.8_ATY50148.1);

  - processing model b_neut (b_neut~436dddff87bb008f918f3d6b45c40e48)
       marking branches 3

          ((((NOV_Cry7Ca1_99.7_ABR67863.2,NOV_Cry7Ca1_86.8_AGM39664.1),(NOV_Cry8Ba1_88.6_AEP25412.1,BT_Cry8Pa1 #1)),BT_Cry8Hb1),(BT_Cry8Ha1,NOV_Cry8Ha1_89.4_ABB29866.1),NOV_Cry8Ha1_89.8_ATY50148.1);


LRT

                                         Null model |                             Alternative model | p-value
   =================================================|===============================================|============
                M0~5571d7964889b59ff5e30181875910e8 |   b_free.3-1~c28a9fbc594b53bc20075f2f586b34ba | 0.857126
        b_neut.3-1~8d9f310ed1cad5b58179f6c335972869 |   b_free.3-1~c28a9fbc594b53bc20075f2f586b34ba | 0.408749

SUMMARY BY MODEL

 - Model M0
   * Average omega for all tree: 0.431

 - Model b_free.3-1
   * Marked branches
      ((((NOV_Cry7Ca1_99.7_ABR67863.2,NOV_Cry7Ca1_86.8_AGM39664.1),(NOV_Cry8Ba1_88.6_AEP25412.1,BT_Cry8Pa1 #1)),BT_Cry8Hb1),(BT_Cry8Ha1,NOV_Cry8Ha1_89.4_ABB29866.1),NOV_Cry8Ha1_89.8_ATY50148.1);

        Branches  =>   omega
              #1  =>   0.487
      background  =>   0.429

 - Model b_neut.3-1
   * Marked branches
      ((((NOV_Cry7Ca1_99.7_ABR67863.2,NOV_Cry7Ca1_86.8_AGM39664.1),(NOV_Cry8Ba1_88.6_AEP25412.1,BT_Cry8Pa1 #1)),BT_Cry8Hb1),(BT_Cry8Ha1,NOV_Cry8Ha1_89.4_ABB29866.1),NOV_Cry8Ha1_89.8_ATY50148.1);

        Branches  =>   omega
      background  =>   0.427
              #1  =>   1.000
