--------------------------------------------------------------------------------
ModelTest-NG v0.1.7

Input data:
  MSA:        /shared/lab_7/phyl_pipeline/evol_anal/NO_PAT/testing_evol/major2_event_74/major2_event_74_nucl_reported.fasta
  Tree:       Maximum likelihood
    file:           -
  #taxa:            8
  #sites:           690
  #patterns:        280
  Max. thread mem:  0 MB

Output:
  Log:           /shared/lab_7/phyl_pipeline/evol_anal/NO_PAT/testing_evol/major2_event_74/major2_event_74_nucl_reported.fasta.log
  Starting tree: /shared/lab_7/phyl_pipeline/evol_anal/NO_PAT/testing_evol/major2_event_74/major2_event_74_nucl_reported.fasta.tree
  Results:       /shared/lab_7/phyl_pipeline/evol_anal/NO_PAT/testing_evol/major2_event_74/major2_event_74_nucl_reported.fasta.out

Selection options:
  # dna schemes:      11
  # dna models:       88
  include model parameters:
    Uniform:         true
    p-inv (+I):      true
    gamma (+G):      true
    both (+I+G):     true
    free rates (+R): false
    fixed freqs:     true
    estimated freqs: true
    #categories:     4
  gamma rates mode:   mean
  asc bias:           none
  epsilon (opt):      0.01
  epsilon (par):      0.05
  keep branches:      false

Additional options:
  verbosity:        very low
  threads:          1/36
  RNG seed:         12345
  subtree repeats:  enabled
--------------------------------------------------------------------------------

BIC       model              K            lnL          score          delta    weight
--------------------------------------------------------------------------------
       1  TIM3               6     -3434.2867      6992.7706         0.0000    0.2482
       2  TPM3uf             5     -3437.6107      6992.8819         0.1113    0.2348
       3  TrN                5     -3438.4448      6994.5500         1.7795    0.1020
       4  TPM3uf+I           6     -3435.2354      6994.6679         1.8974    0.0961
       5  HKY                4     -3441.8193      6994.7623         1.9918    0.0917
       6  TIM3+I             7     -3432.6222      6995.9783         3.2078    0.0499
       7  HKY+I              5     -3439.4362      6996.5329         3.7623    0.0378
       8  TPM3uf+G4          6     -3436.2129      6996.6229         3.8523    0.0362
       9  TIM3+G4            7     -3433.3628      6997.4594         4.6888    0.0238
      10  TrN+I              6     -3436.6848      6997.5668         4.7963    0.0226
--------------------------------------------------------------------------------
Best model according to BIC
---------------------------
Model:              TIM3
lnL:                -3434.2867
Frequencies:        0.3141 0.1653 0.1963 0.3243
Subst. Rates:       1.4742 2.3016 1.0000 1.4742 1.5200 1.0000 
Inv. sites prop:    -
Gamma shape:        -
Score:              6992.7706
Weight:             0.2482
---------------------------
Parameter importances
---------------------------
P.Inv:              0.2118
Gamma:              0.0857
Gamma-Inv:          0.0078
Frequencies:        1.0000
---------------------------
Model averaged estimates
---------------------------
P.Inv:              0.0554
Alpha:              6.6075
Alpha-P.Inv:        92.1306
P.Inv-Alpha:        0.0532
Frequencies:        0.3179 0.1644 0.1995 0.3182 

Commands:
  > phyml  -i /shared/lab_7/phyl_pipeline/evol_anal/NO_PAT/testing_evol/major2_event_74/major2_event_74_nucl_reported.fasta -m 012032 -f m -v 0 -a 0 -c 1 -o tlr
  > raxmlHPC-SSE3 -s /shared/lab_7/phyl_pipeline/evol_anal/NO_PAT/testing_evol/major2_event_74/major2_event_74_nucl_reported.fasta -c 1 -m GTRCATX -n EXEC_NAME -p PARSIMONY_SEED
  > raxml-ng --msa /shared/lab_7/phyl_pipeline/evol_anal/NO_PAT/testing_evol/major2_event_74/major2_event_74_nucl_reported.fasta --model TIM3
  > paup -s /shared/lab_7/phyl_pipeline/evol_anal/NO_PAT/testing_evol/major2_event_74/major2_event_74_nucl_reported.fasta
  > iqtree -s /shared/lab_7/phyl_pipeline/evol_anal/NO_PAT/testing_evol/major2_event_74/major2_event_74_nucl_reported.fasta -m TIM3

AIC       model              K            lnL          score          delta    weight
--------------------------------------------------------------------------------
       1  TIM3+I             7     -3432.6222      6905.2445         0.0000    0.2741
       2  TIM3               6     -3434.2867      6906.5734         1.3289    0.1410
       3  TIM3+G4            7     -3433.3628      6906.7255         1.4810    0.1307
       4  TIM3+I+G4          8     -3432.6541      6907.3081         2.0636    0.0977
       5  GTR+I              9     -3432.0442      6908.0884         2.8439    0.0661
       6  TPM3uf+I           6     -3435.2354      6908.4708         3.2263    0.0546
       7  GTR                8     -3433.5481      6909.0963         3.8518    0.0399
       8  GTR+G4             9     -3432.7649      6909.5299         4.2854    0.0322
       9  GTR+I+G4          10     -3432.0903      6910.1806         4.9361    0.0232
      10  TPM3uf+G4          6     -3436.2129      6910.4257         5.1813    0.0205
--------------------------------------------------------------------------------
Best model according to AIC
---------------------------
Model:              TIM3+I
lnL:                -3432.6222
Frequencies:        0.3154 0.1643 0.1967 0.3236
Subst. Rates:       1.5034 2.3551 1.0000 1.5034 1.5911 1.0000 
Inv. sites prop:    0.0497
Gamma shape:        -
Score:              6905.2445
Weight:             0.2741
---------------------------
Parameter importances
---------------------------
P.Inv:              0.4346
Gamma:              0.2005
Gamma-Inv:          0.1546
Frequencies:        1.0000
---------------------------
Model averaged estimates
---------------------------
P.Inv:              0.0508
Alpha:              7.1581
Alpha-P.Inv:        92.8383
P.Inv-Alpha:        0.0486
Frequencies:        0.3157 0.1644 0.1976 0.3224 

Commands:
  > phyml  -i /shared/lab_7/phyl_pipeline/evol_anal/NO_PAT/testing_evol/major2_event_74/major2_event_74_nucl_reported.fasta -m 012032 -f m -v e -a 0 -c 1 -o tlr
  > raxmlHPC-SSE3 -s /shared/lab_7/phyl_pipeline/evol_anal/NO_PAT/testing_evol/major2_event_74/major2_event_74_nucl_reported.fasta -c 1 -m GTRCATIX -n EXEC_NAME -p PARSIMONY_SEED
  > raxml-ng --msa /shared/lab_7/phyl_pipeline/evol_anal/NO_PAT/testing_evol/major2_event_74/major2_event_74_nucl_reported.fasta --model TIM3+I
  > paup -s /shared/lab_7/phyl_pipeline/evol_anal/NO_PAT/testing_evol/major2_event_74/major2_event_74_nucl_reported.fasta
  > iqtree -s /shared/lab_7/phyl_pipeline/evol_anal/NO_PAT/testing_evol/major2_event_74/major2_event_74_nucl_reported.fasta -m TIM3+I

AICc      model              K            lnL          score          delta    weight
--------------------------------------------------------------------------------
       1  TIM3+I             7     -3432.6222      6906.2445         0.0000    0.2740
       2  TIM3               6     -3434.2867      6907.5734         1.3289    0.1410
       3  TIM3+G4            7     -3433.3628      6907.7255         1.4810    0.1306
       4  TIM3+I+G4          8     -3432.6541      6908.3081         2.0636    0.0976
       5  GTR+I              9     -3432.0442      6909.0884         2.8439    0.0661
       6  TPM3uf+I           6     -3435.2354      6909.4708         3.2263    0.0546
       7  GTR                8     -3433.5481      6910.0963         3.8518    0.0399
       8  GTR+G4             9     -3432.7649      6910.5299         4.2854    0.0321
       9  GTR+I+G4          10     -3432.0903      6911.1806         4.9361    0.0232
      10  TPM3uf+G4          6     -3436.2129      6911.4257         5.1813    0.0205
--------------------------------------------------------------------------------
Best model according to AICc
---------------------------
Model:              TIM3+I
lnL:                -3432.6222
Frequencies:        0.3154 0.1643 0.1967 0.3236
Subst. Rates:       1.5034 2.3551 1.0000 1.5034 1.5911 1.0000 
Inv. sites prop:    0.0497
Gamma shape:        -
Score:              6906.2445
Weight:             0.2740
---------------------------
Parameter importances
---------------------------
P.Inv:              0.4344
Gamma:              0.2004
Gamma-Inv:          0.1545
Frequencies:        1.0000
---------------------------
Model averaged estimates
---------------------------
P.Inv:              0.0508
Alpha:              7.1581
Alpha-P.Inv:        92.8383
P.Inv-Alpha:        0.0486
Frequencies:        0.3157 0.1644 0.1976 0.3224 

Commands:
  > phyml  -i /shared/lab_7/phyl_pipeline/evol_anal/NO_PAT/testing_evol/major2_event_74/major2_event_74_nucl_reported.fasta -m 012032 -f m -v e -a 0 -c 1 -o tlr
  > raxmlHPC-SSE3 -s /shared/lab_7/phyl_pipeline/evol_anal/NO_PAT/testing_evol/major2_event_74/major2_event_74_nucl_reported.fasta -c 1 -m GTRCATIX -n EXEC_NAME -p PARSIMONY_SEED
  > raxml-ng --msa /shared/lab_7/phyl_pipeline/evol_anal/NO_PAT/testing_evol/major2_event_74/major2_event_74_nucl_reported.fasta --model TIM3+I
  > paup -s /shared/lab_7/phyl_pipeline/evol_anal/NO_PAT/testing_evol/major2_event_74/major2_event_74_nucl_reported.fasta
  > iqtree -s /shared/lab_7/phyl_pipeline/evol_anal/NO_PAT/testing_evol/major2_event_74/major2_event_74_nucl_reported.fasta -m TIM3+I
Done
