--------------------------------------------------------------------------------
ModelTest-NG v0.1.7

Input data:
  MSA:        /shared/lab_7/phyl_pipeline/evol_anal/NO_PAT/testing_evol/minor_event_109/minor_event_109_nucl_reported.fasta
  Tree:       Maximum likelihood
    file:           -
  #taxa:            9
  #sites:           453
  #patterns:        144
  Max. thread mem:  0 MB

Output:
  Log:           /shared/lab_7/phyl_pipeline/evol_anal/NO_PAT/testing_evol/minor_event_109/minor_event_109_nucl_reported.fasta.log
  Starting tree: /shared/lab_7/phyl_pipeline/evol_anal/NO_PAT/testing_evol/minor_event_109/minor_event_109_nucl_reported.fasta.tree
  Results:       /shared/lab_7/phyl_pipeline/evol_anal/NO_PAT/testing_evol/minor_event_109/minor_event_109_nucl_reported.fasta.out

Selection options:
  # dna schemes:      11
  # dna models:       88
  include model parameters:
    Uniform:         true
    p-inv (+I):      true
    gamma (+G):      true
    both (+I+G):     true
    free rates (+R): false
    fixed freqs:     true
    estimated freqs: true
    #categories:     4
  gamma rates mode:   mean
  asc bias:           none
  epsilon (opt):      0.01
  epsilon (par):      0.05
  keep branches:      false

Additional options:
  verbosity:        very low
  threads:          1/36
  RNG seed:         12345
  subtree repeats:  enabled
--------------------------------------------------------------------------------

BIC       model              K            lnL          score          delta    weight
--------------------------------------------------------------------------------
       1  HKY                4     -1848.7306      3813.6632         0.0000    0.4308
       2  HKY+G4             5     -1846.3598      3815.0375         1.3743    0.2167
       3  HKY+I              5     -1847.5382      3817.3943         3.7311    0.0667
       4  TrN                5     -1847.7504      3817.8187         4.1555    0.0539
       5  TPM3uf             5     -1847.9228      3818.1635         4.5004    0.0454
       6  TPM1uf             5     -1848.1315      3818.5809         4.9177    0.0368
       7  TPM2uf             5     -1848.6608      3819.6394         5.9762    0.0217
       8  TrN+G4             6     -1845.6094      3819.6526         5.9894    0.0216
       9  TPM1uf+G4          6     -1845.6543      3819.7424         6.0792    0.0206
      10  TPM3uf+G4          6     -1845.7973      3820.0283         6.3652    0.0179
--------------------------------------------------------------------------------
Best model according to BIC
---------------------------
Model:              HKY
lnL:                -1848.7306
Frequencies:        0.2906 0.1879 0.2056 0.3159
Subst. Rates:       1.0000 1.8147 1.0000 1.0000 1.8147 1.0000 
Inv. sites prop:    -
Gamma shape:        -
Score:              3813.6632
Weight:             0.4308
---------------------------
Parameter importances
---------------------------
P.Inv:              0.0897
Gamma:              0.2925
Gamma-Inv:          0.0128
Frequencies:        1.0000
---------------------------
Model averaged estimates
---------------------------
P.Inv:              0.0945
Alpha:              2.0204
Alpha-P.Inv:        2.6461
P.Inv-Alpha:        0.0215
Frequencies:        0.2901 0.1882 0.2050 0.3167 

Commands:
  > phyml  -i /shared/lab_7/phyl_pipeline/evol_anal/NO_PAT/testing_evol/minor_event_109/minor_event_109_nucl_reported.fasta -m 010010 -f m -v 0 -a 0 -c 1 -o tlr
  > raxmlHPC-SSE3 -s /shared/lab_7/phyl_pipeline/evol_anal/NO_PAT/testing_evol/minor_event_109/minor_event_109_nucl_reported.fasta -c 1 -m GTRCATX -n EXEC_NAME -p PARSIMONY_SEED
  > raxml-ng --msa /shared/lab_7/phyl_pipeline/evol_anal/NO_PAT/testing_evol/minor_event_109/minor_event_109_nucl_reported.fasta --model HKY
  > paup -s /shared/lab_7/phyl_pipeline/evol_anal/NO_PAT/testing_evol/minor_event_109/minor_event_109_nucl_reported.fasta
  > iqtree -s /shared/lab_7/phyl_pipeline/evol_anal/NO_PAT/testing_evol/minor_event_109/minor_event_109_nucl_reported.fasta -m HKY

AIC       model              K            lnL          score          delta    weight
--------------------------------------------------------------------------------
       1  HKY+G4             5     -1846.3598      3732.7197         0.0000    0.0984
       2  TrN+G4             6     -1845.6094      3733.2188         0.4992    0.0767
       3  TPM1uf+G4          6     -1845.6543      3733.3086         0.5890    0.0733
       4  TPM3uf+G4          6     -1845.7973      3733.5946         0.8749    0.0635
       5  TIM1+G4            7     -1844.8835      3733.7671         1.0474    0.0583
       6  TIM3+G4            7     -1845.0460      3734.0919         1.3723    0.0496
       7  TPM2uf+G4          6     -1846.3555      3734.7110         1.9914    0.0364
       8  HKY+I+G4           6     -1846.4231      3734.8461         2.1265    0.0340
       9  HKY+I              5     -1847.5382      3735.0764         2.3568    0.0303
      10  TIM2+G4            7     -1845.5684      3735.1369         2.4172    0.0294
--------------------------------------------------------------------------------
Best model according to AIC
---------------------------
Model:              HKY+G4
lnL:                -1846.3598
Frequencies:        0.2904 0.1884 0.2051 0.3161
Subst. Rates:       1.0000 2.0472 1.0000 1.0000 2.0472 1.0000 
Inv. sites prop:    -
Gamma shape:        2.0139
Score:              3732.7197
Weight:             0.0984
---------------------------
Parameter importances
---------------------------
P.Inv:              0.1573
Gamma:              0.5138
Gamma-Inv:          0.1736
Frequencies:        1.0000
---------------------------
Model averaged estimates
---------------------------
P.Inv:              0.0894
Alpha:              2.0604
Alpha-P.Inv:        2.6417
P.Inv-Alpha:        0.0215
Frequencies:        0.2887 0.1889 0.2033 0.3191 

Commands:
  > phyml  -i /shared/lab_7/phyl_pipeline/evol_anal/NO_PAT/testing_evol/minor_event_109/minor_event_109_nucl_reported.fasta -m 010010 -f m -v 0 -a e -c 4 -o tlr
  > raxmlHPC-SSE3 -s /shared/lab_7/phyl_pipeline/evol_anal/NO_PAT/testing_evol/minor_event_109/minor_event_109_nucl_reported.fasta -m GTRGAMMAX -n EXEC_NAME -p PARSIMONY_SEED
  > raxml-ng --msa /shared/lab_7/phyl_pipeline/evol_anal/NO_PAT/testing_evol/minor_event_109/minor_event_109_nucl_reported.fasta --model HKY+G4
  > paup -s /shared/lab_7/phyl_pipeline/evol_anal/NO_PAT/testing_evol/minor_event_109/minor_event_109_nucl_reported.fasta
  > iqtree -s /shared/lab_7/phyl_pipeline/evol_anal/NO_PAT/testing_evol/minor_event_109/minor_event_109_nucl_reported.fasta -m HKY+G4

AICc      model              K            lnL          score          delta    weight
--------------------------------------------------------------------------------
       1  HKY+G4             5     -1846.3598      3733.7197         0.0000    0.1418
       2  TrN+G4             6     -1845.6094      3735.2188         1.4992    0.0670
       3  TPM1uf+G4          6     -1845.6543      3735.3086         1.5890    0.0641
       4  TPM3uf+G4          6     -1845.7973      3735.5946         1.8749    0.0555
       5  TIM1+G4            7     -1844.8835      3735.7671         2.0474    0.0509
       6  HKY+I              5     -1847.5382      3736.0764         2.3568    0.0436
       7  TIM3+G4            7     -1845.0460      3736.0919         2.3723    0.0433
       8  HKY                4     -1848.7306      3736.4612         2.7415    0.0360
       9  TrN                5     -1847.7504      3736.5008         2.7812    0.0353
      10  TPM2uf+G4          6     -1846.3555      3736.7110         2.9914    0.0318
--------------------------------------------------------------------------------
Best model according to AICc
---------------------------
Model:              HKY+G4
lnL:                -1846.3598
Frequencies:        0.2904 0.1884 0.2051 0.3161
Subst. Rates:       1.0000 2.0472 1.0000 1.0000 2.0472 1.0000 
Inv. sites prop:    -
Gamma shape:        2.0139
Score:              3733.7197
Weight:             0.1418
---------------------------
Parameter importances
---------------------------
P.Inv:              0.1546
Gamma:              0.5047
Gamma-Inv:          0.1503
Frequencies:        1.0000
---------------------------
Model averaged estimates
---------------------------
P.Inv:              0.0901
Alpha:              2.0553
Alpha-P.Inv:        2.6396
P.Inv-Alpha:        0.0215
Frequencies:        0.2889 0.1889 0.2035 0.3188 

Commands:
  > phyml  -i /shared/lab_7/phyl_pipeline/evol_anal/NO_PAT/testing_evol/minor_event_109/minor_event_109_nucl_reported.fasta -m 010010 -f m -v 0 -a e -c 4 -o tlr
  > raxmlHPC-SSE3 -s /shared/lab_7/phyl_pipeline/evol_anal/NO_PAT/testing_evol/minor_event_109/minor_event_109_nucl_reported.fasta -m GTRGAMMAX -n EXEC_NAME -p PARSIMONY_SEED
  > raxml-ng --msa /shared/lab_7/phyl_pipeline/evol_anal/NO_PAT/testing_evol/minor_event_109/minor_event_109_nucl_reported.fasta --model HKY+G4
  > paup -s /shared/lab_7/phyl_pipeline/evol_anal/NO_PAT/testing_evol/minor_event_109/minor_event_109_nucl_reported.fasta
  > iqtree -s /shared/lab_7/phyl_pipeline/evol_anal/NO_PAT/testing_evol/minor_event_109/minor_event_109_nucl_reported.fasta -m HKY+G4
Done
