--------------------------------------------------------------------------------
ModelTest-NG v0.1.7

Input data:
  MSA:        /shared/lab_7/phyl_pipeline/evol_anal/NO_PAT/testing_evol/major2_event_49/major2_event_49_nucl_reported.fasta
  Tree:       Maximum likelihood
    file:           -
  #taxa:            9
  #sites:           690
  #patterns:        197
  Max. thread mem:  0 MB

Output:
  Log:           /shared/lab_7/phyl_pipeline/evol_anal/NO_PAT/testing_evol/major2_event_49/major2_event_49_nucl_reported.fasta.log
  Starting tree: /shared/lab_7/phyl_pipeline/evol_anal/NO_PAT/testing_evol/major2_event_49/major2_event_49_nucl_reported.fasta.tree
  Results:       /shared/lab_7/phyl_pipeline/evol_anal/NO_PAT/testing_evol/major2_event_49/major2_event_49_nucl_reported.fasta.out

Selection options:
  # dna schemes:      11
  # dna models:       88
  include model parameters:
    Uniform:         true
    p-inv (+I):      true
    gamma (+G):      true
    both (+I+G):     true
    free rates (+R): false
    fixed freqs:     true
    estimated freqs: true
    #categories:     4
  gamma rates mode:   mean
  asc bias:           none
  epsilon (opt):      0.01
  epsilon (par):      0.05
  keep branches:      false

Additional options:
  verbosity:        very low
  threads:          1/36
  RNG seed:         12345
  subtree repeats:  enabled
--------------------------------------------------------------------------------

BIC       model              K            lnL          score          delta    weight
--------------------------------------------------------------------------------
       1  TPM3uf+I           6     -2907.3641      5951.9988         0.0000    0.4186
       2  TPM3uf+G4          6     -2907.4392      5952.1489         0.1501    0.3883
       3  HKY+I              5     -2912.4841      5955.7019         3.7031    0.0657
       4  HKY+G4             5     -2912.8959      5956.5256         4.5268    0.0435
       5  TIM3+I             7     -2907.0324      5957.8721         5.8733    0.0222
       6  TPM3uf+I+G4        7     -2907.0847      5957.9765         5.9777    0.0211
       7  TIM3+G4            7     -2907.1920      5958.1912         6.1924    0.0189
       8  TrN+I              6     -2912.0865      5961.4434         9.4446    0.0037
       9  TPM2uf+I           6     -2912.3386      5961.9477         9.9489    0.0029
      10  HKY+I+G4           6     -2912.3737      5962.0180        10.0192    0.0028
--------------------------------------------------------------------------------
Best model according to BIC
---------------------------
Model:              TPM3uf+I
lnL:                -2907.3641
Frequencies:        0.3332 0.1736 0.1889 0.3043
Subst. Rates:       1.7971 3.3222 1.0000 1.7971 3.3222 1.0000 
Inv. sites prop:    0.2715
Gamma shape:        -
Score:              5951.9988
Weight:             0.4186
---------------------------
Parameter importances
---------------------------
P.Inv:              0.5170
Gamma:              0.4576
Gamma-Inv:          0.0253
Frequencies:        1.0000
---------------------------
Model averaged estimates
---------------------------
P.Inv:              0.2734
Alpha:              1.1000
Alpha-P.Inv:        7.4490
P.Inv-Alpha:        0.2478
Frequencies:        0.3328 0.1749 0.1892 0.3030 

Commands:
  > phyml  -i /shared/lab_7/phyl_pipeline/evol_anal/NO_PAT/testing_evol/major2_event_49/major2_event_49_nucl_reported.fasta -m 012012 -f m -v e -a 0 -c 1 -o tlr
  > raxmlHPC-SSE3 -s /shared/lab_7/phyl_pipeline/evol_anal/NO_PAT/testing_evol/major2_event_49/major2_event_49_nucl_reported.fasta -c 1 -m GTRCATIX -n EXEC_NAME -p PARSIMONY_SEED
  > raxml-ng --msa /shared/lab_7/phyl_pipeline/evol_anal/NO_PAT/testing_evol/major2_event_49/major2_event_49_nucl_reported.fasta --model TPM3uf+I
  > paup -s /shared/lab_7/phyl_pipeline/evol_anal/NO_PAT/testing_evol/major2_event_49/major2_event_49_nucl_reported.fasta
  > iqtree -s /shared/lab_7/phyl_pipeline/evol_anal/NO_PAT/testing_evol/major2_event_49/major2_event_49_nucl_reported.fasta -m TPM3uf+I

AIC       model              K            lnL          score          delta    weight
--------------------------------------------------------------------------------
       1  TPM3uf+I           6     -2907.3641      5856.7283         0.0000    0.2263
       2  TPM3uf+G4          6     -2907.4392      5856.8783         0.1501    0.2100
       3  TIM3+I             7     -2907.0324      5858.0649         1.3366    0.1160
       4  TPM3uf+I+G4        7     -2907.0847      5858.1693         1.4410    0.1101
       5  TIM3+G4            7     -2907.1920      5858.3840         1.6557    0.0989
       6  TIM3+I+G4          8     -2906.8380      5859.6759         2.9476    0.0518
       7  TVM+I              8     -2906.9810      5859.9620         3.2337    0.0449
       8  TVM+G4             8     -2906.9996      5859.9993         3.2710    0.0441
       9  GTR+I              9     -2906.6260      5861.2520         4.5238    0.0236
      10  TVM+I+G4           9     -2906.7003      5861.4006         4.6724    0.0219
--------------------------------------------------------------------------------
Best model according to AIC
---------------------------
Model:              TPM3uf+I
lnL:                -2907.3641
Frequencies:        0.3332 0.1736 0.1889 0.3043
Subst. Rates:       1.7971 3.3222 1.0000 1.7971 3.3222 1.0000 
Inv. sites prop:    0.2715
Gamma shape:        -
Score:              5856.7283
Weight:             0.2263
---------------------------
Parameter importances
---------------------------
P.Inv:              0.4212
Gamma:              0.3803
Gamma-Inv:          0.1985
Frequencies:        1.0000
---------------------------
Model averaged estimates
---------------------------
P.Inv:              0.2718
Alpha:              1.1000
Alpha-P.Inv:        8.1420
P.Inv-Alpha:        0.2500
Frequencies:        0.3321 0.1745 0.1882 0.3052 

Commands:
  > phyml  -i /shared/lab_7/phyl_pipeline/evol_anal/NO_PAT/testing_evol/major2_event_49/major2_event_49_nucl_reported.fasta -m 012012 -f m -v e -a 0 -c 1 -o tlr
  > raxmlHPC-SSE3 -s /shared/lab_7/phyl_pipeline/evol_anal/NO_PAT/testing_evol/major2_event_49/major2_event_49_nucl_reported.fasta -c 1 -m GTRCATIX -n EXEC_NAME -p PARSIMONY_SEED
  > raxml-ng --msa /shared/lab_7/phyl_pipeline/evol_anal/NO_PAT/testing_evol/major2_event_49/major2_event_49_nucl_reported.fasta --model TPM3uf+I
  > paup -s /shared/lab_7/phyl_pipeline/evol_anal/NO_PAT/testing_evol/major2_event_49/major2_event_49_nucl_reported.fasta
  > iqtree -s /shared/lab_7/phyl_pipeline/evol_anal/NO_PAT/testing_evol/major2_event_49/major2_event_49_nucl_reported.fasta -m TPM3uf+I

AICc      model              K            lnL          score          delta    weight
--------------------------------------------------------------------------------
       1  TPM3uf+I           6     -2907.3641      5857.7283         0.0000    0.2263
       2  TPM3uf+G4          6     -2907.4392      5857.8783         0.1501    0.2100
       3  TIM3+I             7     -2907.0324      5859.0649         1.3366    0.1160
       4  TPM3uf+I+G4        7     -2907.0847      5859.1693         1.4410    0.1101
       5  TIM3+G4            7     -2907.1920      5859.3840         1.6557    0.0989
       6  TIM3+I+G4          8     -2906.8380      5860.6759         2.9476    0.0518
       7  TVM+I              8     -2906.9810      5860.9620         3.2337    0.0449
       8  TVM+G4             8     -2906.9996      5860.9993         3.2710    0.0441
       9  GTR+I              9     -2906.6260      5862.2520         4.5238    0.0236
      10  TVM+I+G4           9     -2906.7003      5862.4006         4.6724    0.0219
--------------------------------------------------------------------------------
Best model according to AICc
---------------------------
Model:              TPM3uf+I
lnL:                -2907.3641
Frequencies:        0.3332 0.1736 0.1889 0.3043
Subst. Rates:       1.7971 3.3222 1.0000 1.7971 3.3222 1.0000 
Inv. sites prop:    0.2715
Gamma shape:        -
Score:              5857.7283
Weight:             0.2263
---------------------------
Parameter importances
---------------------------
P.Inv:              0.4212
Gamma:              0.3803
Gamma-Inv:          0.1985
Frequencies:        1.0000
---------------------------
Model averaged estimates
---------------------------
P.Inv:              0.2718
Alpha:              1.1000
Alpha-P.Inv:        8.1420
P.Inv-Alpha:        0.2500
Frequencies:        0.3321 0.1745 0.1882 0.3052 

Commands:
  > phyml  -i /shared/lab_7/phyl_pipeline/evol_anal/NO_PAT/testing_evol/major2_event_49/major2_event_49_nucl_reported.fasta -m 012012 -f m -v e -a 0 -c 1 -o tlr
  > raxmlHPC-SSE3 -s /shared/lab_7/phyl_pipeline/evol_anal/NO_PAT/testing_evol/major2_event_49/major2_event_49_nucl_reported.fasta -c 1 -m GTRCATIX -n EXEC_NAME -p PARSIMONY_SEED
  > raxml-ng --msa /shared/lab_7/phyl_pipeline/evol_anal/NO_PAT/testing_evol/major2_event_49/major2_event_49_nucl_reported.fasta --model TPM3uf+I
  > paup -s /shared/lab_7/phyl_pipeline/evol_anal/NO_PAT/testing_evol/major2_event_49/major2_event_49_nucl_reported.fasta
  > iqtree -s /shared/lab_7/phyl_pipeline/evol_anal/NO_PAT/testing_evol/major2_event_49/major2_event_49_nucl_reported.fasta -m TPM3uf+I
Done
