Using: /root/.etetoolkit/ext_apps-latest/bin/Slr
Using: /root/.etetoolkit/ext_apps-latest/bin/codeml

Running CodeML/Slr (20 CPUs)
  - processing model M0 (M0~5b433e6257721886a2b28e56b8b5d118)
  - processing model b_free (b_free~ec861d2fd72ac1167a72e68043c2b364)
       marking branches 5, 12, 2, 3, 11

          ((BT_Cry1Bb1,NOV_Cry1Ie5_79.3_PQQ47595.1),((NOV_Cry1Da3_99.9_OTZ53868.1 #1,(BT_Cry1Da1 #1,BT_Cry1Db1 #1) #1) #1,NOV_Cry1Da1_83.2_AIW52615.1),NOV_Cry1Ha1_85.7_AIW52616.1);

  - processing model b_neut (b_neut~2a4be2c2becc6097223625518f02f56f)
       marking branches 5, 12, 2, 3, 11

          ((BT_Cry1Bb1,NOV_Cry1Ie5_79.3_PQQ47595.1),((NOV_Cry1Da3_99.9_OTZ53868.1 #1,(BT_Cry1Da1 #1,BT_Cry1Db1 #1) #1) #1,NOV_Cry1Da1_83.2_AIW52615.1),NOV_Cry1Ha1_85.7_AIW52616.1);


LRT

                                         Null model |                             Alternative model | p-value
   =================================================|===============================================|============
                M0~5b433e6257721886a2b28e56b8b5d118 | b_free.5_12_~a9a63718fd481a6fbc9b1480ebb5b971 | 0.576354
      b_neut.5_12_~7e884d9e8feaaea66399d8256bd82911 | b_free.5_12_~a9a63718fd481a6fbc9b1480ebb5b971 | 0.000147**

SUMMARY BY MODEL

 - Model M0
   * Average omega for all tree: 0.310

 - Model b_free.5_12_2_3_11-1_1_1_1_1
   * Marked branches
      ((BT_Cry1Bb1,NOV_Cry1Ie5_79.3_PQQ47595.1),((NOV_Cry1Da3_99.9_OTZ53868.1 #1,(BT_Cry1Da1 #1,BT_Cry1Db1 #1) #1) #1,NOV_Cry1Da1_83.2_AIW52615.1),NOV_Cry1Ha1_85.7_AIW52616.1);

        Branches  =>   omega
      background  =>   0.325
              #1  =>   0.262

 - Model b_neut.5_12_2_3_11-1_1_1_1_1
   * Marked branches
      ((BT_Cry1Bb1,NOV_Cry1Ie5_79.3_PQQ47595.1),((NOV_Cry1Da3_99.9_OTZ53868.1 #1,(BT_Cry1Da1 #1,BT_Cry1Db1 #1) #1) #1,NOV_Cry1Da1_83.2_AIW52615.1),NOV_Cry1Ha1_85.7_AIW52616.1);

        Branches  =>   omega
      background  =>   0.295
              #1  =>   1.000
