Using: /root/.etetoolkit/ext_apps-latest/bin/Slr
Using: /root/.etetoolkit/ext_apps-latest/bin/codeml

Running CodeML/Slr (20 CPUs)
  - processing model M0 (M0~5b433e6257721886a2b28e56b8b5d118)
  - processing model M1 (M1~645709260bc97d563692750575e5bba2)
  - processing model M2 (M2~5386d00c5d96291f377197b58afec9a2)
  - processing model M3 (M3~58628cac0fe42323de9fbcf434a9f74c)
  - processing model M7 (M7~0fccbd085bfd7ef7f41961e9b675170f)
  - processing model M8 (M8~501160484b67bff67d285d66fa6f8ac3)

LRT

                                         Null model |                             Alternative model | p-value
   =================================================|===============================================|============
                M0~5b433e6257721886a2b28e56b8b5d118 |           M1~645709260bc97d563692750575e5bba2 | 0.000000**
                M0~5b433e6257721886a2b28e56b8b5d118 |           M2~5386d00c5d96291f377197b58afec9a2 | 0.000000**
                M0~5b433e6257721886a2b28e56b8b5d118 |           M3~58628cac0fe42323de9fbcf434a9f74c | 0.000000**
                M0~5b433e6257721886a2b28e56b8b5d118 |           M7~0fccbd085bfd7ef7f41961e9b675170f | 0.000000**
                M0~5b433e6257721886a2b28e56b8b5d118 |           M8~501160484b67bff67d285d66fa6f8ac3 | 0.000000**
                M1~645709260bc97d563692750575e5bba2 |           M2~5386d00c5d96291f377197b58afec9a2 | 1.000000
                M1~645709260bc97d563692750575e5bba2 |           M3~58628cac0fe42323de9fbcf434a9f74c | 0.000527**
                M1~645709260bc97d563692750575e5bba2 |           M8~501160484b67bff67d285d66fa6f8ac3 | 0.001217**
                M2~5386d00c5d96291f377197b58afec9a2 |           M3~58628cac0fe42323de9fbcf434a9f74c | 0.000027**
                M7~0fccbd085bfd7ef7f41961e9b675170f |           M2~5386d00c5d96291f377197b58afec9a2 | 1.000000
                M7~0fccbd085bfd7ef7f41961e9b675170f |           M3~58628cac0fe42323de9fbcf434a9f74c | 0.012197*
                M7~0fccbd085bfd7ef7f41961e9b675170f |           M8~501160484b67bff67d285d66fa6f8ac3 | 0.034786*
                M8~501160484b67bff67d285d66fa6f8ac3 |           M3~58628cac0fe42323de9fbcf434a9f74c | 0.040486*

SUMMARY BY MODEL

 - Model M0
   * Average omega for all tree: 0.310

 - Model M1
   * Average omega for all tree: 0.490
   * Sites significantly caracterized
      codon position |   category
     -----------------------------------------------------------
            1-   3   |   Relaxed (probability > 0.99)
            4-   5   |   Relaxed (probability > 0.95)
                 6   |   Relaxed (probability > 0.99)
                 8   |   Relaxed (probability > 0.99)
            9-  10   |   Relaxed (probability > 0.95)
           13-  14   |   Relaxed (probability > 0.99)
                15   |   Relaxed (probability > 0.95)
                16   |   Relaxed (probability > 0.99)
           17-  19   |   Relaxed (probability > 0.95)
                22   |   Relaxed (probability > 0.95)
                23   |   Relaxed (probability > 0.99)
                24   |   Relaxed (probability > 0.95)
           25-  26   |   Relaxed (probability > 0.99)
           27-  28   |   Relaxed (probability > 0.95)
           29-  30   |   Relaxed (probability > 0.99)
                31   |   Relaxed (probability > 0.95)
                33   |   Relaxed (probability > 0.95)
                36   |   Relaxed (probability > 0.99)
                37   |   Relaxed (probability > 0.95)
                42   |   Relaxed (probability > 0.99)
                44   |   Relaxed (probability > 0.95)
                45   |   Relaxed (probability > 0.99)
                52   |   Relaxed (probability > 0.99)
                56   |   Relaxed (probability > 0.95)
                58   |   Relaxed (probability > 0.99)
           63-  64   |   Relaxed (probability > 0.95)
                65   |   Relaxed (probability > 0.99)
           66-  67   |   Relaxed (probability > 0.95)
                68   |   Relaxed (probability > 0.99)
                69   |   Relaxed (probability > 0.95)
                70   |   Relaxed (probability > 0.99)
                72   |   Relaxed (probability > 0.99)
                74   |   Relaxed (probability > 0.99)
                75   |   Relaxed (probability > 0.95)
           76-  77   |   Relaxed (probability > 0.99)
           79-  80   |   Relaxed (probability > 0.99)
                82   |   Relaxed (probability > 0.99)
           83-  84   |   Relaxed (probability > 0.95)
                85   |   Relaxed (probability > 0.99)
           90-  91   |   Relaxed (probability > 0.99)
                93   |   Relaxed (probability > 0.99)
                94   |   Relaxed (probability > 0.95)
                96   |   Relaxed (probability > 0.99)
                97   |   Relaxed (probability > 0.95)
               102   |   Relaxed (probability > 0.99)
          103- 105   |   Relaxed (probability > 0.95)
          108- 109   |   Relaxed (probability > 0.99)
               110   |   Relaxed (probability > 0.95)
               113   |   Relaxed (probability > 0.99)
          117- 118   |   Relaxed (probability > 0.95)
               122   |   Relaxed (probability > 0.95)
               123   |   Relaxed (probability > 0.99)
          125- 126   |   Relaxed (probability > 0.99)
               131   |   Relaxed (probability > 0.95)
          133- 135   |   Relaxed (probability > 0.99)
               136   |   Relaxed (probability > 0.95)
               138   |   Relaxed (probability > 0.95)
               139   |   Relaxed (probability > 0.99)

 - Model M2
   * Average omega for all tree: 0.490
   * Sites significantly caracterized
      codon position |   category
     -----------------------------------------------------------
            1-   3   |   Conserved (probability > 0.99)
            4-   5   |   Conserved (probability > 0.95)
                 6   |   Conserved (probability > 0.99)
                 8   |   Conserved (probability > 0.99)
            9-  10   |   Conserved (probability > 0.95)
                13   |   Conserved (probability > 0.99)
                15   |   Conserved (probability > 0.95)
                16   |   Conserved (probability > 0.99)
                19   |   Conserved (probability > 0.95)
                22   |   Conserved (probability > 0.95)
                23   |   Conserved (probability > 0.99)
                24   |   Conserved (probability > 0.95)
           25-  26   |   Conserved (probability > 0.99)
           27-  28   |   Conserved (probability > 0.95)
           29-  30   |   Conserved (probability > 0.99)
                31   |   Conserved (probability > 0.95)
                33   |   Conserved (probability > 0.95)
                37   |   Conserved (probability > 0.95)
                44   |   Conserved (probability > 0.95)
                56   |   Conserved (probability > 0.95)
                58   |   Conserved (probability > 0.99)
                63   |   Conserved (probability > 0.99)
                64   |   Conserved (probability > 0.95)
                65   |   Conserved (probability > 0.99)
                66   |   Conserved (probability > 0.95)
                69   |   Conserved (probability > 0.95)
           90-  91   |   Conserved (probability > 0.99)
                94   |   Conserved (probability > 0.95)
                97   |   Conserved (probability > 0.95)
               102   |   Conserved (probability > 0.99)
               109   |   Conserved (probability > 0.99)
               110   |   Conserved (probability > 0.95)
               113   |   Conserved (probability > 0.99)
               117   |   Conserved (probability > 0.95)
               122   |   Conserved (probability > 0.95)
          133- 135   |   Conserved (probability > 0.99)
               136   |   Conserved (probability > 0.95)
               138   |   Conserved (probability > 0.95)
               139   |   Conserved (probability > 0.99)

 - Model M3
   * Average omega for all tree: 0.539
   * Sites significantly caracterized
      codon position |   category
     -----------------------------------------------------------
                 7   |   Relaxed (probability > 0.95)
                11   |   Relaxed (probability > 0.95)
                12   |   Relaxed (probability > 0.99)
                14   |   Relaxed (probability > 0.95)
           20-  21   |   Relaxed (probability > 0.95)
                32   |   Relaxed (probability > 0.95)
                34   |   Relaxed (probability > 0.99)
           35-  36   |   Relaxed (probability > 0.95)
                43   |   Relaxed (probability > 0.95)
                46   |   Relaxed (probability > 0.99)
                48   |   Relaxed (probability > 0.95)
                50   |   Relaxed (probability > 0.99)
                51   |   Relaxed (probability > 0.95)
           54-  55   |   Relaxed (probability > 0.95)
                57   |   Relaxed (probability > 0.99)
                60   |   Relaxed (probability > 0.99)
                69   |   Relaxed (probability > 0.99)
                72   |   Relaxed (probability > 0.95)
                74   |   Relaxed (probability > 0.95)
                78   |   Relaxed (probability > 0.99)
           79-  81   |   Relaxed (probability > 0.95)
                84   |   Relaxed (probability > 0.95)
           87-  88   |   Relaxed (probability > 0.99)
                89   |   Relaxed (probability > 0.95)
                95   |   Relaxed (probability > 0.99)
                98   |   Relaxed (probability > 0.99)
           99- 100   |   Relaxed (probability > 0.95)
          103- 104   |   Relaxed (probability > 0.95)
               106   |   Relaxed (probability > 0.99)
               107   |   Relaxed (probability > 0.95)
               111   |   Relaxed (probability > 0.95)
          114- 115   |   Relaxed (probability > 0.95)
               118   |   Relaxed (probability > 0.95)
          119- 120   |   Relaxed (probability > 0.99)
               123   |   Relaxed (probability > 0.95)
               125   |   Relaxed (probability > 0.95)
               132   |   Relaxed (probability > 0.95)
               140   |   Relaxed (probability > 0.99)

 - Model M7
   * Average omega for all tree: 0.394

 - Model M8
   * Average omega for all tree: 0.558
