Using: /root/.etetoolkit/ext_apps-latest/bin/Slr
Using: /root/.etetoolkit/ext_apps-latest/bin/codeml

Running CodeML/Slr (20 CPUs)
  - processing model M0 (M0~7fd60e7bbede32a9930e47036fdce136)
  - processing model bsA (bsA~c0cb503de74ba5d26c6406d1578b873c)
       marking branches 1

          ((BT_Cry14Aa1,(NOV_Cry14Aa1_41.1_PGW46198.1,(BT_Cry13Aa1 #1,(NOV_Cry13Aa1_50.1_ANS46780.1,(NOV_Cry14Ab1_42.4_PGW46196.1,NOV_Cry14Aa1_44.0_PGW42274.1))))),BT_Cry14Ab1,NOV_Cry14Ab1_85.6_AXE15628.1);

  - processing model bsA1 (bsA1~dac140f7b9199d8bcdda650a319ad492)
       marking branches 1

          ((BT_Cry14Aa1,(NOV_Cry14Aa1_41.1_PGW46198.1,(BT_Cry13Aa1 #1,(NOV_Cry13Aa1_50.1_ANS46780.1,(NOV_Cry14Ab1_42.4_PGW46196.1,NOV_Cry14Aa1_44.0_PGW42274.1))))),BT_Cry14Ab1,NOV_Cry14Ab1_85.6_AXE15628.1);

  - processing model bsB (bsB~9700d2b96719e3c88e8a941e3d533e59)
       marking branches 1

          ((BT_Cry14Aa1,(NOV_Cry14Aa1_41.1_PGW46198.1,(BT_Cry13Aa1 #1,(NOV_Cry13Aa1_50.1_ANS46780.1,(NOV_Cry14Ab1_42.4_PGW46196.1,NOV_Cry14Aa1_44.0_PGW42274.1))))),BT_Cry14Ab1,NOV_Cry14Ab1_85.6_AXE15628.1);


LRT

                                         Null model |                             Alternative model | p-value
   =================================================|===============================================|============
                M0~7fd60e7bbede32a9930e47036fdce136 |      bsA.1-1~1edf8d8b4a790eded1d5970fda34c044 | 0.000000**
                M0~7fd60e7bbede32a9930e47036fdce136 |     bsA1.1-1~e5042304cd13072932f1861ceba0974e | 0.000000**
                M0~7fd60e7bbede32a9930e47036fdce136 |      bsB.1-1~a3f9536721a00afbbab544732636c37d | 0.000000**
           bsA.1-1~1edf8d8b4a790eded1d5970fda34c044 |      bsB.1-1~a3f9536721a00afbbab544732636c37d | 0.001916**
          bsA1.1-1~e5042304cd13072932f1861ceba0974e |      bsA.1-1~1edf8d8b4a790eded1d5970fda34c044 | 0.015019*
          bsA1.1-1~e5042304cd13072932f1861ceba0974e |      bsB.1-1~a3f9536721a00afbbab544732636c37d | 0.000422**

SUMMARY BY MODEL

 - Model M0
   * Average omega for all tree: 0.231

 - Model bsA.1-1
   * Marked branches
      ((BT_Cry14Aa1,(NOV_Cry14Aa1_41.1_PGW46198.1,(BT_Cry13Aa1 #1,(NOV_Cry13Aa1_50.1_ANS46780.1,(NOV_Cry14Ab1_42.4_PGW46196.1,NOV_Cry14Aa1_44.0_PGW42274.1))))),BT_Cry14Ab1,NOV_Cry14Ab1_85.6_AXE15628.1);
   * Sites significantly caracterized
      codon position |   category
     -----------------------------------------------------------
                 3   |   Conserved (probability > 0.95)
                 5   |   Conserved (probability > 0.95)
                 9   |   Conserved (probability > 0.99)
                16   |   Conserved (probability > 0.95)
                32   |   Conserved (probability > 0.95)
           35-  36   |   Conserved (probability > 0.95)
                38   |   Conserved (probability > 0.95)
                40   |   Conserved (probability > 0.95)
                43   |   Conserved (probability > 0.95)
           47-  48   |   Conserved (probability > 0.95)
                50   |   Conserved (probability > 0.95)
                51   |   Positively-selected (probability > 0.95)
                59   |   Conserved (probability > 0.95)
           75-  76   |   Conserved (probability > 0.95)
                95   |   Conserved (probability > 0.95)
                97   |   Conserved (probability > 0.95)
               100   |   Conserved (probability > 0.95)
               111   |   Conserved (probability > 0.95)
               124   |   Positively-selected (probability > 0.95)
               126   |   Conserved (probability > 0.95)
               129   |   Conserved (probability > 0.95)
          134- 136   |   Conserved (probability > 0.95)
               139   |   Conserved (probability > 0.95)
          145- 146   |   Conserved (probability > 0.95)
               148   |   Conserved (probability > 0.95)
               150   |   Conserved (probability > 0.95)
          156- 157   |   Conserved (probability > 0.95)
               169   |   Conserved (probability > 0.95)
               174   |   Conserved (probability > 0.95)
               178   |   Conserved (probability > 0.95)
               181   |   Conserved (probability > 0.99)
               185   |   Conserved (probability > 0.95)
          188- 189   |   Conserved (probability > 0.95)
               196   |   Conserved (probability > 0.95)
               203   |   Conserved (probability > 0.99)
          204- 205   |   Conserved (probability > 0.95)
               209   |   Conserved (probability > 0.95)
               213   |   Conserved (probability > 0.95)
          215- 216   |   Conserved (probability > 0.95)
               218   |   Conserved (probability > 0.95)
               220   |   Conserved (probability > 0.95)
               222   |   Conserved (probability > 0.99)
               225   |   Conserved (probability > 0.95)
          227- 228   |   Conserved (probability > 0.95)
          230- 231   |   Conserved (probability > 0.95)

 - Model bsA1.1-1
   * Marked branches
      ((BT_Cry14Aa1,(NOV_Cry14Aa1_41.1_PGW46198.1,(BT_Cry13Aa1 #1,(NOV_Cry13Aa1_50.1_ANS46780.1,(NOV_Cry14Ab1_42.4_PGW46196.1,NOV_Cry14Aa1_44.0_PGW42274.1))))),BT_Cry14Ab1,NOV_Cry14Ab1_85.6_AXE15628.1);
   * Sites significantly caracterized
      codon position |   category
     -----------------------------------------------------------
                 9   |   Relaxed (probability > 0.95)
                16   |   Relaxed (probability > 0.95)
                36   |   Relaxed (probability > 0.95)
                38   |   Relaxed (probability > 0.95)
           75-  76   |   Relaxed (probability > 0.95)
                97   |   Relaxed (probability > 0.95)
               111   |   Relaxed (probability > 0.95)
               129   |   Relaxed (probability > 0.95)
               135   |   Relaxed (probability > 0.95)
               157   |   Relaxed (probability > 0.95)
               181   |   Relaxed (probability > 0.95)
               196   |   Relaxed (probability > 0.95)
               203   |   Relaxed (probability > 0.95)
               216   |   Relaxed (probability > 0.95)
               222   |   Relaxed (probability > 0.95)
               228   |   Relaxed (probability > 0.95)
               231   |   Relaxed (probability > 0.95)

 - Model bsB.1-1
   * Marked branches
      ((BT_Cry14Aa1,(NOV_Cry14Aa1_41.1_PGW46198.1,(BT_Cry13Aa1 #1,(NOV_Cry13Aa1_50.1_ANS46780.1,(NOV_Cry14Ab1_42.4_PGW46196.1,NOV_Cry14Aa1_44.0_PGW42274.1))))),BT_Cry14Ab1,NOV_Cry14Ab1_85.6_AXE15628.1);
   * Sites significantly caracterized
      codon position |   category
     -----------------------------------------------------------
                 5   |   Conserved (probability > 0.95)
                 9   |   Conserved (probability > 0.95)
                16   |   Conserved (probability > 0.95)
           35-  36   |   Conserved (probability > 0.95)
                38   |   Conserved (probability > 0.95)
                40   |   Conserved (probability > 0.95)
                43   |   Conserved (probability > 0.95)
                47   |   Conserved (probability > 0.95)
                51   |   Positively-selected (probability > 0.95)
                59   |   Conserved (probability > 0.95)
           75-  76   |   Conserved (probability > 0.95)
                95   |   Conserved (probability > 0.95)
                97   |   Conserved (probability > 0.95)
               100   |   Conserved (probability > 0.95)
               111   |   Conserved (probability > 0.95)
               124   |   Positively-selected (probability > 0.95)
               129   |   Conserved (probability > 0.95)
          134- 136   |   Conserved (probability > 0.95)
               146   |   Conserved (probability > 0.95)
               148   |   Conserved (probability > 0.95)
          156- 157   |   Conserved (probability > 0.95)
               169   |   Conserved (probability > 0.95)
               174   |   Conserved (probability > 0.95)
               178   |   Conserved (probability > 0.95)
               181   |   Conserved (probability > 0.99)
               185   |   Conserved (probability > 0.95)
               189   |   Conserved (probability > 0.95)
               196   |   Conserved (probability > 0.95)
               203   |   Conserved (probability > 0.95)
               209   |   Conserved (probability > 0.95)
          215- 216   |   Conserved (probability > 0.95)
               218   |   Conserved (probability > 0.95)
               222   |   Conserved (probability > 0.95)
               225   |   Conserved (probability > 0.95)
          227- 228   |   Conserved (probability > 0.95)
               231   |   Conserved (probability > 0.95)
