Using: /root/.etetoolkit/ext_apps-latest/bin/Slr
Using: /root/.etetoolkit/ext_apps-latest/bin/codeml

Running CodeML/Slr (20 CPUs)
  - processing model M0 (M0~edeb5ac31dc8fee5ef14e2036e15e9bf)
  - processing model bsA (bsA~6db54fb3a42e8f4ec66cc4c8aa236870)
       marking branches 45, 4, 24, 6, 44

          ((BT_Cry2Ac4,(BT_Cry2Ac5,((BT_Cry2Ba2,NOV_Cry2Ak1_76.8_AX513524.1),(NOV_Cry2Ah2_92.7_AX098631.1,(BT_Cry2Ak1,(((((((NOV_Cry2Aa1_99.2_AJA30268.1 #1,BT_Cry2Aa5 #1) #1,BT_Cry2Aa13 #1) #1,BT_Cry2Ai1),((BT_Cry18Aa1,(BT_Cry18Ca1,BT_Cry18Ba1)),NOV_Cry2Aa1_97.8_ALV82138.1)),BT_Cry2Al1),BT_Cry2Aa3),(BT_Cry2Ah3,((BT_Cry2Ad5,BT_Cry2Ad4),(NOV_Cry2Ab16_96.7_AIW52614.1,(BT_Cry2Af1,((BT_Cry2Ag1,(NOV_Cry2Ab4_93.2_AIT70915.1,BT_Cry2Ab15)),((NOV_Cry2Ab16_98.9_AKO73582.1,BT_Cry2Ab6),(BT_Cry2Ab12,BT_Cry2Ab26))))))))))))),BT_Cry2Ac10,(NOV_Cry2Ac6_99.4_AUN50234.1,NOV_Cry2Ac6_99.8_AAQ52385.1));

  - processing model bsA1 (bsA1~5fe04b4650eb715119ef087c6a69c7db)
       marking branches 45, 4, 24, 6, 44

          ((BT_Cry2Ac4,(BT_Cry2Ac5,((BT_Cry2Ba2,NOV_Cry2Ak1_76.8_AX513524.1),(NOV_Cry2Ah2_92.7_AX098631.1,(BT_Cry2Ak1,(((((((NOV_Cry2Aa1_99.2_AJA30268.1 #1,BT_Cry2Aa5 #1) #1,BT_Cry2Aa13 #1) #1,BT_Cry2Ai1),((BT_Cry18Aa1,(BT_Cry18Ca1,BT_Cry18Ba1)),NOV_Cry2Aa1_97.8_ALV82138.1)),BT_Cry2Al1),BT_Cry2Aa3),(BT_Cry2Ah3,((BT_Cry2Ad5,BT_Cry2Ad4),(NOV_Cry2Ab16_96.7_AIW52614.1,(BT_Cry2Af1,((BT_Cry2Ag1,(NOV_Cry2Ab4_93.2_AIT70915.1,BT_Cry2Ab15)),((NOV_Cry2Ab16_98.9_AKO73582.1,BT_Cry2Ab6),(BT_Cry2Ab12,BT_Cry2Ab26))))))))))))),BT_Cry2Ac10,(NOV_Cry2Ac6_99.4_AUN50234.1,NOV_Cry2Ac6_99.8_AAQ52385.1));

  - processing model bsB (bsB~8ba15ac0738712e995d96859311e6e18)
       marking branches 45, 4, 24, 6, 44

          ((BT_Cry2Ac4,(BT_Cry2Ac5,((BT_Cry2Ba2,NOV_Cry2Ak1_76.8_AX513524.1),(NOV_Cry2Ah2_92.7_AX098631.1,(BT_Cry2Ak1,(((((((NOV_Cry2Aa1_99.2_AJA30268.1 #1,BT_Cry2Aa5 #1) #1,BT_Cry2Aa13 #1) #1,BT_Cry2Ai1),((BT_Cry18Aa1,(BT_Cry18Ca1,BT_Cry18Ba1)),NOV_Cry2Aa1_97.8_ALV82138.1)),BT_Cry2Al1),BT_Cry2Aa3),(BT_Cry2Ah3,((BT_Cry2Ad5,BT_Cry2Ad4),(NOV_Cry2Ab16_96.7_AIW52614.1,(BT_Cry2Af1,((BT_Cry2Ag1,(NOV_Cry2Ab4_93.2_AIT70915.1,BT_Cry2Ab15)),((NOV_Cry2Ab16_98.9_AKO73582.1,BT_Cry2Ab6),(BT_Cry2Ab12,BT_Cry2Ab26))))))))))))),BT_Cry2Ac10,(NOV_Cry2Ac6_99.4_AUN50234.1,NOV_Cry2Ac6_99.8_AAQ52385.1));


LRT

                                         Null model |                             Alternative model | p-value
   =================================================|===============================================|============
                M0~edeb5ac31dc8fee5ef14e2036e15e9bf | bsA.45_4_24_~22e770430636ebb14786706592fbbf4d | 0.000000**
                M0~edeb5ac31dc8fee5ef14e2036e15e9bf | bsA1.45_4_24~a177a932d90ccc2a7114e9adad68e654 | 0.000000**
                M0~edeb5ac31dc8fee5ef14e2036e15e9bf | bsB.45_4_24_~04e755976d4179e41878ffd3791064a8 | 0.000000**
      bsA.45_4_24_~22e770430636ebb14786706592fbbf4d | bsB.45_4_24_~04e755976d4179e41878ffd3791064a8 | 0.000000**
      bsA1.45_4_24~a177a932d90ccc2a7114e9adad68e654 | bsA.45_4_24_~22e770430636ebb14786706592fbbf4d | 1.000000
      bsA1.45_4_24~a177a932d90ccc2a7114e9adad68e654 | bsB.45_4_24_~04e755976d4179e41878ffd3791064a8 | 0.000000**

SUMMARY BY MODEL

 - Model M0
   * Average omega for all tree: 0.175

 - Model bsA.45_4_24_6_44-1_1_1_1_1
   * Marked branches
      ((BT_Cry2Ac4,(BT_Cry2Ac5,((BT_Cry2Ba2,NOV_Cry2Ak1_76.8_AX513524.1),(NOV_Cry2Ah2_92.7_AX098631.1,(BT_Cry2Ak1,(((((((NOV_Cry2Aa1_99.2_AJA30268.1 #1,BT_Cry2Aa5 #1) #1,BT_Cry2Aa13 #1) #1,BT_Cry2Ai1),((BT_Cry18Aa1,(BT_Cry18Ca1,BT_Cry18Ba1)),NOV_Cry2Aa1_97.8_ALV82138.1)),BT_Cry2Al1),BT_Cry2Aa3),(BT_Cry2Ah3,((BT_Cry2Ad5,BT_Cry2Ad4),(NOV_Cry2Ab16_96.7_AIW52614.1,(BT_Cry2Af1,((BT_Cry2Ag1,(NOV_Cry2Ab4_93.2_AIT70915.1,BT_Cry2Ab15)),((NOV_Cry2Ab16_98.9_AKO73582.1,BT_Cry2Ab6),(BT_Cry2Ab12,BT_Cry2Ab26))))))))))))),BT_Cry2Ac10,(NOV_Cry2Ac6_99.4_AUN50234.1,NOV_Cry2Ac6_99.8_AAQ52385.1));

 - Model bsA1.45_4_24_6_44-1_1_1_1_1
   * Marked branches
      ((BT_Cry2Ac4,(BT_Cry2Ac5,((BT_Cry2Ba2,NOV_Cry2Ak1_76.8_AX513524.1),(NOV_Cry2Ah2_92.7_AX098631.1,(BT_Cry2Ak1,(((((((NOV_Cry2Aa1_99.2_AJA30268.1 #1,BT_Cry2Aa5 #1) #1,BT_Cry2Aa13 #1) #1,BT_Cry2Ai1),((BT_Cry18Aa1,(BT_Cry18Ca1,BT_Cry18Ba1)),NOV_Cry2Aa1_97.8_ALV82138.1)),BT_Cry2Al1),BT_Cry2Aa3),(BT_Cry2Ah3,((BT_Cry2Ad5,BT_Cry2Ad4),(NOV_Cry2Ab16_96.7_AIW52614.1,(BT_Cry2Af1,((BT_Cry2Ag1,(NOV_Cry2Ab4_93.2_AIT70915.1,BT_Cry2Ab15)),((NOV_Cry2Ab16_98.9_AKO73582.1,BT_Cry2Ab6),(BT_Cry2Ab12,BT_Cry2Ab26))))))))))))),BT_Cry2Ac10,(NOV_Cry2Ac6_99.4_AUN50234.1,NOV_Cry2Ac6_99.8_AAQ52385.1));

 - Model bsB.45_4_24_6_44-1_1_1_1_1
   * Marked branches
      ((BT_Cry2Ac4,(BT_Cry2Ac5,((BT_Cry2Ba2,NOV_Cry2Ak1_76.8_AX513524.1),(NOV_Cry2Ah2_92.7_AX098631.1,(BT_Cry2Ak1,(((((((NOV_Cry2Aa1_99.2_AJA30268.1 #1,BT_Cry2Aa5 #1) #1,BT_Cry2Aa13 #1) #1,BT_Cry2Ai1),((BT_Cry18Aa1,(BT_Cry18Ca1,BT_Cry18Ba1)),NOV_Cry2Aa1_97.8_ALV82138.1)),BT_Cry2Al1),BT_Cry2Aa3),(BT_Cry2Ah3,((BT_Cry2Ad5,BT_Cry2Ad4),(NOV_Cry2Ab16_96.7_AIW52614.1,(BT_Cry2Af1,((BT_Cry2Ag1,(NOV_Cry2Ab4_93.2_AIT70915.1,BT_Cry2Ab15)),((NOV_Cry2Ab16_98.9_AKO73582.1,BT_Cry2Ab6),(BT_Cry2Ab12,BT_Cry2Ab26))))))))))))),BT_Cry2Ac10,(NOV_Cry2Ac6_99.4_AUN50234.1,NOV_Cry2Ac6_99.8_AAQ52385.1));
   * Sites significantly caracterized
      codon position |   category
     -----------------------------------------------------------
            1- 152   |   Positively-selected (probability > 0.99)
