--------------------------------------------------------------------------------
ModelTest-NG v0.1.7

Input data:
  MSA:        /shared/lab_7/phyl_pipeline/evol_anal/NO_PAT/testing_evol/minor_event_87/minor_event_87_nucl_reported.fasta
  Tree:       Maximum likelihood
    file:           -
  #taxa:            11
  #sites:           603
  #patterns:        101
  Max. thread mem:  0 MB

Output:
  Log:           /shared/lab_7/phyl_pipeline/evol_anal/NO_PAT/testing_evol/minor_event_87/minor_event_87_nucl_reported.fasta.log
  Starting tree: /shared/lab_7/phyl_pipeline/evol_anal/NO_PAT/testing_evol/minor_event_87/minor_event_87_nucl_reported.fasta.tree
  Results:       /shared/lab_7/phyl_pipeline/evol_anal/NO_PAT/testing_evol/minor_event_87/minor_event_87_nucl_reported.fasta.out

Selection options:
  # dna schemes:      11
  # dna models:       88
  include model parameters:
    Uniform:         true
    p-inv (+I):      true
    gamma (+G):      true
    both (+I+G):     true
    free rates (+R): false
    fixed freqs:     true
    estimated freqs: true
    #categories:     4
  gamma rates mode:   mean
  asc bias:           none
  epsilon (opt):      0.01
  epsilon (par):      0.05
  keep branches:      false

Additional options:
  verbosity:        very low
  threads:          1/36
  RNG seed:         12345
  subtree repeats:  enabled
--------------------------------------------------------------------------------

BIC       model              K            lnL          score          delta    weight
--------------------------------------------------------------------------------
       1  TPM3uf+G4          6     -1938.7493      4037.5465         0.0000    0.6350
       2  TPM3uf+I           6     -1940.3539      4040.7558         3.2092    0.1276
       3  TVM+G4             8     -1934.1841      4041.2199         3.6734    0.1012
       4  TPM1uf+G4          6     -1941.7824      4043.6128         6.0662    0.0306
       5  TIM3+G4            7     -1938.6671      4043.7841         6.2376    0.0281
       6  TPM3uf+I+G4        7     -1938.7968      4044.0433         6.4968    0.0247
       7  TVM+I              8     -1935.7111      4044.2741         6.7275    0.0220
       8  TPM1uf+I           6     -1942.9413      4045.9306         8.3841    0.0096
       9  TIM3+I             7     -1940.2129      4046.8756         9.3291    0.0060
      10  GTR+G4             9     -1934.1417      4047.5370         9.9905    0.0043
--------------------------------------------------------------------------------
Best model according to BIC
---------------------------
Model:              TPM3uf+G4
lnL:                -1938.7493
Frequencies:        0.3255 0.1745 0.2107 0.2894
Subst. Rates:       3.4053 6.7534 1.0000 3.4053 6.7534 1.0000 
Inv. sites prop:    -
Gamma shape:        0.3904
Score:              4037.5465
Weight:             0.6350
---------------------------
Parameter importances
---------------------------
P.Inv:              0.1669
Gamma:              0.8017
Gamma-Inv:          0.0314
Frequencies:        1.0000
---------------------------
Model averaged estimates
---------------------------
P.Inv:              0.5528
Alpha:              0.3889
Alpha-P.Inv:        0.8828
P.Inv-Alpha:        0.3215
Frequencies:        0.3248 0.1753 0.2112 0.2887 

Commands:
  > phyml  -i /shared/lab_7/phyl_pipeline/evol_anal/NO_PAT/testing_evol/minor_event_87/minor_event_87_nucl_reported.fasta -m 012012 -f m -v 0 -a e -c 4 -o tlr
  > raxmlHPC-SSE3 -s /shared/lab_7/phyl_pipeline/evol_anal/NO_PAT/testing_evol/minor_event_87/minor_event_87_nucl_reported.fasta -m GTRGAMMAX -n EXEC_NAME -p PARSIMONY_SEED
  > raxml-ng --msa /shared/lab_7/phyl_pipeline/evol_anal/NO_PAT/testing_evol/minor_event_87/minor_event_87_nucl_reported.fasta --model TPM3uf+G4
  > paup -s /shared/lab_7/phyl_pipeline/evol_anal/NO_PAT/testing_evol/minor_event_87/minor_event_87_nucl_reported.fasta
  > iqtree -s /shared/lab_7/phyl_pipeline/evol_anal/NO_PAT/testing_evol/minor_event_87/minor_event_87_nucl_reported.fasta -m TPM3uf+G4

AIC       model              K            lnL          score          delta    weight
--------------------------------------------------------------------------------
       1  TVM+G4             8     -1934.1841      3922.3682         0.0000    0.4233
       2  GTR+G4             9     -1934.1417      3924.2833         1.9152    0.1625
       3  TVM+I+G4           9     -1934.1858      3924.3716         2.0034    0.1555
       4  TVM+I              8     -1935.7111      3925.4223         3.0541    0.0919
       5  GTR+I+G4          10     -1934.2305      3926.4609         4.0928    0.0547
       6  GTR+I              9     -1935.6192      3927.2384         4.8703    0.0371
       7  TPM3uf+G4          6     -1938.7493      3927.4986         5.1304    0.0326
       8  TIM3+G4            7     -1938.6671      3929.3343         6.9661    0.0130
       9  TPM3uf+I+G4        7     -1938.7968      3929.5935         7.2253    0.0114
      10  TPM3uf+I           6     -1940.3539      3930.7078         8.3397    0.0065
--------------------------------------------------------------------------------
Best model according to AIC
---------------------------
Model:              TVM+G4
lnL:                -1934.1841
Frequencies:        0.3202 0.1742 0.2157 0.2899
Subst. Rates:       3.4614 4.9199 0.5374 1.1224 4.9199 1.0000 
Inv. sites prop:    -
Gamma shape:        0.3904
Score:              3922.3682
Weight:             0.4233
---------------------------
Parameter importances
---------------------------
P.Inv:              0.1391
Gamma:              0.6337
Gamma-Inv:          0.2273
Frequencies:        1.0000
---------------------------
Model averaged estimates
---------------------------
P.Inv:              0.5530
Alpha:              0.3903
Alpha-P.Inv:        0.8686
P.Inv-Alpha:        0.3045
Frequencies:        0.3203 0.1748 0.2150 0.2899 

Commands:
  > phyml  -i /shared/lab_7/phyl_pipeline/evol_anal/NO_PAT/testing_evol/minor_event_87/minor_event_87_nucl_reported.fasta -m 012314 -f m -v 0 -a e -c 4 -o tlr
  > raxmlHPC-SSE3 -s /shared/lab_7/phyl_pipeline/evol_anal/NO_PAT/testing_evol/minor_event_87/minor_event_87_nucl_reported.fasta -m GTRGAMMAX -n EXEC_NAME -p PARSIMONY_SEED
  > raxml-ng --msa /shared/lab_7/phyl_pipeline/evol_anal/NO_PAT/testing_evol/minor_event_87/minor_event_87_nucl_reported.fasta --model TVM+G4
  > paup -s /shared/lab_7/phyl_pipeline/evol_anal/NO_PAT/testing_evol/minor_event_87/minor_event_87_nucl_reported.fasta
  > iqtree -s /shared/lab_7/phyl_pipeline/evol_anal/NO_PAT/testing_evol/minor_event_87/minor_event_87_nucl_reported.fasta -m TVM+G4

AICc      model              K            lnL          score          delta    weight
--------------------------------------------------------------------------------
       1  TVM+G4             8     -1934.1841      3924.3682         0.0000    0.4327
       2  GTR+G4             9     -1934.1417      3926.2833         1.9152    0.1661
       3  TVM+I+G4           9     -1934.1858      3926.3716         2.0034    0.1589
       4  TVM+I              8     -1935.7111      3927.4223         3.0541    0.0940
       5  GTR+I              9     -1935.6192      3929.2384         4.8703    0.0379
       6  GTR+I+G4          10     -1934.2305      3929.4609         5.0928    0.0339
       7  TPM3uf+G4          6     -1938.7493      3929.4986         5.1304    0.0333
       8  TIM3+G4            7     -1938.6671      3931.3343         6.9661    0.0133
       9  TPM3uf+I+G4        7     -1938.7968      3931.5935         7.2253    0.0117
      10  TPM3uf+I           6     -1940.3539      3932.7078         8.3397    0.0067
--------------------------------------------------------------------------------
Best model according to AICc
---------------------------
Model:              TVM+G4
lnL:                -1934.1841
Frequencies:        0.3202 0.1742 0.2157 0.2899
Subst. Rates:       3.4614 4.9199 0.5374 1.1224 4.9199 1.0000 
Inv. sites prop:    -
Gamma shape:        0.3904
Score:              3924.3682
Weight:             0.4327
---------------------------
Parameter importances
---------------------------
P.Inv:              0.1421
Gamma:              0.6476
Gamma-Inv:          0.2103
Frequencies:        1.0000
---------------------------
Model averaged estimates
---------------------------
P.Inv:              0.5530
Alpha:              0.3903
Alpha-P.Inv:        0.8444
P.Inv-Alpha:        0.2979
Frequencies:        0.3203 0.1748 0.2150 0.2899 

Commands:
  > phyml  -i /shared/lab_7/phyl_pipeline/evol_anal/NO_PAT/testing_evol/minor_event_87/minor_event_87_nucl_reported.fasta -m 012314 -f m -v 0 -a e -c 4 -o tlr
  > raxmlHPC-SSE3 -s /shared/lab_7/phyl_pipeline/evol_anal/NO_PAT/testing_evol/minor_event_87/minor_event_87_nucl_reported.fasta -m GTRGAMMAX -n EXEC_NAME -p PARSIMONY_SEED
  > raxml-ng --msa /shared/lab_7/phyl_pipeline/evol_anal/NO_PAT/testing_evol/minor_event_87/minor_event_87_nucl_reported.fasta --model TVM+G4
  > paup -s /shared/lab_7/phyl_pipeline/evol_anal/NO_PAT/testing_evol/minor_event_87/minor_event_87_nucl_reported.fasta
  > iqtree -s /shared/lab_7/phyl_pipeline/evol_anal/NO_PAT/testing_evol/minor_event_87/minor_event_87_nucl_reported.fasta -m TVM+G4
Done
