Using: /root/.etetoolkit/ext_apps-latest/bin/Slr
Using: /root/.etetoolkit/ext_apps-latest/bin/codeml

Running CodeML/Slr (20 CPUs)
  - processing model M0 (M0~6be68ea319d213dc5224f0e4203c6087)
  - processing model bsA (bsA~c404a36f3611665b3fabc83b00fbb81a)
       marking branches 4, 3, 14

          ((NOV_Cry30Ga2_64.5_ARJ25665.1,(BT_Cry30Aa1,(BT_Cry30Ea1,(BT_Cry30Db1 #1,BT_Cry30Da1 #1) #1))),(BT_Cry30Ca1,NOV_Cry30Ca1_66.6_BAD00052.1),(BT_Cry30Fa1,BT_Cry30Ga1));

  - processing model bsA1 (bsA1~8361c1a90cbf0d76b122d01029efe58e)
       marking branches 4, 3, 14

          ((NOV_Cry30Ga2_64.5_ARJ25665.1,(BT_Cry30Aa1,(BT_Cry30Ea1,(BT_Cry30Db1 #1,BT_Cry30Da1 #1) #1))),(BT_Cry30Ca1,NOV_Cry30Ca1_66.6_BAD00052.1),(BT_Cry30Fa1,BT_Cry30Ga1));

  - processing model bsB (bsB~853f0477805aab8adfcfa0c220fcf06c)
       marking branches 4, 3, 14

          ((NOV_Cry30Ga2_64.5_ARJ25665.1,(BT_Cry30Aa1,(BT_Cry30Ea1,(BT_Cry30Db1 #1,BT_Cry30Da1 #1) #1))),(BT_Cry30Ca1,NOV_Cry30Ca1_66.6_BAD00052.1),(BT_Cry30Fa1,BT_Cry30Ga1));


LRT

                                         Null model |                             Alternative model | p-value
   =================================================|===============================================|============
                M0~6be68ea319d213dc5224f0e4203c6087 | bsA.4_3_14-1~2e0fb7f1799a03ad358580580504ae6e | 0.000000**
                M0~6be68ea319d213dc5224f0e4203c6087 | bsA1.4_3_14-~df1e0a4bd0e713e37def5fd087681eba | 0.000000**
                M0~6be68ea319d213dc5224f0e4203c6087 | bsB.4_3_14-1~caa7e7aaed35dd42f723d6e613b59fc1 | 0.000000**
      bsA.4_3_14-1~2e0fb7f1799a03ad358580580504ae6e | bsB.4_3_14-1~caa7e7aaed35dd42f723d6e613b59fc1 | 0.000120**
      bsA1.4_3_14-~df1e0a4bd0e713e37def5fd087681eba | bsA.4_3_14-1~2e0fb7f1799a03ad358580580504ae6e | 0.000001**
      bsA1.4_3_14-~df1e0a4bd0e713e37def5fd087681eba | bsB.4_3_14-1~caa7e7aaed35dd42f723d6e613b59fc1 | 0.000000**

SUMMARY BY MODEL

 - Model M0
   * Average omega for all tree: 0.642

 - Model bsA.4_3_14-1_1_1
   * Marked branches
      ((NOV_Cry30Ga2_64.5_ARJ25665.1,(BT_Cry30Aa1,(BT_Cry30Ea1,(BT_Cry30Db1 #1,BT_Cry30Da1 #1) #1))),(BT_Cry30Ca1,NOV_Cry30Ca1_66.6_BAD00052.1),(BT_Cry30Fa1,BT_Cry30Ga1));
   * Sites significantly caracterized
      codon position |   category
     -----------------------------------------------------------
                 4   |   Conserved (probability > 0.95)
            6-  11   |   Conserved (probability > 0.95)
           13-  14   |   Conserved (probability > 0.95)
                29   |   Conserved (probability > 0.95)
                32   |   Conserved (probability > 0.95)
                38   |   Conserved (probability > 0.95)
                40   |   Conserved (probability > 0.95)
                43   |   Conserved (probability > 0.95)
           52-  53   |   Conserved (probability > 0.95)
                56   |   Conserved (probability > 0.95)
                60   |   Positively-selected (probability > 0.95)
                64   |   Conserved (probability > 0.95)
                70   |   Conserved (probability > 0.95)
                72   |   Conserved (probability > 0.95)
                80   |   Positively-selected (probability > 0.95)
                97   |   Positively-selected (probability > 0.95)
               102   |   Conserved (probability > 0.95)
               106   |   Positively-selected (probability > 0.95)
               110   |   Conserved (probability > 0.95)
          120- 121   |   Conserved (probability > 0.95)
               123   |   Conserved (probability > 0.95)
               126   |   Conserved (probability > 0.95)
          134- 135   |   Conserved (probability > 0.95)
               137   |   Conserved (probability > 0.95)
               139   |   Conserved (probability > 0.95)
               150   |   Conserved (probability > 0.95)
               157   |   Positively-selected (probability > 0.95)
               161   |   Conserved (probability > 0.95)
          165- 166   |   Conserved (probability > 0.95)
               168   |   Conserved (probability > 0.95)
               171   |   Conserved (probability > 0.95)
               175   |   Conserved (probability > 0.95)
               177   |   Conserved (probability > 0.95)
               179   |   Conserved (probability > 0.95)
               182   |   Conserved (probability > 0.95)
          184- 185   |   Conserved (probability > 0.95)
          187- 191   |   Conserved (probability > 0.95)
               207   |   Conserved (probability > 0.95)
          209- 210   |   Conserved (probability > 0.95)
               212   |   Conserved (probability > 0.95)
          214- 215   |   Conserved (probability > 0.95)

 - Model bsA1.4_3_14-1_1_1
   * Marked branches
      ((NOV_Cry30Ga2_64.5_ARJ25665.1,(BT_Cry30Aa1,(BT_Cry30Ea1,(BT_Cry30Db1 #1,BT_Cry30Da1 #1) #1))),(BT_Cry30Ca1,NOV_Cry30Ca1_66.6_BAD00052.1),(BT_Cry30Fa1,BT_Cry30Ga1));
   * Sites significantly caracterized
      codon position |   category
     -----------------------------------------------------------
                 4   |   Relaxed (probability > 0.95)
            6-   7   |   Relaxed (probability > 0.95)
            9-  11   |   Relaxed (probability > 0.95)
                13   |   Relaxed (probability > 0.95)
                29   |   Relaxed (probability > 0.95)
                32   |   Relaxed (probability > 0.95)
                38   |   Relaxed (probability > 0.95)
                40   |   Relaxed (probability > 0.95)
                43   |   Relaxed (probability > 0.95)
           52-  53   |   Relaxed (probability > 0.95)
                56   |   Relaxed (probability > 0.95)
                72   |   Relaxed (probability > 0.95)
               102   |   Relaxed (probability > 0.95)
               110   |   Relaxed (probability > 0.95)
               121   |   Relaxed (probability > 0.95)
               126   |   Relaxed (probability > 0.95)
          134- 135   |   Relaxed (probability > 0.95)
               137   |   Relaxed (probability > 0.95)
               139   |   Relaxed (probability > 0.95)
               150   |   Relaxed (probability > 0.95)
               161   |   Relaxed (probability > 0.95)
               166   |   Relaxed (probability > 0.95)
               168   |   Relaxed (probability > 0.95)
               171   |   Relaxed (probability > 0.95)
               175   |   Relaxed (probability > 0.95)
               177   |   Relaxed (probability > 0.95)
               179   |   Relaxed (probability > 0.95)
               182   |   Relaxed (probability > 0.95)
          184- 185   |   Relaxed (probability > 0.95)
          187- 190   |   Relaxed (probability > 0.95)
               207   |   Relaxed (probability > 0.95)
               209   |   Relaxed (probability > 0.95)
               212   |   Relaxed (probability > 0.95)
               214   |   Relaxed (probability > 0.95)

 - Model bsB.4_3_14-1_1_1
   * Marked branches
      ((NOV_Cry30Ga2_64.5_ARJ25665.1,(BT_Cry30Aa1,(BT_Cry30Ea1,(BT_Cry30Db1 #1,BT_Cry30Da1 #1) #1))),(BT_Cry30Ca1,NOV_Cry30Ca1_66.6_BAD00052.1),(BT_Cry30Fa1,BT_Cry30Ga1));
   * Sites significantly caracterized
      codon position |   category
     -----------------------------------------------------------
                 4   |   Conserved (probability > 0.99)
            6-  11   |   Conserved (probability > 0.99)
           13-  14   |   Conserved (probability > 0.99)
                16   |   Conserved (probability > 0.95)
                29   |   Conserved (probability > 0.99)
                32   |   Conserved (probability > 0.99)
                33   |   Conserved (probability > 0.95)
                38   |   Conserved (probability > 0.99)
                40   |   Conserved (probability > 0.99)
           41-  42   |   Conserved (probability > 0.95)
                43   |   Conserved (probability > 0.99)
                44   |   Conserved (probability > 0.95)
                46   |   Conserved (probability > 0.95)
                49   |   Conserved (probability > 0.95)
           52-  53   |   Conserved (probability > 0.99)
                56   |   Conserved (probability > 0.99)
                59   |   Conserved (probability > 0.95)
                60   |   Positively-selected (probability > 0.95)
                62   |   Conserved (probability > 0.95)
                64   |   Conserved (probability > 0.99)
                66   |   Conserved (probability > 0.95)
                69   |   Conserved (probability > 0.95)
                70   |   Conserved (probability > 0.99)
                72   |   Conserved (probability > 0.99)
                79   |   Conserved (probability > 0.95)
           90-  91   |   Conserved (probability > 0.95)
                97   |   Positively-selected (probability > 0.99)
               102   |   Conserved (probability > 0.99)
               106   |   Positively-selected (probability > 0.95)
               108   |   Conserved (probability > 0.95)
               110   |   Conserved (probability > 0.99)
          111- 112   |   Conserved (probability > 0.95)
               116   |   Conserved (probability > 0.95)
          120- 121   |   Conserved (probability > 0.99)
               123   |   Conserved (probability > 0.99)
               126   |   Conserved (probability > 0.99)
               128   |   Conserved (probability > 0.95)
          134- 135   |   Conserved (probability > 0.99)
               137   |   Conserved (probability > 0.99)
               138   |   Conserved (probability > 0.95)
               139   |   Conserved (probability > 0.99)
               141   |   Conserved (probability > 0.95)
               150   |   Conserved (probability > 0.99)
          156- 157   |   Positively-selected (probability > 0.95)
               161   |   Conserved (probability > 0.99)
          165- 166   |   Conserved (probability > 0.99)
               167   |   Conserved (probability > 0.95)
               168   |   Conserved (probability > 0.99)
               169   |   Conserved (probability > 0.95)
               171   |   Conserved (probability > 0.99)
               174   |   Conserved (probability > 0.95)
               175   |   Conserved (probability > 0.99)
               176   |   Conserved (probability > 0.95)
               177   |   Conserved (probability > 0.99)
               179   |   Conserved (probability > 0.99)
               182   |   Conserved (probability > 0.99)
          184- 185   |   Conserved (probability > 0.99)
               186   |   Conserved (probability > 0.95)
          187- 191   |   Conserved (probability > 0.99)
               198   |   Conserved (probability > 0.95)
          205- 206   |   Conserved (probability > 0.95)
               207   |   Conserved (probability > 0.99)
               208   |   Conserved (probability > 0.95)
               209   |   Conserved (probability > 0.99)
               210   |   Conserved (probability > 0.95)
               212   |   Conserved (probability > 0.99)
          214- 215   |   Conserved (probability > 0.99)
