Using: /root/.etetoolkit/ext_apps-latest/bin/Slr
Using: /root/.etetoolkit/ext_apps-latest/bin/codeml

Running CodeML/Slr (20 CPUs)
  - processing model M0 (M0~466ac3e294726e75e170ddd3ece98803)
  - processing model b_free (b_free~2b6a68f41da0686d34943df2bf5aaafc)
       marking branches 3

          (((NOV_Cry8Ha1_89.4_ABB29866.1,BT_Cry8Ha1),BT_Cry8Hb1),NOV_Cry8Ha1_89.8_ATY50148.1,(NOV_Cry8Da1_43.7_ANC11094.1,(((BT_Cry1Ig1,BT_Cry1Ka2 #1),BT_Cry1Fa1),(BT_Cry8Da1,(BT_Cry3Bb1,BT_Cry3Ba1)))));

  - processing model b_neut (b_neut~bcecbbb1e7fd83d2fc38615da8082438)
       marking branches 3

          (((NOV_Cry8Ha1_89.4_ABB29866.1,BT_Cry8Ha1),BT_Cry8Hb1),NOV_Cry8Ha1_89.8_ATY50148.1,(NOV_Cry8Da1_43.7_ANC11094.1,(((BT_Cry1Ig1,BT_Cry1Ka2 #1),BT_Cry1Fa1),(BT_Cry8Da1,(BT_Cry3Bb1,BT_Cry3Ba1)))));


LRT

                                         Null model |                             Alternative model | p-value
   =================================================|===============================================|============
                M0~466ac3e294726e75e170ddd3ece98803 |   b_free.3-1~46bdc719ee2fbbad7b4b43f3da4e5452 | 0.059240
        b_neut.3-1~20f9ea6c7c9f656970d2865be04d748e |   b_free.3-1~46bdc719ee2fbbad7b4b43f3da4e5452 | 0.000001**

SUMMARY BY MODEL

 - Model M0
   * Average omega for all tree: 0.169

 - Model b_free.3-1
   * Marked branches
      (((NOV_Cry8Ha1_89.4_ABB29866.1,BT_Cry8Ha1),BT_Cry8Hb1),NOV_Cry8Ha1_89.8_ATY50148.1,(NOV_Cry8Da1_43.7_ANC11094.1,(((BT_Cry1Ig1,BT_Cry1Ka2 #1),BT_Cry1Fa1),(BT_Cry8Da1,(BT_Cry3Bb1,BT_Cry3Ba1)))));

        Branches  =>   omega
              #1  =>   0.070
      background  =>   0.183

 - Model b_neut.3-1
   * Marked branches
      (((NOV_Cry8Ha1_89.4_ABB29866.1,BT_Cry8Ha1),BT_Cry8Hb1),NOV_Cry8Ha1_89.8_ATY50148.1,(NOV_Cry8Da1_43.7_ANC11094.1,(((BT_Cry1Ig1,BT_Cry1Ka2 #1),BT_Cry1Fa1),(BT_Cry8Da1,(BT_Cry3Bb1,BT_Cry3Ba1)))));

        Branches  =>   omega
      background  =>   0.163
              #1  =>   1.000
