Using: /root/.etetoolkit/ext_apps-latest/bin/Slr
Using: /root/.etetoolkit/ext_apps-latest/bin/codeml

Running CodeML/Slr (20 CPUs)
  - processing model M0 (M0~3825f31987674e71f7abfce8f9851ba6)
  - processing model bsA (bsA~aba25108f277b969ffe7d7fd61c004e2)
       marking branches 6

          (((BT_Cry8Ra1,NOV_Cry8Ab1_80.0_AMR06151.1),(BT_Cry1Ja1,(BT_Cry1Fb3,BT_Cry1Fb1))),NOV_Cry7Ca1_86.8_AGM39664.1 #1,BT_Cry7Ha1);

  - processing model bsA1 (bsA1~5146d2940b260171b42702a561d5a1ca)
       marking branches 6

          (((BT_Cry8Ra1,NOV_Cry8Ab1_80.0_AMR06151.1),(BT_Cry1Ja1,(BT_Cry1Fb3,BT_Cry1Fb1))),NOV_Cry7Ca1_86.8_AGM39664.1 #1,BT_Cry7Ha1);

  - processing model bsB (bsB~47d3eeb73adc0ea5f90ca45a29a05dfa)
       marking branches 6

          (((BT_Cry8Ra1,NOV_Cry8Ab1_80.0_AMR06151.1),(BT_Cry1Ja1,(BT_Cry1Fb3,BT_Cry1Fb1))),NOV_Cry7Ca1_86.8_AGM39664.1 #1,BT_Cry7Ha1);


LRT

                                         Null model |                             Alternative model | p-value
   =================================================|===============================================|============
                M0~3825f31987674e71f7abfce8f9851ba6 |      bsA.6-1~7105be8fe52e22b8aeb96f702e39b438 | 0.000002**
                M0~3825f31987674e71f7abfce8f9851ba6 |     bsA1.6-1~c0b9e91fcb5a23478c63b71103c308cc | 0.000001**
                M0~3825f31987674e71f7abfce8f9851ba6 |      bsB.6-1~4996b2ec7ffc483b14dab991be51f137 | 0.000000**
           bsA.6-1~7105be8fe52e22b8aeb96f702e39b438 |      bsB.6-1~4996b2ec7ffc483b14dab991be51f137 | 0.000005**
          bsA1.6-1~c0b9e91fcb5a23478c63b71103c308cc |      bsA.6-1~7105be8fe52e22b8aeb96f702e39b438 | 0.491652
          bsA1.6-1~c0b9e91fcb5a23478c63b71103c308cc |      bsB.6-1~4996b2ec7ffc483b14dab991be51f137 | 0.000023**

SUMMARY BY MODEL

 - Model M0
   * Average omega for all tree: 0.224

 - Model bsA.6-1
   * Marked branches
      (((BT_Cry8Ra1,NOV_Cry8Ab1_80.0_AMR06151.1),(BT_Cry1Ja1,(BT_Cry1Fb3,BT_Cry1Fb1))),NOV_Cry7Ca1_86.8_AGM39664.1 #1,BT_Cry7Ha1);

 - Model bsA1.6-1
   * Marked branches
      (((BT_Cry8Ra1,NOV_Cry8Ab1_80.0_AMR06151.1),(BT_Cry1Ja1,(BT_Cry1Fb3,BT_Cry1Fb1))),NOV_Cry7Ca1_86.8_AGM39664.1 #1,BT_Cry7Ha1);
   * Sites significantly caracterized
      codon position |   category
     -----------------------------------------------------------
            1- 148   |   Relaxed (probability > 0.99)

 - Model bsB.6-1
   * Marked branches
      (((BT_Cry8Ra1,NOV_Cry8Ab1_80.0_AMR06151.1),(BT_Cry1Ja1,(BT_Cry1Fb3,BT_Cry1Fb1))),NOV_Cry7Ca1_86.8_AGM39664.1 #1,BT_Cry7Ha1);
   * Sites significantly caracterized
      codon position |   category
     -----------------------------------------------------------
            1- 148   |   Positively-selected (probability > 0.99)
