Using: /root/.etetoolkit/ext_apps-latest/bin/Slr
Using: /root/.etetoolkit/ext_apps-latest/bin/codeml

Running CodeML/Slr (20 CPUs)
  - processing model M0 (M0~3825f31987674e71f7abfce8f9851ba6)
  - processing model b_free (b_free~8ed28dde5406ca94377e1645f81129b4)
       marking branches 6

          (((BT_Cry8Ra1,NOV_Cry8Ab1_80.0_AMR06151.1),(BT_Cry1Ja1,(BT_Cry1Fb3,BT_Cry1Fb1))),NOV_Cry7Ca1_86.8_AGM39664.1 #1,BT_Cry7Ha1);

  - processing model b_neut (b_neut~febd0ebd74595537164706edf98208dc)
       marking branches 6

          (((BT_Cry8Ra1,NOV_Cry8Ab1_80.0_AMR06151.1),(BT_Cry1Ja1,(BT_Cry1Fb3,BT_Cry1Fb1))),NOV_Cry7Ca1_86.8_AGM39664.1 #1,BT_Cry7Ha1);


LRT

                                         Null model |                             Alternative model | p-value
   =================================================|===============================================|============
                M0~3825f31987674e71f7abfce8f9851ba6 |   b_free.6-1~076ca74a73d77301489f3faf78797215 | 0.125843
        b_neut.6-1~62934d41355a625d9d5dc7f7d1f0c4d7 |   b_free.6-1~076ca74a73d77301489f3faf78797215 | 0.275979

SUMMARY BY MODEL

 - Model M0
   * Average omega for all tree: 0.224

 - Model b_free.6-1
   * Marked branches
      (((BT_Cry8Ra1,NOV_Cry8Ab1_80.0_AMR06151.1),(BT_Cry1Ja1,(BT_Cry1Fb3,BT_Cry1Fb1))),NOV_Cry7Ca1_86.8_AGM39664.1 #1,BT_Cry7Ha1);

        Branches  =>   omega
      background  =>   0.201
              #1  => 999.000

 - Model b_neut.6-1
   * Marked branches
      (((BT_Cry8Ra1,NOV_Cry8Ab1_80.0_AMR06151.1),(BT_Cry1Ja1,(BT_Cry1Fb3,BT_Cry1Fb1))),NOV_Cry7Ca1_86.8_AGM39664.1 #1,BT_Cry7Ha1);

        Branches  =>   omega
              #1  =>   1.000
      background  =>   0.208
