Using: /root/.etetoolkit/ext_apps-latest/bin/Slr
Using: /root/.etetoolkit/ext_apps-latest/bin/codeml

Running CodeML/Slr (20 CPUs)
  - processing model M0 (M0~a979ba6dd4b746caa1c1f0a102c949b2)
  - processing model b_free (b_free~8257f7b8505277ccde826c380813d3c6)
       marking branches 6, 11, 28

          ((BT_Cry7Ba1,NOV_Cry7Ba1_84.3_AFI42043.1),NOV_Cry7Ea2_99.9_AFI42038.1,((NOV_Cry7Ca1_86.8_AGM39664.1,NOV_Cry7Ca1_99.7_ABR67863.2),((((((BT_Cry19Aa1,BT_Cry19Ba1),(NOV_Cry19Ba1_74.0_AGV55021.1,BT_Cry19Ca1)),(BT_Cry52Ca1 #1,NOV_Cry52Ca1_62.9_AZJ24464.1 #1) #1),(BT_Cry52Aa1,BT_Cry52Ba1)),(BT_Cry54Aa1,NOV_Cry54Aa1_88.1_AFU17344.1)),BT_Cry7Cb1)));

  - processing model b_neut (b_neut~cb23d5b1bb834594af47855cdd99b6c5)
       marking branches 6, 11, 28

          ((BT_Cry7Ba1,NOV_Cry7Ba1_84.3_AFI42043.1),NOV_Cry7Ea2_99.9_AFI42038.1,((NOV_Cry7Ca1_86.8_AGM39664.1,NOV_Cry7Ca1_99.7_ABR67863.2),((((((BT_Cry19Aa1,BT_Cry19Ba1),(NOV_Cry19Ba1_74.0_AGV55021.1,BT_Cry19Ca1)),(BT_Cry52Ca1 #1,NOV_Cry52Ca1_62.9_AZJ24464.1 #1) #1),(BT_Cry52Aa1,BT_Cry52Ba1)),(BT_Cry54Aa1,NOV_Cry54Aa1_88.1_AFU17344.1)),BT_Cry7Cb1)));


LRT

                                         Null model |                             Alternative model | p-value
   =================================================|===============================================|============
                M0~a979ba6dd4b746caa1c1f0a102c949b2 | b_free.6_11_~3e2b022555d30e366d241ef510da2d4a | 0.616974
      b_neut.6_11_~3dcd18681b69edb4e0606099ccdc12e4 | b_free.6_11_~3e2b022555d30e366d241ef510da2d4a | 0.000003**

SUMMARY BY MODEL

 - Model M0
   * Average omega for all tree: 0.247

 - Model b_free.6_11_28-1_1_1
   * Marked branches
      ((BT_Cry7Ba1,NOV_Cry7Ba1_84.3_AFI42043.1),NOV_Cry7Ea2_99.9_AFI42038.1,((NOV_Cry7Ca1_86.8_AGM39664.1,NOV_Cry7Ca1_99.7_ABR67863.2),((((((BT_Cry19Aa1,BT_Cry19Ba1),(NOV_Cry19Ba1_74.0_AGV55021.1,BT_Cry19Ca1)),(BT_Cry52Ca1 #1,NOV_Cry52Ca1_62.9_AZJ24464.1 #1) #1),(BT_Cry52Aa1,BT_Cry52Ba1)),(BT_Cry54Aa1,NOV_Cry54Aa1_88.1_AFU17344.1)),BT_Cry7Cb1)));

        Branches  =>   omega
              #1  =>   0.278
      background  =>   0.244

 - Model b_neut.6_11_28-1_1_1
   * Marked branches
      ((BT_Cry7Ba1,NOV_Cry7Ba1_84.3_AFI42043.1),NOV_Cry7Ea2_99.9_AFI42038.1,((NOV_Cry7Ca1_86.8_AGM39664.1,NOV_Cry7Ca1_99.7_ABR67863.2),((((((BT_Cry19Aa1,BT_Cry19Ba1),(NOV_Cry19Ba1_74.0_AGV55021.1,BT_Cry19Ca1)),(BT_Cry52Ca1 #1,NOV_Cry52Ca1_62.9_AZJ24464.1 #1) #1),(BT_Cry52Aa1,BT_Cry52Ba1)),(BT_Cry54Aa1,NOV_Cry54Aa1_88.1_AFU17344.1)),BT_Cry7Cb1)));

        Branches  =>   omega
              #1  =>   1.000
      background  =>   0.239
