Using: /root/.etetoolkit/ext_apps-latest/bin/Slr
Using: /root/.etetoolkit/ext_apps-latest/bin/codeml

Running CodeML/Slr (20 CPUs)
  - processing model M0 (M0~a979ba6dd4b746caa1c1f0a102c949b2)
  - processing model b_free (b_free~8257f7b8505277ccde826c380813d3c6)
       marking branches 4

          ((BT_Cry7Ba1,NOV_Cry7Ba1_84.3_AFI42043.1),NOV_Cry7Ea2_99.9_AFI42038.1,((NOV_Cry7Ca1_86.8_AGM39664.1,NOV_Cry7Ca1_99.7_ABR67863.2),((((((BT_Cry19Aa1,BT_Cry19Ba1),(NOV_Cry19Ba1_74.0_AGV55021.1,BT_Cry19Ca1)),(BT_Cry52Ca1,NOV_Cry52Ca1_62.9_AZJ24464.1)),(BT_Cry52Aa1 #1,BT_Cry52Ba1)),(BT_Cry54Aa1,NOV_Cry54Aa1_88.1_AFU17344.1)),BT_Cry7Cb1)));

  - processing model b_neut (b_neut~cb23d5b1bb834594af47855cdd99b6c5)
       marking branches 4

          ((BT_Cry7Ba1,NOV_Cry7Ba1_84.3_AFI42043.1),NOV_Cry7Ea2_99.9_AFI42038.1,((NOV_Cry7Ca1_86.8_AGM39664.1,NOV_Cry7Ca1_99.7_ABR67863.2),((((((BT_Cry19Aa1,BT_Cry19Ba1),(NOV_Cry19Ba1_74.0_AGV55021.1,BT_Cry19Ca1)),(BT_Cry52Ca1,NOV_Cry52Ca1_62.9_AZJ24464.1)),(BT_Cry52Aa1 #1,BT_Cry52Ba1)),(BT_Cry54Aa1,NOV_Cry54Aa1_88.1_AFU17344.1)),BT_Cry7Cb1)));


LRT

                                         Null model |                             Alternative model | p-value
   =================================================|===============================================|============
                M0~a979ba6dd4b746caa1c1f0a102c949b2 |   b_free.4-1~450701ab3b301f4955b7cd2d15feae05 | 0.029624*
        b_neut.4-1~4b1c9dd5a8807ebce80520a655a4b516 |   b_free.4-1~450701ab3b301f4955b7cd2d15feae05 | 0.953914

SUMMARY BY MODEL

 - Model M0
   * Average omega for all tree: 0.247

 - Model b_free.4-1
   * Marked branches
      ((BT_Cry7Ba1,NOV_Cry7Ba1_84.3_AFI42043.1),NOV_Cry7Ea2_99.9_AFI42038.1,((NOV_Cry7Ca1_86.8_AGM39664.1,NOV_Cry7Ca1_99.7_ABR67863.2),((((((BT_Cry19Aa1,BT_Cry19Ba1),(NOV_Cry19Ba1_74.0_AGV55021.1,BT_Cry19Ca1)),(BT_Cry52Ca1,NOV_Cry52Ca1_62.9_AZJ24464.1)),(BT_Cry52Aa1 #1,BT_Cry52Ba1)),(BT_Cry54Aa1,NOV_Cry54Aa1_88.1_AFU17344.1)),BT_Cry7Cb1)));

        Branches  =>   omega
              #1  =>   1.252
      background  =>   0.238

 - Model b_neut.4-1
   * Marked branches
      ((BT_Cry7Ba1,NOV_Cry7Ba1_84.3_AFI42043.1),NOV_Cry7Ea2_99.9_AFI42038.1,((NOV_Cry7Ca1_86.8_AGM39664.1,NOV_Cry7Ca1_99.7_ABR67863.2),((((((BT_Cry19Aa1,BT_Cry19Ba1),(NOV_Cry19Ba1_74.0_AGV55021.1,BT_Cry19Ca1)),(BT_Cry52Ca1,NOV_Cry52Ca1_62.9_AZJ24464.1)),(BT_Cry52Aa1 #1,BT_Cry52Ba1)),(BT_Cry54Aa1,NOV_Cry54Aa1_88.1_AFU17344.1)),BT_Cry7Cb1)));

        Branches  =>   omega
      background  =>   0.239
              #1  =>   1.000
