Using: /root/.etetoolkit/ext_apps-latest/bin/Slr
Using: /root/.etetoolkit/ext_apps-latest/bin/codeml

Running CodeML/Slr (20 CPUs)
  - processing model M0 (M0~48cf8b877e42757e62642f65b73c25ef)
  - processing model b_free (b_free~b387868e373e090a8d56e7fee45bf741)
       marking branches 7, 4, 10

          ((NOV_Cry32Va1_61.0_WP_134996253.1 #1,BT_Cry32Va1 #1) #1,((BT_Cry32Qa1,BT_Cry32Ja1),BT_Cry32Ta1),((NOV_Cry7Ba1_84.3_AFI42043.1,BT_Cry7Ba1),NOV_Cry32Ta1_48.0_AQX37180.1));

  - processing model b_neut (b_neut~eb6576b5a47dd27ce8aa6315d207da43)
       marking branches 7, 4, 10

          ((NOV_Cry32Va1_61.0_WP_134996253.1 #1,BT_Cry32Va1 #1) #1,((BT_Cry32Qa1,BT_Cry32Ja1),BT_Cry32Ta1),((NOV_Cry7Ba1_84.3_AFI42043.1,BT_Cry7Ba1),NOV_Cry32Ta1_48.0_AQX37180.1));


LRT

                                         Null model |                             Alternative model | p-value
   =================================================|===============================================|============
                M0~48cf8b877e42757e62642f65b73c25ef | b_free.7_4_1~0365cf97c0341e1be7eb1103c8509043 | 0.051095
      b_neut.7_4_1~37a2d7b8066d4aa5a9fdb4f8574d73f7 | b_free.7_4_1~0365cf97c0341e1be7eb1103c8509043 | 0.000000**

SUMMARY BY MODEL

 - Model M0
   * Average omega for all tree: 0.298

 - Model b_free.7_4_10-1_1_1
   * Marked branches
      ((NOV_Cry32Va1_61.0_WP_134996253.1 #1,BT_Cry32Va1 #1) #1,((BT_Cry32Qa1,BT_Cry32Ja1),BT_Cry32Ta1),((NOV_Cry7Ba1_84.3_AFI42043.1,BT_Cry7Ba1),NOV_Cry32Ta1_48.0_AQX37180.1));

        Branches  =>   omega
              #1  =>   0.196
      background  =>   0.348

 - Model b_neut.7_4_10-1_1_1
   * Marked branches
      ((NOV_Cry32Va1_61.0_WP_134996253.1 #1,BT_Cry32Va1 #1) #1,((BT_Cry32Qa1,BT_Cry32Ja1),BT_Cry32Ta1),((NOV_Cry7Ba1_84.3_AFI42043.1,BT_Cry7Ba1),NOV_Cry32Ta1_48.0_AQX37180.1));

        Branches  =>   omega
              #1  =>   1.000
      background  =>   0.299
