--------------------------------------------------------------------------------
ModelTest-NG v0.1.7

Input data:
  MSA:        /shared/lab_7/phyl_pipeline/evol_anal/NO_PAT/testing_evol/major1_event_75/major1_event_75_nucl_reported.fasta
  Tree:       Maximum likelihood
    file:           -
  #taxa:            8
  #sites:           771
  #patterns:        563
  Max. thread mem:  1 MB

Output:
  Log:           /shared/lab_7/phyl_pipeline/evol_anal/NO_PAT/testing_evol/major1_event_75/major1_event_75_nucl_reported.fasta.log
  Starting tree: /shared/lab_7/phyl_pipeline/evol_anal/NO_PAT/testing_evol/major1_event_75/major1_event_75_nucl_reported.fasta.tree
  Results:       /shared/lab_7/phyl_pipeline/evol_anal/NO_PAT/testing_evol/major1_event_75/major1_event_75_nucl_reported.fasta.out

Selection options:
  # dna schemes:      11
  # dna models:       88
  include model parameters:
    Uniform:         true
    p-inv (+I):      true
    gamma (+G):      true
    both (+I+G):     true
    free rates (+R): false
    fixed freqs:     true
    estimated freqs: true
    #categories:     4
  gamma rates mode:   mean
  asc bias:           none
  epsilon (opt):      0.01
  epsilon (par):      0.05
  keep branches:      false

Additional options:
  verbosity:        very low
  threads:          1/36
  RNG seed:         12345
  subtree repeats:  enabled
--------------------------------------------------------------------------------

BIC       model              K            lnL          score          delta    weight
--------------------------------------------------------------------------------
       1  TPM3uf+I+G4        7     -5080.1983     10293.3503         0.0000    0.2721
       2  TIM3+I+G4          8     -5077.3451     10294.2917         0.9414    0.1699
       3  TIM3+I             7     -5080.6879     10294.3295         0.9792    0.1668
       4  TPM3uf+I           6     -5084.0231     10294.3523         1.0020    0.1649
       5  TPM3uf+G4          6     -5084.2064     10294.7189         1.3686    0.1373
       6  TIM3+G4            7     -5081.3679     10295.6895         2.3392    0.0845
       7  GTR+I              9     -5079.0995     10304.4482        11.0979    0.0011
       8  TVM+I              8     -5082.4629     10304.5272        11.1769    0.0010
       9  TVM+I+G4           9     -5079.3222     10304.8935        11.5432    0.0008
      10  GTR+I+G4          10     -5076.4198     10305.7365        12.3862    0.0006
--------------------------------------------------------------------------------
Best model according to BIC
---------------------------
Model:              TPM3uf+I+G4
lnL:                -5080.1983
Frequencies:        0.3042 0.1741 0.2132 0.3085
Subst. Rates:       2.1686 2.4193 1.0000 2.1686 2.4193 1.0000 
Inv. sites prop:    0.0535
Gamma shape:        2.9326
Score:              10293.3503
Weight:             0.2721
---------------------------
Parameter importances
---------------------------
P.Inv:              0.3342
Gamma:              0.2222
Gamma-Inv:          0.4436
Frequencies:        1.0000
---------------------------
Model averaged estimates
---------------------------
P.Inv:              0.0804
Alpha:              1.4648
Alpha-P.Inv:        3.0238
P.Inv-Alpha:        0.0529
Frequencies:        0.3015 0.1771 0.2110 0.3104 

Commands:
  > phyml  -i /shared/lab_7/phyl_pipeline/evol_anal/NO_PAT/testing_evol/major1_event_75/major1_event_75_nucl_reported.fasta -m 012012 -f m -v e -a e -c 4 -o tlr
  > raxmlHPC-SSE3 -s /shared/lab_7/phyl_pipeline/evol_anal/NO_PAT/testing_evol/major1_event_75/major1_event_75_nucl_reported.fasta -m GTRGAMMAIX -n EXEC_NAME -p PARSIMONY_SEED
  > raxml-ng --msa /shared/lab_7/phyl_pipeline/evol_anal/NO_PAT/testing_evol/major1_event_75/major1_event_75_nucl_reported.fasta --model TPM3uf+I+G4
  > paup -s /shared/lab_7/phyl_pipeline/evol_anal/NO_PAT/testing_evol/major1_event_75/major1_event_75_nucl_reported.fasta
  > iqtree -s /shared/lab_7/phyl_pipeline/evol_anal/NO_PAT/testing_evol/major1_event_75/major1_event_75_nucl_reported.fasta -m TPM3uf+I+G4

AIC       model              K            lnL          score          delta    weight
--------------------------------------------------------------------------------
       1  TIM3+I+G4          8     -5077.3451     10196.6902         0.0000    0.5576
       2  GTR+I+G4          10     -5076.4198     10198.8397         2.1495    0.1903
       3  TPM3uf+I+G4        7     -5080.1983     10200.3965         3.7063    0.0874
       4  TIM3+I             7     -5080.6879     10201.3757         4.6855    0.0536
       5  GTR+I              9     -5079.0995     10202.1990         5.5088    0.0355
       6  TVM+I+G4           9     -5079.3222     10202.6444         5.9542    0.0284
       7  TIM3+G4            7     -5081.3679     10202.7358         6.0456    0.0271
       8  GTR+G4             9     -5080.8362     10205.6725         8.9823    0.0062
       9  TPM3uf+I           6     -5084.0231     10206.0462         9.3560    0.0052
      10  TPM3uf+G4          6     -5084.2064     10206.4129         9.7227    0.0043
--------------------------------------------------------------------------------
Best model according to AIC
---------------------------
Model:              TIM3+I+G4
lnL:                -5077.3451
Frequencies:        0.2986 0.1790 0.2078 0.3146
Subst. Rates:       2.0113 2.8567 1.0000 2.0113 1.8481 1.0000 
Inv. sites prop:    0.0518
Gamma shape:        3.1666
Score:              10196.6902
Weight:             0.5576
---------------------------
Parameter importances
---------------------------
P.Inv:              0.0976
Gamma:              0.0385
Gamma-Inv:          0.8638
Frequencies:        1.0000
---------------------------
Model averaged estimates
---------------------------
P.Inv:              0.0804
Alpha:              1.4812
Alpha-P.Inv:        3.1736
P.Inv-Alpha:        0.0529
Frequencies:        0.2992 0.1786 0.2086 0.3137 

Commands:
  > phyml  -i /shared/lab_7/phyl_pipeline/evol_anal/NO_PAT/testing_evol/major1_event_75/major1_event_75_nucl_reported.fasta -m 012032 -f m -v e -a e -c 4 -o tlr
  > raxmlHPC-SSE3 -s /shared/lab_7/phyl_pipeline/evol_anal/NO_PAT/testing_evol/major1_event_75/major1_event_75_nucl_reported.fasta -m GTRGAMMAIX -n EXEC_NAME -p PARSIMONY_SEED
  > raxml-ng --msa /shared/lab_7/phyl_pipeline/evol_anal/NO_PAT/testing_evol/major1_event_75/major1_event_75_nucl_reported.fasta --model TIM3+I+G4
  > paup -s /shared/lab_7/phyl_pipeline/evol_anal/NO_PAT/testing_evol/major1_event_75/major1_event_75_nucl_reported.fasta
  > iqtree -s /shared/lab_7/phyl_pipeline/evol_anal/NO_PAT/testing_evol/major1_event_75/major1_event_75_nucl_reported.fasta -m TIM3+I+G4

AICc      model              K            lnL          score          delta    weight
--------------------------------------------------------------------------------
       1  TIM3+I+G4          8     -5077.3451     10197.6902         0.0000    0.5576
       2  GTR+I+G4          10     -5076.4198     10199.8397         2.1495    0.1903
       3  TPM3uf+I+G4        7     -5080.1983     10201.3965         3.7063    0.0874
       4  TIM3+I             7     -5080.6879     10202.3757         4.6855    0.0536
       5  GTR+I              9     -5079.0995     10203.1990         5.5088    0.0355
       6  TVM+I+G4           9     -5079.3222     10203.6444         5.9542    0.0284
       7  TIM3+G4            7     -5081.3679     10203.7358         6.0456    0.0271
       8  GTR+G4             9     -5080.8362     10206.6725         8.9823    0.0062
       9  TPM3uf+I           6     -5084.0231     10207.0462         9.3560    0.0052
      10  TPM3uf+G4          6     -5084.2064     10207.4129         9.7227    0.0043
--------------------------------------------------------------------------------
Best model according to AICc
---------------------------
Model:              TIM3+I+G4
lnL:                -5077.3451
Frequencies:        0.2986 0.1790 0.2078 0.3146
Subst. Rates:       2.0113 2.8567 1.0000 2.0113 1.8481 1.0000 
Inv. sites prop:    0.0518
Gamma shape:        3.1666
Score:              10197.6902
Weight:             0.5576
---------------------------
Parameter importances
---------------------------
P.Inv:              0.0976
Gamma:              0.0385
Gamma-Inv:          0.8638
Frequencies:        1.0000
---------------------------
Model averaged estimates
---------------------------
P.Inv:              0.0804
Alpha:              1.4812
Alpha-P.Inv:        3.1736
P.Inv-Alpha:        0.0529
Frequencies:        0.2992 0.1786 0.2086 0.3137 

Commands:
  > phyml  -i /shared/lab_7/phyl_pipeline/evol_anal/NO_PAT/testing_evol/major1_event_75/major1_event_75_nucl_reported.fasta -m 012032 -f m -v e -a e -c 4 -o tlr
  > raxmlHPC-SSE3 -s /shared/lab_7/phyl_pipeline/evol_anal/NO_PAT/testing_evol/major1_event_75/major1_event_75_nucl_reported.fasta -m GTRGAMMAIX -n EXEC_NAME -p PARSIMONY_SEED
  > raxml-ng --msa /shared/lab_7/phyl_pipeline/evol_anal/NO_PAT/testing_evol/major1_event_75/major1_event_75_nucl_reported.fasta --model TIM3+I+G4
  > paup -s /shared/lab_7/phyl_pipeline/evol_anal/NO_PAT/testing_evol/major1_event_75/major1_event_75_nucl_reported.fasta
  > iqtree -s /shared/lab_7/phyl_pipeline/evol_anal/NO_PAT/testing_evol/major1_event_75/major1_event_75_nucl_reported.fasta -m TIM3+I+G4
Done
