Using: /root/.etetoolkit/ext_apps-latest/bin/Slr
Using: /root/.etetoolkit/ext_apps-latest/bin/codeml

Running CodeML/Slr (20 CPUs)
  - processing model M0 (M0~8eead59a2f06b2836bd5eab62435c64a)
  - processing model b_free (b_free~66608516c944797328ae09d653e9c230)
       marking branches 2

          ((BT_Cry13Aa1,((BT_Cry14Ab1,BT_Cry14Aa1 #1),NOV_Cry14Ab1_85.6_AXE15628.1)),((NOV_Cry14Aa1_41.1_PGW46198.1,NOV_Cry14Ab1_42.4_PGW46196.1),NOV_Cry14Aa1_44.0_PGW42274.1),NOV_Cry13Aa1_50.1_ANS46780.1);

  - processing model b_neut (b_neut~ab5e27bc0870c1c60005ef6f172f6f0c)
       marking branches 2

          ((BT_Cry13Aa1,((BT_Cry14Ab1,BT_Cry14Aa1 #1),NOV_Cry14Ab1_85.6_AXE15628.1)),((NOV_Cry14Aa1_41.1_PGW46198.1,NOV_Cry14Ab1_42.4_PGW46196.1),NOV_Cry14Aa1_44.0_PGW42274.1),NOV_Cry13Aa1_50.1_ANS46780.1);


LRT

                                         Null model |                             Alternative model | p-value
   =================================================|===============================================|============
                M0~8eead59a2f06b2836bd5eab62435c64a |   b_free.2-1~989a1c598678cabe36792a9a18b35dc7 | 0.015496*
        b_neut.2-1~48795b734e9284419efee8b5188e8c9c |   b_free.2-1~989a1c598678cabe36792a9a18b35dc7 | 0.415210

SUMMARY BY MODEL

 - Model M0
   * Average omega for all tree: 0.212

 - Model b_free.2-1
   * Marked branches
      ((BT_Cry13Aa1,((BT_Cry14Ab1,BT_Cry14Aa1 #1),NOV_Cry14Ab1_85.6_AXE15628.1)),((NOV_Cry14Aa1_41.1_PGW46198.1,NOV_Cry14Ab1_42.4_PGW46196.1),NOV_Cry14Aa1_44.0_PGW42274.1),NOV_Cry13Aa1_50.1_ANS46780.1);

        Branches  =>   omega
      background  =>   0.197
              #1  =>   0.622

 - Model b_neut.2-1
   * Marked branches
      ((BT_Cry13Aa1,((BT_Cry14Ab1,BT_Cry14Aa1 #1),NOV_Cry14Ab1_85.6_AXE15628.1)),((NOV_Cry14Aa1_41.1_PGW46198.1,NOV_Cry14Ab1_42.4_PGW46196.1),NOV_Cry14Aa1_44.0_PGW42274.1),NOV_Cry13Aa1_50.1_ANS46780.1);

        Branches  =>   omega
              #1  =>   1.000
      background  =>   0.195
