Using: /root/.etetoolkit/ext_apps-latest/bin/Slr
Using: /root/.etetoolkit/ext_apps-latest/bin/codeml

Running CodeML/Slr (20 CPUs)
  - processing model M0 (M0~290a1acfaa7a8b065bb0d3c10aef2ee6)
  - processing model b_free (b_free~62e7d0413e0a889d9a140108143ede64)
       marking branches 33, 28, 38, 1, 34, 39, 27, 35, 36, 40, 59, 29, 19, 37, 22, 41, 42, 20, 60, 26, 21, 25, 24, 17, 43, 23, 18, 44, 16, 45, 46, 2, 31, 47, 58, 13, 48, 5, 11, 49, 50, 15, 14, 51, 7, 52, 55, 53, 9, 56, 30, 54, 10, 57, 3, 8, 12, 6, 4, 32

          ((BT_Cry1Ba1 #1,((BT_Cry9Ee1 #1,BT_Cry9Bb1 #1) #1,((BT_Cry9Eb1 #1,BT_Cry9Da1 #1) #1,BT_Cry9Db1 #1) #1) #1) #1,BT_Cry9Ed1 #1,((((BT_Cry9Ea5 #1,BT_Cry9Ea10 #1) #1,(BT_Cry9Aa1 #1,(((BT_Cry1Bb1 #1,NOV_Cry1Ie5_79.3_PQQ47595.1 #1) #1,((BT_Cry1Id1 #1,((BT_Cry1Ie4 #1,BT_Cry1Ie3 #1) #1,(((((BT_Cry1Ib1 #1,BT_Cry1Ic1 #1) #1,BT_Cry1Ib4 #1) #1,BT_Cry1Ib2 #1) #1,(((BT_Cry1Ia26 #1,BT_Cry1Ia12 #1) #1,BT_Cry1Ia11 #1) #1,NOV_Cry1Ia11_96.7_AXE42967.1 #1) #1) #1,BT_Cry1Ia7 #1) #1) #1) #1,(BT_Cry1Ia18 #1,BT_Cry1Ib8 #1) #1) #1) #1,BT_Cry1Jb1 #1) #1) #1) #1,(BT_Cry9Ca1 #1,(BT_Cry9Dc1 #1,BT_Cry9Ba1 #1) #1) #1) #1,BT_Cry9Ec1 #1) #1) #1;

  - processing model b_neut (b_neut~aab7629c9769ee584868ea3311704669)
       marking branches 33, 28, 38, 1, 34, 39, 27, 35, 36, 40, 59, 29, 19, 37, 22, 41, 42, 20, 60, 26, 21, 25, 24, 17, 43, 23, 18, 44, 16, 45, 46, 2, 31, 47, 58, 13, 48, 5, 11, 49, 50, 15, 14, 51, 7, 52, 55, 53, 9, 56, 30, 54, 10, 57, 3, 8, 12, 6, 4, 32

          ((BT_Cry1Ba1 #1,((BT_Cry9Ee1 #1,BT_Cry9Bb1 #1) #1,((BT_Cry9Eb1 #1,BT_Cry9Da1 #1) #1,BT_Cry9Db1 #1) #1) #1) #1,BT_Cry9Ed1 #1,((((BT_Cry9Ea5 #1,BT_Cry9Ea10 #1) #1,(BT_Cry9Aa1 #1,(((BT_Cry1Bb1 #1,NOV_Cry1Ie5_79.3_PQQ47595.1 #1) #1,((BT_Cry1Id1 #1,((BT_Cry1Ie4 #1,BT_Cry1Ie3 #1) #1,(((((BT_Cry1Ib1 #1,BT_Cry1Ic1 #1) #1,BT_Cry1Ib4 #1) #1,BT_Cry1Ib2 #1) #1,(((BT_Cry1Ia26 #1,BT_Cry1Ia12 #1) #1,BT_Cry1Ia11 #1) #1,NOV_Cry1Ia11_96.7_AXE42967.1 #1) #1) #1,BT_Cry1Ia7 #1) #1) #1) #1,(BT_Cry1Ia18 #1,BT_Cry1Ib8 #1) #1) #1) #1,BT_Cry1Jb1 #1) #1) #1) #1,(BT_Cry9Ca1 #1,(BT_Cry9Dc1 #1,BT_Cry9Ba1 #1) #1) #1) #1,BT_Cry9Ec1 #1) #1) #1;


LRT

                                         Null model |                             Alternative model | p-value
   =================================================|===============================================|============
                M0~290a1acfaa7a8b065bb0d3c10aef2ee6 | b_free.33_28~4fd192917dc02ff4df2da5de5327cf7f | 1.000000
      b_neut.33_28~d6b75ff733c4d0684c5bccc91813c768 | b_free.33_28~4fd192917dc02ff4df2da5de5327cf7f | 0.000000**

SUMMARY BY MODEL

 - Model M0
   * Average omega for all tree: 0.337

 - Model b_free.33_28_38_1_34_39_27_35_36_40_59_29_19_37_22_41_42_20_60_26_21_25_24_17_43_23_18_44_16_45_46_2_31_47_58_13_48_5_11_49_50_15_14_51_7_52_55_53_9_56_30_54_10_57_3_8_12_6_4_32-1_1_1_1_1_1_1_1_1_1_1_1_1_1_1_1_1_1_1_1_1_1_1_1_1_1_1_1_1_1_1_1_1_1_1_1_1_1_1_1_1_1_1_1_1_1_1_1_1_1_1_1_1_1_1_1_1_1_1_1
   * Marked branches
      ((BT_Cry1Ba1 #1,((BT_Cry9Ee1 #1,BT_Cry9Bb1 #1) #1,((BT_Cry9Eb1 #1,BT_Cry9Da1 #1) #1,BT_Cry9Db1 #1) #1) #1) #1,BT_Cry9Ed1 #1,((((BT_Cry9Ea5 #1,BT_Cry9Ea10 #1) #1,(BT_Cry9Aa1 #1,(((BT_Cry1Bb1 #1,NOV_Cry1Ie5_79.3_PQQ47595.1 #1) #1,((BT_Cry1Id1 #1,((BT_Cry1Ie4 #1,BT_Cry1Ie3 #1) #1,(((((BT_Cry1Ib1 #1,BT_Cry1Ic1 #1) #1,BT_Cry1Ib4 #1) #1,BT_Cry1Ib2 #1) #1,(((BT_Cry1Ia26 #1,BT_Cry1Ia12 #1) #1,BT_Cry1Ia11 #1) #1,NOV_Cry1Ia11_96.7_AXE42967.1 #1) #1) #1,BT_Cry1Ia7 #1) #1) #1) #1,(BT_Cry1Ia18 #1,BT_Cry1Ib8 #1) #1) #1) #1,BT_Cry1Jb1 #1) #1) #1) #1,(BT_Cry9Ca1 #1,(BT_Cry9Dc1 #1,BT_Cry9Ba1 #1) #1) #1) #1,BT_Cry9Ec1 #1) #1) #1;

        Branches  =>   omega
              #1  =>   0.337

 - Model b_neut.33_28_38_1_34_39_27_35_36_40_59_29_19_37_22_41_42_20_60_26_21_25_24_17_43_23_18_44_16_45_46_2_31_47_58_13_48_5_11_49_50_15_14_51_7_52_55_53_9_56_30_54_10_57_3_8_12_6_4_32-1_1_1_1_1_1_1_1_1_1_1_1_1_1_1_1_1_1_1_1_1_1_1_1_1_1_1_1_1_1_1_1_1_1_1_1_1_1_1_1_1_1_1_1_1_1_1_1_1_1_1_1_1_1_1_1_1_1_1_1
   * Marked branches
      ((BT_Cry1Ba1 #1,((BT_Cry9Ee1 #1,BT_Cry9Bb1 #1) #1,((BT_Cry9Eb1 #1,BT_Cry9Da1 #1) #1,BT_Cry9Db1 #1) #1) #1) #1,BT_Cry9Ed1 #1,((((BT_Cry9Ea5 #1,BT_Cry9Ea10 #1) #1,(BT_Cry9Aa1 #1,(((BT_Cry1Bb1 #1,NOV_Cry1Ie5_79.3_PQQ47595.1 #1) #1,((BT_Cry1Id1 #1,((BT_Cry1Ie4 #1,BT_Cry1Ie3 #1) #1,(((((BT_Cry1Ib1 #1,BT_Cry1Ic1 #1) #1,BT_Cry1Ib4 #1) #1,BT_Cry1Ib2 #1) #1,(((BT_Cry1Ia26 #1,BT_Cry1Ia12 #1) #1,BT_Cry1Ia11 #1) #1,NOV_Cry1Ia11_96.7_AXE42967.1 #1) #1) #1,BT_Cry1Ia7 #1) #1) #1) #1,(BT_Cry1Ia18 #1,BT_Cry1Ib8 #1) #1) #1) #1,BT_Cry1Jb1 #1) #1) #1) #1,(BT_Cry9Ca1 #1,(BT_Cry9Dc1 #1,BT_Cry9Ba1 #1) #1) #1) #1,BT_Cry9Ec1 #1) #1) #1;

        Branches  =>   omega
              #1  =>   1.000
