Using: /root/.etetoolkit/ext_apps-latest/bin/Slr
Using: /root/.etetoolkit/ext_apps-latest/bin/codeml

Running CodeML/Slr (20 CPUs)
  - processing model M0 (M0~e4a9e8b0ab65d6582d077c5ee247b720)
  - processing model bsA (bsA~73fa9a180e4f56b32074a3f2237ca436)
       marking branches 2

          ((NOV_Cry69Ab1_59.2_WP_103591619.1,NOV_Cry69Ab1_58.0_PEU83535.1),NOV_Cry69Aa2_62.7_WP_103591151.1 #1,(((NOV_Cry7Ca1_99.7_ABR67863.2,NOV_Cry7Ca1_86.8_AGM39664.1),NOV_Cry7Ea2_99.9_AFI42038.1),BT_Cry7Cb1));

  - processing model bsA1 (bsA1~4a08d8642973a5fec18e0ce70049eec6)
       marking branches 2

          ((NOV_Cry69Ab1_59.2_WP_103591619.1,NOV_Cry69Ab1_58.0_PEU83535.1),NOV_Cry69Aa2_62.7_WP_103591151.1 #1,(((NOV_Cry7Ca1_99.7_ABR67863.2,NOV_Cry7Ca1_86.8_AGM39664.1),NOV_Cry7Ea2_99.9_AFI42038.1),BT_Cry7Cb1));

  - processing model bsB (bsB~a7599cf007aaee988abfbd163fe9dc6c)
       marking branches 2

          ((NOV_Cry69Ab1_59.2_WP_103591619.1,NOV_Cry69Ab1_58.0_PEU83535.1),NOV_Cry69Aa2_62.7_WP_103591151.1 #1,(((NOV_Cry7Ca1_99.7_ABR67863.2,NOV_Cry7Ca1_86.8_AGM39664.1),NOV_Cry7Ea2_99.9_AFI42038.1),BT_Cry7Cb1));


LRT

                                         Null model |                             Alternative model | p-value
   =================================================|===============================================|============
                M0~e4a9e8b0ab65d6582d077c5ee247b720 |      bsA.2-1~8e7b74f921b74a58bff4b76e1c06ca9c | 0.000000**
                M0~e4a9e8b0ab65d6582d077c5ee247b720 |     bsA1.2-1~db881d5be1599622e484fb6bcd6a66dd | 0.000000**
                M0~e4a9e8b0ab65d6582d077c5ee247b720 |      bsB.2-1~01ea60726b2db60938b71c9d15ec3c1c | 0.000000**
           bsA.2-1~8e7b74f921b74a58bff4b76e1c06ca9c |      bsB.2-1~01ea60726b2db60938b71c9d15ec3c1c | 0.688654
          bsA1.2-1~db881d5be1599622e484fb6bcd6a66dd |      bsA.2-1~8e7b74f921b74a58bff4b76e1c06ca9c | 0.000000**
          bsA1.2-1~db881d5be1599622e484fb6bcd6a66dd |      bsB.2-1~01ea60726b2db60938b71c9d15ec3c1c | 0.000003**

SUMMARY BY MODEL

 - Model M0
   * Average omega for all tree: 0.451

 - Model bsA.2-1
   * Marked branches
      ((NOV_Cry69Ab1_59.2_WP_103591619.1,NOV_Cry69Ab1_58.0_PEU83535.1),NOV_Cry69Aa2_62.7_WP_103591151.1 #1,(((NOV_Cry7Ca1_99.7_ABR67863.2,NOV_Cry7Ca1_86.8_AGM39664.1),NOV_Cry7Ea2_99.9_AFI42038.1),BT_Cry7Cb1));

 - Model bsA1.2-1
   * Marked branches
      ((NOV_Cry69Ab1_59.2_WP_103591619.1,NOV_Cry69Ab1_58.0_PEU83535.1),NOV_Cry69Aa2_62.7_WP_103591151.1 #1,(((NOV_Cry7Ca1_99.7_ABR67863.2,NOV_Cry7Ca1_86.8_AGM39664.1),NOV_Cry7Ea2_99.9_AFI42038.1),BT_Cry7Cb1));

 - Model bsB.2-1
   * Marked branches
      ((NOV_Cry69Ab1_59.2_WP_103591619.1,NOV_Cry69Ab1_58.0_PEU83535.1),NOV_Cry69Aa2_62.7_WP_103591151.1 #1,(((NOV_Cry7Ca1_99.7_ABR67863.2,NOV_Cry7Ca1_86.8_AGM39664.1),NOV_Cry7Ea2_99.9_AFI42038.1),BT_Cry7Cb1));
   * Sites significantly caracterized
      codon position |   category
     -----------------------------------------------------------
                 2   |   Conserved (probability > 0.95)
            6-   8   |   Conserved (probability > 0.95)
           12-  14   |   Conserved (probability > 0.95)
                16   |   Conserved (probability > 0.95)
                26   |   Conserved (probability > 0.95)
                28   |   Conserved (probability > 0.95)
                38   |   Conserved (probability > 0.95)
                41   |   Conserved (probability > 0.95)
                42   |   Conserved (probability > 0.99)
                60   |   Positively-selected (probability > 0.95)
                81   |   Conserved (probability > 0.95)
               117   |   Positively-selected (probability > 0.99)
               137   |   Conserved (probability > 0.95)
               149   |   Positively-selected (probability > 0.95)
               172   |   Positively-selected (probability > 0.95)
               185   |   Conserved (probability > 0.95)
               215   |   Conserved (probability > 0.95)
               217   |   Conserved (probability > 0.99)
          218- 219   |   Conserved (probability > 0.95)
               225   |   Conserved (probability > 0.95)
               242   |   Conserved (probability > 0.95)
          246- 247   |   Conserved (probability > 0.95)
               249   |   Conserved (probability > 0.99)
