Using: /root/.etetoolkit/ext_apps-latest/bin/Slr
Using: /root/.etetoolkit/ext_apps-latest/bin/codeml

Running CodeML/Slr (20 CPUs)
  - processing model M0 (M0~e4a9e8b0ab65d6582d077c5ee247b720)
  - processing model b_free (b_free~2cacc47d1a37634ffe546a175a3e9065)
       marking branches 3

          ((NOV_Cry69Ab1_59.2_WP_103591619.1,NOV_Cry69Ab1_58.0_PEU83535.1 #1),NOV_Cry69Aa2_62.7_WP_103591151.1,(((NOV_Cry7Ca1_99.7_ABR67863.2,NOV_Cry7Ca1_86.8_AGM39664.1),NOV_Cry7Ea2_99.9_AFI42038.1),BT_Cry7Cb1));

  - processing model b_neut (b_neut~8e29cf36a7bf66b5e8509147e7d616dd)
       marking branches 3

          ((NOV_Cry69Ab1_59.2_WP_103591619.1,NOV_Cry69Ab1_58.0_PEU83535.1 #1),NOV_Cry69Aa2_62.7_WP_103591151.1,(((NOV_Cry7Ca1_99.7_ABR67863.2,NOV_Cry7Ca1_86.8_AGM39664.1),NOV_Cry7Ea2_99.9_AFI42038.1),BT_Cry7Cb1));


LRT

                                         Null model |                             Alternative model | p-value
   =================================================|===============================================|============
                M0~e4a9e8b0ab65d6582d077c5ee247b720 |   b_free.3-1~2f17d500e059e8f8dfe766c39f0cb5b3 | 0.060970
        b_neut.3-1~a4a7adb2c8add5dc12abe4d5b4779d83 |   b_free.3-1~2f17d500e059e8f8dfe766c39f0cb5b3 | 0.315033

SUMMARY BY MODEL

 - Model M0
   * Average omega for all tree: 0.451

 - Model b_free.3-1
   * Marked branches
      ((NOV_Cry69Ab1_59.2_WP_103591619.1,NOV_Cry69Ab1_58.0_PEU83535.1 #1),NOV_Cry69Aa2_62.7_WP_103591151.1,(((NOV_Cry7Ca1_99.7_ABR67863.2,NOV_Cry7Ca1_86.8_AGM39664.1),NOV_Cry7Ea2_99.9_AFI42038.1),BT_Cry7Cb1));

        Branches  =>   omega
      background  =>   0.399
              #1  =>   0.733

 - Model b_neut.3-1
   * Marked branches
      ((NOV_Cry69Ab1_59.2_WP_103591619.1,NOV_Cry69Ab1_58.0_PEU83535.1 #1),NOV_Cry69Aa2_62.7_WP_103591151.1,(((NOV_Cry7Ca1_99.7_ABR67863.2,NOV_Cry7Ca1_86.8_AGM39664.1),NOV_Cry7Ea2_99.9_AFI42038.1),BT_Cry7Cb1));

        Branches  =>   omega
      background  =>   0.392
              #1  =>   1.000
