--------------------------------------------------------------------------------
ModelTest-NG v0.1.7

Input data:
  MSA:        /shared/lab_7/phyl_pipeline/evol_anal/NO_PAT/testing_evol/minor_event_74/minor_event_74_nucl_reported.fasta
  Tree:       Maximum likelihood
    file:           -
  #taxa:            8
  #sites:           477
  #patterns:        354
  Max. thread mem:  1 MB

Output:
  Log:           /shared/lab_7/phyl_pipeline/evol_anal/NO_PAT/testing_evol/minor_event_74/minor_event_74_nucl_reported.fasta.log
  Starting tree: /shared/lab_7/phyl_pipeline/evol_anal/NO_PAT/testing_evol/minor_event_74/minor_event_74_nucl_reported.fasta.tree
  Results:       /shared/lab_7/phyl_pipeline/evol_anal/NO_PAT/testing_evol/minor_event_74/minor_event_74_nucl_reported.fasta.out

Selection options:
  # dna schemes:      11
  # dna models:       88
  include model parameters:
    Uniform:         true
    p-inv (+I):      true
    gamma (+G):      true
    both (+I+G):     true
    free rates (+R): false
    fixed freqs:     true
    estimated freqs: true
    #categories:     4
  gamma rates mode:   mean
  asc bias:           none
  epsilon (opt):      0.01
  epsilon (par):      0.05
  keep branches:      false

Additional options:
  verbosity:        very low
  threads:          1/36
  RNG seed:         12345
  subtree repeats:  enabled
--------------------------------------------------------------------------------

BIC       model              K            lnL          score          delta    weight
--------------------------------------------------------------------------------
       1  TPM3uf+G4          6     -3072.2722      6261.7272         0.0000    0.2276
       2  HKY+G4             5     -3075.8216      6262.6586         0.9314    0.1428
       3  TrN+I              6     -3072.7818      6262.7464         1.0192    0.1367
       4  HKY+I              5     -3076.3005      6263.6162         1.8891    0.0885
       5  TIM3+G4            7     -3070.4011      6264.1526         2.4254    0.0677
       6  TrN+G4             6     -3073.8388      6264.8604         3.1333    0.0475
       7  HKY+I+G4           6     -3074.0048      6265.1924         3.4652    0.0402
       8  TrN+I+G4           7     -3070.9651      6265.2806         3.5534    0.0385
       9  TIM3+I             7     -3071.0428      6265.4360         3.7089    0.0356
      10  TPM3uf+I+G4        7     -3071.1179      6265.5861         3.8589    0.0331
--------------------------------------------------------------------------------
Best model according to BIC
---------------------------
Model:              TPM3uf+G4
lnL:                -3072.2722
Frequencies:        0.3637 0.1612 0.1705 0.3046
Subst. Rates:       1.8104 2.0981 1.0000 1.8104 2.0981 1.0000 
Inv. sites prop:    -
Gamma shape:        1.1833
Score:              6261.7272
Weight:             0.2276
---------------------------
Parameter importances
---------------------------
P.Inv:              0.3251
Gamma:              0.5275
Gamma-Inv:          0.1474
Frequencies:        1.0000
---------------------------
Model averaged estimates
---------------------------
P.Inv:              0.1155
Alpha:              1.2104
Alpha-P.Inv:        2.6877
P.Inv-Alpha:        0.0725
Frequencies:        0.3610 0.1702 0.1689 0.3000 

Commands:
  > phyml  -i /shared/lab_7/phyl_pipeline/evol_anal/NO_PAT/testing_evol/minor_event_74/minor_event_74_nucl_reported.fasta -m 012012 -f m -v 0 -a e -c 4 -o tlr
  > raxmlHPC-SSE3 -s /shared/lab_7/phyl_pipeline/evol_anal/NO_PAT/testing_evol/minor_event_74/minor_event_74_nucl_reported.fasta -m GTRGAMMAX -n EXEC_NAME -p PARSIMONY_SEED
  > raxml-ng --msa /shared/lab_7/phyl_pipeline/evol_anal/NO_PAT/testing_evol/minor_event_74/minor_event_74_nucl_reported.fasta --model TPM3uf+G4
  > paup -s /shared/lab_7/phyl_pipeline/evol_anal/NO_PAT/testing_evol/minor_event_74/minor_event_74_nucl_reported.fasta
  > iqtree -s /shared/lab_7/phyl_pipeline/evol_anal/NO_PAT/testing_evol/minor_event_74/minor_event_74_nucl_reported.fasta -m TPM3uf+G4

AIC       model              K            lnL          score          delta    weight
--------------------------------------------------------------------------------
       1  TIM3+I+G4          8     -3068.4340      6178.8679         0.0000    0.2806
       2  TIM3+G4            7     -3070.4011      6180.8023         1.9344    0.1067
       3  GTR+I+G4          10     -3067.4883      6180.9767         2.1088    0.0978
       4  TrN+I+G4           7     -3070.9651      6181.9302         3.0623    0.0607
       5  GTR+G4             9     -3069.0298      6182.0595         3.1916    0.0569
       6  TIM3+I             7     -3071.0428      6182.0857         3.2178    0.0562
       7  TPM3uf+I+G4        7     -3071.1179      6182.2357         3.3678    0.0521
       8  TPM3uf+G4          6     -3072.2722      6182.5444         3.6764    0.0446
       9  TIM2+I+G4          8     -3070.5360      6183.0719         4.2040    0.0343
      10  TVM+G4             8     -3070.7192      6183.4385         4.5706    0.0286
--------------------------------------------------------------------------------
Best model according to AIC
---------------------------
Model:              TIM3+I+G4
lnL:                -3068.4340
Frequencies:        0.3563 0.1690 0.1637 0.3110
Subst. Rates:       1.5113 2.4005 1.0000 1.5113 1.3783 1.0000 
Inv. sites prop:    0.0744
Gamma shape:        2.8928
Score:              6178.8679
Weight:             0.2806
---------------------------
Parameter importances
---------------------------
P.Inv:              0.1450
Gamma:              0.2647
Gamma-Inv:          0.5903
Frequencies:        1.0000
---------------------------
Model averaged estimates
---------------------------
P.Inv:              0.1130
Alpha:              1.2628
Alpha-P.Inv:        2.7466
P.Inv-Alpha:        0.0711
Frequencies:        0.3568 0.1696 0.1665 0.3070 

Commands:
  > phyml  -i /shared/lab_7/phyl_pipeline/evol_anal/NO_PAT/testing_evol/minor_event_74/minor_event_74_nucl_reported.fasta -m 012032 -f m -v e -a e -c 4 -o tlr
  > raxmlHPC-SSE3 -s /shared/lab_7/phyl_pipeline/evol_anal/NO_PAT/testing_evol/minor_event_74/minor_event_74_nucl_reported.fasta -m GTRGAMMAIX -n EXEC_NAME -p PARSIMONY_SEED
  > raxml-ng --msa /shared/lab_7/phyl_pipeline/evol_anal/NO_PAT/testing_evol/minor_event_74/minor_event_74_nucl_reported.fasta --model TIM3+I+G4
  > paup -s /shared/lab_7/phyl_pipeline/evol_anal/NO_PAT/testing_evol/minor_event_74/minor_event_74_nucl_reported.fasta
  > iqtree -s /shared/lab_7/phyl_pipeline/evol_anal/NO_PAT/testing_evol/minor_event_74/minor_event_74_nucl_reported.fasta -m TIM3+I+G4

AICc      model              K            lnL          score          delta    weight
--------------------------------------------------------------------------------
       1  TIM3+I+G4          8     -3068.4340      6180.8679         0.0000    0.2196
       2  TIM3+G4            7     -3070.4011      6181.8023         0.9344    0.1377
       3  TrN+I+G4           7     -3070.9651      6182.9302         2.0623    0.0783
       4  GTR+I+G4          10     -3067.4883      6182.9767         2.1088    0.0765
       5  TIM3+I             7     -3071.0428      6183.0857         2.2178    0.0725
       6  TPM3uf+I+G4        7     -3071.1179      6183.2357         2.3678    0.0672
       7  TPM3uf+G4          6     -3072.2722      6183.5444         2.6764    0.0576
       8  GTR+G4             9     -3069.0298      6184.0595         3.1916    0.0445
       9  TrN+I              6     -3072.7818      6184.5636         3.6956    0.0346
      10  TIM2+I+G4          8     -3070.5360      6185.0719         4.2040    0.0268
--------------------------------------------------------------------------------
Best model according to AICc
---------------------------
Model:              TIM3+I+G4
lnL:                -3068.4340
Frequencies:        0.3563 0.1690 0.1637 0.3110
Subst. Rates:       1.5113 2.4005 1.0000 1.5113 1.3783 1.0000 
Inv. sites prop:    0.0744
Gamma shape:        2.8928
Score:              6180.8679
Weight:             0.2196
---------------------------
Parameter importances
---------------------------
P.Inv:              0.1743
Gamma:              0.2982
Gamma-Inv:          0.5275
Frequencies:        1.0000
---------------------------
Model averaged estimates
---------------------------
P.Inv:              0.1132
Alpha:              1.2620
Alpha-P.Inv:        2.7369
P.Inv-Alpha:        0.0710
Frequencies:        0.3572 0.1698 0.1666 0.3065 

Commands:
  > phyml  -i /shared/lab_7/phyl_pipeline/evol_anal/NO_PAT/testing_evol/minor_event_74/minor_event_74_nucl_reported.fasta -m 012032 -f m -v e -a e -c 4 -o tlr
  > raxmlHPC-SSE3 -s /shared/lab_7/phyl_pipeline/evol_anal/NO_PAT/testing_evol/minor_event_74/minor_event_74_nucl_reported.fasta -m GTRGAMMAIX -n EXEC_NAME -p PARSIMONY_SEED
  > raxml-ng --msa /shared/lab_7/phyl_pipeline/evol_anal/NO_PAT/testing_evol/minor_event_74/minor_event_74_nucl_reported.fasta --model TIM3+I+G4
  > paup -s /shared/lab_7/phyl_pipeline/evol_anal/NO_PAT/testing_evol/minor_event_74/minor_event_74_nucl_reported.fasta
  > iqtree -s /shared/lab_7/phyl_pipeline/evol_anal/NO_PAT/testing_evol/minor_event_74/minor_event_74_nucl_reported.fasta -m TIM3+I+G4
Done
