--------------------------------------------------------------------------------
ModelTest-NG v0.1.7

Input data:
  MSA:        /shared/lab_7/phyl_pipeline/evol_anal/NO_PAT/testing_evol/minor_event_53/minor_event_53_nucl_reported.fasta
  Tree:       Maximum likelihood
    file:           -
  #taxa:            9
  #sites:           456
  #patterns:        342
  Max. thread mem:  1 MB

Output:
  Log:           /shared/lab_7/phyl_pipeline/evol_anal/NO_PAT/testing_evol/minor_event_53/minor_event_53_nucl_reported.fasta.log
  Starting tree: /shared/lab_7/phyl_pipeline/evol_anal/NO_PAT/testing_evol/minor_event_53/minor_event_53_nucl_reported.fasta.tree
  Results:       /shared/lab_7/phyl_pipeline/evol_anal/NO_PAT/testing_evol/minor_event_53/minor_event_53_nucl_reported.fasta.out

Selection options:
  # dna schemes:      11
  # dna models:       88
  include model parameters:
    Uniform:         true
    p-inv (+I):      true
    gamma (+G):      true
    both (+I+G):     true
    free rates (+R): false
    fixed freqs:     true
    estimated freqs: true
    #categories:     4
  gamma rates mode:   mean
  asc bias:           none
  epsilon (opt):      0.01
  epsilon (par):      0.05
  keep branches:      false

Additional options:
  verbosity:        very low
  threads:          1/36
  RNG seed:         12345
  subtree repeats:  enabled
--------------------------------------------------------------------------------

BIC       model              K            lnL          score          delta    weight
--------------------------------------------------------------------------------
       1  TPM3uf+G4          6     -3090.8877      6310.3478         0.0000    0.6296
       2  TIM3+G4            7     -3089.0811      6312.8570         2.5092    0.1796
       3  TPM3uf+I+G4        7     -3089.9872      6314.6693         4.3215    0.0726
       4  HKY+G4             5     -3096.7810      6316.0119         5.6641    0.0371
       5  TrN+G4             6     -3094.2937      6317.1597         6.8119    0.0209
       6  TIM3+I+G4          8     -3088.7404      6318.2981         7.9503    0.0118
       7  HKY+I+G4           6     -3095.0999      6318.7721         8.4243    0.0093
       8  TrN+I+G4           7     -3092.3399      6319.3747         9.0269    0.0069
       9  F81+G4             4     -3101.5317      6319.3907         9.0429    0.0068
      10  TPM2uf+G4          6     -3095.9232      6320.4188        10.0709    0.0041
--------------------------------------------------------------------------------
Best model according to BIC
---------------------------
Model:              TPM3uf+G4
lnL:                -3090.8877
Frequencies:        0.3422 0.1716 0.1843 0.3020
Subst. Rates:       2.0676 2.1581 1.0000 2.0676 2.1581 1.0000 
Inv. sites prop:    -
Gamma shape:        1.0000
Score:              6310.3478
Weight:             0.6296
---------------------------
Parameter importances
---------------------------
P.Inv:              0.0092
Gamma:              0.8863
Gamma-Inv:          0.1045
Frequencies:        1.0000
---------------------------
Model averaged estimates
---------------------------
P.Inv:              0.1434
Alpha:              1.0012
Alpha-P.Inv:        1.8245
P.Inv-Alpha:        0.0742
Frequencies:        0.3408 0.1742 0.1832 0.3018 

Commands:
  > phyml  -i /shared/lab_7/phyl_pipeline/evol_anal/NO_PAT/testing_evol/minor_event_53/minor_event_53_nucl_reported.fasta -m 012012 -f m -v 0 -a e -c 4 -o tlr
  > raxmlHPC-SSE3 -s /shared/lab_7/phyl_pipeline/evol_anal/NO_PAT/testing_evol/minor_event_53/minor_event_53_nucl_reported.fasta -m GTRGAMMAX -n EXEC_NAME -p PARSIMONY_SEED
  > raxml-ng --msa /shared/lab_7/phyl_pipeline/evol_anal/NO_PAT/testing_evol/minor_event_53/minor_event_53_nucl_reported.fasta --model TPM3uf+G4
  > paup -s /shared/lab_7/phyl_pipeline/evol_anal/NO_PAT/testing_evol/minor_event_53/minor_event_53_nucl_reported.fasta
  > iqtree -s /shared/lab_7/phyl_pipeline/evol_anal/NO_PAT/testing_evol/minor_event_53/minor_event_53_nucl_reported.fasta -m TPM3uf+G4

AIC       model              K            lnL          score          delta    weight
--------------------------------------------------------------------------------
       1  TIM3+G4            7     -3089.0811      6222.1622         0.0000    0.3270
       2  TIM3+I+G4          8     -3088.7404      6223.4808         1.3186    0.1692
       3  TPM3uf+G4          6     -3090.8877      6223.7755         1.6133    0.1460
       4  TPM3uf+I+G4        7     -3089.9872      6223.9744         1.8123    0.1322
       5  GTR+G4             9     -3088.4944      6224.9888         2.8267    0.0796
       6  TVM+G4             8     -3090.1535      6226.3069         4.1448    0.0412
       7  GTR+I+G4          10     -3088.2067      6226.4135         4.2513    0.0390
       8  TVM+I+G4           9     -3089.8861      6227.7722         5.6100    0.0198
       9  TrN+I+G4           7     -3092.3399      6228.6799         6.5177    0.0126
      10  TIM2+I+G4          8     -3091.8902      6229.7803         7.6182    0.0073
--------------------------------------------------------------------------------
Best model according to AIC
---------------------------
Model:              TIM3+G4
lnL:                -3089.0811
Frequencies:        0.3355 0.1772 0.1788 0.3085
Subst. Rates:       1.8999 2.5779 1.0000 1.8999 1.6025 1.0000 
Inv. sites prop:    -
Gamma shape:        1.0000
Score:              6222.1622
Weight:             0.3270
---------------------------
Parameter importances
---------------------------
P.Inv:              0.0047
Gamma:              0.6061
Gamma-Inv:          0.3892
Frequencies:        1.0000
---------------------------
Model averaged estimates
---------------------------
P.Inv:              0.1412
Alpha:              1.0002
Alpha-P.Inv:        1.4398
P.Inv-Alpha:        0.0484
Frequencies:        0.3372 0.1759 0.1813 0.3056 

Commands:
  > phyml  -i /shared/lab_7/phyl_pipeline/evol_anal/NO_PAT/testing_evol/minor_event_53/minor_event_53_nucl_reported.fasta -m 012032 -f m -v 0 -a e -c 4 -o tlr
  > raxmlHPC-SSE3 -s /shared/lab_7/phyl_pipeline/evol_anal/NO_PAT/testing_evol/minor_event_53/minor_event_53_nucl_reported.fasta -m GTRGAMMAX -n EXEC_NAME -p PARSIMONY_SEED
  > raxml-ng --msa /shared/lab_7/phyl_pipeline/evol_anal/NO_PAT/testing_evol/minor_event_53/minor_event_53_nucl_reported.fasta --model TIM3+G4
  > paup -s /shared/lab_7/phyl_pipeline/evol_anal/NO_PAT/testing_evol/minor_event_53/minor_event_53_nucl_reported.fasta
  > iqtree -s /shared/lab_7/phyl_pipeline/evol_anal/NO_PAT/testing_evol/minor_event_53/minor_event_53_nucl_reported.fasta -m TIM3+G4

AICc      model              K            lnL          score          delta    weight
--------------------------------------------------------------------------------
       1  TIM3+G4            7     -3089.0811      6224.1622         0.0000    0.3319
       2  TIM3+I+G4          8     -3088.7404      6225.4808         1.3186    0.1716
       3  TPM3uf+G4          6     -3090.8877      6225.7755         1.6133    0.1481
       4  TPM3uf+I+G4        7     -3089.9872      6225.9744         1.8123    0.1341
       5  GTR+G4             9     -3088.4944      6226.9888         2.8267    0.0808
       6  TVM+G4             8     -3090.1535      6228.3069         4.1448    0.0418
       7  GTR+I+G4          10     -3088.2067      6229.4135         5.2513    0.0240
       8  TVM+I+G4           9     -3089.8861      6229.7722         5.6100    0.0201
       9  TrN+I+G4           7     -3092.3399      6230.6799         6.5177    0.0128
      10  TIM2+I+G4          8     -3091.8902      6231.7803         7.6182    0.0074
--------------------------------------------------------------------------------
Best model according to AICc
---------------------------
Model:              TIM3+G4
lnL:                -3089.0811
Frequencies:        0.3355 0.1772 0.1788 0.3085
Subst. Rates:       1.8999 2.5779 1.0000 1.8999 1.6025 1.0000 
Inv. sites prop:    -
Gamma shape:        1.0000
Score:              6224.1622
Weight:             0.3319
---------------------------
Parameter importances
---------------------------
P.Inv:              0.0048
Gamma:              0.6158
Gamma-Inv:          0.3794
Frequencies:        1.0000
---------------------------
Model averaged estimates
---------------------------
P.Inv:              0.1413
Alpha:              1.0002
Alpha-P.Inv:        1.4538
P.Inv-Alpha:        0.0494
Frequencies:        0.3373 0.1759 0.1813 0.3055 

Commands:
  > phyml  -i /shared/lab_7/phyl_pipeline/evol_anal/NO_PAT/testing_evol/minor_event_53/minor_event_53_nucl_reported.fasta -m 012032 -f m -v 0 -a e -c 4 -o tlr
  > raxmlHPC-SSE3 -s /shared/lab_7/phyl_pipeline/evol_anal/NO_PAT/testing_evol/minor_event_53/minor_event_53_nucl_reported.fasta -m GTRGAMMAX -n EXEC_NAME -p PARSIMONY_SEED
  > raxml-ng --msa /shared/lab_7/phyl_pipeline/evol_anal/NO_PAT/testing_evol/minor_event_53/minor_event_53_nucl_reported.fasta --model TIM3+G4
  > paup -s /shared/lab_7/phyl_pipeline/evol_anal/NO_PAT/testing_evol/minor_event_53/minor_event_53_nucl_reported.fasta
  > iqtree -s /shared/lab_7/phyl_pipeline/evol_anal/NO_PAT/testing_evol/minor_event_53/minor_event_53_nucl_reported.fasta -m TIM3+G4
Done
