Using: /root/.etetoolkit/ext_apps-latest/bin/Slr
Using: /root/.etetoolkit/ext_apps-latest/bin/codeml

Running CodeML/Slr (20 CPUs)
  - processing model M0 (M0~b5b18a8b8d05d058c8aa614cd9032e78)
  - processing model M1 (M1~6dec0b7e2bfee682a783eed425a71112)
  - processing model M2 (M2~dcc85a6a4c3d88db2a9a6c7d697cafb6)
  - processing model M3 (M3~4e29f06e91bc0d0586456f30f31d8b55)
  - processing model M7 (M7~dac94a2890a3091a6310575740e99986)
  - processing model M8 (M8~32d945b279385a5799e53e2873138dd9)

LRT

                                         Null model |                             Alternative model | p-value
   =================================================|===============================================|============
                M0~b5b18a8b8d05d058c8aa614cd9032e78 |           M1~6dec0b7e2bfee682a783eed425a71112 | 0.000000**
                M0~b5b18a8b8d05d058c8aa614cd9032e78 |           M2~dcc85a6a4c3d88db2a9a6c7d697cafb6 | 0.000000**
                M0~b5b18a8b8d05d058c8aa614cd9032e78 |           M3~4e29f06e91bc0d0586456f30f31d8b55 | 0.000000**
                M0~b5b18a8b8d05d058c8aa614cd9032e78 |           M7~dac94a2890a3091a6310575740e99986 | 0.000000**
                M0~b5b18a8b8d05d058c8aa614cd9032e78 |           M8~32d945b279385a5799e53e2873138dd9 | 0.000000**
                M1~6dec0b7e2bfee682a783eed425a71112 |           M2~dcc85a6a4c3d88db2a9a6c7d697cafb6 | 1.000000
                M1~6dec0b7e2bfee682a783eed425a71112 |           M3~4e29f06e91bc0d0586456f30f31d8b55 | 0.000000**
                M1~6dec0b7e2bfee682a783eed425a71112 |           M8~32d945b279385a5799e53e2873138dd9 | 0.000000**
                M2~dcc85a6a4c3d88db2a9a6c7d697cafb6 |           M3~4e29f06e91bc0d0586456f30f31d8b55 | 0.000000**
                M7~dac94a2890a3091a6310575740e99986 |           M2~dcc85a6a4c3d88db2a9a6c7d697cafb6 | 1.000000
                M7~dac94a2890a3091a6310575740e99986 |           M3~4e29f06e91bc0d0586456f30f31d8b55 | 0.438215
                M7~dac94a2890a3091a6310575740e99986 |           M8~32d945b279385a5799e53e2873138dd9 | 0.317142
                M8~32d945b279385a5799e53e2873138dd9 |           M3~4e29f06e91bc0d0586456f30f31d8b55 | 0.519416

SUMMARY BY MODEL

 - Model M0
   * Average omega for all tree: 0.179

 - Model M1
   * Average omega for all tree: 0.309
   * Sites significantly caracterized
      codon position |   category
     -----------------------------------------------------------
                 1   |   Relaxed (probability > 0.95)
                 2   |   Relaxed (probability > 0.99)
                 7   |   Relaxed (probability > 0.95)
                13   |   Relaxed (probability > 0.99)
           14-  15   |   Relaxed (probability > 0.95)
                16   |   Relaxed (probability > 0.99)
           17-  18   |   Relaxed (probability > 0.95)
                19   |   Relaxed (probability > 0.99)
                21   |   Relaxed (probability > 0.99)
           22-  23   |   Relaxed (probability > 0.95)
           24-  25   |   Relaxed (probability > 0.99)
                26   |   Relaxed (probability > 0.95)
           27-  30   |   Relaxed (probability > 0.99)
                32   |   Relaxed (probability > 0.95)
                34   |   Relaxed (probability > 0.99)
           35-  36   |   Relaxed (probability > 0.95)
                37   |   Relaxed (probability > 0.99)
                39   |   Relaxed (probability > 0.99)
                41   |   Relaxed (probability > 0.99)
                42   |   Relaxed (probability > 0.95)
                45   |   Relaxed (probability > 0.99)
                46   |   Relaxed (probability > 0.95)
                48   |   Relaxed (probability > 0.95)
                49   |   Relaxed (probability > 0.99)
           51-  55   |   Relaxed (probability > 0.99)
           59-  61   |   Relaxed (probability > 0.99)
                63   |   Relaxed (probability > 0.99)
           64-  65   |   Relaxed (probability > 0.95)
                66   |   Relaxed (probability > 0.99)
                69   |   Relaxed (probability > 0.99)
                70   |   Relaxed (probability > 0.95)
                74   |   Relaxed (probability > 0.99)
                75   |   Relaxed (probability > 0.95)
           77-  78   |   Relaxed (probability > 0.99)
                80   |   Relaxed (probability > 0.95)
                81   |   Relaxed (probability > 0.99)
           85-  86   |   Relaxed (probability > 0.99)
                88   |   Relaxed (probability > 0.95)
           89-  91   |   Relaxed (probability > 0.99)
                92   |   Relaxed (probability > 0.95)
                93   |   Relaxed (probability > 0.99)
           94-  95   |   Relaxed (probability > 0.95)
           96- 101   |   Relaxed (probability > 0.99)
          103- 106   |   Relaxed (probability > 0.99)
               112   |   Relaxed (probability > 0.95)
               113   |   Relaxed (probability > 0.99)
               114   |   Relaxed (probability > 0.95)
          115- 122   |   Relaxed (probability > 0.99)
               123   |   Relaxed (probability > 0.95)
               124   |   Relaxed (probability > 0.99)
               125   |   Relaxed (probability > 0.95)
          126- 128   |   Relaxed (probability > 0.99)
          130- 137   |   Relaxed (probability > 0.99)
               138   |   Relaxed (probability > 0.95)
          139- 140   |   Relaxed (probability > 0.99)
               141   |   Relaxed (probability > 0.95)
          142- 145   |   Relaxed (probability > 0.99)
          149- 150   |   Relaxed (probability > 0.95)
               153   |   Relaxed (probability > 0.95)
          154- 155   |   Relaxed (probability > 0.99)
               156   |   Relaxed (probability > 0.95)
          157- 158   |   Relaxed (probability > 0.99)
               159   |   Relaxed (probability > 0.95)
          160- 165   |   Relaxed (probability > 0.99)
          168- 172   |   Relaxed (probability > 0.99)
               173   |   Relaxed (probability > 0.95)
               174   |   Relaxed (probability > 0.99)
               176   |   Relaxed (probability > 0.99)
               177   |   Relaxed (probability > 0.95)
               178   |   Relaxed (probability > 0.99)
               182   |   Relaxed (probability > 0.99)
               183   |   Relaxed (probability > 0.95)
               184   |   Relaxed (probability > 0.99)
               185   |   Relaxed (probability > 0.95)
          186- 187   |   Relaxed (probability > 0.99)
          190- 192   |   Relaxed (probability > 0.99)
               194   |   Relaxed (probability > 0.99)
          197- 200   |   Relaxed (probability > 0.99)
               202   |   Relaxed (probability > 0.95)
          203- 205   |   Relaxed (probability > 0.99)

 - Model M2
   * Average omega for all tree: 0.309
   * Sites significantly caracterized
      codon position |   category
     -----------------------------------------------------------
                 1   |   Conserved (probability > 0.95)
                 2   |   Conserved (probability > 0.99)
                 7   |   Conserved (probability > 0.95)
                10   |   Conserved (probability > 0.95)
           13-  15   |   Conserved (probability > 0.99)
           17-  18   |   Conserved (probability > 0.95)
                19   |   Conserved (probability > 0.99)
           21-  25   |   Conserved (probability > 0.99)
                26   |   Conserved (probability > 0.95)
           27-  30   |   Conserved (probability > 0.99)
                32   |   Conserved (probability > 0.95)
           34-  37   |   Conserved (probability > 0.99)
                39   |   Conserved (probability > 0.99)
                40   |   Conserved (probability > 0.95)
           41-  42   |   Conserved (probability > 0.99)
                44   |   Conserved (probability > 0.95)
                45   |   Conserved (probability > 0.99)
           46-  47   |   Conserved (probability > 0.95)
                49   |   Conserved (probability > 0.99)
                51   |   Conserved (probability > 0.99)
           53-  55   |   Conserved (probability > 0.99)
           59-  60   |   Conserved (probability > 0.99)
           63-  64   |   Conserved (probability > 0.99)
                66   |   Conserved (probability > 0.99)
                67   |   Conserved (probability > 0.95)
                69   |   Conserved (probability > 0.99)
                70   |   Conserved (probability > 0.95)
           72-  73   |   Conserved (probability > 0.95)
           74-  75   |   Conserved (probability > 0.99)
           77-  78   |   Conserved (probability > 0.99)
                79   |   Conserved (probability > 0.95)
                81   |   Conserved (probability > 0.99)
           85-  86   |   Conserved (probability > 0.99)
           89-  90   |   Conserved (probability > 0.99)
                93   |   Conserved (probability > 0.99)
                94   |   Conserved (probability > 0.95)
           97- 101   |   Conserved (probability > 0.99)
          103- 106   |   Conserved (probability > 0.99)
               108   |   Conserved (probability > 0.95)
          113- 114   |   Conserved (probability > 0.99)
          116- 128   |   Conserved (probability > 0.99)
          130- 137   |   Conserved (probability > 0.99)
               138   |   Conserved (probability > 0.95)
          139- 140   |   Conserved (probability > 0.99)
               142   |   Conserved (probability > 0.99)
          144- 145   |   Conserved (probability > 0.99)
          149- 150   |   Conserved (probability > 0.95)
          153- 154   |   Conserved (probability > 0.99)
               157   |   Conserved (probability > 0.99)
          160- 165   |   Conserved (probability > 0.99)
          168- 169   |   Conserved (probability > 0.99)
          171- 172   |   Conserved (probability > 0.99)
          176- 178   |   Conserved (probability > 0.99)
               182   |   Conserved (probability > 0.99)
               183   |   Conserved (probability > 0.95)
          185- 187   |   Conserved (probability > 0.99)
          190- 192   |   Conserved (probability > 0.99)
               193   |   Conserved (probability > 0.95)
               194   |   Conserved (probability > 0.99)
          195- 196   |   Conserved (probability > 0.95)
          197- 200   |   Conserved (probability > 0.99)
          201- 202   |   Conserved (probability > 0.95)
          203- 205   |   Conserved (probability > 0.99)
               206   |   Conserved (probability > 0.95)

 - Model M3
   * Average omega for all tree: 0.229
   * Sites significantly caracterized
      codon position |   category
     -----------------------------------------------------------
                 3   |   Relaxed (probability > 0.95)
            5-   6   |   Relaxed (probability > 0.95)
                 8   |   Relaxed (probability > 0.99)
                 9   |   Relaxed (probability > 0.95)
                12   |   Relaxed (probability > 0.99)
                20   |   Relaxed (probability > 0.99)
                25   |   Relaxed (probability > 0.95)
           28-  29   |   Relaxed (probability > 0.95)
                31   |   Relaxed (probability > 0.99)
                33   |   Relaxed (probability > 0.99)
                34   |   Relaxed (probability > 0.95)
                38   |   Relaxed (probability > 0.99)
                41   |   Relaxed (probability > 0.95)
                43   |   Relaxed (probability > 0.99)
                45   |   Relaxed (probability > 0.95)
           48-  49   |   Relaxed (probability > 0.95)
                51   |   Relaxed (probability > 0.95)
                55   |   Relaxed (probability > 0.95)
                56   |   Relaxed (probability > 0.99)
                57   |   Relaxed (probability > 0.95)
                58   |   Relaxed (probability > 0.99)
           61-  63   |   Relaxed (probability > 0.95)
           65-  66   |   Relaxed (probability > 0.95)
           71-  72   |   Relaxed (probability > 0.95)
                76   |   Relaxed (probability > 0.95)
                78   |   Relaxed (probability > 0.95)
                80   |   Relaxed (probability > 0.95)
           82-  83   |   Relaxed (probability > 0.99)
                84   |   Relaxed (probability > 0.95)
                86   |   Relaxed (probability > 0.95)
                87   |   Relaxed (probability > 0.99)
                91   |   Relaxed (probability > 0.99)
                93   |   Relaxed (probability > 0.95)
                95   |   Relaxed (probability > 0.99)
                97   |   Relaxed (probability > 0.95)
               100   |   Relaxed (probability > 0.95)
               102   |   Relaxed (probability > 0.99)
               103   |   Relaxed (probability > 0.95)
          105- 106   |   Relaxed (probability > 0.95)
               107   |   Relaxed (probability > 0.99)
               110   |   Relaxed (probability > 0.95)
          111- 112   |   Relaxed (probability > 0.99)
          116- 117   |   Relaxed (probability > 0.95)
               120   |   Relaxed (probability > 0.95)
               122   |   Relaxed (probability > 0.95)
               124   |   Relaxed (probability > 0.95)
               129   |   Relaxed (probability > 0.99)
          130- 131   |   Relaxed (probability > 0.95)
               134   |   Relaxed (probability > 0.95)
               137   |   Relaxed (probability > 0.95)
               139   |   Relaxed (probability > 0.95)
               141   |   Relaxed (probability > 0.95)
               145   |   Relaxed (probability > 0.95)
               147   |   Relaxed (probability > 0.99)
               148   |   Relaxed (probability > 0.95)
          151- 152   |   Relaxed (probability > 0.99)
          156- 157   |   Relaxed (probability > 0.95)
          159- 160   |   Relaxed (probability > 0.95)
          162- 163   |   Relaxed (probability > 0.95)
          166- 167   |   Relaxed (probability > 0.99)
          168- 170   |   Relaxed (probability > 0.95)
               173   |   Relaxed (probability > 0.95)
               175   |   Relaxed (probability > 0.95)
               178   |   Relaxed (probability > 0.95)
          179- 181   |   Relaxed (probability > 0.99)
               182   |   Relaxed (probability > 0.95)
               189   |   Relaxed (probability > 0.95)
               191   |   Relaxed (probability > 0.95)
               199   |   Relaxed (probability > 0.95)

 - Model M7
   * Average omega for all tree: 0.217

 - Model M8
   * Average omega for all tree: 0.233
