Using: /root/.etetoolkit/ext_apps-latest/bin/Slr
Using: /root/.etetoolkit/ext_apps-latest/bin/codeml

Running CodeML/Slr (20 CPUs)
  - processing model M0 (M0~8c041123143bdef112a279d99c8073a6)
  - processing model b_free (b_free~495243028a23f5fe644c192f3ea09b92)
       marking branches 9

          ((NOV_Cry40Da1_77.3_ARJ25823.1,(((BT_Cry40Aa1,(((BT_Cry24Da1,BT_Cry52Ba1),(NOV_Cry40Da1_65.0_CAH33957.1 #1,BT_Cry44Aa1)),BT_Cry52Aa1)),BT_Cry40Ca1),BT_Cry52Ca1)),NOV_Cry40Da1_81.5_AIN76756.1,(NOV_Cry40Da1_66.9_PEU78339.1,BT_Cry40Da1));

  - processing model b_neut (b_neut~ee786f313ebddf61a45db9dd6a163775)
       marking branches 9

          ((NOV_Cry40Da1_77.3_ARJ25823.1,(((BT_Cry40Aa1,(((BT_Cry24Da1,BT_Cry52Ba1),(NOV_Cry40Da1_65.0_CAH33957.1 #1,BT_Cry44Aa1)),BT_Cry52Aa1)),BT_Cry40Ca1),BT_Cry52Ca1)),NOV_Cry40Da1_81.5_AIN76756.1,(NOV_Cry40Da1_66.9_PEU78339.1,BT_Cry40Da1));


LRT

                                         Null model |                             Alternative model | p-value
   =================================================|===============================================|============
                M0~8c041123143bdef112a279d99c8073a6 |   b_free.9-1~1dc07628665f8b1c8325cfbc732f58c4 | 0.480629
        b_neut.9-1~143c55d898eb52b952e3203daf307402 |   b_free.9-1~1dc07628665f8b1c8325cfbc732f58c4 | 0.067787

SUMMARY BY MODEL

 - Model M0
   * Average omega for all tree: 0.626

 - Model b_free.9-1
   * Marked branches
      ((NOV_Cry40Da1_77.3_ARJ25823.1,(((BT_Cry40Aa1,(((BT_Cry24Da1,BT_Cry52Ba1),(NOV_Cry40Da1_65.0_CAH33957.1 #1,BT_Cry44Aa1)),BT_Cry52Aa1)),BT_Cry40Ca1),BT_Cry52Ca1)),NOV_Cry40Da1_81.5_AIN76756.1,(NOV_Cry40Da1_66.9_PEU78339.1,BT_Cry40Da1));

        Branches  =>   omega
      background  =>   0.639
              #1  =>   0.480

 - Model b_neut.9-1
   * Marked branches
      ((NOV_Cry40Da1_77.3_ARJ25823.1,(((BT_Cry40Aa1,(((BT_Cry24Da1,BT_Cry52Ba1),(NOV_Cry40Da1_65.0_CAH33957.1 #1,BT_Cry44Aa1)),BT_Cry52Aa1)),BT_Cry40Ca1),BT_Cry52Ca1)),NOV_Cry40Da1_81.5_AIN76756.1,(NOV_Cry40Da1_66.9_PEU78339.1,BT_Cry40Da1));

        Branches  =>   omega
              #1  =>   1.000
      background  =>   0.635
