Using: /root/.etetoolkit/ext_apps-latest/bin/Slr
Using: /root/.etetoolkit/ext_apps-latest/bin/codeml

Running CodeML/Slr (20 CPUs)
  - processing model M0 (M0~74617396bd7717ab22c77312e283daa1)
  - processing model b_free (b_free~8d83cbe34dbc1127755c8fe1a03b8f21)
       marking branches 22

          (((BT_Cry1Ac33,(NOV_Cry1Ac11_99.8_ACB05715.1,(NOV_Cry1Ac23_90.7_CAQ03747.1,BT_Cry1Ac25))),(NOV_Cry1Ac5_99.7_ADD12104.1,(((((((NOV_Cry1Ab12_91.4_AAK14338.1,BT_Cry1Af1),BT_Cry1Ab2),BT_Cry1Ab12),BT_Cry1Ab33),(BT_Cry1A-like,(NOV_Cry1Ea10_93.2_AAX86871.1,(BT_Cry1Eb1,BT_Cry1Ea10)))),NOV_Cry1Ab32_92.7_AAK14337.1),(BT_Cry1Aa24,(BT_Cry1Aa10,(((NOV_Cry1Aa12_99.9_OUA40850.1,BT_Cry1Ai1),NOV_Cry1Aa11_99.8_ADD14591.1),(BT_Cry1Aa21,BT_Cry1Ag1))))))),(((BT_Cry1Ah2,NOV_Cry1Ad2_87.7_AIW52617.1),(((((BT_Cry1La1,(BT_Cry1Ga2,NOV_Cry1Ga1_77.9_AX098669.1)),BT_Cry1Gb1),((BT_Cry1Ha1,(BT_Cry1Hb1,NOV_Cry1Ha1_85.7_AIW52616.1)),NOV_Cry1Da1_84.8_ABK35074.1)),(BT_Cry1Fb1 #1,BT_Cry1Fa1)),((BT_Cry1Db1,NOV_Cry1Da1_83.2_AIW52615.1),BT_Cry1Da1))),(BT_Cry1Ab34,(BT_Cry1Ad1,NOV_Cry1Ae1_99.9_WP_063676659.1))),BT_Cry1Ac39);

  - processing model b_neut (b_neut~2e1420851a5b10d465d7f9acb1c1ddbc)
       marking branches 22

          (((BT_Cry1Ac33,(NOV_Cry1Ac11_99.8_ACB05715.1,(NOV_Cry1Ac23_90.7_CAQ03747.1,BT_Cry1Ac25))),(NOV_Cry1Ac5_99.7_ADD12104.1,(((((((NOV_Cry1Ab12_91.4_AAK14338.1,BT_Cry1Af1),BT_Cry1Ab2),BT_Cry1Ab12),BT_Cry1Ab33),(BT_Cry1A-like,(NOV_Cry1Ea10_93.2_AAX86871.1,(BT_Cry1Eb1,BT_Cry1Ea10)))),NOV_Cry1Ab32_92.7_AAK14337.1),(BT_Cry1Aa24,(BT_Cry1Aa10,(((NOV_Cry1Aa12_99.9_OUA40850.1,BT_Cry1Ai1),NOV_Cry1Aa11_99.8_ADD14591.1),(BT_Cry1Aa21,BT_Cry1Ag1))))))),(((BT_Cry1Ah2,NOV_Cry1Ad2_87.7_AIW52617.1),(((((BT_Cry1La1,(BT_Cry1Ga2,NOV_Cry1Ga1_77.9_AX098669.1)),BT_Cry1Gb1),((BT_Cry1Ha1,(BT_Cry1Hb1,NOV_Cry1Ha1_85.7_AIW52616.1)),NOV_Cry1Da1_84.8_ABK35074.1)),(BT_Cry1Fb1 #1,BT_Cry1Fa1)),((BT_Cry1Db1,NOV_Cry1Da1_83.2_AIW52615.1),BT_Cry1Da1))),(BT_Cry1Ab34,(BT_Cry1Ad1,NOV_Cry1Ae1_99.9_WP_063676659.1))),BT_Cry1Ac39);


LRT

                                         Null model |                             Alternative model | p-value
   =================================================|===============================================|============
                M0~74617396bd7717ab22c77312e283daa1 |  b_free.22-1~9f441a783e8788dc2dde081e7211b7c3 | 0.125711
       b_neut.22-1~764f82b7231287ff60ae396f377ed416 |  b_free.22-1~9f441a783e8788dc2dde081e7211b7c3 | 0.004323**

SUMMARY BY MODEL

 - Model M0
   * Average omega for all tree: 0.202

 - Model b_free.22-1
   * Marked branches
      (((BT_Cry1Ac33,(NOV_Cry1Ac11_99.8_ACB05715.1,(NOV_Cry1Ac23_90.7_CAQ03747.1,BT_Cry1Ac25))),(NOV_Cry1Ac5_99.7_ADD12104.1,(((((((NOV_Cry1Ab12_91.4_AAK14338.1,BT_Cry1Af1),BT_Cry1Ab2),BT_Cry1Ab12),BT_Cry1Ab33),(BT_Cry1A-like,(NOV_Cry1Ea10_93.2_AAX86871.1,(BT_Cry1Eb1,BT_Cry1Ea10)))),NOV_Cry1Ab32_92.7_AAK14337.1),(BT_Cry1Aa24,(BT_Cry1Aa10,(((NOV_Cry1Aa12_99.9_OUA40850.1,BT_Cry1Ai1),NOV_Cry1Aa11_99.8_ADD14591.1),(BT_Cry1Aa21,BT_Cry1Ag1))))))),(((BT_Cry1Ah2,NOV_Cry1Ad2_87.7_AIW52617.1),(((((BT_Cry1La1,(BT_Cry1Ga2,NOV_Cry1Ga1_77.9_AX098669.1)),BT_Cry1Gb1),((BT_Cry1Ha1,(BT_Cry1Hb1,NOV_Cry1Ha1_85.7_AIW52616.1)),NOV_Cry1Da1_84.8_ABK35074.1)),(BT_Cry1Fb1 #1,BT_Cry1Fa1)),((BT_Cry1Db1,NOV_Cry1Da1_83.2_AIW52615.1),BT_Cry1Da1))),(BT_Cry1Ab34,(BT_Cry1Ad1,NOV_Cry1Ae1_99.9_WP_063676659.1))),BT_Cry1Ac39);

        Branches  =>   omega
      background  =>   0.204
              #1  =>   0.062

 - Model b_neut.22-1
   * Marked branches
      (((BT_Cry1Ac33,(NOV_Cry1Ac11_99.8_ACB05715.1,(NOV_Cry1Ac23_90.7_CAQ03747.1,BT_Cry1Ac25))),(NOV_Cry1Ac5_99.7_ADD12104.1,(((((((NOV_Cry1Ab12_91.4_AAK14338.1,BT_Cry1Af1),BT_Cry1Ab2),BT_Cry1Ab12),BT_Cry1Ab33),(BT_Cry1A-like,(NOV_Cry1Ea10_93.2_AAX86871.1,(BT_Cry1Eb1,BT_Cry1Ea10)))),NOV_Cry1Ab32_92.7_AAK14337.1),(BT_Cry1Aa24,(BT_Cry1Aa10,(((NOV_Cry1Aa12_99.9_OUA40850.1,BT_Cry1Ai1),NOV_Cry1Aa11_99.8_ADD14591.1),(BT_Cry1Aa21,BT_Cry1Ag1))))))),(((BT_Cry1Ah2,NOV_Cry1Ad2_87.7_AIW52617.1),(((((BT_Cry1La1,(BT_Cry1Ga2,NOV_Cry1Ga1_77.9_AX098669.1)),BT_Cry1Gb1),((BT_Cry1Ha1,(BT_Cry1Hb1,NOV_Cry1Ha1_85.7_AIW52616.1)),NOV_Cry1Da1_84.8_ABK35074.1)),(BT_Cry1Fb1 #1,BT_Cry1Fa1)),((BT_Cry1Db1,NOV_Cry1Da1_83.2_AIW52615.1),BT_Cry1Da1))),(BT_Cry1Ab34,(BT_Cry1Ad1,NOV_Cry1Ae1_99.9_WP_063676659.1))),BT_Cry1Ac39);

        Branches  =>   omega
              #1  =>   1.000
      background  =>   0.200
