--------------------------------------------------------------------------------
ModelTest-NG v0.1.7

Input data:
  MSA:        /shared/lab_7/phyl_pipeline/evol_anal/NO_PAT/testing_evol/major2_event_52/major2_event_52_nucl_reported.fasta
  Tree:       Maximum likelihood
    file:           -
  #taxa:            8
  #sites:           660
  #patterns:        300
  Max. thread mem:  1 MB

Output:
  Log:           /shared/lab_7/phyl_pipeline/evol_anal/NO_PAT/testing_evol/major2_event_52/major2_event_52_nucl_reported.fasta.log
  Starting tree: /shared/lab_7/phyl_pipeline/evol_anal/NO_PAT/testing_evol/major2_event_52/major2_event_52_nucl_reported.fasta.tree
  Results:       /shared/lab_7/phyl_pipeline/evol_anal/NO_PAT/testing_evol/major2_event_52/major2_event_52_nucl_reported.fasta.out

Selection options:
  # dna schemes:      11
  # dna models:       88
  include model parameters:
    Uniform:         true
    p-inv (+I):      true
    gamma (+G):      true
    both (+I+G):     true
    free rates (+R): false
    fixed freqs:     true
    estimated freqs: true
    #categories:     4
  gamma rates mode:   mean
  asc bias:           none
  epsilon (opt):      0.01
  epsilon (par):      0.05
  keep branches:      false

Additional options:
  verbosity:        very low
  threads:          1/36
  RNG seed:         12345
  subtree repeats:  enabled
--------------------------------------------------------------------------------

BIC       model              K            lnL          score          delta    weight
--------------------------------------------------------------------------------
       1  TPM3uf+I           6     -3428.5231      6980.3987         0.0000    0.3928
       2  TIM3+I             7     -3425.5390      6980.9227         0.5240    0.3022
       3  TPM3uf+G4          6     -3429.2370      6981.8265         1.4278    0.1924
       4  TPM3uf+I+G4        7     -3427.2908      6984.4263         4.0276    0.0524
       5  TIM3+G4            7     -3427.7252      6985.2952         4.8965    0.0340
       6  TIM3+I+G4          8     -3424.9595      6986.2560         5.8572    0.0210
       7  TVM+I              8     -3427.6799      6991.6968        11.2980    0.0014
       8  GTR+I              9     -3424.5212      6991.8717        11.4729    0.0013
       9  TVM+G4             8     -3428.1833      6992.7036        12.3048    0.0008
      10  TrN+I              6     -3434.9799      6993.3123        12.9136    0.0006
--------------------------------------------------------------------------------
Best model according to BIC
---------------------------
Model:              TPM3uf+I
lnL:                -3428.5231
Frequencies:        0.3254 0.1663 0.2069 0.3014
Subst. Rates:       2.1285 3.5522 1.0000 2.1285 3.5522 1.0000 
Inv. sites prop:    0.2484
Gamma shape:        -
Score:              6980.3987
Weight:             0.3928
---------------------------
Parameter importances
---------------------------
P.Inv:              0.6988
Gamma:              0.2274
Gamma-Inv:          0.0738
Frequencies:        1.0000
---------------------------
Model averaged estimates
---------------------------
P.Inv:              0.2483
Alpha:              1.0996
Alpha-P.Inv:        5.2587
P.Inv-Alpha:        0.2113
Frequencies:        0.3224 0.1686 0.2037 0.3053 

Commands:
  > phyml  -i /shared/lab_7/phyl_pipeline/evol_anal/NO_PAT/testing_evol/major2_event_52/major2_event_52_nucl_reported.fasta -m 012012 -f m -v e -a 0 -c 1 -o tlr
  > raxmlHPC-SSE3 -s /shared/lab_7/phyl_pipeline/evol_anal/NO_PAT/testing_evol/major2_event_52/major2_event_52_nucl_reported.fasta -c 1 -m GTRCATIX -n EXEC_NAME -p PARSIMONY_SEED
  > raxml-ng --msa /shared/lab_7/phyl_pipeline/evol_anal/NO_PAT/testing_evol/major2_event_52/major2_event_52_nucl_reported.fasta --model TPM3uf+I
  > paup -s /shared/lab_7/phyl_pipeline/evol_anal/NO_PAT/testing_evol/major2_event_52/major2_event_52_nucl_reported.fasta
  > iqtree -s /shared/lab_7/phyl_pipeline/evol_anal/NO_PAT/testing_evol/major2_event_52/major2_event_52_nucl_reported.fasta -m TPM3uf+I

AIC       model              K            lnL          score          delta    weight
--------------------------------------------------------------------------------
       1  TIM3+I             7     -3425.5390      6891.0779         0.0000    0.3349
       2  TIM3+I+G4          8     -3424.9595      6891.9190         0.8410    0.2199
       3  GTR+I              9     -3424.5212      6893.0424         1.9644    0.1254
       4  GTR+I+G4          10     -3423.8068      6893.6136         2.5356    0.0943
       5  TPM3uf+I+G4        7     -3427.2908      6894.5815         3.5036    0.0581
       6  TPM3uf+I           6     -3428.5231      6895.0462         3.9682    0.0461
       7  TIM3+G4            7     -3427.7252      6895.4504         4.3725    0.0376
       8  TPM3uf+G4          6     -3429.2370      6896.4740         5.3960    0.0226
       9  TVM+I+G4           9     -3426.3068      6896.6136         5.5356    0.0210
      10  GTR+G4             9     -3426.5439      6897.0878         6.0099    0.0166
--------------------------------------------------------------------------------
Best model according to AIC
---------------------------
Model:              TIM3+I
lnL:                -3425.5390
Frequencies:        0.3169 0.1749 0.1981 0.3101
Subst. Rates:       2.0109 4.1892 1.0000 2.0109 2.7546 1.0000 
Inv. sites prop:    0.2481
Gamma shape:        -
Score:              6891.0779
Weight:             0.3349
---------------------------
Parameter importances
---------------------------
P.Inv:              0.5210
Gamma:              0.0855
Gamma-Inv:          0.3934
Frequencies:        1.0000
---------------------------
Model averaged estimates
---------------------------
P.Inv:              0.2482
Alpha:              1.0988
Alpha-P.Inv:        6.4461
P.Inv-Alpha:        0.2191
Frequencies:        0.3196 0.1725 0.1987 0.3092 

Commands:
  > phyml  -i /shared/lab_7/phyl_pipeline/evol_anal/NO_PAT/testing_evol/major2_event_52/major2_event_52_nucl_reported.fasta -m 012032 -f m -v e -a 0 -c 1 -o tlr
  > raxmlHPC-SSE3 -s /shared/lab_7/phyl_pipeline/evol_anal/NO_PAT/testing_evol/major2_event_52/major2_event_52_nucl_reported.fasta -c 1 -m GTRCATIX -n EXEC_NAME -p PARSIMONY_SEED
  > raxml-ng --msa /shared/lab_7/phyl_pipeline/evol_anal/NO_PAT/testing_evol/major2_event_52/major2_event_52_nucl_reported.fasta --model TIM3+I
  > paup -s /shared/lab_7/phyl_pipeline/evol_anal/NO_PAT/testing_evol/major2_event_52/major2_event_52_nucl_reported.fasta
  > iqtree -s /shared/lab_7/phyl_pipeline/evol_anal/NO_PAT/testing_evol/major2_event_52/major2_event_52_nucl_reported.fasta -m TIM3+I

AICc      model              K            lnL          score          delta    weight
--------------------------------------------------------------------------------
       1  TIM3+I             7     -3425.5390      6892.0779         0.0000    0.3349
       2  TIM3+I+G4          8     -3424.9595      6892.9190         0.8410    0.2199
       3  GTR+I              9     -3424.5212      6894.0424         1.9644    0.1254
       4  GTR+I+G4          10     -3423.8068      6894.6136         2.5356    0.0943
       5  TPM3uf+I+G4        7     -3427.2908      6895.5815         3.5036    0.0581
       6  TPM3uf+I           6     -3428.5231      6896.0462         3.9682    0.0461
       7  TIM3+G4            7     -3427.7252      6896.4504         4.3725    0.0376
       8  TPM3uf+G4          6     -3429.2370      6897.4740         5.3960    0.0226
       9  TVM+I+G4           9     -3426.3068      6897.6136         5.5356    0.0210
      10  GTR+G4             9     -3426.5439      6898.0878         6.0099    0.0166
--------------------------------------------------------------------------------
Best model according to AICc
---------------------------
Model:              TIM3+I
lnL:                -3425.5390
Frequencies:        0.3169 0.1749 0.1981 0.3101
Subst. Rates:       2.0109 4.1892 1.0000 2.0109 2.7546 1.0000 
Inv. sites prop:    0.2481
Gamma shape:        -
Score:              6892.0779
Weight:             0.3349
---------------------------
Parameter importances
---------------------------
P.Inv:              0.5210
Gamma:              0.0855
Gamma-Inv:          0.3934
Frequencies:        1.0000
---------------------------
Model averaged estimates
---------------------------
P.Inv:              0.2482
Alpha:              1.0988
Alpha-P.Inv:        6.4461
P.Inv-Alpha:        0.2191
Frequencies:        0.3196 0.1725 0.1987 0.3092 

Commands:
  > phyml  -i /shared/lab_7/phyl_pipeline/evol_anal/NO_PAT/testing_evol/major2_event_52/major2_event_52_nucl_reported.fasta -m 012032 -f m -v e -a 0 -c 1 -o tlr
  > raxmlHPC-SSE3 -s /shared/lab_7/phyl_pipeline/evol_anal/NO_PAT/testing_evol/major2_event_52/major2_event_52_nucl_reported.fasta -c 1 -m GTRCATIX -n EXEC_NAME -p PARSIMONY_SEED
  > raxml-ng --msa /shared/lab_7/phyl_pipeline/evol_anal/NO_PAT/testing_evol/major2_event_52/major2_event_52_nucl_reported.fasta --model TIM3+I
  > paup -s /shared/lab_7/phyl_pipeline/evol_anal/NO_PAT/testing_evol/major2_event_52/major2_event_52_nucl_reported.fasta
  > iqtree -s /shared/lab_7/phyl_pipeline/evol_anal/NO_PAT/testing_evol/major2_event_52/major2_event_52_nucl_reported.fasta -m TIM3+I
Done
