Using: /root/.etetoolkit/ext_apps-latest/bin/Slr
Using: /root/.etetoolkit/ext_apps-latest/bin/codeml

Running CodeML/Slr (20 CPUs)
  - processing model M0 (M0~e0083cf7221059edfc5c557fe93496bc)
  - processing model bsA (bsA~35d5a5c79c07db41e21addd7df8a0d1a)
       marking branches 5

          ((BT_Cry3Ca1 #1,((BT_Cry8Ba1,NOV_Cry8Ba1_88.6_AEP25412.1),(BT_Cry3Bb1,BT_Cry3Ba1))),(BT_Cry3Aa10,BT_Cry3Aa4),NOV_Cry3Aa12_81.9_AEZ53144.1);

  - processing model bsA1 (bsA1~54d9d2d951a76918621dd6e28f906312)
       marking branches 5

          ((BT_Cry3Ca1 #1,((BT_Cry8Ba1,NOV_Cry8Ba1_88.6_AEP25412.1),(BT_Cry3Bb1,BT_Cry3Ba1))),(BT_Cry3Aa10,BT_Cry3Aa4),NOV_Cry3Aa12_81.9_AEZ53144.1);

  - processing model bsB (bsB~4eb98f0191fdc973f03aee8de62da1d8)
       marking branches 5

          ((BT_Cry3Ca1 #1,((BT_Cry8Ba1,NOV_Cry8Ba1_88.6_AEP25412.1),(BT_Cry3Bb1,BT_Cry3Ba1))),(BT_Cry3Aa10,BT_Cry3Aa4),NOV_Cry3Aa12_81.9_AEZ53144.1);


LRT

                                         Null model |                             Alternative model | p-value
   =================================================|===============================================|============
                M0~e0083cf7221059edfc5c557fe93496bc |      bsA.5-1~711c3ae5f50933085bcf41defb26f0a9 | 0.000000**
                M0~e0083cf7221059edfc5c557fe93496bc |     bsA1.5-1~a73d39b5828f11c96934631391a14563 | 0.000000**
                M0~e0083cf7221059edfc5c557fe93496bc |      bsB.5-1~2b0e8f0001c6d820690e7b98ada863c1 | 0.000000**
           bsA.5-1~711c3ae5f50933085bcf41defb26f0a9 |      bsB.5-1~2b0e8f0001c6d820690e7b98ada863c1 | 0.244145
          bsA1.5-1~a73d39b5828f11c96934631391a14563 |      bsA.5-1~711c3ae5f50933085bcf41defb26f0a9 | 0.057202
          bsA1.5-1~a73d39b5828f11c96934631391a14563 |      bsB.5-1~2b0e8f0001c6d820690e7b98ada863c1 | 0.083192

SUMMARY BY MODEL

 - Model M0
   * Average omega for all tree: 0.227

 - Model bsA.5-1
   * Marked branches
      ((BT_Cry3Ca1 #1,((BT_Cry8Ba1,NOV_Cry8Ba1_88.6_AEP25412.1),(BT_Cry3Bb1,BT_Cry3Ba1))),(BT_Cry3Aa10,BT_Cry3Aa4),NOV_Cry3Aa12_81.9_AEZ53144.1);
   * Sites significantly caracterized
      codon position |   category
     -----------------------------------------------------------
                 4   |   Conserved (probability > 0.95)
                 6   |   Conserved (probability > 0.95)
            9-  10   |   Conserved (probability > 0.95)
                15   |   Conserved (probability > 0.95)
           17-  18   |   Conserved (probability > 0.95)
                19   |   Conserved (probability > 0.99)
                21   |   Conserved (probability > 0.95)
                25   |   Conserved (probability > 0.95)
           27-  28   |   Conserved (probability > 0.95)
           29-  30   |   Conserved (probability > 0.99)
                32   |   Conserved (probability > 0.99)
                33   |   Conserved (probability > 0.95)
                34   |   Conserved (probability > 0.99)
           36-  38   |   Conserved (probability > 0.95)
           40-  41   |   Conserved (probability > 0.99)
           42-  46   |   Conserved (probability > 0.95)
           48-  49   |   Conserved (probability > 0.95)
                51   |   Conserved (probability > 0.95)
           53-  54   |   Conserved (probability > 0.95)
                58   |   Conserved (probability > 0.95)
                63   |   Conserved (probability > 0.95)
                72   |   Conserved (probability > 0.95)
                74   |   Conserved (probability > 0.95)
                78   |   Conserved (probability > 0.95)
                83   |   Conserved (probability > 0.95)
                86   |   Conserved (probability > 0.95)
                87   |   Conserved (probability > 0.99)
                88   |   Conserved (probability > 0.95)
                90   |   Conserved (probability > 0.99)
                94   |   Conserved (probability > 0.95)
                95   |   Conserved (probability > 0.99)
                96   |   Conserved (probability > 0.95)
                97   |   Conserved (probability > 0.99)
               101   |   Conserved (probability > 0.99)
          102- 103   |   Conserved (probability > 0.95)
               104   |   Conserved (probability > 0.99)
          106- 107   |   Conserved (probability > 0.95)
          110- 112   |   Conserved (probability > 0.95)
               113   |   Conserved (probability > 0.99)
               114   |   Conserved (probability > 0.95)
          116- 118   |   Conserved (probability > 0.95)
          120- 122   |   Conserved (probability > 0.95)
               124   |   Conserved (probability > 0.99)
               127   |   Conserved (probability > 0.95)
               129   |   Conserved (probability > 0.95)
               139   |   Conserved (probability > 0.95)
               152   |   Conserved (probability > 0.99)
               155   |   Conserved (probability > 0.99)
               156   |   Conserved (probability > 0.95)
          158- 160   |   Conserved (probability > 0.95)
          162- 163   |   Conserved (probability > 0.99)
          165- 167   |   Conserved (probability > 0.95)
               170   |   Conserved (probability > 0.99)
          171- 172   |   Conserved (probability > 0.95)
          174- 175   |   Conserved (probability > 0.95)
               176   |   Conserved (probability > 0.99)
               177   |   Conserved (probability > 0.95)
               180   |   Conserved (probability > 0.95)
          182- 183   |   Conserved (probability > 0.95)
               185   |   Conserved (probability > 0.95)
          187- 188   |   Conserved (probability > 0.95)
               190   |   Conserved (probability > 0.99)
               191   |   Conserved (probability > 0.95)
          192- 193   |   Conserved (probability > 0.99)
               194   |   Conserved (probability > 0.95)
               195   |   Conserved (probability > 0.99)
          196- 197   |   Conserved (probability > 0.95)
               198   |   Conserved (probability > 0.99)
               200   |   Conserved (probability > 0.95)
          202- 204   |   Conserved (probability > 0.95)

 - Model bsA1.5-1
   * Marked branches
      ((BT_Cry3Ca1 #1,((BT_Cry8Ba1,NOV_Cry8Ba1_88.6_AEP25412.1),(BT_Cry3Bb1,BT_Cry3Ba1))),(BT_Cry3Aa10,BT_Cry3Aa4),NOV_Cry3Aa12_81.9_AEZ53144.1);
   * Sites significantly caracterized
      codon position |   category
     -----------------------------------------------------------
                29   |   Relaxed (probability > 0.95)
                34   |   Relaxed (probability > 0.95)
           40-  41   |   Relaxed (probability > 0.95)
                90   |   Relaxed (probability > 0.95)
                97   |   Relaxed (probability > 0.95)
               104   |   Relaxed (probability > 0.95)
               113   |   Relaxed (probability > 0.95)
               124   |   Relaxed (probability > 0.95)
               162   |   Relaxed (probability > 0.95)
               198   |   Relaxed (probability > 0.95)

 - Model bsB.5-1
   * Marked branches
      ((BT_Cry3Ca1 #1,((BT_Cry8Ba1,NOV_Cry8Ba1_88.6_AEP25412.1),(BT_Cry3Bb1,BT_Cry3Ba1))),(BT_Cry3Aa10,BT_Cry3Aa4),NOV_Cry3Aa12_81.9_AEZ53144.1);
   * Sites significantly caracterized
      codon position |   category
     -----------------------------------------------------------
                 4   |   Conserved (probability > 0.95)
            9-  10   |   Conserved (probability > 0.95)
                19   |   Conserved (probability > 0.95)
           29-  30   |   Conserved (probability > 0.95)
           32-  34   |   Conserved (probability > 0.95)
                38   |   Conserved (probability > 0.95)
           40-  41   |   Conserved (probability > 0.95)
           44-  45   |   Conserved (probability > 0.95)
                74   |   Conserved (probability > 0.95)
                78   |   Conserved (probability > 0.95)
                87   |   Conserved (probability > 0.95)
                90   |   Conserved (probability > 0.95)
           94-  95   |   Conserved (probability > 0.95)
                97   |   Conserved (probability > 0.95)
               101   |   Conserved (probability > 0.95)
               104   |   Conserved (probability > 0.95)
          110- 111   |   Conserved (probability > 0.95)
          113- 114   |   Conserved (probability > 0.95)
               117   |   Conserved (probability > 0.95)
               120   |   Conserved (probability > 0.95)
               122   |   Conserved (probability > 0.95)
               124   |   Conserved (probability > 0.95)
               152   |   Conserved (probability > 0.95)
               155   |   Conserved (probability > 0.95)
               159   |   Conserved (probability > 0.95)
          162- 163   |   Conserved (probability > 0.95)
               167   |   Conserved (probability > 0.95)
          170- 171   |   Conserved (probability > 0.95)
               174   |   Conserved (probability > 0.95)
               176   |   Conserved (probability > 0.95)
          190- 198   |   Conserved (probability > 0.95)
               203   |   Conserved (probability > 0.95)
