Using: /root/.etetoolkit/ext_apps-latest/bin/Slr
Using: /root/.etetoolkit/ext_apps-latest/bin/codeml

Running CodeML/Slr (20 CPUs)
  - processing model M0 (M0~e0083cf7221059edfc5c557fe93496bc)
  - processing model b_free (b_free~bc0ff6443e73fd60ce1e703263c69b43)
       marking branches 5

          ((BT_Cry3Ca1 #1,((BT_Cry8Ba1,NOV_Cry8Ba1_88.6_AEP25412.1),(BT_Cry3Bb1,BT_Cry3Ba1))),(BT_Cry3Aa10,BT_Cry3Aa4),NOV_Cry3Aa12_81.9_AEZ53144.1);

  - processing model b_neut (b_neut~2c8052a58f79b106b2370dd3d7ce5149)
       marking branches 5

          ((BT_Cry3Ca1 #1,((BT_Cry8Ba1,NOV_Cry8Ba1_88.6_AEP25412.1),(BT_Cry3Bb1,BT_Cry3Ba1))),(BT_Cry3Aa10,BT_Cry3Aa4),NOV_Cry3Aa12_81.9_AEZ53144.1);


LRT

                                         Null model |                             Alternative model | p-value
   =================================================|===============================================|============
                M0~e0083cf7221059edfc5c557fe93496bc |   b_free.5-1~43d99e2695707f7b3f2b32f319b31d7e | 0.499414
        b_neut.5-1~15333799fb30376a69c5f4a0ea144760 |   b_free.5-1~43d99e2695707f7b3f2b32f319b31d7e | 0.000143**

SUMMARY BY MODEL

 - Model M0
   * Average omega for all tree: 0.227

 - Model b_free.5-1
   * Marked branches
      ((BT_Cry3Ca1 #1,((BT_Cry8Ba1,NOV_Cry8Ba1_88.6_AEP25412.1),(BT_Cry3Bb1,BT_Cry3Ba1))),(BT_Cry3Aa10,BT_Cry3Aa4),NOV_Cry3Aa12_81.9_AEZ53144.1);

        Branches  =>   omega
      background  =>   0.218
              #1  =>   0.272

 - Model b_neut.5-1
   * Marked branches
      ((BT_Cry3Ca1 #1,((BT_Cry8Ba1,NOV_Cry8Ba1_88.6_AEP25412.1),(BT_Cry3Bb1,BT_Cry3Ba1))),(BT_Cry3Aa10,BT_Cry3Aa4),NOV_Cry3Aa12_81.9_AEZ53144.1);

        Branches  =>   omega
              #1  =>   1.000
      background  =>   0.203
