--------------------------------------------------------------------------------
ModelTest-NG v0.1.7

Input data:
  MSA:        /shared/lab_7/phyl_pipeline/evol_anal/NO_PAT/testing_evol/major1_event_98/major1_event_98_nucl_reported.fasta
  Tree:       Maximum likelihood
    file:           -
  #taxa:            8
  #sites:           615
  #patterns:        195
  Max. thread mem:  0 MB

Output:
  Log:           /shared/lab_7/phyl_pipeline/evol_anal/NO_PAT/testing_evol/major1_event_98/major1_event_98_nucl_reported.fasta.log
  Starting tree: /shared/lab_7/phyl_pipeline/evol_anal/NO_PAT/testing_evol/major1_event_98/major1_event_98_nucl_reported.fasta.tree
  Results:       /shared/lab_7/phyl_pipeline/evol_anal/NO_PAT/testing_evol/major1_event_98/major1_event_98_nucl_reported.fasta.out

Selection options:
  # dna schemes:      11
  # dna models:       88
  include model parameters:
    Uniform:         true
    p-inv (+I):      true
    gamma (+G):      true
    both (+I+G):     true
    free rates (+R): false
    fixed freqs:     true
    estimated freqs: true
    #categories:     4
  gamma rates mode:   mean
  asc bias:           none
  epsilon (opt):      0.01
  epsilon (par):      0.05
  keep branches:      false

Additional options:
  verbosity:        very low
  threads:          1/36
  RNG seed:         12345
  subtree repeats:  enabled
--------------------------------------------------------------------------------

BIC       model              K            lnL          score          delta    weight
--------------------------------------------------------------------------------
       1  TPM2uf+G4          6     -2706.8822      5535.7752         0.0000    0.1413
       2  HKY+G4             5     -2710.1210      5535.8311         0.0559    0.1374
       3  TrN+G4             6     -2707.2622      5536.5352         0.7600    0.0967
       4  TIM2+G4            7     -2704.1187      5536.6699         0.8947    0.0904
       5  TPM3uf+G4          6     -2707.6353      5537.2813         1.5061    0.0666
       6  HKY+I              5     -2711.0589      5537.7069         1.9317    0.0538
       7  TPM2uf+I           6     -2707.8660      5537.7428         1.9676    0.0528
       8  TrN+I              6     -2708.0400      5538.0909         2.3157    0.0444
       9  TPM2uf             5     -2711.3303      5538.2497         2.4745    0.0410
      10  TIM2+I             7     -2704.9518      5538.3361         2.5609    0.0393
--------------------------------------------------------------------------------
Best model according to BIC
---------------------------
Model:              TPM2uf+G4
lnL:                -2706.8822
Frequencies:        0.3523 0.1636 0.2014 0.2827
Subst. Rates:       1.5999 2.8325 1.5999 1.0000 2.8325 1.0000 
Inv. sites prop:    -
Gamma shape:        2.7026
Score:              5535.7752
Weight:             0.1413
---------------------------
Parameter importances
---------------------------
P.Inv:              0.2377
Gamma:              0.5905
Gamma-Inv:          0.0228
Frequencies:        1.0000
---------------------------
Model averaged estimates
---------------------------
P.Inv:              0.1424
Alpha:              2.6939
Alpha-P.Inv:        3.2460
P.Inv-Alpha:        0.0254
Frequencies:        0.3537 0.1658 0.1932 0.2873 

Commands:
  > phyml  -i /shared/lab_7/phyl_pipeline/evol_anal/NO_PAT/testing_evol/major1_event_98/major1_event_98_nucl_reported.fasta -m 010212 -f m -v 0 -a e -c 4 -o tlr
  > raxmlHPC-SSE3 -s /shared/lab_7/phyl_pipeline/evol_anal/NO_PAT/testing_evol/major1_event_98/major1_event_98_nucl_reported.fasta -m GTRGAMMAX -n EXEC_NAME -p PARSIMONY_SEED
  > raxml-ng --msa /shared/lab_7/phyl_pipeline/evol_anal/NO_PAT/testing_evol/major1_event_98/major1_event_98_nucl_reported.fasta --model TPM2uf+G4
  > paup -s /shared/lab_7/phyl_pipeline/evol_anal/NO_PAT/testing_evol/major1_event_98/major1_event_98_nucl_reported.fasta
  > iqtree -s /shared/lab_7/phyl_pipeline/evol_anal/NO_PAT/testing_evol/major1_event_98/major1_event_98_nucl_reported.fasta -m TPM2uf+G4

AIC       model              K            lnL          score          delta    weight
--------------------------------------------------------------------------------
       1  GTR+G4             9     -2701.4546      5446.9091         0.0000    0.2545
       2  TIM2+G4            7     -2704.1187      5448.2375         1.3283    0.1310
       3  GTR+I              9     -2702.3099      5448.6198         1.7107    0.1082
       4  GTR+I+G4          10     -2701.4956      5448.9911         2.0820    0.0899
       5  TIM2+I             7     -2704.9518      5449.9037         2.9945    0.0569
       6  TVM+G4             8     -2703.9793      5449.9586         3.0494    0.0554
       7  TIM3+G4            7     -2705.0426      5450.0852         3.1761    0.0520
       8  TIM2+I+G4          8     -2704.1631      5450.3261         3.4170    0.0461
       9  TPM2uf+G4          6     -2706.8822      5451.7644         4.8552    0.0225
      10  TIM3+I             7     -2705.9355      5451.8711         4.9619    0.0213
--------------------------------------------------------------------------------
Best model according to AIC
---------------------------
Model:              GTR+G4
lnL:                -2701.4546
Frequencies:        0.3444 0.1640 0.1930 0.2985
Subst. Rates:       2.1799 3.5076 1.3846 1.0529 2.2881 1.0000 
Inv. sites prop:    -
Gamma shape:        2.8269
Score:              5446.9091
Weight:             0.2545
---------------------------
Parameter importances
---------------------------
P.Inv:              0.2315
Gamma:              0.5549
Gamma-Inv:          0.1956
Frequencies:        1.0000
---------------------------
Model averaged estimates
---------------------------
P.Inv:              0.1391
Alpha:              2.7495
Alpha-P.Inv:        3.3274
P.Inv-Alpha:        0.0253
Frequencies:        0.3469 0.1655 0.1930 0.2946 

Commands:
  > phyml  -i /shared/lab_7/phyl_pipeline/evol_anal/NO_PAT/testing_evol/major1_event_98/major1_event_98_nucl_reported.fasta -m 012345 -f m -v 0 -a e -c 4 -o tlr
  > raxmlHPC-SSE3 -s /shared/lab_7/phyl_pipeline/evol_anal/NO_PAT/testing_evol/major1_event_98/major1_event_98_nucl_reported.fasta -m GTRGAMMAX -n EXEC_NAME -p PARSIMONY_SEED
  > raxml-ng --msa /shared/lab_7/phyl_pipeline/evol_anal/NO_PAT/testing_evol/major1_event_98/major1_event_98_nucl_reported.fasta --model GTR+G4
  > paup -s /shared/lab_7/phyl_pipeline/evol_anal/NO_PAT/testing_evol/major1_event_98/major1_event_98_nucl_reported.fasta
  > iqtree -s /shared/lab_7/phyl_pipeline/evol_anal/NO_PAT/testing_evol/major1_event_98/major1_event_98_nucl_reported.fasta -m GTR+G4

AICc      model              K            lnL          score          delta    weight
--------------------------------------------------------------------------------
       1  GTR+G4             9     -2701.4546      5447.9091         0.0000    0.2545
       2  TIM2+G4            7     -2704.1187      5449.2375         1.3283    0.1310
       3  GTR+I              9     -2702.3099      5449.6198         1.7107    0.1082
       4  GTR+I+G4          10     -2701.4956      5449.9911         2.0820    0.0899
       5  TIM2+I             7     -2704.9518      5450.9037         2.9945    0.0569
       6  TVM+G4             8     -2703.9793      5450.9586         3.0494    0.0554
       7  TIM3+G4            7     -2705.0426      5451.0852         3.1761    0.0520
       8  TIM2+I+G4          8     -2704.1631      5451.3261         3.4170    0.0461
       9  TPM2uf+G4          6     -2706.8822      5452.7644         4.8552    0.0225
      10  TIM3+I             7     -2705.9355      5452.8711         4.9619    0.0213
--------------------------------------------------------------------------------
Best model according to AICc
---------------------------
Model:              GTR+G4
lnL:                -2701.4546
Frequencies:        0.3444 0.1640 0.1930 0.2985
Subst. Rates:       2.1799 3.5076 1.3846 1.0529 2.2881 1.0000 
Inv. sites prop:    -
Gamma shape:        2.8269
Score:              5447.9091
Weight:             0.2545
---------------------------
Parameter importances
---------------------------
P.Inv:              0.2315
Gamma:              0.5549
Gamma-Inv:          0.1956
Frequencies:        1.0000
---------------------------
Model averaged estimates
---------------------------
P.Inv:              0.1391
Alpha:              2.7495
Alpha-P.Inv:        3.3274
P.Inv-Alpha:        0.0253
Frequencies:        0.3469 0.1655 0.1930 0.2946 

Commands:
  > phyml  -i /shared/lab_7/phyl_pipeline/evol_anal/NO_PAT/testing_evol/major1_event_98/major1_event_98_nucl_reported.fasta -m 012345 -f m -v 0 -a e -c 4 -o tlr
  > raxmlHPC-SSE3 -s /shared/lab_7/phyl_pipeline/evol_anal/NO_PAT/testing_evol/major1_event_98/major1_event_98_nucl_reported.fasta -m GTRGAMMAX -n EXEC_NAME -p PARSIMONY_SEED
  > raxml-ng --msa /shared/lab_7/phyl_pipeline/evol_anal/NO_PAT/testing_evol/major1_event_98/major1_event_98_nucl_reported.fasta --model GTR+G4
  > paup -s /shared/lab_7/phyl_pipeline/evol_anal/NO_PAT/testing_evol/major1_event_98/major1_event_98_nucl_reported.fasta
  > iqtree -s /shared/lab_7/phyl_pipeline/evol_anal/NO_PAT/testing_evol/major1_event_98/major1_event_98_nucl_reported.fasta -m GTR+G4
Done
