Using: /root/.etetoolkit/ext_apps-latest/bin/Slr
Using: /root/.etetoolkit/ext_apps-latest/bin/codeml

Running CodeML/Slr (20 CPUs)
  - processing model M0 (M0~58a84b3ad1a0485af721574a27bffac5)
  - processing model b_free (b_free~fc59348f49b6b0957b4e862493c1795c)
       marking branches 7

          ((BT_Cry4Ba1,(((((NOV_Cry4Ba1_63.7_AJW76684.1,NOV_Cry50Ba2_97.6_AFI42042.1),BT_Cry50Ba1),(BT_Cry50Aa1,NOV_Cry4Ba1_63.8_OUB35623.1)),(BT_Cry21Ba1,(NOV_Cry21Aa2_44.6_AZR80772.1 #1,BT_Cry21Aa1))),BT_Cry4Ba3)),(NOV_Cry4Ba1_98.5_ABR22238.1,(NOV_Cry4Ba1_98.9_ABR22237.1,NOV_Cry4Ba1_98.9_ABR22236.1)),NOV_Cry4Ba1_98.1_ABR22240.1);

  - processing model b_neut (b_neut~3c4671b6c82c81b09fa1268c479dcf7c)
       marking branches 7

          ((BT_Cry4Ba1,(((((NOV_Cry4Ba1_63.7_AJW76684.1,NOV_Cry50Ba2_97.6_AFI42042.1),BT_Cry50Ba1),(BT_Cry50Aa1,NOV_Cry4Ba1_63.8_OUB35623.1)),(BT_Cry21Ba1,(NOV_Cry21Aa2_44.6_AZR80772.1 #1,BT_Cry21Aa1))),BT_Cry4Ba3)),(NOV_Cry4Ba1_98.5_ABR22238.1,(NOV_Cry4Ba1_98.9_ABR22237.1,NOV_Cry4Ba1_98.9_ABR22236.1)),NOV_Cry4Ba1_98.1_ABR22240.1);


LRT

                                         Null model |                             Alternative model | p-value
   =================================================|===============================================|============
                M0~58a84b3ad1a0485af721574a27bffac5 |   b_free.7-1~3db8f67106d5ea59983699c55fac1d17 | 0.092549
        b_neut.7-1~cfb527c133a5f77c2933fba58cfdd520 |   b_free.7-1~3db8f67106d5ea59983699c55fac1d17 | 0.000002**

SUMMARY BY MODEL

 - Model M0
   * Average omega for all tree: 0.301

 - Model b_free.7-1
   * Marked branches
      ((BT_Cry4Ba1,(((((NOV_Cry4Ba1_63.7_AJW76684.1,NOV_Cry50Ba2_97.6_AFI42042.1),BT_Cry50Ba1),(BT_Cry50Aa1,NOV_Cry4Ba1_63.8_OUB35623.1)),(BT_Cry21Ba1,(NOV_Cry21Aa2_44.6_AZR80772.1 #1,BT_Cry21Aa1))),BT_Cry4Ba3)),(NOV_Cry4Ba1_98.5_ABR22238.1,(NOV_Cry4Ba1_98.9_ABR22237.1,NOV_Cry4Ba1_98.9_ABR22236.1)),NOV_Cry4Ba1_98.1_ABR22240.1);

        Branches  =>   omega
      background  =>   0.321
              #1  =>   0.164

 - Model b_neut.7-1
   * Marked branches
      ((BT_Cry4Ba1,(((((NOV_Cry4Ba1_63.7_AJW76684.1,NOV_Cry50Ba2_97.6_AFI42042.1),BT_Cry50Ba1),(BT_Cry50Aa1,NOV_Cry4Ba1_63.8_OUB35623.1)),(BT_Cry21Ba1,(NOV_Cry21Aa2_44.6_AZR80772.1 #1,BT_Cry21Aa1))),BT_Cry4Ba3)),(NOV_Cry4Ba1_98.5_ABR22238.1,(NOV_Cry4Ba1_98.9_ABR22237.1,NOV_Cry4Ba1_98.9_ABR22236.1)),NOV_Cry4Ba1_98.1_ABR22240.1);

        Branches  =>   omega
      background  =>   0.310
              #1  =>   1.000
