Using: /root/.etetoolkit/ext_apps-latest/bin/Slr
Using: /root/.etetoolkit/ext_apps-latest/bin/codeml

Running CodeML/Slr (20 CPUs)
  - processing model M0 (M0~58a84b3ad1a0485af721574a27bffac5)
  - processing model b_free (b_free~fc59348f49b6b0957b4e862493c1795c)
       marking branches 2, 24, 7, 1, 23

          ((BT_Cry4Ba1,(((((NOV_Cry4Ba1_63.7_AJW76684.1,NOV_Cry50Ba2_97.6_AFI42042.1),BT_Cry50Ba1),(BT_Cry50Aa1,NOV_Cry4Ba1_63.8_OUB35623.1)),(BT_Cry21Ba1 #1,(NOV_Cry21Aa2_44.6_AZR80772.1 #1,BT_Cry21Aa1 #1) #1) #1),BT_Cry4Ba3)),(NOV_Cry4Ba1_98.5_ABR22238.1,(NOV_Cry4Ba1_98.9_ABR22237.1,NOV_Cry4Ba1_98.9_ABR22236.1)),NOV_Cry4Ba1_98.1_ABR22240.1);

  - processing model b_neut (b_neut~3c4671b6c82c81b09fa1268c479dcf7c)
       marking branches 2, 24, 7, 1, 23

          ((BT_Cry4Ba1,(((((NOV_Cry4Ba1_63.7_AJW76684.1,NOV_Cry50Ba2_97.6_AFI42042.1),BT_Cry50Ba1),(BT_Cry50Aa1,NOV_Cry4Ba1_63.8_OUB35623.1)),(BT_Cry21Ba1 #1,(NOV_Cry21Aa2_44.6_AZR80772.1 #1,BT_Cry21Aa1 #1) #1) #1),BT_Cry4Ba3)),(NOV_Cry4Ba1_98.5_ABR22238.1,(NOV_Cry4Ba1_98.9_ABR22237.1,NOV_Cry4Ba1_98.9_ABR22236.1)),NOV_Cry4Ba1_98.1_ABR22240.1);


LRT

                                         Null model |                             Alternative model | p-value
   =================================================|===============================================|============
                M0~58a84b3ad1a0485af721574a27bffac5 | b_free.2_24_~1c1a8cf0bcffd62cd3f8c3153508ceeb | 0.000036**
      b_neut.2_24_~a8557878778eb8f837e74307a3a606e1 | b_free.2_24_~1c1a8cf0bcffd62cd3f8c3153508ceeb | 0.000000**

SUMMARY BY MODEL

 - Model M0
   * Average omega for all tree: 0.301

 - Model b_free.2_24_7_1_23-1_1_1_1_1
   * Marked branches
      ((BT_Cry4Ba1,(((((NOV_Cry4Ba1_63.7_AJW76684.1,NOV_Cry50Ba2_97.6_AFI42042.1),BT_Cry50Ba1),(BT_Cry50Aa1,NOV_Cry4Ba1_63.8_OUB35623.1)),(BT_Cry21Ba1 #1,(NOV_Cry21Aa2_44.6_AZR80772.1 #1,BT_Cry21Aa1 #1) #1) #1),BT_Cry4Ba3)),(NOV_Cry4Ba1_98.5_ABR22238.1,(NOV_Cry4Ba1_98.9_ABR22237.1,NOV_Cry4Ba1_98.9_ABR22236.1)),NOV_Cry4Ba1_98.1_ABR22240.1);

        Branches  =>   omega
              #1  =>   0.148
      background  =>   0.410

 - Model b_neut.2_24_7_1_23-1_1_1_1_1
   * Marked branches
      ((BT_Cry4Ba1,(((((NOV_Cry4Ba1_63.7_AJW76684.1,NOV_Cry50Ba2_97.6_AFI42042.1),BT_Cry50Ba1),(BT_Cry50Aa1,NOV_Cry4Ba1_63.8_OUB35623.1)),(BT_Cry21Ba1 #1,(NOV_Cry21Aa2_44.6_AZR80772.1 #1,BT_Cry21Aa1 #1) #1) #1),BT_Cry4Ba3)),(NOV_Cry4Ba1_98.5_ABR22238.1,(NOV_Cry4Ba1_98.9_ABR22237.1,NOV_Cry4Ba1_98.9_ABR22236.1)),NOV_Cry4Ba1_98.1_ABR22240.1);

        Branches  =>   omega
              #1  =>   1.000
      background  =>   0.409
