Using: /root/.etetoolkit/ext_apps-latest/bin/Slr
Using: /root/.etetoolkit/ext_apps-latest/bin/codeml

Running CodeML/Slr (20 CPUs)
  - processing model M0 (M0~58a84b3ad1a0485af721574a27bffac5)
  - processing model bsA (bsA~48ab0ba9a39a20d290085bcfd67aba3e)
       marking branches 2, 24, 7, 1, 23

          ((BT_Cry4Ba1,(((((NOV_Cry4Ba1_63.7_AJW76684.1,NOV_Cry50Ba2_97.6_AFI42042.1),BT_Cry50Ba1),(BT_Cry50Aa1,NOV_Cry4Ba1_63.8_OUB35623.1)),(BT_Cry21Ba1 #1,(NOV_Cry21Aa2_44.6_AZR80772.1 #1,BT_Cry21Aa1 #1) #1) #1),BT_Cry4Ba3)),(NOV_Cry4Ba1_98.5_ABR22238.1,(NOV_Cry4Ba1_98.9_ABR22237.1,NOV_Cry4Ba1_98.9_ABR22236.1)),NOV_Cry4Ba1_98.1_ABR22240.1);

  - processing model bsA1 (bsA1~76a7ea0aad6bc7875643a225b8ff9f22)
       marking branches 2, 24, 7, 1, 23

          ((BT_Cry4Ba1,(((((NOV_Cry4Ba1_63.7_AJW76684.1,NOV_Cry50Ba2_97.6_AFI42042.1),BT_Cry50Ba1),(BT_Cry50Aa1,NOV_Cry4Ba1_63.8_OUB35623.1)),(BT_Cry21Ba1 #1,(NOV_Cry21Aa2_44.6_AZR80772.1 #1,BT_Cry21Aa1 #1) #1) #1),BT_Cry4Ba3)),(NOV_Cry4Ba1_98.5_ABR22238.1,(NOV_Cry4Ba1_98.9_ABR22237.1,NOV_Cry4Ba1_98.9_ABR22236.1)),NOV_Cry4Ba1_98.1_ABR22240.1);

  - processing model bsB (bsB~c6c847a115f1462cea4eed073856a834)
       marking branches 2, 24, 7, 1, 23

          ((BT_Cry4Ba1,(((((NOV_Cry4Ba1_63.7_AJW76684.1,NOV_Cry50Ba2_97.6_AFI42042.1),BT_Cry50Ba1),(BT_Cry50Aa1,NOV_Cry4Ba1_63.8_OUB35623.1)),(BT_Cry21Ba1 #1,(NOV_Cry21Aa2_44.6_AZR80772.1 #1,BT_Cry21Aa1 #1) #1) #1),BT_Cry4Ba3)),(NOV_Cry4Ba1_98.5_ABR22238.1,(NOV_Cry4Ba1_98.9_ABR22237.1,NOV_Cry4Ba1_98.9_ABR22236.1)),NOV_Cry4Ba1_98.1_ABR22240.1);


LRT

                                         Null model |                             Alternative model | p-value
   =================================================|===============================================|============
                M0~58a84b3ad1a0485af721574a27bffac5 | bsA.2_24_7_1~916b48e61f5778b7ba20300f1c3f765a | 0.000000**
                M0~58a84b3ad1a0485af721574a27bffac5 | bsA1.2_24_7_~5aa49e23837a0a116dc3d867c7e44572 | 0.000000**
                M0~58a84b3ad1a0485af721574a27bffac5 | bsB.2_24_7_1~cb6d861a000b05bb09dbe75e8f42a12c | 0.000000**
      bsA.2_24_7_1~916b48e61f5778b7ba20300f1c3f765a | bsB.2_24_7_1~cb6d861a000b05bb09dbe75e8f42a12c | 0.000000**
      bsA1.2_24_7_~5aa49e23837a0a116dc3d867c7e44572 | bsA.2_24_7_1~916b48e61f5778b7ba20300f1c3f765a | 1.000000
      bsA1.2_24_7_~5aa49e23837a0a116dc3d867c7e44572 | bsB.2_24_7_1~cb6d861a000b05bb09dbe75e8f42a12c | 0.000000**

SUMMARY BY MODEL

 - Model M0
   * Average omega for all tree: 0.301

 - Model bsA.2_24_7_1_23-1_1_1_1_1
   * Marked branches
      ((BT_Cry4Ba1,(((((NOV_Cry4Ba1_63.7_AJW76684.1,NOV_Cry50Ba2_97.6_AFI42042.1),BT_Cry50Ba1),(BT_Cry50Aa1,NOV_Cry4Ba1_63.8_OUB35623.1)),(BT_Cry21Ba1 #1,(NOV_Cry21Aa2_44.6_AZR80772.1 #1,BT_Cry21Aa1 #1) #1) #1),BT_Cry4Ba3)),(NOV_Cry4Ba1_98.5_ABR22238.1,(NOV_Cry4Ba1_98.9_ABR22237.1,NOV_Cry4Ba1_98.9_ABR22236.1)),NOV_Cry4Ba1_98.1_ABR22240.1);
   * Sites significantly caracterized
      codon position |   category
     -----------------------------------------------------------
                10   |   Conserved (probability > 0.95)
           11-  13   |   Conserved (probability > 0.99)
                18   |   Conserved (probability > 0.95)
           26-  27   |   Conserved (probability > 0.99)
                31   |   Conserved (probability > 0.95)
                32   |   Conserved (probability > 0.99)
                34   |   Conserved (probability > 0.95)
                38   |   Conserved (probability > 0.95)
           58-  59   |   Conserved (probability > 0.95)
                63   |   Conserved (probability > 0.95)
                65   |   Conserved (probability > 0.99)
                68   |   Conserved (probability > 0.95)
           70-  72   |   Conserved (probability > 0.99)
                73   |   Conserved (probability > 0.95)
               116   |   Conserved (probability > 0.95)
               118   |   Conserved (probability > 0.99)
          124- 125   |   Conserved (probability > 0.95)
               127   |   Conserved (probability > 0.99)
               134   |   Conserved (probability > 0.99)
               139   |   Conserved (probability > 0.99)
               151   |   Conserved (probability > 0.99)
               155   |   Conserved (probability > 0.99)
               164   |   Conserved (probability > 0.95)
               165   |   Conserved (probability > 0.99)
          166- 167   |   Conserved (probability > 0.95)
          168- 169   |   Conserved (probability > 0.99)
               170   |   Conserved (probability > 0.95)

 - Model bsA1.2_24_7_1_23-1_1_1_1_1
   * Marked branches
      ((BT_Cry4Ba1,(((((NOV_Cry4Ba1_63.7_AJW76684.1,NOV_Cry50Ba2_97.6_AFI42042.1),BT_Cry50Ba1),(BT_Cry50Aa1,NOV_Cry4Ba1_63.8_OUB35623.1)),(BT_Cry21Ba1 #1,(NOV_Cry21Aa2_44.6_AZR80772.1 #1,BT_Cry21Aa1 #1) #1) #1),BT_Cry4Ba3)),(NOV_Cry4Ba1_98.5_ABR22238.1,(NOV_Cry4Ba1_98.9_ABR22237.1,NOV_Cry4Ba1_98.9_ABR22236.1)),NOV_Cry4Ba1_98.1_ABR22240.1);
   * Sites significantly caracterized
      codon position |   category
     -----------------------------------------------------------
                11   |   Relaxed (probability > 0.99)
                12   |   Relaxed (probability > 0.95)
                13   |   Relaxed (probability > 0.99)
                26   |   Relaxed (probability > 0.95)
                27   |   Relaxed (probability > 0.99)
                31   |   Relaxed (probability > 0.95)
                32   |   Relaxed (probability > 0.99)
                59   |   Relaxed (probability > 0.95)
                65   |   Relaxed (probability > 0.99)
                70   |   Relaxed (probability > 0.99)
                71   |   Relaxed (probability > 0.95)
                72   |   Relaxed (probability > 0.99)
                73   |   Relaxed (probability > 0.95)
               116   |   Relaxed (probability > 0.95)
               118   |   Relaxed (probability > 0.99)
               124   |   Relaxed (probability > 0.95)
               127   |   Relaxed (probability > 0.95)
               134   |   Relaxed (probability > 0.95)
               139   |   Relaxed (probability > 0.95)
               151   |   Relaxed (probability > 0.95)
               155   |   Relaxed (probability > 0.99)
               165   |   Relaxed (probability > 0.99)
               167   |   Relaxed (probability > 0.95)
               168   |   Relaxed (probability > 0.99)
          169- 170   |   Relaxed (probability > 0.95)

 - Model bsB.2_24_7_1_23-1_1_1_1_1
   * Marked branches
      ((BT_Cry4Ba1,(((((NOV_Cry4Ba1_63.7_AJW76684.1,NOV_Cry50Ba2_97.6_AFI42042.1),BT_Cry50Ba1),(BT_Cry50Aa1,NOV_Cry4Ba1_63.8_OUB35623.1)),(BT_Cry21Ba1 #1,(NOV_Cry21Aa2_44.6_AZR80772.1 #1,BT_Cry21Aa1 #1) #1) #1),BT_Cry4Ba3)),(NOV_Cry4Ba1_98.5_ABR22238.1,(NOV_Cry4Ba1_98.9_ABR22237.1,NOV_Cry4Ba1_98.9_ABR22236.1)),NOV_Cry4Ba1_98.1_ABR22240.1);
   * Sites significantly caracterized
      codon position |   category
     -----------------------------------------------------------
                18   |   Positively-selected (probability > 0.95)
                23   |   Positively-selected (probability > 0.95)
                37   |   Positively-selected (probability > 0.95)
                57   |   Positively-selected (probability > 0.95)
                64   |   Positively-selected (probability > 0.95)
                98   |   Positively-selected (probability > 0.95)
               101   |   Positively-selected (probability > 0.95)
               119   |   Positively-selected (probability > 0.95)
               126   |   Positively-selected (probability > 0.95)
          140- 143   |   Positively-selected (probability > 0.95)
               145   |   Positively-selected (probability > 0.95)
               161   |   Positively-selected (probability > 0.95)
