Using: /root/.etetoolkit/ext_apps-latest/bin/Slr
Using: /root/.etetoolkit/ext_apps-latest/bin/codeml

Running CodeML/Slr (20 CPUs)
  - processing model M0 (M0~00b3ca119b18f6b0125c87787a2cf79f)
  - processing model b_free (b_free~d5f5f681e906a892c5546b30ebc5d86f)
       marking branches 33

          (((NOV_Cry1Ga1_77.9_AX098669.1,((((NOV_Cry1Da1_84.8_ABK35074.1,(((NOV_Cry1Ad2_87.7_AIW52617.1,(BT_Cry1Ad1,BT_Cry1Ab33)),(((NOV_Cry1Aa12_99.7_AEB21634.1,BT_Cry1Aa10),(BT_Cry1Aa14,BT_Cry1Ab27)),(NOV_Cry1Aa12_99.9_OUA40850.1,(BT_Cry1A-like,(((NOV_Cry1Ab12_91.4_AAK14338.1,(BT_Cry1Ab6,(NOV_Cry1Aa12_99.5_AFX69046.1,BT_Cry1Ab19))),BT_Cry1Ab12),NOV_Cry1Ab32_92.7_AAK14337.1))))),(BT_Cry1Ag1,BT_Cry1Ab2))),BT_Cry9Ga1 #1),(BT_Cry1Gb1,BT_Cry1Ga2)),(((BT_Cry1Id1,(((((BT_Cry1Ic1,BT_Cry1Ib1),BT_Cry1Ib4),BT_Cry1Ib2),((((BT_Cry1Ia26,NOV_Cry1Ia28_99.7_AIQ81197.1),BT_Cry1Ia11),BT_Cry1Ia6),NOV_Cry1Ia14_99.2_WP_079246652.1)),(BT_Cry1Ib8,BT_Cry1Ia18))),(BT_Cry1Ie4,BT_Cry1Ie3)),BT_Cry1Ma1))),((BT_Cry1Bb1,NOV_Cry1Ie5_79.3_PQQ47595.1),((BT_Cry1Fb1,BT_Cry1Fb3),BT_Cry1Ja1))),BT_Cry1Na1,BT_Cry1Nb1);

  - processing model b_neut (b_neut~b1ab8181c1f075a5c8911cb9528466f2)
       marking branches 33

          (((NOV_Cry1Ga1_77.9_AX098669.1,((((NOV_Cry1Da1_84.8_ABK35074.1,(((NOV_Cry1Ad2_87.7_AIW52617.1,(BT_Cry1Ad1,BT_Cry1Ab33)),(((NOV_Cry1Aa12_99.7_AEB21634.1,BT_Cry1Aa10),(BT_Cry1Aa14,BT_Cry1Ab27)),(NOV_Cry1Aa12_99.9_OUA40850.1,(BT_Cry1A-like,(((NOV_Cry1Ab12_91.4_AAK14338.1,(BT_Cry1Ab6,(NOV_Cry1Aa12_99.5_AFX69046.1,BT_Cry1Ab19))),BT_Cry1Ab12),NOV_Cry1Ab32_92.7_AAK14337.1))))),(BT_Cry1Ag1,BT_Cry1Ab2))),BT_Cry9Ga1 #1),(BT_Cry1Gb1,BT_Cry1Ga2)),(((BT_Cry1Id1,(((((BT_Cry1Ic1,BT_Cry1Ib1),BT_Cry1Ib4),BT_Cry1Ib2),((((BT_Cry1Ia26,NOV_Cry1Ia28_99.7_AIQ81197.1),BT_Cry1Ia11),BT_Cry1Ia6),NOV_Cry1Ia14_99.2_WP_079246652.1)),(BT_Cry1Ib8,BT_Cry1Ia18))),(BT_Cry1Ie4,BT_Cry1Ie3)),BT_Cry1Ma1))),((BT_Cry1Bb1,NOV_Cry1Ie5_79.3_PQQ47595.1),((BT_Cry1Fb1,BT_Cry1Fb3),BT_Cry1Ja1))),BT_Cry1Na1,BT_Cry1Nb1);


LRT

                                         Null model |                             Alternative model | p-value
   =================================================|===============================================|============
                M0~00b3ca119b18f6b0125c87787a2cf79f |  b_free.33-1~6df7618af93b3daff901cfdfdbab8b4d | 0.567798
       b_neut.33-1~166cb07d238c75ad979377e9b1764342 |  b_free.33-1~6df7618af93b3daff901cfdfdbab8b4d | 0.000916**

SUMMARY BY MODEL

 - Model M0
   * Average omega for all tree: 0.195

 - Model b_free.33-1
   * Marked branches
      (((NOV_Cry1Ga1_77.9_AX098669.1,((((NOV_Cry1Da1_84.8_ABK35074.1,(((NOV_Cry1Ad2_87.7_AIW52617.1,(BT_Cry1Ad1,BT_Cry1Ab33)),(((NOV_Cry1Aa12_99.7_AEB21634.1,BT_Cry1Aa10),(BT_Cry1Aa14,BT_Cry1Ab27)),(NOV_Cry1Aa12_99.9_OUA40850.1,(BT_Cry1A-like,(((NOV_Cry1Ab12_91.4_AAK14338.1,(BT_Cry1Ab6,(NOV_Cry1Aa12_99.5_AFX69046.1,BT_Cry1Ab19))),BT_Cry1Ab12),NOV_Cry1Ab32_92.7_AAK14337.1))))),(BT_Cry1Ag1,BT_Cry1Ab2))),BT_Cry9Ga1 #1),(BT_Cry1Gb1,BT_Cry1Ga2)),(((BT_Cry1Id1,(((((BT_Cry1Ic1,BT_Cry1Ib1),BT_Cry1Ib4),BT_Cry1Ib2),((((BT_Cry1Ia26,NOV_Cry1Ia28_99.7_AIQ81197.1),BT_Cry1Ia11),BT_Cry1Ia6),NOV_Cry1Ia14_99.2_WP_079246652.1)),(BT_Cry1Ib8,BT_Cry1Ia18))),(BT_Cry1Ie4,BT_Cry1Ie3)),BT_Cry1Ma1))),((BT_Cry1Bb1,NOV_Cry1Ie5_79.3_PQQ47595.1),((BT_Cry1Fb1,BT_Cry1Fb3),BT_Cry1Ja1))),BT_Cry1Na1,BT_Cry1Nb1);

        Branches  =>   omega
      background  =>   0.193
              #1  =>   0.240

 - Model b_neut.33-1
   * Marked branches
      (((NOV_Cry1Ga1_77.9_AX098669.1,((((NOV_Cry1Da1_84.8_ABK35074.1,(((NOV_Cry1Ad2_87.7_AIW52617.1,(BT_Cry1Ad1,BT_Cry1Ab33)),(((NOV_Cry1Aa12_99.7_AEB21634.1,BT_Cry1Aa10),(BT_Cry1Aa14,BT_Cry1Ab27)),(NOV_Cry1Aa12_99.9_OUA40850.1,(BT_Cry1A-like,(((NOV_Cry1Ab12_91.4_AAK14338.1,(BT_Cry1Ab6,(NOV_Cry1Aa12_99.5_AFX69046.1,BT_Cry1Ab19))),BT_Cry1Ab12),NOV_Cry1Ab32_92.7_AAK14337.1))))),(BT_Cry1Ag1,BT_Cry1Ab2))),BT_Cry9Ga1 #1),(BT_Cry1Gb1,BT_Cry1Ga2)),(((BT_Cry1Id1,(((((BT_Cry1Ic1,BT_Cry1Ib1),BT_Cry1Ib4),BT_Cry1Ib2),((((BT_Cry1Ia26,NOV_Cry1Ia28_99.7_AIQ81197.1),BT_Cry1Ia11),BT_Cry1Ia6),NOV_Cry1Ia14_99.2_WP_079246652.1)),(BT_Cry1Ib8,BT_Cry1Ia18))),(BT_Cry1Ie4,BT_Cry1Ie3)),BT_Cry1Ma1))),((BT_Cry1Bb1,NOV_Cry1Ie5_79.3_PQQ47595.1),((BT_Cry1Fb1,BT_Cry1Fb3),BT_Cry1Ja1))),BT_Cry1Na1,BT_Cry1Nb1);

        Branches  =>   omega
              #1  =>   1.000
      background  =>   0.189
