--------------------------------------------------------------------------------
ModelTest-NG v0.1.7

Input data:
  MSA:        /shared/lab_7/phyl_pipeline/evol_anal/NO_PAT/testing_evol/minor_event_19/minor_event_19_nucl_reported.fasta
  Tree:       Maximum likelihood
    file:           -
  #taxa:            44
  #sites:           459
  #patterns:        341
  Max. thread mem:  7 MB

Output:
  Log:           /shared/lab_7/phyl_pipeline/evol_anal/NO_PAT/testing_evol/minor_event_19/minor_event_19_nucl_reported.fasta.log
  Starting tree: /shared/lab_7/phyl_pipeline/evol_anal/NO_PAT/testing_evol/minor_event_19/minor_event_19_nucl_reported.fasta.tree
  Results:       /shared/lab_7/phyl_pipeline/evol_anal/NO_PAT/testing_evol/minor_event_19/minor_event_19_nucl_reported.fasta.out

Selection options:
  # dna schemes:      11
  # dna models:       88
  include model parameters:
    Uniform:         true
    p-inv (+I):      true
    gamma (+G):      true
    both (+I+G):     true
    free rates (+R): false
    fixed freqs:     true
    estimated freqs: true
    #categories:     4
  gamma rates mode:   mean
  asc bias:           none
  epsilon (opt):      0.01
  epsilon (par):      0.05
  keep branches:      false

Additional options:
  verbosity:        very low
  threads:          1/36
  RNG seed:         12345
  subtree repeats:  enabled
--------------------------------------------------------------------------------

BIC       model              K            lnL          score          delta    weight
--------------------------------------------------------------------------------
       1  HKY+G4             5     -4879.1146     10309.8437         0.0000    0.4614
       2  TPM3uf+G4          6     -4876.3281     10310.3998         0.5561    0.3494
       3  TPM1uf+G4          6     -4878.3699     10314.4833         4.6396    0.0454
       4  TPM2uf+G4          6     -4878.3907     10314.5249         4.6812    0.0444
       5  HKY+I+G4           6     -4878.8377     10315.4190         5.5753    0.0284
       6  TrN+G4             6     -4879.0568     10315.8573         6.0135    0.0228
       7  TPM3uf+I+G4        7     -4876.1382     10316.1490         6.3052    0.0197
       8  TIM3+G4            7     -4876.3044     10316.4814         6.6376    0.0167
       9  TPM2uf+I+G4        7     -4877.6979     10319.2684         9.4247    0.0041
      10  TIM2+G4            7     -4878.5096     10320.8919        11.0481    0.0018
--------------------------------------------------------------------------------
Best model according to BIC
---------------------------
Model:              HKY+G4
lnL:                -4879.1146
Frequencies:        0.3012 0.2180 0.1903 0.2905
Subst. Rates:       1.0000 2.6239 1.0000 1.0000 2.6239 1.0000 
Inv. sites prop:    -
Gamma shape:        1.1689
Score:              10309.8437
Weight:             0.4614
---------------------------
Parameter importances
---------------------------
P.Inv:              0.0000
Gamma:              0.9439
Gamma-Inv:          0.0561
Frequencies:        1.0000
---------------------------
Model averaged estimates
---------------------------
P.Inv:              0.1903
Alpha:              1.1870
Alpha-P.Inv:        1.5469
P.Inv-Alpha:        0.0613
Frequencies:        0.3012 0.2126 0.1899 0.2963 

Commands:
  > phyml  -i /shared/lab_7/phyl_pipeline/evol_anal/NO_PAT/testing_evol/minor_event_19/minor_event_19_nucl_reported.fasta -m 010010 -f m -v 0 -a e -c 4 -o tlr
  > raxmlHPC-SSE3 -s /shared/lab_7/phyl_pipeline/evol_anal/NO_PAT/testing_evol/minor_event_19/minor_event_19_nucl_reported.fasta -m GTRGAMMAX -n EXEC_NAME -p PARSIMONY_SEED
  > raxml-ng --msa /shared/lab_7/phyl_pipeline/evol_anal/NO_PAT/testing_evol/minor_event_19/minor_event_19_nucl_reported.fasta --model HKY+G4
  > paup -s /shared/lab_7/phyl_pipeline/evol_anal/NO_PAT/testing_evol/minor_event_19/minor_event_19_nucl_reported.fasta
  > iqtree -s /shared/lab_7/phyl_pipeline/evol_anal/NO_PAT/testing_evol/minor_event_19/minor_event_19_nucl_reported.fasta -m HKY+G4

AIC       model              K            lnL          score          delta    weight
--------------------------------------------------------------------------------
       1  TPM3uf+G4          6     -4876.3281      9934.6563         0.0000    0.3238
       2  TPM3uf+I+G4        7     -4876.1382      9936.2764         1.6201    0.1440
       3  TIM3+G4            7     -4876.3044      9936.6088         1.9525    0.1220
       4  HKY+G4             5     -4879.1146      9938.2292         3.5730    0.0543
       5  TIM3+I+G4          8     -4876.1272      9938.2545         3.5982    0.0536
       6  TVM+G4             8     -4876.2857      9938.5714         3.9151    0.0457
       7  TPM1uf+G4          6     -4878.3699      9938.7397         4.0835    0.0420
       8  TPM2uf+G4          6     -4878.3907      9938.7814         4.1251    0.0412
       9  TPM2uf+I+G4        7     -4877.6979      9939.3958         4.7395    0.0303
      10  HKY+I+G4           6     -4878.8377      9939.6754         5.0192    0.0263
--------------------------------------------------------------------------------
Best model according to AIC
---------------------------
Model:              TPM3uf+G4
lnL:                -4876.3281
Frequencies:        0.3011 0.2041 0.1897 0.3051
Subst. Rates:       1.3859 3.0370 1.0000 1.3859 3.0370 1.0000 
Inv. sites prop:    -
Gamma shape:        1.2184
Score:              9934.6563
Weight:             0.3238
---------------------------
Parameter importances
---------------------------
P.Inv:              0.0000
Gamma:              0.6890
Gamma-Inv:          0.3110
Frequencies:        1.0000
---------------------------
Model averaged estimates
---------------------------
P.Inv:              0.1899
Alpha:              1.1999
Alpha-P.Inv:        1.5265
P.Inv-Alpha:        0.0582
Frequencies:        0.3012 0.2082 0.1892 0.3015 

Commands:
  > phyml  -i /shared/lab_7/phyl_pipeline/evol_anal/NO_PAT/testing_evol/minor_event_19/minor_event_19_nucl_reported.fasta -m 012012 -f m -v 0 -a e -c 4 -o tlr
  > raxmlHPC-SSE3 -s /shared/lab_7/phyl_pipeline/evol_anal/NO_PAT/testing_evol/minor_event_19/minor_event_19_nucl_reported.fasta -m GTRGAMMAX -n EXEC_NAME -p PARSIMONY_SEED
  > raxml-ng --msa /shared/lab_7/phyl_pipeline/evol_anal/NO_PAT/testing_evol/minor_event_19/minor_event_19_nucl_reported.fasta --model TPM3uf+G4
  > paup -s /shared/lab_7/phyl_pipeline/evol_anal/NO_PAT/testing_evol/minor_event_19/minor_event_19_nucl_reported.fasta
  > iqtree -s /shared/lab_7/phyl_pipeline/evol_anal/NO_PAT/testing_evol/minor_event_19/minor_event_19_nucl_reported.fasta -m TPM3uf+G4

AICc      model              K            lnL          score          delta    weight
--------------------------------------------------------------------------------
       1  TPM3uf+G4          6     -4876.3281      9979.6563         0.0000    0.4077
       2  HKY+G4             5     -4879.1146      9982.2292         2.5730    0.1126
       3  TPM3uf+I+G4        7     -4876.1382      9982.2764         2.6201    0.1100
       4  TIM3+G4            7     -4876.3044      9982.6088         2.9525    0.0932
       5  TPM1uf+G4          6     -4878.3699      9983.7397         4.0835    0.0529
       6  TPM2uf+G4          6     -4878.3907      9983.7814         4.1251    0.0518
       7  HKY+I+G4           6     -4878.8377      9984.6754         5.0192    0.0331
       8  TrN+G4             6     -4879.0568      9985.1137         5.4574    0.0266
       9  TIM3+I+G4          8     -4876.1272      9985.2545         5.5982    0.0248
      10  TPM2uf+I+G4        7     -4877.6979      9985.3958         5.7395    0.0231
--------------------------------------------------------------------------------
Best model according to AICc
---------------------------
Model:              TPM3uf+G4
lnL:                -4876.3281
Frequencies:        0.3011 0.2041 0.1897 0.3051
Subst. Rates:       1.3859 3.0370 1.0000 1.3859 3.0370 1.0000 
Inv. sites prop:    -
Gamma shape:        1.2184
Score:              9979.6563
Weight:             0.4077
---------------------------
Parameter importances
---------------------------
P.Inv:              0.0000
Gamma:              0.7855
Gamma-Inv:          0.2145
Frequencies:        1.0000
---------------------------
Model averaged estimates
---------------------------
P.Inv:              0.1900
Alpha:              1.1992
Alpha-P.Inv:        1.5298
P.Inv-Alpha:        0.0587
Frequencies:        0.3011 0.2090 0.1894 0.3005 

Commands:
  > phyml  -i /shared/lab_7/phyl_pipeline/evol_anal/NO_PAT/testing_evol/minor_event_19/minor_event_19_nucl_reported.fasta -m 012012 -f m -v 0 -a e -c 4 -o tlr
  > raxmlHPC-SSE3 -s /shared/lab_7/phyl_pipeline/evol_anal/NO_PAT/testing_evol/minor_event_19/minor_event_19_nucl_reported.fasta -m GTRGAMMAX -n EXEC_NAME -p PARSIMONY_SEED
  > raxml-ng --msa /shared/lab_7/phyl_pipeline/evol_anal/NO_PAT/testing_evol/minor_event_19/minor_event_19_nucl_reported.fasta --model TPM3uf+G4
  > paup -s /shared/lab_7/phyl_pipeline/evol_anal/NO_PAT/testing_evol/minor_event_19/minor_event_19_nucl_reported.fasta
  > iqtree -s /shared/lab_7/phyl_pipeline/evol_anal/NO_PAT/testing_evol/minor_event_19/minor_event_19_nucl_reported.fasta -m TPM3uf+G4
Done
