Using: /root/.etetoolkit/ext_apps-latest/bin/Slr
Using: /root/.etetoolkit/ext_apps-latest/bin/codeml

Running CodeML/Slr (20 CPUs)
  - processing model M0 (M0~466ac3e294726e75e170ddd3ece98803)
  - processing model b_free (b_free~2b6a68f41da0686d34943df2bf5aaafc)
       marking branches 5, 4, 20

          (((NOV_Cry8Ha1_89.4_ABB29866.1,BT_Cry8Ha1),BT_Cry8Hb1),NOV_Cry8Ha1_89.8_ATY50148.1,(NOV_Cry8Da1_43.7_ANC11094.1,(((BT_Cry1Ig1,BT_Cry1Ka2),BT_Cry1Fa1),(BT_Cry8Da1,(BT_Cry3Bb1 #1,BT_Cry3Ba1 #1) #1))));

  - processing model b_neut (b_neut~bcecbbb1e7fd83d2fc38615da8082438)
       marking branches 5, 4, 20

          (((NOV_Cry8Ha1_89.4_ABB29866.1,BT_Cry8Ha1),BT_Cry8Hb1),NOV_Cry8Ha1_89.8_ATY50148.1,(NOV_Cry8Da1_43.7_ANC11094.1,(((BT_Cry1Ig1,BT_Cry1Ka2),BT_Cry1Fa1),(BT_Cry8Da1,(BT_Cry3Bb1 #1,BT_Cry3Ba1 #1) #1))));


LRT

                                         Null model |                             Alternative model | p-value
   =================================================|===============================================|============
                M0~466ac3e294726e75e170ddd3ece98803 | b_free.5_4_2~433e44b9ff97ccfdf4956ec1052bdc1d | 0.032645*
      b_neut.5_4_2~74f773891603568b12064dded5ae674c | b_free.5_4_2~433e44b9ff97ccfdf4956ec1052bdc1d | 0.000405**

SUMMARY BY MODEL

 - Model M0
   * Average omega for all tree: 0.169

 - Model b_free.5_4_20-1_1_1
   * Marked branches
      (((NOV_Cry8Ha1_89.4_ABB29866.1,BT_Cry8Ha1),BT_Cry8Hb1),NOV_Cry8Ha1_89.8_ATY50148.1,(NOV_Cry8Da1_43.7_ANC11094.1,(((BT_Cry1Ig1,BT_Cry1Ka2),BT_Cry1Fa1),(BT_Cry8Da1,(BT_Cry3Bb1 #1,BT_Cry3Ba1 #1) #1))));

        Branches  =>   omega
              #1  =>   0.311
      background  =>   0.150

 - Model b_neut.5_4_20-1_1_1
   * Marked branches
      (((NOV_Cry8Ha1_89.4_ABB29866.1,BT_Cry8Ha1),BT_Cry8Hb1),NOV_Cry8Ha1_89.8_ATY50148.1,(NOV_Cry8Da1_43.7_ANC11094.1,(((BT_Cry1Ig1,BT_Cry1Ka2),BT_Cry1Fa1),(BT_Cry8Da1,(BT_Cry3Bb1 #1,BT_Cry3Ba1 #1) #1))));

        Branches  =>   omega
      background  =>   0.143
              #1  =>   1.000
