Using: /root/.etetoolkit/ext_apps-latest/bin/Slr
Using: /root/.etetoolkit/ext_apps-latest/bin/codeml

Running CodeML/Slr (20 CPUs)
  - processing model M0 (M0~d59b43750810ea3c3279aadfa5d99247)
  - processing model bsA (bsA~476a4161d7f1315e2737aac7236aad9e)
       marking branches 3

          ((NOV_Cry7Ea2_99.9_AFI42038.1,((NOV_Cry7Ca1_86.8_AGM39664.1,NOV_Cry7Ca1_99.7_ABR67863.2),BT_Cry7Cb1 #1)),BT_Cry7Bb1,(BT_Cry7Ba1,NOV_Cry7Ba1_84.3_AFI42043.1));

  - processing model bsA1 (bsA1~49a14a5a84b80970de0d85757d3ebafa)
       marking branches 3

          ((NOV_Cry7Ea2_99.9_AFI42038.1,((NOV_Cry7Ca1_86.8_AGM39664.1,NOV_Cry7Ca1_99.7_ABR67863.2),BT_Cry7Cb1 #1)),BT_Cry7Bb1,(BT_Cry7Ba1,NOV_Cry7Ba1_84.3_AFI42043.1));

  - processing model bsB (bsB~22d335c5b6697128cd871bfff212497f)
       marking branches 3

          ((NOV_Cry7Ea2_99.9_AFI42038.1,((NOV_Cry7Ca1_86.8_AGM39664.1,NOV_Cry7Ca1_99.7_ABR67863.2),BT_Cry7Cb1 #1)),BT_Cry7Bb1,(BT_Cry7Ba1,NOV_Cry7Ba1_84.3_AFI42043.1));


LRT

                                         Null model |                             Alternative model | p-value
   =================================================|===============================================|============
                M0~d59b43750810ea3c3279aadfa5d99247 |      bsA.3-1~bba4a2b44cc4ef20e4566a968bb57eac | 0.000000**
                M0~d59b43750810ea3c3279aadfa5d99247 |     bsA1.3-1~5215aaa67e41e2e111ef29ac8d8e56fb | 0.000000**
                M0~d59b43750810ea3c3279aadfa5d99247 |      bsB.3-1~004e8507436974e2c4d6749e91a56635 | 0.000000**
           bsA.3-1~bba4a2b44cc4ef20e4566a968bb57eac |      bsB.3-1~004e8507436974e2c4d6749e91a56635 | 0.375042
          bsA1.3-1~5215aaa67e41e2e111ef29ac8d8e56fb |      bsA.3-1~bba4a2b44cc4ef20e4566a968bb57eac | 0.002833**
          bsA1.3-1~5215aaa67e41e2e111ef29ac8d8e56fb |      bsB.3-1~004e8507436974e2c4d6749e91a56635 | 0.007833**

SUMMARY BY MODEL

 - Model M0
   * Average omega for all tree: 0.428

 - Model bsA.3-1
   * Marked branches
      ((NOV_Cry7Ea2_99.9_AFI42038.1,((NOV_Cry7Ca1_86.8_AGM39664.1,NOV_Cry7Ca1_99.7_ABR67863.2),BT_Cry7Cb1 #1)),BT_Cry7Bb1,(BT_Cry7Ba1,NOV_Cry7Ba1_84.3_AFI42043.1));
   * Sites significantly caracterized
      codon position |   category
     -----------------------------------------------------------
                 8   |   Conserved (probability > 0.95)
                10   |   Conserved (probability > 0.95)
                13   |   Conserved (probability > 0.95)
                16   |   Conserved (probability > 0.95)
                29   |   Conserved (probability > 0.95)
                39   |   Conserved (probability > 0.95)
                54   |   Conserved (probability > 0.95)
                83   |   Conserved (probability > 0.95)
               105   |   Conserved (probability > 0.95)
               111   |   Conserved (probability > 0.95)
               113   |   Conserved (probability > 0.95)
               133   |   Conserved (probability > 0.95)
               140   |   Conserved (probability > 0.95)
               144   |   Conserved (probability > 0.95)
               151   |   Conserved (probability > 0.95)
               173   |   Conserved (probability > 0.95)
               179   |   Conserved (probability > 0.95)
               183   |   Conserved (probability > 0.95)
               186   |   Conserved (probability > 0.95)
               189   |   Conserved (probability > 0.95)
               192   |   Conserved (probability > 0.95)
               199   |   Positively-selected (probability > 0.95)
               214   |   Conserved (probability > 0.95)
               221   |   Conserved (probability > 0.95)
               222   |   Positively-selected (probability > 0.95)

 - Model bsA1.3-1
   * Marked branches
      ((NOV_Cry7Ea2_99.9_AFI42038.1,((NOV_Cry7Ca1_86.8_AGM39664.1,NOV_Cry7Ca1_99.7_ABR67863.2),BT_Cry7Cb1 #1)),BT_Cry7Bb1,(BT_Cry7Ba1,NOV_Cry7Ba1_84.3_AFI42043.1));

 - Model bsB.3-1
   * Marked branches
      ((NOV_Cry7Ea2_99.9_AFI42038.1,((NOV_Cry7Ca1_86.8_AGM39664.1,NOV_Cry7Ca1_99.7_ABR67863.2),BT_Cry7Cb1 #1)),BT_Cry7Bb1,(BT_Cry7Ba1,NOV_Cry7Ba1_84.3_AFI42043.1));
   * Sites significantly caracterized
      codon position |   category
     -----------------------------------------------------------
                 8   |   Conserved (probability > 0.95)
                10   |   Conserved (probability > 0.95)
                13   |   Conserved (probability > 0.95)
                16   |   Conserved (probability > 0.95)
                29   |   Conserved (probability > 0.95)
                39   |   Conserved (probability > 0.95)
                54   |   Conserved (probability > 0.95)
                83   |   Conserved (probability > 0.95)
               105   |   Conserved (probability > 0.95)
               111   |   Conserved (probability > 0.95)
               113   |   Conserved (probability > 0.95)
               133   |   Conserved (probability > 0.95)
               140   |   Conserved (probability > 0.95)
               144   |   Conserved (probability > 0.95)
               151   |   Conserved (probability > 0.95)
               173   |   Conserved (probability > 0.95)
               175   |   Positively-selected (probability > 0.95)
               179   |   Conserved (probability > 0.95)
               183   |   Conserved (probability > 0.95)
               186   |   Conserved (probability > 0.95)
               189   |   Conserved (probability > 0.95)
               192   |   Conserved (probability > 0.95)
               199   |   Positively-selected (probability > 0.95)
               214   |   Conserved (probability > 0.95)
               221   |   Conserved (probability > 0.95)
               222   |   Positively-selected (probability > 0.95)
