Using: /root/.etetoolkit/ext_apps-latest/bin/Slr
Using: /root/.etetoolkit/ext_apps-latest/bin/codeml

Running CodeML/Slr (20 CPUs)
  - processing model M0 (M0~d59b43750810ea3c3279aadfa5d99247)
  - processing model bsA (bsA~476a4161d7f1315e2737aac7236aad9e)
       marking branches 7, 10, 11, 3, 5, 6, 9

          ((NOV_Cry7Ea2_99.9_AFI42038.1 #1,((NOV_Cry7Ca1_86.8_AGM39664.1 #1,NOV_Cry7Ca1_99.7_ABR67863.2 #1) #1,BT_Cry7Cb1 #1) #1) #1,BT_Cry7Bb1,(BT_Cry7Ba1,NOV_Cry7Ba1_84.3_AFI42043.1));

  - processing model bsA1 (bsA1~49a14a5a84b80970de0d85757d3ebafa)
       marking branches 7, 10, 11, 3, 5, 6, 9

          ((NOV_Cry7Ea2_99.9_AFI42038.1 #1,((NOV_Cry7Ca1_86.8_AGM39664.1 #1,NOV_Cry7Ca1_99.7_ABR67863.2 #1) #1,BT_Cry7Cb1 #1) #1) #1,BT_Cry7Bb1,(BT_Cry7Ba1,NOV_Cry7Ba1_84.3_AFI42043.1));

  - processing model bsB (bsB~22d335c5b6697128cd871bfff212497f)
       marking branches 7, 10, 11, 3, 5, 6, 9

          ((NOV_Cry7Ea2_99.9_AFI42038.1 #1,((NOV_Cry7Ca1_86.8_AGM39664.1 #1,NOV_Cry7Ca1_99.7_ABR67863.2 #1) #1,BT_Cry7Cb1 #1) #1) #1,BT_Cry7Bb1,(BT_Cry7Ba1,NOV_Cry7Ba1_84.3_AFI42043.1));


LRT

                                         Null model |                             Alternative model | p-value
   =================================================|===============================================|============
                M0~d59b43750810ea3c3279aadfa5d99247 | bsA.7_10_11_~3658cf570a42e6b8f466f02a3163ac83 | 0.000000**
                M0~d59b43750810ea3c3279aadfa5d99247 | bsA1.7_10_11~83c1743e78679242d517cb10d3eff290 | 0.000000**
                M0~d59b43750810ea3c3279aadfa5d99247 | bsB.7_10_11_~af61ed23037ad703a7c2126d5ff01446 | 0.000000**
      bsA.7_10_11_~3658cf570a42e6b8f466f02a3163ac83 | bsB.7_10_11_~af61ed23037ad703a7c2126d5ff01446 | 0.239465
      bsA1.7_10_11~83c1743e78679242d517cb10d3eff290 | bsA.7_10_11_~3658cf570a42e6b8f466f02a3163ac83 | 0.006826**
      bsA1.7_10_11~83c1743e78679242d517cb10d3eff290 | bsB.7_10_11_~af61ed23037ad703a7c2126d5ff01446 | 0.012894*

SUMMARY BY MODEL

 - Model M0
   * Average omega for all tree: 0.428

 - Model bsA.7_10_11_3_5_6_9-1_1_1_1_1_1_1
   * Marked branches
      ((NOV_Cry7Ea2_99.9_AFI42038.1 #1,((NOV_Cry7Ca1_86.8_AGM39664.1 #1,NOV_Cry7Ca1_99.7_ABR67863.2 #1) #1,BT_Cry7Cb1 #1) #1) #1,BT_Cry7Bb1,(BT_Cry7Ba1,NOV_Cry7Ba1_84.3_AFI42043.1));
   * Sites significantly caracterized
      codon position |   category
     -----------------------------------------------------------
                 5   |   Conserved (probability > 0.95)
            7-   8   |   Conserved (probability > 0.95)
                10   |   Conserved (probability > 0.95)
                13   |   Conserved (probability > 0.99)
                16   |   Conserved (probability > 0.95)
                29   |   Conserved (probability > 0.95)
           39-  40   |   Conserved (probability > 0.95)
                54   |   Conserved (probability > 0.95)
                58   |   Conserved (probability > 0.95)
                83   |   Conserved (probability > 0.95)
               105   |   Conserved (probability > 0.95)
               111   |   Conserved (probability > 0.99)
               113   |   Conserved (probability > 0.95)
               133   |   Conserved (probability > 0.95)
               140   |   Conserved (probability > 0.95)
               144   |   Conserved (probability > 0.99)
               151   |   Conserved (probability > 0.95)
               159   |   Conserved (probability > 0.95)
               162   |   Positively-selected (probability > 0.95)
               173   |   Conserved (probability > 0.95)
               179   |   Conserved (probability > 0.95)
               183   |   Conserved (probability > 0.99)
               186   |   Conserved (probability > 0.95)
               189   |   Conserved (probability > 0.95)
               192   |   Conserved (probability > 0.99)
          214- 215   |   Conserved (probability > 0.95)
               218   |   Conserved (probability > 0.95)
          220- 221   |   Conserved (probability > 0.95)

 - Model bsA1.7_10_11_3_5_6_9-1_1_1_1_1_1_1
   * Marked branches
      ((NOV_Cry7Ea2_99.9_AFI42038.1 #1,((NOV_Cry7Ca1_86.8_AGM39664.1 #1,NOV_Cry7Ca1_99.7_ABR67863.2 #1) #1,BT_Cry7Cb1 #1) #1) #1,BT_Cry7Bb1,(BT_Cry7Ba1,NOV_Cry7Ba1_84.3_AFI42043.1));
   * Sites significantly caracterized
      codon position |   category
     -----------------------------------------------------------
            7-   8   |   Relaxed (probability > 0.95)
                10   |   Relaxed (probability > 0.95)
                13   |   Relaxed (probability > 0.95)
                16   |   Relaxed (probability > 0.95)
                29   |   Relaxed (probability > 0.95)
                39   |   Relaxed (probability > 0.95)
                54   |   Relaxed (probability > 0.95)
                58   |   Relaxed (probability > 0.95)
                83   |   Relaxed (probability > 0.95)
               105   |   Relaxed (probability > 0.95)
               111   |   Relaxed (probability > 0.95)
               113   |   Relaxed (probability > 0.95)
               133   |   Relaxed (probability > 0.95)
               140   |   Relaxed (probability > 0.95)
               144   |   Relaxed (probability > 0.95)
               151   |   Relaxed (probability > 0.95)
               173   |   Relaxed (probability > 0.95)
               179   |   Relaxed (probability > 0.95)
               183   |   Relaxed (probability > 0.95)
               186   |   Relaxed (probability > 0.95)
               189   |   Relaxed (probability > 0.95)
               192   |   Relaxed (probability > 0.95)
               214   |   Relaxed (probability > 0.95)
          220- 221   |   Relaxed (probability > 0.95)

 - Model bsB.7_10_11_3_5_6_9-1_1_1_1_1_1_1
   * Marked branches
      ((NOV_Cry7Ea2_99.9_AFI42038.1 #1,((NOV_Cry7Ca1_86.8_AGM39664.1 #1,NOV_Cry7Ca1_99.7_ABR67863.2 #1) #1,BT_Cry7Cb1 #1) #1) #1,BT_Cry7Bb1,(BT_Cry7Ba1,NOV_Cry7Ba1_84.3_AFI42043.1));
   * Sites significantly caracterized
      codon position |   category
     -----------------------------------------------------------
                 8   |   Conserved (probability > 0.95)
                10   |   Conserved (probability > 0.95)
                13   |   Conserved (probability > 0.95)
                16   |   Conserved (probability > 0.95)
                29   |   Conserved (probability > 0.95)
                39   |   Conserved (probability > 0.95)
                54   |   Conserved (probability > 0.95)
                58   |   Conserved (probability > 0.95)
                83   |   Conserved (probability > 0.95)
               105   |   Conserved (probability > 0.95)
               111   |   Conserved (probability > 0.95)
               113   |   Conserved (probability > 0.95)
               133   |   Conserved (probability > 0.95)
               134   |   Positively-selected (probability > 0.95)
               140   |   Conserved (probability > 0.95)
               142   |   Positively-selected (probability > 0.95)
               144   |   Conserved (probability > 0.95)
               151   |   Conserved (probability > 0.95)
               162   |   Positively-selected (probability > 0.95)
               173   |   Conserved (probability > 0.95)
               179   |   Conserved (probability > 0.95)
               183   |   Conserved (probability > 0.95)
               186   |   Conserved (probability > 0.95)
               189   |   Conserved (probability > 0.95)
               192   |   Conserved (probability > 0.95)
               214   |   Conserved (probability > 0.95)
               221   |   Conserved (probability > 0.95)
