Using: /root/.etetoolkit/ext_apps-latest/bin/Slr
Using: /root/.etetoolkit/ext_apps-latest/bin/codeml

Running CodeML/Slr (20 CPUs)
  - processing model M0 (M0~57d68d9201814c5df0d481108179c01e)
  - processing model b_free (b_free~d29da7488af36cf1e20d7c4c20940098)
       marking branches 41, 45, 26, 42, 46, 54, 43, 44, 47, 28, 55, 19, 8, 27, 10, 7, 48, 53, 16, 20, 49, 12, 17, 18, 50, 15, 51, 52, 13, 11, 14, 9, 40

          ((((((BT_Cry8Da1,BT_Cry8Db1),(BT_Cry8Ac1,(BT_Cry8Ab1,(NOV_Cry8Ab1_80.3_AFP44678.1,NOV_Cry8Ab1_80.0_AMR06151.1)))),((NOV_Cry1Ia28_99.7_AIQ81197.1 #1,((BT_Cry1Ia15 #1,NOV_Cry1Ia9_99.7_AEV45788.1 #1) #1,(BT_Cry1Ia20 #1,BT_Cry1Ia11 #1) #1) #1) #1,(((((((BT_Cry1Ib7 #1,BT_Cry1Ib1 #1) #1,(BT_Cry1Ib8 #1,BT_Cry1Ia18 #1) #1) #1,BT_Cry1Ic1 #1) #1,BT_Cry1Ib4 #1) #1,(BT_Cry1Ie3 #1,BT_Cry1Ie4 #1) #1) #1,NOV_Cry1Ie5_79.3_PQQ47595.1 #1) #1,((BT_Cry1Id1 #1,BT_Cry1Ma1 #1) #1,BT_Cry1Ig1 #1) #1) #1) #1),(BT_Cry1Bi1,BT_Cry1Bg1)),(BT_Cry1Be1,BT_Cry1Bj1)),BT_Cry1Bf1,(BT_Cry1Ba1,NOV_Cry1Ba2_99.9_OTY85625.1));

  - processing model b_neut (b_neut~eff53df50dbfd6885a212fbdf10da05b)
       marking branches 41, 45, 26, 42, 46, 54, 43, 44, 47, 28, 55, 19, 8, 27, 10, 7, 48, 53, 16, 20, 49, 12, 17, 18, 50, 15, 51, 52, 13, 11, 14, 9, 40

          ((((((BT_Cry8Da1,BT_Cry8Db1),(BT_Cry8Ac1,(BT_Cry8Ab1,(NOV_Cry8Ab1_80.3_AFP44678.1,NOV_Cry8Ab1_80.0_AMR06151.1)))),((NOV_Cry1Ia28_99.7_AIQ81197.1 #1,((BT_Cry1Ia15 #1,NOV_Cry1Ia9_99.7_AEV45788.1 #1) #1,(BT_Cry1Ia20 #1,BT_Cry1Ia11 #1) #1) #1) #1,(((((((BT_Cry1Ib7 #1,BT_Cry1Ib1 #1) #1,(BT_Cry1Ib8 #1,BT_Cry1Ia18 #1) #1) #1,BT_Cry1Ic1 #1) #1,BT_Cry1Ib4 #1) #1,(BT_Cry1Ie3 #1,BT_Cry1Ie4 #1) #1) #1,NOV_Cry1Ie5_79.3_PQQ47595.1 #1) #1,((BT_Cry1Id1 #1,BT_Cry1Ma1 #1) #1,BT_Cry1Ig1 #1) #1) #1) #1),(BT_Cry1Bi1,BT_Cry1Bg1)),(BT_Cry1Be1,BT_Cry1Bj1)),BT_Cry1Bf1,(BT_Cry1Ba1,NOV_Cry1Ba2_99.9_OTY85625.1));


LRT

                                         Null model |                             Alternative model | p-value
   =================================================|===============================================|============
                M0~57d68d9201814c5df0d481108179c01e | b_free.41_45~4d9a165e17b3b03fb941112169b27bec | 0.161409
      b_neut.41_45~7284705bc675ece6313052bedb93cc90 | b_free.41_45~4d9a165e17b3b03fb941112169b27bec | 0.000000**

SUMMARY BY MODEL

 - Model M0
   * Average omega for all tree: 0.157

 - Model b_free.41_45_26_42_46_54_43_44_47_28_55_19_8_27_10_7_48_53_16_20_49_12_17_18_50_15_51_52_13_11_14_9_40-1_1_1_1_1_1_1_1_1_1_1_1_1_1_1_1_1_1_1_1_1_1_1_1_1_1_1_1_1_1_1_1_1
   * Marked branches
      ((((((BT_Cry8Da1,BT_Cry8Db1),(BT_Cry8Ac1,(BT_Cry8Ab1,(NOV_Cry8Ab1_80.3_AFP44678.1,NOV_Cry8Ab1_80.0_AMR06151.1)))),((NOV_Cry1Ia28_99.7_AIQ81197.1 #1,((BT_Cry1Ia15 #1,NOV_Cry1Ia9_99.7_AEV45788.1 #1) #1,(BT_Cry1Ia20 #1,BT_Cry1Ia11 #1) #1) #1) #1,(((((((BT_Cry1Ib7 #1,BT_Cry1Ib1 #1) #1,(BT_Cry1Ib8 #1,BT_Cry1Ia18 #1) #1) #1,BT_Cry1Ic1 #1) #1,BT_Cry1Ib4 #1) #1,(BT_Cry1Ie3 #1,BT_Cry1Ie4 #1) #1) #1,NOV_Cry1Ie5_79.3_PQQ47595.1 #1) #1,((BT_Cry1Id1 #1,BT_Cry1Ma1 #1) #1,BT_Cry1Ig1 #1) #1) #1) #1),(BT_Cry1Bi1,BT_Cry1Bg1)),(BT_Cry1Be1,BT_Cry1Bj1)),BT_Cry1Bf1,(BT_Cry1Ba1,NOV_Cry1Ba2_99.9_OTY85625.1));

        Branches  =>   omega
      background  =>   0.176
              #1  =>   0.141

 - Model b_neut.41_45_26_42_46_54_43_44_47_28_55_19_8_27_10_7_48_53_16_20_49_12_17_18_50_15_51_52_13_11_14_9_40-1_1_1_1_1_1_1_1_1_1_1_1_1_1_1_1_1_1_1_1_1_1_1_1_1_1_1_1_1_1_1_1_1
   * Marked branches
      ((((((BT_Cry8Da1,BT_Cry8Db1),(BT_Cry8Ac1,(BT_Cry8Ab1,(NOV_Cry8Ab1_80.3_AFP44678.1,NOV_Cry8Ab1_80.0_AMR06151.1)))),((NOV_Cry1Ia28_99.7_AIQ81197.1 #1,((BT_Cry1Ia15 #1,NOV_Cry1Ia9_99.7_AEV45788.1 #1) #1,(BT_Cry1Ia20 #1,BT_Cry1Ia11 #1) #1) #1) #1,(((((((BT_Cry1Ib7 #1,BT_Cry1Ib1 #1) #1,(BT_Cry1Ib8 #1,BT_Cry1Ia18 #1) #1) #1,BT_Cry1Ic1 #1) #1,BT_Cry1Ib4 #1) #1,(BT_Cry1Ie3 #1,BT_Cry1Ie4 #1) #1) #1,NOV_Cry1Ie5_79.3_PQQ47595.1 #1) #1,((BT_Cry1Id1 #1,BT_Cry1Ma1 #1) #1,BT_Cry1Ig1 #1) #1) #1) #1),(BT_Cry1Bi1,BT_Cry1Bg1)),(BT_Cry1Be1,BT_Cry1Bj1)),BT_Cry1Bf1,(BT_Cry1Ba1,NOV_Cry1Ba2_99.9_OTY85625.1));

        Branches  =>   omega
              #1  =>   1.000
      background  =>   0.160
