--------------------------------------------------------------------------------
ModelTest-NG v0.1.7

Input data:
  MSA:        /shared/lab_7/phyl_pipeline/evol_anal/NO_PAT/testing_evol/major1_event_24/major1_event_24_nucl_reported.fasta
  Tree:       Maximum likelihood
    file:           -
  #taxa:            30
  #sites:           606
  #patterns:        323
  Max. thread mem:  4 MB

Output:
  Log:           /shared/lab_7/phyl_pipeline/evol_anal/NO_PAT/testing_evol/major1_event_24/major1_event_24_nucl_reported.fasta.log
  Starting tree: /shared/lab_7/phyl_pipeline/evol_anal/NO_PAT/testing_evol/major1_event_24/major1_event_24_nucl_reported.fasta.tree
  Results:       /shared/lab_7/phyl_pipeline/evol_anal/NO_PAT/testing_evol/major1_event_24/major1_event_24_nucl_reported.fasta.out

Selection options:
  # dna schemes:      11
  # dna models:       88
  include model parameters:
    Uniform:         true
    p-inv (+I):      true
    gamma (+G):      true
    both (+I+G):     true
    free rates (+R): false
    fixed freqs:     true
    estimated freqs: true
    #categories:     4
  gamma rates mode:   mean
  asc bias:           none
  epsilon (opt):      0.01
  epsilon (par):      0.05
  keep branches:      false

Additional options:
  verbosity:        very low
  threads:          1/36
  RNG seed:         12345
  subtree repeats:  enabled
--------------------------------------------------------------------------------

BIC       model              K            lnL          score          delta    weight
--------------------------------------------------------------------------------
       1  TPM3uf+G4          6     -4722.9354      9849.5043         0.0000    0.9062
       2  TIM3+G4            7     -4722.5071      9855.0545         5.5501    0.0565
       3  TPM3uf+I+G4        7     -4723.0705      9856.1813         6.6769    0.0322
       4  TVM+G4             8     -4722.2980      9861.0432        11.5389    0.0028
       5  TIM3+I+G4          8     -4722.6527      9861.7527        12.2483    0.0020
       6  GTR+G4             9     -4721.7901      9866.4342        16.9299    0.0002
       7  TVM+I+G4           9     -4722.4329      9867.7199        18.2156    0.0001
       8  GTR+I+G4          10     -4721.9418      9873.1446        23.6403    0.0000
       9  HKY+G4             5     -4739.5033      9876.2331        26.7288    0.0000
      10  TPM2uf+G4          6     -4738.8462      9881.3258        31.8215    0.0000
--------------------------------------------------------------------------------
Best model according to BIC
---------------------------
Model:              TPM3uf+G4
lnL:                -4722.9354
Frequencies:        0.3230 0.1686 0.1977 0.3107
Subst. Rates:       2.5765 7.1449 1.0000 2.5765 7.1449 1.0000 
Inv. sites prop:    -
Gamma shape:        0.7488
Score:              9849.5043
Weight:             0.9062
---------------------------
Parameter importances
---------------------------
P.Inv:              0.0000
Gamma:              0.9657
Gamma-Inv:          0.0343
Frequencies:        1.0000
---------------------------
Model averaged estimates
---------------------------
P.Inv:              0.3133
Alpha:              0.7485
Alpha-P.Inv:        0.8417
P.Inv-Alpha:        0.0278
Frequencies:        0.3232 0.1683 0.1980 0.3104 

Commands:
  > phyml  -i /shared/lab_7/phyl_pipeline/evol_anal/NO_PAT/testing_evol/major1_event_24/major1_event_24_nucl_reported.fasta -m 012012 -f m -v 0 -a e -c 4 -o tlr
  > raxmlHPC-SSE3 -s /shared/lab_7/phyl_pipeline/evol_anal/NO_PAT/testing_evol/major1_event_24/major1_event_24_nucl_reported.fasta -m GTRGAMMAX -n EXEC_NAME -p PARSIMONY_SEED
  > raxml-ng --msa /shared/lab_7/phyl_pipeline/evol_anal/NO_PAT/testing_evol/major1_event_24/major1_event_24_nucl_reported.fasta --model TPM3uf+G4
  > paup -s /shared/lab_7/phyl_pipeline/evol_anal/NO_PAT/testing_evol/major1_event_24/major1_event_24_nucl_reported.fasta
  > iqtree -s /shared/lab_7/phyl_pipeline/evol_anal/NO_PAT/testing_evol/major1_event_24/major1_event_24_nucl_reported.fasta -m TPM3uf+G4

AIC       model              K            lnL          score          delta    weight
--------------------------------------------------------------------------------
       1  TPM3uf+G4          6     -4722.9354      9571.8709         0.0000    0.3832
       2  TIM3+G4            7     -4722.5071      9573.0142         1.1433    0.2163
       3  TPM3uf+I+G4        7     -4723.0705      9574.1410         2.2701    0.1232
       4  TVM+G4             8     -4722.2980      9574.5960         2.7252    0.0981
       5  TIM3+I+G4          8     -4722.6527      9575.3055         3.4346    0.0688
       6  GTR+G4             9     -4721.7901      9575.5801         3.7092    0.0600
       7  TVM+I+G4           9     -4722.4329      9576.8659         4.9950    0.0315
       8  GTR+I+G4          10     -4721.9418      9577.8836         6.0127    0.0190
       9  HKY+G4             5     -4739.5033      9603.0066        31.1357    0.0000
      10  TPM2uf+G4          6     -4738.8462      9603.6924        31.8215    0.0000
--------------------------------------------------------------------------------
Best model according to AIC
---------------------------
Model:              TPM3uf+G4
lnL:                -4722.9354
Frequencies:        0.3230 0.1686 0.1977 0.3107
Subst. Rates:       2.5765 7.1449 1.0000 2.5765 7.1449 1.0000 
Inv. sites prop:    -
Gamma shape:        0.7488
Score:              9571.8709
Weight:             0.3832
---------------------------
Parameter importances
---------------------------
P.Inv:              0.0000
Gamma:              0.7576
Gamma-Inv:          0.2424
Frequencies:        1.0000
---------------------------
Model averaged estimates
---------------------------
P.Inv:              0.3138
Alpha:              0.7473
Alpha-P.Inv:        0.8489
P.Inv-Alpha:        0.0309
Frequencies:        0.3238 0.1670 0.2003 0.3088 

Commands:
  > phyml  -i /shared/lab_7/phyl_pipeline/evol_anal/NO_PAT/testing_evol/major1_event_24/major1_event_24_nucl_reported.fasta -m 012012 -f m -v 0 -a e -c 4 -o tlr
  > raxmlHPC-SSE3 -s /shared/lab_7/phyl_pipeline/evol_anal/NO_PAT/testing_evol/major1_event_24/major1_event_24_nucl_reported.fasta -m GTRGAMMAX -n EXEC_NAME -p PARSIMONY_SEED
  > raxml-ng --msa /shared/lab_7/phyl_pipeline/evol_anal/NO_PAT/testing_evol/major1_event_24/major1_event_24_nucl_reported.fasta --model TPM3uf+G4
  > paup -s /shared/lab_7/phyl_pipeline/evol_anal/NO_PAT/testing_evol/major1_event_24/major1_event_24_nucl_reported.fasta
  > iqtree -s /shared/lab_7/phyl_pipeline/evol_anal/NO_PAT/testing_evol/major1_event_24/major1_event_24_nucl_reported.fasta -m TPM3uf+G4

AICc      model              K            lnL          score          delta    weight
--------------------------------------------------------------------------------
       1  TPM3uf+G4          6     -4722.9354      9585.8709         0.0000    0.5242
       2  TIM3+G4            7     -4722.5071      9588.0142         2.1433    0.1795
       3  TPM3uf+I+G4        7     -4723.0705      9589.1410         3.2701    0.1022
       4  TVM+G4             8     -4722.2980      9589.5960         3.7252    0.0814
       5  TIM3+I+G4          8     -4722.6527      9590.3055         4.4346    0.0571
       6  GTR+G4             9     -4721.7901      9591.5801         5.7092    0.0302
       7  TVM+I+G4           9     -4722.4329      9592.8659         6.9950    0.0159
       8  GTR+I+G4          10     -4721.9418      9593.8836         8.0127    0.0095
       9  HKY+G4             5     -4739.5033      9617.0066        31.1357    0.0000
      10  TPM2uf+G4          6     -4738.8462      9617.6924        31.8215    0.0000
--------------------------------------------------------------------------------
Best model according to AICc
---------------------------
Model:              TPM3uf+G4
lnL:                -4722.9354
Frequencies:        0.3230 0.1686 0.1977 0.3107
Subst. Rates:       2.5765 7.1449 1.0000 2.5765 7.1449 1.0000 
Inv. sites prop:    -
Gamma shape:        0.7488
Score:              9585.8709
Weight:             0.5242
---------------------------
Parameter importances
---------------------------
P.Inv:              0.0000
Gamma:              0.8153
Gamma-Inv:          0.1847
Frequencies:        1.0000
---------------------------
Model averaged estimates
---------------------------
P.Inv:              0.3136
Alpha:              0.7477
Alpha-P.Inv:        0.8480
P.Inv-Alpha:        0.0307
Frequencies:        0.3237 0.1674 0.1996 0.3093 

Commands:
  > phyml  -i /shared/lab_7/phyl_pipeline/evol_anal/NO_PAT/testing_evol/major1_event_24/major1_event_24_nucl_reported.fasta -m 012012 -f m -v 0 -a e -c 4 -o tlr
  > raxmlHPC-SSE3 -s /shared/lab_7/phyl_pipeline/evol_anal/NO_PAT/testing_evol/major1_event_24/major1_event_24_nucl_reported.fasta -m GTRGAMMAX -n EXEC_NAME -p PARSIMONY_SEED
  > raxml-ng --msa /shared/lab_7/phyl_pipeline/evol_anal/NO_PAT/testing_evol/major1_event_24/major1_event_24_nucl_reported.fasta --model TPM3uf+G4
  > paup -s /shared/lab_7/phyl_pipeline/evol_anal/NO_PAT/testing_evol/major1_event_24/major1_event_24_nucl_reported.fasta
  > iqtree -s /shared/lab_7/phyl_pipeline/evol_anal/NO_PAT/testing_evol/major1_event_24/major1_event_24_nucl_reported.fasta -m TPM3uf+G4
Done
