Using: /root/.etetoolkit/ext_apps-latest/bin/Slr
Using: /root/.etetoolkit/ext_apps-latest/bin/codeml

Running CodeML/Slr (20 CPUs)
  - processing model M0 (M0~8976fc49e18957515c17aa3ddefb9e13)
  - processing model bsA (bsA~6cb084eafd3224115132792754f3704b)
       marking branches 8

          ((NOV_Cry40Da1_65.0_CAH33957.1,NOV_Cry40Da1_66.9_PEU78339.1 #1),BT_Cry59Ba1,((BT_Cry40Ba1,BT_Cry40Ca1),((NOV_Cry40Aa1_67.9_CQ868314.1,BT_Cry40Aa1),((NOV_Cry40Da1_77.3_ARJ25823.1,NOV_Cry40Da1_81.5_AIN76756.1),BT_Cry40Da1))));

  - processing model bsA1 (bsA1~3d7c8c727d01e83b948f81f17f687613)
       marking branches 8

          ((NOV_Cry40Da1_65.0_CAH33957.1,NOV_Cry40Da1_66.9_PEU78339.1 #1),BT_Cry59Ba1,((BT_Cry40Ba1,BT_Cry40Ca1),((NOV_Cry40Aa1_67.9_CQ868314.1,BT_Cry40Aa1),((NOV_Cry40Da1_77.3_ARJ25823.1,NOV_Cry40Da1_81.5_AIN76756.1),BT_Cry40Da1))));

  - processing model bsB (bsB~ddd6de76ef585775743e2424282e43ad)
       marking branches 8

          ((NOV_Cry40Da1_65.0_CAH33957.1,NOV_Cry40Da1_66.9_PEU78339.1 #1),BT_Cry59Ba1,((BT_Cry40Ba1,BT_Cry40Ca1),((NOV_Cry40Aa1_67.9_CQ868314.1,BT_Cry40Aa1),((NOV_Cry40Da1_77.3_ARJ25823.1,NOV_Cry40Da1_81.5_AIN76756.1),BT_Cry40Da1))));


LRT

                                         Null model |                             Alternative model | p-value
   =================================================|===============================================|============
                M0~8976fc49e18957515c17aa3ddefb9e13 |      bsA.8-1~d308dc789a6d328a8ab6a130edd0615e | 0.000000**
                M0~8976fc49e18957515c17aa3ddefb9e13 |     bsA1.8-1~e99e5990b807508a7384e0917b062a54 | 0.000000**
                M0~8976fc49e18957515c17aa3ddefb9e13 |      bsB.8-1~03143cec2e447e10c150a9f32fd66a60 | 0.000000**
           bsA.8-1~d308dc789a6d328a8ab6a130edd0615e |      bsB.8-1~03143cec2e447e10c150a9f32fd66a60 | 0.000000**
          bsA1.8-1~e99e5990b807508a7384e0917b062a54 |      bsA.8-1~d308dc789a6d328a8ab6a130edd0615e | 1.000000
          bsA1.8-1~e99e5990b807508a7384e0917b062a54 |      bsB.8-1~03143cec2e447e10c150a9f32fd66a60 | 0.000000**

SUMMARY BY MODEL

 - Model M0
   * Average omega for all tree: 0.919

 - Model bsA.8-1
   * Marked branches
      ((NOV_Cry40Da1_65.0_CAH33957.1,NOV_Cry40Da1_66.9_PEU78339.1 #1),BT_Cry59Ba1,((BT_Cry40Ba1,BT_Cry40Ca1),((NOV_Cry40Aa1_67.9_CQ868314.1,BT_Cry40Aa1),((NOV_Cry40Da1_77.3_ARJ25823.1,NOV_Cry40Da1_81.5_AIN76756.1),BT_Cry40Da1))));

 - Model bsA1.8-1
   * Marked branches
      ((NOV_Cry40Da1_65.0_CAH33957.1,NOV_Cry40Da1_66.9_PEU78339.1 #1),BT_Cry59Ba1,((BT_Cry40Ba1,BT_Cry40Ca1),((NOV_Cry40Aa1_67.9_CQ868314.1,BT_Cry40Aa1),((NOV_Cry40Da1_77.3_ARJ25823.1,NOV_Cry40Da1_81.5_AIN76756.1),BT_Cry40Da1))));

 - Model bsB.8-1
   * Marked branches
      ((NOV_Cry40Da1_65.0_CAH33957.1,NOV_Cry40Da1_66.9_PEU78339.1 #1),BT_Cry59Ba1,((BT_Cry40Ba1,BT_Cry40Ca1),((NOV_Cry40Aa1_67.9_CQ868314.1,BT_Cry40Aa1),((NOV_Cry40Da1_77.3_ARJ25823.1,NOV_Cry40Da1_81.5_AIN76756.1),BT_Cry40Da1))));
   * Sites significantly caracterized
      codon position |   category
     -----------------------------------------------------------
            1- 226   |   Positively-selected (probability > 0.99)
