Using: /root/.etetoolkit/ext_apps-latest/bin/Slr
Using: /root/.etetoolkit/ext_apps-latest/bin/codeml

Running CodeML/Slr (20 CPUs)
  - processing model M0 (M0~1e0613894ce55b4ce14aed7da62bda9c)
  - processing model b_free (b_free~0ef4f249dd0fce80b5aaec3aba9c2948)
       marking branches 7

          ((((BT_Cry30Ca1,BT_Cry30Fa1),(BT_Cry30Aa1,BT_Cry30Ea1)),BT_Cry30Ga1),((BT_Cry72Aa1,BT_Cry71Aa1 #1),NOV_Cry4Ba1_63.7_AJW76684.1),(BT_Cry50Ba1,NOV_Cry50Ba2_97.6_AFI42042.1));

  - processing model b_neut (b_neut~8ab5891e3a7d77b22f0c20d1023b0681)
       marking branches 7

          ((((BT_Cry30Ca1,BT_Cry30Fa1),(BT_Cry30Aa1,BT_Cry30Ea1)),BT_Cry30Ga1),((BT_Cry72Aa1,BT_Cry71Aa1 #1),NOV_Cry4Ba1_63.7_AJW76684.1),(BT_Cry50Ba1,NOV_Cry50Ba2_97.6_AFI42042.1));


LRT

                                         Null model |                             Alternative model | p-value
   =================================================|===============================================|============
                M0~1e0613894ce55b4ce14aed7da62bda9c |   b_free.7-1~44cd3baecd64b99d47965838e0005276 | 0.489690
        b_neut.7-1~c16194462813585194cff6c7ef0c1b7a |   b_free.7-1~44cd3baecd64b99d47965838e0005276 | 0.966880

SUMMARY BY MODEL

 - Model M0
   * Average omega for all tree: 0.358

 - Model b_free.7-1
   * Marked branches
      ((((BT_Cry30Ca1,BT_Cry30Fa1),(BT_Cry30Aa1,BT_Cry30Ea1)),BT_Cry30Ga1),((BT_Cry72Aa1,BT_Cry71Aa1 #1),NOV_Cry4Ba1_63.7_AJW76684.1),(BT_Cry50Ba1,NOV_Cry50Ba2_97.6_AFI42042.1));

        Branches  =>   omega
      background  =>   0.345
              #1  =>   0.917

 - Model b_neut.7-1
   * Marked branches
      ((((BT_Cry30Ca1,BT_Cry30Fa1),(BT_Cry30Aa1,BT_Cry30Ea1)),BT_Cry30Ga1),((BT_Cry72Aa1,BT_Cry71Aa1 #1),NOV_Cry4Ba1_63.7_AJW76684.1),(BT_Cry50Ba1,NOV_Cry50Ba2_97.6_AFI42042.1));

        Branches  =>   omega
      background  =>   0.345
              #1  =>   1.000
