Using: /root/.etetoolkit/ext_apps-latest/bin/Slr
Using: /root/.etetoolkit/ext_apps-latest/bin/codeml

Running CodeML/Slr (20 CPUs)
  - processing model M0 (M0~8e07751254e531cf2902c30cc1904a04)
  - processing model bsA (bsA~a662481e9e1cc5a44f950046701607cb)
       marking branches 12, 4, 13, 9, 10, 14, 7, 15, 16, 5, 2, 17, 8, 1, 18, 6, 3, 11

          ((NOV_Cry40Da1_77.3_ARJ25823.1 #1,NOV_Cry40Da1_81.5_AIN76756.1 #1) #1,BT_Cry40Da1 #1,(((BT_Cry72Aa1 #1,BT_Cry40Ba1 #1) #1,((BT_Cry40Aa1 #1,(NOV_Cry40Aa1_67.9_CQ868314.1 #1,BT_Cry40Ca1 #1) #1) #1,NOV_Cry40Da1_66.9_PEU78339.1 #1) #1) #1,NOV_Cry40Da1_65.0_CAH33957.1 #1) #1) #1;

  - processing model bsA1 (bsA1~5468d72cdf161672465cea806f4f9883)
       marking branches 12, 4, 13, 9, 10, 14, 7, 15, 16, 5, 2, 17, 8, 1, 18, 6, 3, 11

          ((NOV_Cry40Da1_77.3_ARJ25823.1 #1,NOV_Cry40Da1_81.5_AIN76756.1 #1) #1,BT_Cry40Da1 #1,(((BT_Cry72Aa1 #1,BT_Cry40Ba1 #1) #1,((BT_Cry40Aa1 #1,(NOV_Cry40Aa1_67.9_CQ868314.1 #1,BT_Cry40Ca1 #1) #1) #1,NOV_Cry40Da1_66.9_PEU78339.1 #1) #1) #1,NOV_Cry40Da1_65.0_CAH33957.1 #1) #1) #1;

  - processing model bsB (bsB~99809cf15ddd340a32fda6ae0766e408)
       marking branches 12, 4, 13, 9, 10, 14, 7, 15, 16, 5, 2, 17, 8, 1, 18, 6, 3, 11

          ((NOV_Cry40Da1_77.3_ARJ25823.1 #1,NOV_Cry40Da1_81.5_AIN76756.1 #1) #1,BT_Cry40Da1 #1,(((BT_Cry72Aa1 #1,BT_Cry40Ba1 #1) #1,((BT_Cry40Aa1 #1,(NOV_Cry40Aa1_67.9_CQ868314.1 #1,BT_Cry40Ca1 #1) #1) #1,NOV_Cry40Da1_66.9_PEU78339.1 #1) #1) #1,NOV_Cry40Da1_65.0_CAH33957.1 #1) #1) #1;


LRT

                                         Null model |                             Alternative model | p-value
   =================================================|===============================================|============
                M0~8e07751254e531cf2902c30cc1904a04 | bsA.12_4_13_~4f5ac6b805d13b3fd7f99e4ad388e84d | 0.000000**
                M0~8e07751254e531cf2902c30cc1904a04 | bsA1.12_4_13~c8da4e1ec34b968a8ae2c4b084a8e4a0 | 0.000000**
                M0~8e07751254e531cf2902c30cc1904a04 | bsB.12_4_13_~a93c0125874b59061451e960e358a6ee | 0.000000**
      bsA.12_4_13_~4f5ac6b805d13b3fd7f99e4ad388e84d | bsB.12_4_13_~a93c0125874b59061451e960e358a6ee | 0.156320
      bsA1.12_4_13~c8da4e1ec34b968a8ae2c4b084a8e4a0 | bsA.12_4_13_~4f5ac6b805d13b3fd7f99e4ad388e84d | 0.000000**
      bsA1.12_4_13~c8da4e1ec34b968a8ae2c4b084a8e4a0 | bsB.12_4_13_~a93c0125874b59061451e960e358a6ee | 0.000000**

SUMMARY BY MODEL

 - Model M0
   * Average omega for all tree: 1.118

 - Model bsA.12_4_13_9_10_14_7_15_16_5_2_17_8_1_18_6_3_11-1_1_1_1_1_1_1_1_1_1_1_1_1_1_1_1_1_1
   * Marked branches
      ((NOV_Cry40Da1_77.3_ARJ25823.1 #1,NOV_Cry40Da1_81.5_AIN76756.1 #1) #1,BT_Cry40Da1 #1,(((BT_Cry72Aa1 #1,BT_Cry40Ba1 #1) #1,((BT_Cry40Aa1 #1,(NOV_Cry40Aa1_67.9_CQ868314.1 #1,BT_Cry40Ca1 #1) #1) #1,NOV_Cry40Da1_66.9_PEU78339.1 #1) #1) #1,NOV_Cry40Da1_65.0_CAH33957.1 #1) #1) #1;
   * Sites significantly caracterized
      codon position |   category
     -----------------------------------------------------------
           27-  28   |   Positively-selected (probability > 0.99)
                34   |   Conserved (probability > 0.95)
                51   |   Positively-selected (probability > 0.99)
                53   |   Positively-selected (probability > 0.95)
                60   |   Positively-selected (probability > 0.95)
           62-  63   |   Positively-selected (probability > 0.99)
                70   |   Positively-selected (probability > 0.99)
                71   |   Positively-selected (probability > 0.95)
                74   |   Positively-selected (probability > 0.95)
                87   |   Positively-selected (probability > 0.95)
               101   |   Conserved (probability > 0.95)
               105   |   Positively-selected (probability > 0.95)
               109   |   Positively-selected (probability > 0.99)
               111   |   Positively-selected (probability > 0.99)
               117   |   Positively-selected (probability > 0.99)
               122   |   Positively-selected (probability > 0.95)
               123   |   Positively-selected (probability > 0.99)
          124- 126   |   Positively-selected (probability > 0.95)
               129   |   Positively-selected (probability > 0.99)
               131   |   Positively-selected (probability > 0.95)
               135   |   Positively-selected (probability > 0.95)
               147   |   Positively-selected (probability > 0.99)
               151   |   Positively-selected (probability > 0.95)
               154   |   Positively-selected (probability > 0.99)
               155   |   Positively-selected (probability > 0.95)
               164   |   Positively-selected (probability > 0.99)
               165   |   Positively-selected (probability > 0.95)
               166   |   Positively-selected (probability > 0.99)
               177   |   Positively-selected (probability > 0.95)
               180   |   Positively-selected (probability > 0.95)
               184   |   Positively-selected (probability > 0.99)
               185   |   Positively-selected (probability > 0.95)
               193   |   Conserved (probability > 0.95)
               199   |   Positively-selected (probability > 0.95)

 - Model bsA1.12_4_13_9_10_14_7_15_16_5_2_17_8_1_18_6_3_11-1_1_1_1_1_1_1_1_1_1_1_1_1_1_1_1_1_1
   * Marked branches
      ((NOV_Cry40Da1_77.3_ARJ25823.1 #1,NOV_Cry40Da1_81.5_AIN76756.1 #1) #1,BT_Cry40Da1 #1,(((BT_Cry72Aa1 #1,BT_Cry40Ba1 #1) #1,((BT_Cry40Aa1 #1,(NOV_Cry40Aa1_67.9_CQ868314.1 #1,BT_Cry40Ca1 #1) #1) #1,NOV_Cry40Da1_66.9_PEU78339.1 #1) #1) #1,NOV_Cry40Da1_65.0_CAH33957.1 #1) #1) #1;
   * Sites significantly caracterized
      codon position |   category
     -----------------------------------------------------------
                 9   |   Relaxed (probability > 0.95)
                11   |   Relaxed (probability > 0.99)
                12   |   Relaxed (probability > 0.95)
                13   |   Relaxed (probability > 0.99)
                16   |   Relaxed (probability > 0.95)
           33-  34   |   Relaxed (probability > 0.99)
                37   |   Relaxed (probability > 0.95)
                38   |   Relaxed (probability > 0.99)
           39-  41   |   Relaxed (probability > 0.95)
           43-  44   |   Relaxed (probability > 0.95)
                45   |   Relaxed (probability > 0.99)
           47-  48   |   Relaxed (probability > 0.99)
                50   |   Relaxed (probability > 0.95)
                56   |   Relaxed (probability > 0.95)
                78   |   Relaxed (probability > 0.95)
                80   |   Relaxed (probability > 0.95)
                81   |   Relaxed (probability > 0.99)
                83   |   Relaxed (probability > 0.95)
                86   |   Relaxed (probability > 0.95)
                94   |   Relaxed (probability > 0.95)
                96   |   Relaxed (probability > 0.99)
                97   |   Relaxed (probability > 0.95)
                98   |   Relaxed (probability > 0.99)
          100- 101   |   Relaxed (probability > 0.99)
               102   |   Relaxed (probability > 0.95)
               108   |   Relaxed (probability > 0.95)
               116   |   Relaxed (probability > 0.99)
               145   |   Relaxed (probability > 0.99)
               156   |   Relaxed (probability > 0.99)
               160   |   Relaxed (probability > 0.95)
               168   |   Relaxed (probability > 0.95)
               171   |   Relaxed (probability > 0.99)
               182   |   Relaxed (probability > 0.95)
               193   |   Relaxed (probability > 0.99)
               195   |   Relaxed (probability > 0.95)
          196- 197   |   Relaxed (probability > 0.99)
               208   |   Relaxed (probability > 0.95)
               210   |   Relaxed (probability > 0.99)
               213   |   Relaxed (probability > 0.99)

 - Model bsB.12_4_13_9_10_14_7_15_16_5_2_17_8_1_18_6_3_11-1_1_1_1_1_1_1_1_1_1_1_1_1_1_1_1_1_1
   * Marked branches
      ((NOV_Cry40Da1_77.3_ARJ25823.1 #1,NOV_Cry40Da1_81.5_AIN76756.1 #1) #1,BT_Cry40Da1 #1,(((BT_Cry72Aa1 #1,BT_Cry40Ba1 #1) #1,((BT_Cry40Aa1 #1,(NOV_Cry40Aa1_67.9_CQ868314.1 #1,BT_Cry40Ca1 #1) #1) #1,NOV_Cry40Da1_66.9_PEU78339.1 #1) #1) #1,NOV_Cry40Da1_65.0_CAH33957.1 #1) #1) #1;
   * Sites significantly caracterized
      codon position |   category
     -----------------------------------------------------------
                11   |   Conserved (probability > 0.95)
                13   |   Conserved (probability > 0.95)
           27-  28   |   Positively-selected (probability > 0.95)
           33-  34   |   Conserved (probability > 0.95)
                38   |   Conserved (probability > 0.95)
                45   |   Conserved (probability > 0.95)
           47-  48   |   Conserved (probability > 0.95)
                51   |   Positively-selected (probability > 0.99)
           62-  63   |   Positively-selected (probability > 0.99)
                70   |   Positively-selected (probability > 0.99)
                81   |   Conserved (probability > 0.95)
                96   |   Conserved (probability > 0.95)
                98   |   Conserved (probability > 0.95)
          100- 101   |   Conserved (probability > 0.95)
               109   |   Positively-selected (probability > 0.99)
               111   |   Positively-selected (probability > 0.95)
               116   |   Conserved (probability > 0.95)
               117   |   Positively-selected (probability > 0.99)
               122   |   Positively-selected (probability > 0.95)
               123   |   Positively-selected (probability > 0.99)
               129   |   Positively-selected (probability > 0.99)
               145   |   Conserved (probability > 0.95)
               147   |   Positively-selected (probability > 0.99)
               154   |   Positively-selected (probability > 0.99)
               155   |   Positively-selected (probability > 0.95)
               156   |   Conserved (probability > 0.95)
               164   |   Positively-selected (probability > 0.99)
               166   |   Positively-selected (probability > 0.99)
               171   |   Conserved (probability > 0.95)
               180   |   Positively-selected (probability > 0.95)
               184   |   Positively-selected (probability > 0.99)
               185   |   Positively-selected (probability > 0.95)
               193   |   Conserved (probability > 0.95)
          196- 197   |   Conserved (probability > 0.95)
               199   |   Positively-selected (probability > 0.95)
               210   |   Conserved (probability > 0.95)
               213   |   Conserved (probability > 0.95)
