Using: /root/.etetoolkit/ext_apps-latest/bin/Slr
Using: /root/.etetoolkit/ext_apps-latest/bin/codeml

Running CodeML/Slr (20 CPUs)
  - processing model M0 (M0~8e07751254e531cf2902c30cc1904a04)
  - processing model bsA (bsA~a662481e9e1cc5a44f950046701607cb)
       marking branches 7

          ((NOV_Cry40Da1_77.3_ARJ25823.1,NOV_Cry40Da1_81.5_AIN76756.1),BT_Cry40Da1,(((BT_Cry72Aa1,BT_Cry40Ba1),((BT_Cry40Aa1,(NOV_Cry40Aa1_67.9_CQ868314.1,BT_Cry40Ca1)),NOV_Cry40Da1_66.9_PEU78339.1)),NOV_Cry40Da1_65.0_CAH33957.1 #1));

  - processing model bsA1 (bsA1~5468d72cdf161672465cea806f4f9883)
       marking branches 7

          ((NOV_Cry40Da1_77.3_ARJ25823.1,NOV_Cry40Da1_81.5_AIN76756.1),BT_Cry40Da1,(((BT_Cry72Aa1,BT_Cry40Ba1),((BT_Cry40Aa1,(NOV_Cry40Aa1_67.9_CQ868314.1,BT_Cry40Ca1)),NOV_Cry40Da1_66.9_PEU78339.1)),NOV_Cry40Da1_65.0_CAH33957.1 #1));

  - processing model bsB (bsB~99809cf15ddd340a32fda6ae0766e408)
       marking branches 7

          ((NOV_Cry40Da1_77.3_ARJ25823.1,NOV_Cry40Da1_81.5_AIN76756.1),BT_Cry40Da1,(((BT_Cry72Aa1,BT_Cry40Ba1),((BT_Cry40Aa1,(NOV_Cry40Aa1_67.9_CQ868314.1,BT_Cry40Ca1)),NOV_Cry40Da1_66.9_PEU78339.1)),NOV_Cry40Da1_65.0_CAH33957.1 #1));


LRT

                                         Null model |                             Alternative model | p-value
   =================================================|===============================================|============
                M0~8e07751254e531cf2902c30cc1904a04 |      bsA.7-1~e0db897f79ea69debbe21cd2ad185d00 | 0.000000**
                M0~8e07751254e531cf2902c30cc1904a04 |     bsA1.7-1~6422aa7fec0076835808d1c00362d15e | 0.000000**
                M0~8e07751254e531cf2902c30cc1904a04 |      bsB.7-1~dfbeb5d616e6ac5f9e1c390114387089 | 0.000000**
           bsA.7-1~e0db897f79ea69debbe21cd2ad185d00 |      bsB.7-1~dfbeb5d616e6ac5f9e1c390114387089 | 0.000000**
          bsA1.7-1~6422aa7fec0076835808d1c00362d15e |      bsA.7-1~e0db897f79ea69debbe21cd2ad185d00 | 1.000000
          bsA1.7-1~6422aa7fec0076835808d1c00362d15e |      bsB.7-1~dfbeb5d616e6ac5f9e1c390114387089 | 0.000000**

SUMMARY BY MODEL

 - Model M0
   * Average omega for all tree: 1.118

 - Model bsA.7-1
   * Marked branches
      ((NOV_Cry40Da1_77.3_ARJ25823.1,NOV_Cry40Da1_81.5_AIN76756.1),BT_Cry40Da1,(((BT_Cry72Aa1,BT_Cry40Ba1),((BT_Cry40Aa1,(NOV_Cry40Aa1_67.9_CQ868314.1,BT_Cry40Ca1)),NOV_Cry40Da1_66.9_PEU78339.1)),NOV_Cry40Da1_65.0_CAH33957.1 #1));

 - Model bsA1.7-1
   * Marked branches
      ((NOV_Cry40Da1_77.3_ARJ25823.1,NOV_Cry40Da1_81.5_AIN76756.1),BT_Cry40Da1,(((BT_Cry72Aa1,BT_Cry40Ba1),((BT_Cry40Aa1,(NOV_Cry40Aa1_67.9_CQ868314.1,BT_Cry40Ca1)),NOV_Cry40Da1_66.9_PEU78339.1)),NOV_Cry40Da1_65.0_CAH33957.1 #1));

 - Model bsB.7-1
   * Marked branches
      ((NOV_Cry40Da1_77.3_ARJ25823.1,NOV_Cry40Da1_81.5_AIN76756.1),BT_Cry40Da1,(((BT_Cry72Aa1,BT_Cry40Ba1),((BT_Cry40Aa1,(NOV_Cry40Aa1_67.9_CQ868314.1,BT_Cry40Ca1)),NOV_Cry40Da1_66.9_PEU78339.1)),NOV_Cry40Da1_65.0_CAH33957.1 #1));
   * Sites significantly caracterized
      codon position |   category
     -----------------------------------------------------------
            1- 214   |   Positively-selected (probability > 0.99)
