Using: /root/.etetoolkit/ext_apps-latest/bin/Slr
Using: /root/.etetoolkit/ext_apps-latest/bin/codeml

Running CodeML/Slr (20 CPUs)
  - processing model M0 (M0~e5c590513f73f70bb8aaa21ff03e7403)
  - processing model b_free (b_free~ffd445096631d5b317023f215cf5d11f)
       marking branches 4, 3, 18

          ((NOV_Cry7Ca1_99.7_ABR67863.2,NOV_Cry7Ca1_86.8_AGM39664.1),NOV_Cry7Ea2_99.9_AFI42038.1,((BT_Cry3Aa4,(BT_Cry3Aa10,((BT_Cry3Ca1,(BT_Cry3Bb1 #1,BT_Cry3Ba1 #1) #1),NOV_Cry3Aa12_81.9_AEZ53144.1))),BT_Cry7Cb1));

  - processing model b_neut (b_neut~c670619bd749852a9d49950c66999782)
       marking branches 4, 3, 18

          ((NOV_Cry7Ca1_99.7_ABR67863.2,NOV_Cry7Ca1_86.8_AGM39664.1),NOV_Cry7Ea2_99.9_AFI42038.1,((BT_Cry3Aa4,(BT_Cry3Aa10,((BT_Cry3Ca1,(BT_Cry3Bb1 #1,BT_Cry3Ba1 #1) #1),NOV_Cry3Aa12_81.9_AEZ53144.1))),BT_Cry7Cb1));


LRT

                                         Null model |                             Alternative model | p-value
   =================================================|===============================================|============
                M0~e5c590513f73f70bb8aaa21ff03e7403 | b_free.4_3_1~d9898f21af1a4bbf3f7b2ea589a38221 | 0.000847**
      b_neut.4_3_1~d1df597249c1e6aebd99466d8e179181 | b_free.4_3_1~d9898f21af1a4bbf3f7b2ea589a38221 | 0.000000**

SUMMARY BY MODEL

 - Model M0
   * Average omega for all tree: 0.249

 - Model b_free.4_3_18-1_1_1
   * Marked branches
      ((NOV_Cry7Ca1_99.7_ABR67863.2,NOV_Cry7Ca1_86.8_AGM39664.1),NOV_Cry7Ea2_99.9_AFI42038.1,((BT_Cry3Aa4,(BT_Cry3Aa10,((BT_Cry3Ca1,(BT_Cry3Bb1 #1,BT_Cry3Ba1 #1) #1),NOV_Cry3Aa12_81.9_AEZ53144.1))),BT_Cry7Cb1));

        Branches  =>   omega
              #1  =>   0.135
      background  =>   0.302

 - Model b_neut.4_3_18-1_1_1
   * Marked branches
      ((NOV_Cry7Ca1_99.7_ABR67863.2,NOV_Cry7Ca1_86.8_AGM39664.1),NOV_Cry7Ea2_99.9_AFI42038.1,((BT_Cry3Aa4,(BT_Cry3Aa10,((BT_Cry3Ca1,(BT_Cry3Bb1 #1,BT_Cry3Ba1 #1) #1),NOV_Cry3Aa12_81.9_AEZ53144.1))),BT_Cry7Cb1));

        Branches  =>   omega
      background  =>   0.286
              #1  =>   1.000
