Using: /root/.etetoolkit/ext_apps-latest/bin/Slr
Using: /root/.etetoolkit/ext_apps-latest/bin/codeml

Running CodeML/Slr (20 CPUs)
  - processing model M0 (M0~e5c590513f73f70bb8aaa21ff03e7403)
  - processing model bsA (bsA~718185f7ac3c7d006f3734c89eb2b0a2)
       marking branches 1, 16, 17, 7, 5, 18, 4, 3, 15

          ((NOV_Cry7Ca1_99.7_ABR67863.2,NOV_Cry7Ca1_86.8_AGM39664.1),NOV_Cry7Ea2_99.9_AFI42038.1,((BT_Cry3Aa4,(BT_Cry3Aa10 #1,((BT_Cry3Ca1 #1,(BT_Cry3Bb1 #1,BT_Cry3Ba1 #1) #1) #1,NOV_Cry3Aa12_81.9_AEZ53144.1 #1) #1) #1),BT_Cry7Cb1));

  - processing model bsA1 (bsA1~d1d26ac4cde7436cae98e2ef3c1faa70)
       marking branches 1, 16, 17, 7, 5, 18, 4, 3, 15

          ((NOV_Cry7Ca1_99.7_ABR67863.2,NOV_Cry7Ca1_86.8_AGM39664.1),NOV_Cry7Ea2_99.9_AFI42038.1,((BT_Cry3Aa4,(BT_Cry3Aa10 #1,((BT_Cry3Ca1 #1,(BT_Cry3Bb1 #1,BT_Cry3Ba1 #1) #1) #1,NOV_Cry3Aa12_81.9_AEZ53144.1 #1) #1) #1),BT_Cry7Cb1));

  - processing model bsB (bsB~5f411265d5402090d3fe0f7a54e4b12a)
       marking branches 1, 16, 17, 7, 5, 18, 4, 3, 15

          ((NOV_Cry7Ca1_99.7_ABR67863.2,NOV_Cry7Ca1_86.8_AGM39664.1),NOV_Cry7Ea2_99.9_AFI42038.1,((BT_Cry3Aa4,(BT_Cry3Aa10 #1,((BT_Cry3Ca1 #1,(BT_Cry3Bb1 #1,BT_Cry3Ba1 #1) #1) #1,NOV_Cry3Aa12_81.9_AEZ53144.1 #1) #1) #1),BT_Cry7Cb1));


LRT

                                         Null model |                             Alternative model | p-value
   =================================================|===============================================|============
                M0~e5c590513f73f70bb8aaa21ff03e7403 | bsA.1_16_17_~039533046373d64b53f66de2d1a3e9c7 | 0.000000**
                M0~e5c590513f73f70bb8aaa21ff03e7403 | bsA1.1_16_17~6d47e76cf5f64be543ed74832cadb995 | 0.000000**
                M0~e5c590513f73f70bb8aaa21ff03e7403 | bsB.1_16_17_~967c47d5c32a59e83ff24806fdd8664a | 0.000000**
      bsA.1_16_17_~039533046373d64b53f66de2d1a3e9c7 | bsB.1_16_17_~967c47d5c32a59e83ff24806fdd8664a | 0.001397**
      bsA1.1_16_17~6d47e76cf5f64be543ed74832cadb995 | bsA.1_16_17_~039533046373d64b53f66de2d1a3e9c7 | 0.172538
      bsA1.1_16_17~6d47e76cf5f64be543ed74832cadb995 | bsB.1_16_17_~967c47d5c32a59e83ff24806fdd8664a | 0.002393**

SUMMARY BY MODEL

 - Model M0
   * Average omega for all tree: 0.249

 - Model bsA.1_16_17_7_5_18_4_3_15-1_1_1_1_1_1_1_1_1
   * Marked branches
      ((NOV_Cry7Ca1_99.7_ABR67863.2,NOV_Cry7Ca1_86.8_AGM39664.1),NOV_Cry7Ea2_99.9_AFI42038.1,((BT_Cry3Aa4,(BT_Cry3Aa10 #1,((BT_Cry3Ca1 #1,(BT_Cry3Bb1 #1,BT_Cry3Ba1 #1) #1) #1,NOV_Cry3Aa12_81.9_AEZ53144.1 #1) #1) #1),BT_Cry7Cb1));
   * Sites significantly caracterized
      codon position |   category
     -----------------------------------------------------------
                 2   |   Conserved (probability > 0.95)
                 4   |   Conserved (probability > 0.95)
                 5   |   Conserved (probability > 0.99)
                 6   |   Conserved (probability > 0.95)
            7-   8   |   Conserved (probability > 0.99)
                10   |   Conserved (probability > 0.95)
           12-  15   |   Conserved (probability > 0.99)
                21   |   Conserved (probability > 0.99)
                32   |   Conserved (probability > 0.95)
                33   |   Conserved (probability > 0.99)
                36   |   Conserved (probability > 0.95)
                39   |   Conserved (probability > 0.99)
                41   |   Conserved (probability > 0.95)
                44   |   Conserved (probability > 0.95)
                46   |   Conserved (probability > 0.95)
                50   |   Conserved (probability > 0.99)
                51   |   Conserved (probability > 0.95)
                58   |   Conserved (probability > 0.95)
                74   |   Conserved (probability > 0.95)
                75   |   Conserved (probability > 0.99)
           78-  81   |   Conserved (probability > 0.99)
                83   |   Conserved (probability > 0.99)
                84   |   Conserved (probability > 0.95)
                86   |   Conserved (probability > 0.95)
                93   |   Conserved (probability > 0.95)
                96   |   Conserved (probability > 0.95)
           98-  99   |   Conserved (probability > 0.99)
               102   |   Conserved (probability > 0.99)
               113   |   Conserved (probability > 0.99)
          115- 117   |   Conserved (probability > 0.95)
               119   |   Conserved (probability > 0.99)
               122   |   Conserved (probability > 0.95)
          124- 126   |   Conserved (probability > 0.95)
               128   |   Conserved (probability > 0.95)
               130   |   Conserved (probability > 0.95)
          144- 147   |   Conserved (probability > 0.95)
          150- 152   |   Conserved (probability > 0.95)
               153   |   Conserved (probability > 0.99)
               155   |   Conserved (probability > 0.99)
               158   |   Conserved (probability > 0.95)
               159   |   Conserved (probability > 0.99)
          162- 163   |   Conserved (probability > 0.99)
               166   |   Conserved (probability > 0.95)
               167   |   Conserved (probability > 0.99)
          181- 182   |   Conserved (probability > 0.99)
               183   |   Conserved (probability > 0.95)
          184- 185   |   Conserved (probability > 0.99)
               186   |   Conserved (probability > 0.95)
               187   |   Conserved (probability > 0.99)
               188   |   Conserved (probability > 0.95)
               192   |   Conserved (probability > 0.99)
               194   |   Conserved (probability > 0.95)
               196   |   Conserved (probability > 0.99)
               200   |   Conserved (probability > 0.99)
          202- 204   |   Conserved (probability > 0.99)
          205- 206   |   Conserved (probability > 0.95)
               207   |   Conserved (probability > 0.99)
               208   |   Conserved (probability > 0.95)
               212   |   Conserved (probability > 0.95)
               218   |   Conserved (probability > 0.95)
               227   |   Conserved (probability > 0.99)
          229- 230   |   Conserved (probability > 0.99)
          232- 234   |   Conserved (probability > 0.95)
          235- 236   |   Conserved (probability > 0.99)
               238   |   Conserved (probability > 0.99)

 - Model bsA1.1_16_17_7_5_18_4_3_15-1_1_1_1_1_1_1_1_1
   * Marked branches
      ((NOV_Cry7Ca1_99.7_ABR67863.2,NOV_Cry7Ca1_86.8_AGM39664.1),NOV_Cry7Ea2_99.9_AFI42038.1,((BT_Cry3Aa4,(BT_Cry3Aa10 #1,((BT_Cry3Ca1 #1,(BT_Cry3Bb1 #1,BT_Cry3Ba1 #1) #1) #1,NOV_Cry3Aa12_81.9_AEZ53144.1 #1) #1) #1),BT_Cry7Cb1));
   * Sites significantly caracterized
      codon position |   category
     -----------------------------------------------------------
                 2   |   Relaxed (probability > 0.95)
                 5   |   Relaxed (probability > 0.95)
            7-   8   |   Relaxed (probability > 0.95)
           12-  15   |   Relaxed (probability > 0.95)
                19   |   Relaxed (probability > 0.95)
                21   |   Relaxed (probability > 0.95)
                33   |   Relaxed (probability > 0.95)
                39   |   Relaxed (probability > 0.95)
                44   |   Relaxed (probability > 0.95)
           50-  51   |   Relaxed (probability > 0.95)
           74-  75   |   Relaxed (probability > 0.95)
                78   |   Relaxed (probability > 0.95)
                79   |   Relaxed (probability > 0.99)
           80-  81   |   Relaxed (probability > 0.95)
                83   |   Relaxed (probability > 0.95)
                86   |   Relaxed (probability > 0.95)
           98-  99   |   Relaxed (probability > 0.95)
               102   |   Relaxed (probability > 0.95)
               113   |   Relaxed (probability > 0.95)
               115   |   Relaxed (probability > 0.95)
               119   |   Relaxed (probability > 0.95)
          125- 126   |   Relaxed (probability > 0.95)
          144- 145   |   Relaxed (probability > 0.95)
               147   |   Relaxed (probability > 0.95)
               153   |   Relaxed (probability > 0.95)
               155   |   Relaxed (probability > 0.99)
               159   |   Relaxed (probability > 0.95)
          162- 163   |   Relaxed (probability > 0.95)
          166- 167   |   Relaxed (probability > 0.95)
               181   |   Relaxed (probability > 0.99)
               182   |   Relaxed (probability > 0.95)
          184- 185   |   Relaxed (probability > 0.95)
          187- 188   |   Relaxed (probability > 0.95)
               192   |   Relaxed (probability > 0.99)
               196   |   Relaxed (probability > 0.95)
               200   |   Relaxed (probability > 0.95)
          202- 203   |   Relaxed (probability > 0.95)
               204   |   Relaxed (probability > 0.99)
               207   |   Relaxed (probability > 0.99)
               212   |   Relaxed (probability > 0.95)
               227   |   Relaxed (probability > 0.95)
          229- 230   |   Relaxed (probability > 0.95)
               233   |   Relaxed (probability > 0.95)
               235   |   Relaxed (probability > 0.95)
               236   |   Relaxed (probability > 0.99)
               238   |   Relaxed (probability > 0.99)

 - Model bsB.1_16_17_7_5_18_4_3_15-1_1_1_1_1_1_1_1_1
   * Marked branches
      ((NOV_Cry7Ca1_99.7_ABR67863.2,NOV_Cry7Ca1_86.8_AGM39664.1),NOV_Cry7Ea2_99.9_AFI42038.1,((BT_Cry3Aa4,(BT_Cry3Aa10 #1,((BT_Cry3Ca1 #1,(BT_Cry3Bb1 #1,BT_Cry3Ba1 #1) #1) #1,NOV_Cry3Aa12_81.9_AEZ53144.1 #1) #1) #1),BT_Cry7Cb1));
   * Sites significantly caracterized
      codon position |   category
     -----------------------------------------------------------
                 5   |   Conserved (probability > 0.95)
                 7   |   Conserved (probability > 0.95)
                 8   |   Conserved (probability > 0.99)
                12   |   Conserved (probability > 0.95)
                13   |   Conserved (probability > 0.99)
           14-  15   |   Conserved (probability > 0.95)
                19   |   Positively-selected (probability > 0.95)
                21   |   Conserved (probability > 0.95)
                36   |   Conserved (probability > 0.95)
                39   |   Conserved (probability > 0.99)
                41   |   Conserved (probability > 0.95)
                50   |   Conserved (probability > 0.99)
                55   |   Positively-selected (probability > 0.95)
                78   |   Conserved (probability > 0.99)
                79   |   Conserved (probability > 0.95)
                81   |   Conserved (probability > 0.99)
                83   |   Conserved (probability > 0.99)
                98   |   Conserved (probability > 0.99)
                99   |   Conserved (probability > 0.95)
               102   |   Conserved (probability > 0.95)
               113   |   Conserved (probability > 0.95)
               130   |   Conserved (probability > 0.95)
               153   |   Conserved (probability > 0.99)
               159   |   Conserved (probability > 0.95)
               167   |   Conserved (probability > 0.95)
          181- 182   |   Conserved (probability > 0.95)
               184   |   Conserved (probability > 0.95)
          186- 187   |   Conserved (probability > 0.95)
               192   |   Conserved (probability > 0.99)
               202   |   Conserved (probability > 0.99)
               203   |   Conserved (probability > 0.95)
               204   |   Conserved (probability > 0.99)
               207   |   Conserved (probability > 0.99)
               218   |   Conserved (probability > 0.95)
               227   |   Conserved (probability > 0.95)
          229- 230   |   Conserved (probability > 0.95)
               235   |   Conserved (probability > 0.95)
               236   |   Conserved (probability > 0.99)
               238   |   Conserved (probability > 0.99)
