Using: /root/.etetoolkit/ext_apps-latest/bin/Slr
Using: /root/.etetoolkit/ext_apps-latest/bin/codeml

Running CodeML/Slr (20 CPUs)
  - processing model M0 (M0~e6b81a31e654179fb34cb8368b49977b)
  - processing model bsA (bsA~35406663978c358c0ddad1670a82ec3a)
       marking branches 1

          ((NOV_Cry4Ba1_63.7_AJW76684.1,(((((BT_Cry19Ca1 #1,NOV_Cry19Ba1_74.0_AGV55021.1),BT_Cry30Aa1),BT_Cry30Ea1),(BT_Cry30Ca1,BT_Cry30Fa1)),BT_Cry30Ga1)),BT_Cry50Ba1,NOV_Cry50Ba2_97.6_AFI42042.1);

  - processing model bsA1 (bsA1~6863a1026289db2e4e94fb996e50a30c)
       marking branches 1

          ((NOV_Cry4Ba1_63.7_AJW76684.1,(((((BT_Cry19Ca1 #1,NOV_Cry19Ba1_74.0_AGV55021.1),BT_Cry30Aa1),BT_Cry30Ea1),(BT_Cry30Ca1,BT_Cry30Fa1)),BT_Cry30Ga1)),BT_Cry50Ba1,NOV_Cry50Ba2_97.6_AFI42042.1);

  - processing model bsB (bsB~a98c5f690ed3141bbcdbe6edac85d614)
       marking branches 1

          ((NOV_Cry4Ba1_63.7_AJW76684.1,(((((BT_Cry19Ca1 #1,NOV_Cry19Ba1_74.0_AGV55021.1),BT_Cry30Aa1),BT_Cry30Ea1),(BT_Cry30Ca1,BT_Cry30Fa1)),BT_Cry30Ga1)),BT_Cry50Ba1,NOV_Cry50Ba2_97.6_AFI42042.1);


LRT

                                         Null model |                             Alternative model | p-value
   =================================================|===============================================|============
                M0~e6b81a31e654179fb34cb8368b49977b |      bsA.1-1~37b0a130b7f38af9e020c1f3c8e1f3a7 | 0.000000**
                M0~e6b81a31e654179fb34cb8368b49977b |     bsA1.1-1~0782013fe5d6936e4093bf3c960f42c1 | 0.000000**
                M0~e6b81a31e654179fb34cb8368b49977b |      bsB.1-1~72555862e68142e95fab75c9354804b9 | 0.000000**
           bsA.1-1~37b0a130b7f38af9e020c1f3c8e1f3a7 |      bsB.1-1~72555862e68142e95fab75c9354804b9 | 0.006412**
          bsA1.1-1~0782013fe5d6936e4093bf3c960f42c1 |      bsA.1-1~37b0a130b7f38af9e020c1f3c8e1f3a7 | 1.000000
          bsA1.1-1~0782013fe5d6936e4093bf3c960f42c1 |      bsB.1-1~72555862e68142e95fab75c9354804b9 | 0.024348*

SUMMARY BY MODEL

 - Model M0
   * Average omega for all tree: 0.268

 - Model bsA.1-1
   * Marked branches
      ((NOV_Cry4Ba1_63.7_AJW76684.1,(((((BT_Cry19Ca1 #1,NOV_Cry19Ba1_74.0_AGV55021.1),BT_Cry30Aa1),BT_Cry30Ea1),(BT_Cry30Ca1,BT_Cry30Fa1)),BT_Cry30Ga1)),BT_Cry50Ba1,NOV_Cry50Ba2_97.6_AFI42042.1);

 - Model bsA1.1-1
   * Marked branches
      ((NOV_Cry4Ba1_63.7_AJW76684.1,(((((BT_Cry19Ca1 #1,NOV_Cry19Ba1_74.0_AGV55021.1),BT_Cry30Aa1),BT_Cry30Ea1),(BT_Cry30Ca1,BT_Cry30Fa1)),BT_Cry30Ga1)),BT_Cry50Ba1,NOV_Cry50Ba2_97.6_AFI42042.1);
   * Sites significantly caracterized
      codon position |   category
     -----------------------------------------------------------
            1- 158   |   Relaxed (probability > 0.99)

 - Model bsB.1-1
   * Marked branches
      ((NOV_Cry4Ba1_63.7_AJW76684.1,(((((BT_Cry19Ca1 #1,NOV_Cry19Ba1_74.0_AGV55021.1),BT_Cry30Aa1),BT_Cry30Ea1),(BT_Cry30Ca1,BT_Cry30Fa1)),BT_Cry30Ga1)),BT_Cry50Ba1,NOV_Cry50Ba2_97.6_AFI42042.1);
   * Sites significantly caracterized
      codon position |   category
     -----------------------------------------------------------
            1- 158   |   Positively-selected (probability > 0.99)
