--------------------------------------------------------------------------------
ModelTest-NG v0.1.7

Input data:
  MSA:        /shared/lab_7/phyl_pipeline/evol_anal/NO_PAT/testing_evol/major2_event_96/major2_event_96_nucl_reported.fasta
  Tree:       Maximum likelihood
    file:           -
  #taxa:            10
  #sites:           474
  #patterns:        188
  Max. thread mem:  0 MB

Output:
  Log:           /shared/lab_7/phyl_pipeline/evol_anal/NO_PAT/testing_evol/major2_event_96/major2_event_96_nucl_reported.fasta.log
  Starting tree: /shared/lab_7/phyl_pipeline/evol_anal/NO_PAT/testing_evol/major2_event_96/major2_event_96_nucl_reported.fasta.tree
  Results:       /shared/lab_7/phyl_pipeline/evol_anal/NO_PAT/testing_evol/major2_event_96/major2_event_96_nucl_reported.fasta.out

Selection options:
  # dna schemes:      11
  # dna models:       88
  include model parameters:
    Uniform:         true
    p-inv (+I):      true
    gamma (+G):      true
    both (+I+G):     true
    free rates (+R): false
    fixed freqs:     true
    estimated freqs: true
    #categories:     4
  gamma rates mode:   mean
  asc bias:           none
  epsilon (opt):      0.01
  epsilon (par):      0.05
  keep branches:      false

Additional options:
  verbosity:        very low
  threads:          1/36
  RNG seed:         12345
  subtree repeats:  enabled
--------------------------------------------------------------------------------

BIC       model              K            lnL          score          delta    weight
--------------------------------------------------------------------------------
       1  HKY+G4             5     -2385.8151      4907.1767         0.0000    0.5708
       2  TPM2uf+G4          6     -2383.7609      4909.2295         2.0528    0.2045
       3  TPM1uf+G4          6     -2385.2486      4912.2050         5.0283    0.0462
       4  HKY+I+G4           6     -2385.2495      4912.2068         5.0301    0.0462
       5  TrN+G4             6     -2385.6500      4913.0079         5.8312    0.0309
       6  TPM3uf+G4          6     -2385.6897      4913.0871         5.9104    0.0297
       7  HKY+I              5     -2389.0334      4913.6135         6.4368    0.0228
       8  TPM2uf+I+G4        7     -2383.2861      4914.4411         7.2644    0.0151
       9  TIM2+G4            7     -2383.6982      4915.2654         8.0887    0.0100
      10  TPM2uf+I           6     -2387.6411      4916.9900         9.8133    0.0042
--------------------------------------------------------------------------------
Best model according to BIC
---------------------------
Model:              HKY+G4
lnL:                -2385.8151
Frequencies:        0.3445 0.1635 0.1754 0.3166
Subst. Rates:       1.0000 2.5540 1.0000 1.0000 2.5540 1.0000 
Inv. sites prop:    -
Gamma shape:        0.8518
Score:              4907.1767
Weight:             0.5708
---------------------------
Parameter importances
---------------------------
P.Inv:              0.0322
Gamma:              0.8967
Gamma-Inv:          0.0711
Frequencies:        1.0000
---------------------------
Model averaged estimates
---------------------------
P.Inv:              0.2632
Alpha:              0.8449
Alpha-P.Inv:        1.8695
P.Inv-Alpha:        0.1859
Frequencies:        0.3467 0.1632 0.1736 0.3165 

Commands:
  > phyml  -i /shared/lab_7/phyl_pipeline/evol_anal/NO_PAT/testing_evol/major2_event_96/major2_event_96_nucl_reported.fasta -m 010010 -f m -v 0 -a e -c 4 -o tlr
  > raxmlHPC-SSE3 -s /shared/lab_7/phyl_pipeline/evol_anal/NO_PAT/testing_evol/major2_event_96/major2_event_96_nucl_reported.fasta -m GTRGAMMAX -n EXEC_NAME -p PARSIMONY_SEED
  > raxml-ng --msa /shared/lab_7/phyl_pipeline/evol_anal/NO_PAT/testing_evol/major2_event_96/major2_event_96_nucl_reported.fasta --model HKY+G4
  > paup -s /shared/lab_7/phyl_pipeline/evol_anal/NO_PAT/testing_evol/major2_event_96/major2_event_96_nucl_reported.fasta
  > iqtree -s /shared/lab_7/phyl_pipeline/evol_anal/NO_PAT/testing_evol/major2_event_96/major2_event_96_nucl_reported.fasta -m HKY+G4

AIC       model              K            lnL          score          delta    weight
--------------------------------------------------------------------------------
       1  TPM2uf+G4          6     -2383.7609      4813.5217         0.0000    0.2267
       2  TPM2uf+I+G4        7     -2383.2861      4814.5721         1.0504    0.1341
       3  TIM2+G4            7     -2383.6982      4815.3964         1.8747    0.0888
       4  HKY+G4             5     -2385.8151      4815.6301         2.1084    0.0790
       5  TIM2+I+G4          8     -2383.2045      4816.4091         2.8873    0.0535
       6  TPM1uf+G4          6     -2385.2486      4816.4972         2.9755    0.0512
       7  HKY+I+G4           6     -2385.2495      4816.4991         2.9773    0.0512
       8  TVM+G4             8     -2383.5162      4817.0323         3.5106    0.0392
       9  TrN+G4             6     -2385.6500      4817.3001         3.7784    0.0343
      10  TPM3uf+G4          6     -2385.6897      4817.3793         3.8576    0.0329
--------------------------------------------------------------------------------
Best model according to AIC
---------------------------
Model:              TPM2uf+G4
lnL:                -2383.7609
Frequencies:        0.3532 0.1631 0.1675 0.3161
Subst. Rates:       0.6327 1.9626 0.6327 1.0000 1.9626 1.0000 
Inv. sites prop:    -
Gamma shape:        0.8233
Score:              4813.5217
Weight:             0.2267
---------------------------
Parameter importances
---------------------------
P.Inv:              0.0185
Gamma:              0.6038
Gamma-Inv:          0.3777
Frequencies:        1.0000
---------------------------
Model averaged estimates
---------------------------
P.Inv:              0.2631
Alpha:              0.8347
Alpha-P.Inv:        1.8784
P.Inv-Alpha:        0.1903
Frequencies:        0.3503 0.1622 0.1712 0.3163 

Commands:
  > phyml  -i /shared/lab_7/phyl_pipeline/evol_anal/NO_PAT/testing_evol/major2_event_96/major2_event_96_nucl_reported.fasta -m 010212 -f m -v 0 -a e -c 4 -o tlr
  > raxmlHPC-SSE3 -s /shared/lab_7/phyl_pipeline/evol_anal/NO_PAT/testing_evol/major2_event_96/major2_event_96_nucl_reported.fasta -m GTRGAMMAX -n EXEC_NAME -p PARSIMONY_SEED
  > raxml-ng --msa /shared/lab_7/phyl_pipeline/evol_anal/NO_PAT/testing_evol/major2_event_96/major2_event_96_nucl_reported.fasta --model TPM2uf+G4
  > paup -s /shared/lab_7/phyl_pipeline/evol_anal/NO_PAT/testing_evol/major2_event_96/major2_event_96_nucl_reported.fasta
  > iqtree -s /shared/lab_7/phyl_pipeline/evol_anal/NO_PAT/testing_evol/major2_event_96/major2_event_96_nucl_reported.fasta -m TPM2uf+G4

AICc      model              K            lnL          score          delta    weight
--------------------------------------------------------------------------------
       1  TPM2uf+G4          6     -2383.7609      4815.5217         0.0000    0.2314
       2  TPM2uf+I+G4        7     -2383.2861      4816.5721         1.0504    0.1369
       3  TIM2+G4            7     -2383.6982      4817.3964         1.8747    0.0907
       4  HKY+G4             5     -2385.8151      4817.6301         2.1084    0.0807
       5  TIM2+I+G4          8     -2383.2045      4818.4091         2.8873    0.0546
       6  TPM1uf+G4          6     -2385.2486      4818.4972         2.9755    0.0523
       7  HKY+I+G4           6     -2385.2495      4818.4991         2.9773    0.0522
       8  TVM+G4             8     -2383.5162      4819.0323         3.5106    0.0400
       9  TrN+G4             6     -2385.6500      4819.3001         3.7784    0.0350
      10  TPM3uf+G4          6     -2385.6897      4819.3793         3.8576    0.0336
--------------------------------------------------------------------------------
Best model according to AICc
---------------------------
Model:              TPM2uf+G4
lnL:                -2383.7609
Frequencies:        0.3532 0.1631 0.1675 0.3161
Subst. Rates:       0.6327 1.9626 0.6327 1.0000 1.9626 1.0000 
Inv. sites prop:    -
Gamma shape:        0.8233
Score:              4815.5217
Weight:             0.2314
---------------------------
Parameter importances
---------------------------
P.Inv:              0.0187
Gamma:              0.6101
Gamma-Inv:          0.3712
Frequencies:        1.0000
---------------------------
Model averaged estimates
---------------------------
P.Inv:              0.2631
Alpha:              0.8348
Alpha-P.Inv:        1.8790
P.Inv-Alpha:        0.1902
Frequencies:        0.3503 0.1623 0.1712 0.3162 

Commands:
  > phyml  -i /shared/lab_7/phyl_pipeline/evol_anal/NO_PAT/testing_evol/major2_event_96/major2_event_96_nucl_reported.fasta -m 010212 -f m -v 0 -a e -c 4 -o tlr
  > raxmlHPC-SSE3 -s /shared/lab_7/phyl_pipeline/evol_anal/NO_PAT/testing_evol/major2_event_96/major2_event_96_nucl_reported.fasta -m GTRGAMMAX -n EXEC_NAME -p PARSIMONY_SEED
  > raxml-ng --msa /shared/lab_7/phyl_pipeline/evol_anal/NO_PAT/testing_evol/major2_event_96/major2_event_96_nucl_reported.fasta --model TPM2uf+G4
  > paup -s /shared/lab_7/phyl_pipeline/evol_anal/NO_PAT/testing_evol/major2_event_96/major2_event_96_nucl_reported.fasta
  > iqtree -s /shared/lab_7/phyl_pipeline/evol_anal/NO_PAT/testing_evol/major2_event_96/major2_event_96_nucl_reported.fasta -m TPM2uf+G4
Done
