--------------------------------------------------------------------------------
ModelTest-NG v0.1.7

Input data:
  MSA:        /shared/lab_7/phyl_pipeline/evol_anal/NO_PAT/testing_evol/major2_event_22/major2_event_22_nucl_reported.fasta
  Tree:       Maximum likelihood
    file:           -
  #taxa:            8
  #sites:           480
  #patterns:        349
  Max. thread mem:  1 MB

Output:
  Log:           /shared/lab_7/phyl_pipeline/evol_anal/NO_PAT/testing_evol/major2_event_22/major2_event_22_nucl_reported.fasta.log
  Starting tree: /shared/lab_7/phyl_pipeline/evol_anal/NO_PAT/testing_evol/major2_event_22/major2_event_22_nucl_reported.fasta.tree
  Results:       /shared/lab_7/phyl_pipeline/evol_anal/NO_PAT/testing_evol/major2_event_22/major2_event_22_nucl_reported.fasta.out

Selection options:
  # dna schemes:      11
  # dna models:       88
  include model parameters:
    Uniform:         true
    p-inv (+I):      true
    gamma (+G):      true
    both (+I+G):     true
    free rates (+R): false
    fixed freqs:     true
    estimated freqs: true
    #categories:     4
  gamma rates mode:   mean
  asc bias:           none
  epsilon (opt):      0.01
  epsilon (par):      0.05
  keep branches:      false

Additional options:
  verbosity:        very low
  threads:          1/36
  RNG seed:         12345
  subtree repeats:  enabled
--------------------------------------------------------------------------------

BIC       model              K            lnL          score          delta    weight
--------------------------------------------------------------------------------
       1  TPM3uf+G4          6     -3072.1469      6261.5957         0.0000    0.2738
       2  HKY+I              5     -3075.8399      6262.8079         1.2121    0.1494
       3  TrN+I              6     -3072.9387      6263.1793         1.5835    0.1240
       4  TPM3uf+I           6     -3073.3397      6263.9814         2.3856    0.0831
       5  TIM3+I             7     -3070.3170      6264.1097         2.5140    0.0779
       6  HKY+G4             5     -3076.9125      6264.9532         3.3575    0.0511
       7  TPM3uf+I+G4        7     -3070.7949      6265.0655         3.4698    0.0483
       8  TIM3+G4            7     -3070.8818      6265.2393         3.6435    0.0443
       9  HKY+I+G4           6     -3074.4733      6266.2486         4.6529    0.0267
      10  TIM3+I+G4          8     -3068.5271      6266.7037         5.1079    0.0213
--------------------------------------------------------------------------------
Best model according to BIC
---------------------------
Model:              TPM3uf+G4
lnL:                -3072.1469
Frequencies:        0.3623 0.1626 0.1706 0.3044
Subst. Rates:       1.8990 2.1361 1.0000 1.8990 2.1361 1.0000 
Inv. sites prop:    -
Gamma shape:        1.3310
Score:              6261.5957
Weight:             0.2738
---------------------------
Parameter importances
---------------------------
P.Inv:              0.4843
Gamma:              0.3945
Gamma-Inv:          0.1212
Frequencies:        1.0000
---------------------------
Model averaged estimates
---------------------------
P.Inv:              0.1116
Alpha:              1.3253
Alpha-P.Inv:        3.1068
P.Inv-Alpha:        0.0731
Frequencies:        0.3598 0.1704 0.1691 0.3006 

Commands:
  > phyml  -i /shared/lab_7/phyl_pipeline/evol_anal/NO_PAT/testing_evol/major2_event_22/major2_event_22_nucl_reported.fasta -m 012012 -f m -v 0 -a e -c 4 -o tlr
  > raxmlHPC-SSE3 -s /shared/lab_7/phyl_pipeline/evol_anal/NO_PAT/testing_evol/major2_event_22/major2_event_22_nucl_reported.fasta -m GTRGAMMAX -n EXEC_NAME -p PARSIMONY_SEED
  > raxml-ng --msa /shared/lab_7/phyl_pipeline/evol_anal/NO_PAT/testing_evol/major2_event_22/major2_event_22_nucl_reported.fasta --model TPM3uf+G4
  > paup -s /shared/lab_7/phyl_pipeline/evol_anal/NO_PAT/testing_evol/major2_event_22/major2_event_22_nucl_reported.fasta
  > iqtree -s /shared/lab_7/phyl_pipeline/evol_anal/NO_PAT/testing_evol/major2_event_22/major2_event_22_nucl_reported.fasta -m TPM3uf+G4

AIC       model              K            lnL          score          delta    weight
--------------------------------------------------------------------------------
       1  TIM3+I+G4          8     -3068.5271      6179.0541         0.0000    0.2958
       2  TIM3+I             7     -3070.3170      6180.6340         1.5799    0.1343
       3  TPM3uf+I+G4        7     -3070.7949      6181.5898         2.5357    0.0833
       4  GTR+I+G4          10     -3067.8742      6181.7483         2.6942    0.0769
       5  TIM3+G4            7     -3070.8818      6181.7635         2.7094    0.0763
       6  TPM3uf+G4          6     -3072.1469      6182.2938         3.2396    0.0586
       7  GTR+I              9     -3069.4574      6182.9147         3.8606    0.0429
       8  TrN+I+G4           7     -3071.7889      6183.5778         4.5236    0.0308
       9  TVM+I+G4           9     -3069.9066      6183.8132         4.7591    0.0274
      10  TrN+I              6     -3072.9387      6183.8773         4.8232    0.0265
--------------------------------------------------------------------------------
Best model according to AIC
---------------------------
Model:              TIM3+I+G4
lnL:                -3068.5271
Frequencies:        0.3557 0.1692 0.1642 0.3109
Subst. Rates:       1.6359 2.4509 1.0000 1.6359 1.5057 1.0000 
Inv. sites prop:    0.0722
Gamma shape:        3.0012
Score:              6179.0541
Weight:             0.2958
---------------------------
Parameter importances
---------------------------
P.Inv:              0.2600
Gamma:              0.1885
Gamma-Inv:          0.5515
Frequencies:        1.0000
---------------------------
Model averaged estimates
---------------------------
P.Inv:              0.1102
Alpha:              1.3474
Alpha-P.Inv:        3.0599
P.Inv-Alpha:        0.0720
Frequencies:        0.3563 0.1698 0.1666 0.3072 

Commands:
  > phyml  -i /shared/lab_7/phyl_pipeline/evol_anal/NO_PAT/testing_evol/major2_event_22/major2_event_22_nucl_reported.fasta -m 012032 -f m -v e -a e -c 4 -o tlr
  > raxmlHPC-SSE3 -s /shared/lab_7/phyl_pipeline/evol_anal/NO_PAT/testing_evol/major2_event_22/major2_event_22_nucl_reported.fasta -m GTRGAMMAIX -n EXEC_NAME -p PARSIMONY_SEED
  > raxml-ng --msa /shared/lab_7/phyl_pipeline/evol_anal/NO_PAT/testing_evol/major2_event_22/major2_event_22_nucl_reported.fasta --model TIM3+I+G4
  > paup -s /shared/lab_7/phyl_pipeline/evol_anal/NO_PAT/testing_evol/major2_event_22/major2_event_22_nucl_reported.fasta
  > iqtree -s /shared/lab_7/phyl_pipeline/evol_anal/NO_PAT/testing_evol/major2_event_22/major2_event_22_nucl_reported.fasta -m TIM3+I+G4

AICc      model              K            lnL          score          delta    weight
--------------------------------------------------------------------------------
       1  TIM3+I+G4          8     -3068.5271      6181.0541         0.0000    0.2256
       2  TIM3+I             7     -3070.3170      6181.6340         0.5799    0.1688
       3  TPM3uf+I+G4        7     -3070.7949      6182.5898         1.5357    0.1047
       4  TIM3+G4            7     -3070.8818      6182.7635         1.7094    0.0960
       5  TPM3uf+G4          6     -3072.1469      6183.2938         2.2396    0.0736
       6  GTR+I+G4          10     -3067.8742      6183.7483         2.6942    0.0587
       7  TrN+I+G4           7     -3071.7889      6184.5778         3.5236    0.0387
       8  TrN+I              6     -3072.9387      6184.8773         3.8232    0.0334
       9  GTR+I              9     -3069.4574      6184.9147         3.8606    0.0327
      10  TPM3uf+I           6     -3073.3397      6185.6794         4.6253    0.0223
--------------------------------------------------------------------------------
Best model according to AICc
---------------------------
Model:              TIM3+I+G4
lnL:                -3068.5271
Frequencies:        0.3557 0.1692 0.1642 0.3109
Subst. Rates:       1.6359 2.4509 1.0000 1.6359 1.5057 1.0000 
Inv. sites prop:    0.0722
Gamma shape:        3.0012
Score:              6181.0541
Weight:             0.2256
---------------------------
Parameter importances
---------------------------
P.Inv:              0.3029
Gamma:              0.2147
Gamma-Inv:          0.4825
Frequencies:        1.0000
---------------------------
Model averaged estimates
---------------------------
P.Inv:              0.1105
Alpha:              1.3455
Alpha-P.Inv:        3.0589
P.Inv-Alpha:        0.0718
Frequencies:        0.3566 0.1699 0.1668 0.3067 

Commands:
  > phyml  -i /shared/lab_7/phyl_pipeline/evol_anal/NO_PAT/testing_evol/major2_event_22/major2_event_22_nucl_reported.fasta -m 012032 -f m -v e -a e -c 4 -o tlr
  > raxmlHPC-SSE3 -s /shared/lab_7/phyl_pipeline/evol_anal/NO_PAT/testing_evol/major2_event_22/major2_event_22_nucl_reported.fasta -m GTRGAMMAIX -n EXEC_NAME -p PARSIMONY_SEED
  > raxml-ng --msa /shared/lab_7/phyl_pipeline/evol_anal/NO_PAT/testing_evol/major2_event_22/major2_event_22_nucl_reported.fasta --model TIM3+I+G4
  > paup -s /shared/lab_7/phyl_pipeline/evol_anal/NO_PAT/testing_evol/major2_event_22/major2_event_22_nucl_reported.fasta
  > iqtree -s /shared/lab_7/phyl_pipeline/evol_anal/NO_PAT/testing_evol/major2_event_22/major2_event_22_nucl_reported.fasta -m TIM3+I+G4
Done
