Using: /root/.etetoolkit/ext_apps-latest/bin/Slr
Using: /root/.etetoolkit/ext_apps-latest/bin/codeml

Running CodeML/Slr (20 CPUs)
  - processing model M0 (M0~bfbb0592ce053a500ae81998aa99a107)
  - processing model b_free (b_free~d580c6173fedbb9fd03bba7f5691f617)
       marking branches 3, 4, 11

          (((BT_Cry32Ha1 #1,BT_Cry32Hb1 #1) #1,BT_Cry32Oa1),((BT_Cry32Na1,BT_Cry32Ia1),NOV_Cry32Ea2_45.2_WP_087949412.1),(BT_Cry32Ea1,BT_Cry32Ea2));

  - processing model b_neut (b_neut~a1df8d3f14011ce968c3eda70e82462e)
       marking branches 3, 4, 11

          (((BT_Cry32Ha1 #1,BT_Cry32Hb1 #1) #1,BT_Cry32Oa1),((BT_Cry32Na1,BT_Cry32Ia1),NOV_Cry32Ea2_45.2_WP_087949412.1),(BT_Cry32Ea1,BT_Cry32Ea2));


LRT

                                         Null model |                             Alternative model | p-value
   =================================================|===============================================|============
                M0~bfbb0592ce053a500ae81998aa99a107 | b_free.3_4_1~7efc07e93a40d41d0709609b3d2c073d | 0.715643
      b_neut.3_4_1~2f284f2242af0170689aa7f573d43423 | b_free.3_4_1~7efc07e93a40d41d0709609b3d2c073d | 0.000605**

SUMMARY BY MODEL

 - Model M0
   * Average omega for all tree: 0.294

 - Model b_free.3_4_11-1_1_1
   * Marked branches
      (((BT_Cry32Ha1 #1,BT_Cry32Hb1 #1) #1,BT_Cry32Oa1),((BT_Cry32Na1,BT_Cry32Ia1),NOV_Cry32Ea2_45.2_WP_087949412.1),(BT_Cry32Ea1,BT_Cry32Ea2));

        Branches  =>   omega
      background  =>   0.289
              #1  =>   0.326

 - Model b_neut.3_4_11-1_1_1
   * Marked branches
      (((BT_Cry32Ha1 #1,BT_Cry32Hb1 #1) #1,BT_Cry32Oa1),((BT_Cry32Na1,BT_Cry32Ia1),NOV_Cry32Ea2_45.2_WP_087949412.1),(BT_Cry32Ea1,BT_Cry32Ea2));

        Branches  =>   omega
      background  =>   0.278
              #1  =>   1.000
