Using: /root/.etetoolkit/ext_apps-latest/bin/Slr
Using: /root/.etetoolkit/ext_apps-latest/bin/codeml

Running CodeML/Slr (20 CPUs)
  - processing model M0 (M0~bfbb0592ce053a500ae81998aa99a107)
  - processing model M1 (M1~8ed11ef76b643703ce3a34904f259d15)
  - processing model M2 (M2~b3da176519f94fcf43c393970c8b91f1)
  - processing model M3 (M3~a8aaf4d3fdb6d252f358dce0a710bb79)
  - processing model M7 (M7~c867145f5f560d02e455c9cef7e2845e)
  - processing model M8 (M8~991e887342962a2f4ad12267097f0e1b)

LRT

                                         Null model |                             Alternative model | p-value
   =================================================|===============================================|============
                M0~bfbb0592ce053a500ae81998aa99a107 |           M1~8ed11ef76b643703ce3a34904f259d15 | 0.000000**
                M0~bfbb0592ce053a500ae81998aa99a107 |           M2~b3da176519f94fcf43c393970c8b91f1 | 0.000000**
                M0~bfbb0592ce053a500ae81998aa99a107 |           M3~a8aaf4d3fdb6d252f358dce0a710bb79 | 0.000000**
                M0~bfbb0592ce053a500ae81998aa99a107 |           M7~c867145f5f560d02e455c9cef7e2845e | 0.000000**
                M0~bfbb0592ce053a500ae81998aa99a107 |           M8~991e887342962a2f4ad12267097f0e1b | 0.000000**
                M1~8ed11ef76b643703ce3a34904f259d15 |           M2~b3da176519f94fcf43c393970c8b91f1 | 0.006668**
                M1~8ed11ef76b643703ce3a34904f259d15 |           M3~a8aaf4d3fdb6d252f358dce0a710bb79 | 0.000231**
                M1~8ed11ef76b643703ce3a34904f259d15 |           M8~991e887342962a2f4ad12267097f0e1b | 0.000028**
                M2~b3da176519f94fcf43c393970c8b91f1 |           M3~a8aaf4d3fdb6d252f358dce0a710bb79 | 0.002247**
                M7~c867145f5f560d02e455c9cef7e2845e |           M2~b3da176519f94fcf43c393970c8b91f1 | 0.018437*
                M7~c867145f5f560d02e455c9cef7e2845e |           M3~a8aaf4d3fdb6d252f358dce0a710bb79 | 0.000607**
                M7~c867145f5f560d02e455c9cef7e2845e |           M8~991e887342962a2f4ad12267097f0e1b | 0.000078**
                M8~991e887342962a2f4ad12267097f0e1b |           M3~a8aaf4d3fdb6d252f358dce0a710bb79 | 1.000000

SUMMARY BY MODEL

 - Model M0
   * Average omega for all tree: 0.294

 - Model M1
   * Average omega for all tree: 0.404
   * Sites significantly caracterized
      codon position |   category
     -----------------------------------------------------------
                 3   |   Relaxed (probability > 0.99)
                 5   |   Relaxed (probability > 0.99)
                 6   |   Relaxed (probability > 0.95)
                10   |   Relaxed (probability > 0.99)
                11   |   Relaxed (probability > 0.95)
                13   |   Relaxed (probability > 0.99)
                17   |   Relaxed (probability > 0.99)
                28   |   Relaxed (probability > 0.95)
                29   |   Relaxed (probability > 0.99)
                33   |   Relaxed (probability > 0.99)
                35   |   Relaxed (probability > 0.95)
           36-  37   |   Relaxed (probability > 0.99)
                40   |   Relaxed (probability > 0.99)
                41   |   Relaxed (probability > 0.95)
                43   |   Relaxed (probability > 0.95)
           46-  47   |   Relaxed (probability > 0.99)
                48   |   Relaxed (probability > 0.95)
                53   |   Relaxed (probability > 0.95)
                55   |   Relaxed (probability > 0.95)
           57-  59   |   Relaxed (probability > 0.95)
                61   |   Relaxed (probability > 0.95)
           62-  64   |   Relaxed (probability > 0.99)
                65   |   Relaxed (probability > 0.95)
                67   |   Relaxed (probability > 0.95)
                70   |   Relaxed (probability > 0.95)
                71   |   Relaxed (probability > 0.99)
                74   |   Relaxed (probability > 0.99)
                75   |   Relaxed (probability > 0.95)
           78-  79   |   Relaxed (probability > 0.99)
           80-  81   |   Relaxed (probability > 0.95)
                82   |   Relaxed (probability > 0.99)
                84   |   Relaxed (probability > 0.95)
           86-  87   |   Relaxed (probability > 0.99)
                90   |   Relaxed (probability > 0.95)
                91   |   Relaxed (probability > 0.99)
           93-  94   |   Relaxed (probability > 0.99)
                98   |   Relaxed (probability > 0.99)
                99   |   Relaxed (probability > 0.95)
               102   |   Relaxed (probability > 0.95)
          104- 105   |   Relaxed (probability > 0.99)
          107- 108   |   Relaxed (probability > 0.99)
          112- 113   |   Relaxed (probability > 0.99)
          116- 117   |   Relaxed (probability > 0.99)
          119- 125   |   Relaxed (probability > 0.99)
               126   |   Relaxed (probability > 0.95)
               127   |   Relaxed (probability > 0.99)
               128   |   Relaxed (probability > 0.95)
               131   |   Relaxed (probability > 0.99)
          133- 134   |   Relaxed (probability > 0.99)
          135- 136   |   Relaxed (probability > 0.95)
          137- 139   |   Relaxed (probability > 0.99)
               141   |   Relaxed (probability > 0.95)
               142   |   Relaxed (probability > 0.99)
               143   |   Relaxed (probability > 0.95)
               144   |   Relaxed (probability > 0.99)
               145   |   Relaxed (probability > 0.95)
               146   |   Relaxed (probability > 0.99)
               148   |   Relaxed (probability > 0.95)
               149   |   Relaxed (probability > 0.99)
          151- 153   |   Relaxed (probability > 0.99)
               154   |   Relaxed (probability > 0.95)
               155   |   Relaxed (probability > 0.99)
               157   |   Relaxed (probability > 0.99)
          159- 160   |   Relaxed (probability > 0.95)
               161   |   Relaxed (probability > 0.99)
               162   |   Relaxed (probability > 0.95)
          163- 164   |   Relaxed (probability > 0.99)
          166- 167   |   Relaxed (probability > 0.95)
               169   |   Relaxed (probability > 0.95)
          170- 172   |   Relaxed (probability > 0.99)
          173- 174   |   Relaxed (probability > 0.95)
               175   |   Relaxed (probability > 0.99)
          177- 178   |   Relaxed (probability > 0.95)
               179   |   Relaxed (probability > 0.99)
               180   |   Relaxed (probability > 0.95)
          182- 183   |   Relaxed (probability > 0.99)
               186   |   Relaxed (probability > 0.95)
          187- 188   |   Relaxed (probability > 0.99)
               191   |   Relaxed (probability > 0.95)
               193   |   Relaxed (probability > 0.99)
               194   |   Relaxed (probability > 0.95)
               198   |   Relaxed (probability > 0.99)
          200- 201   |   Relaxed (probability > 0.99)
          203- 204   |   Relaxed (probability > 0.99)
               205   |   Relaxed (probability > 0.95)
               206   |   Relaxed (probability > 0.99)
          208- 210   |   Relaxed (probability > 0.99)
               212   |   Relaxed (probability > 0.99)
          214- 215   |   Relaxed (probability > 0.95)
          216- 217   |   Relaxed (probability > 0.99)

 - Model M2
   * Average omega for all tree: 0.676
   * Sites significantly caracterized
      codon position |   category
     -----------------------------------------------------------
                 3   |   Conserved (probability > 0.99)
                 5   |   Conserved (probability > 0.99)
                 6   |   Conserved (probability > 0.95)
                10   |   Conserved (probability > 0.99)
                13   |   Conserved (probability > 0.99)
                17   |   Conserved (probability > 0.99)
                28   |   Conserved (probability > 0.95)
                29   |   Conserved (probability > 0.99)
                35   |   Conserved (probability > 0.95)
                36   |   Conserved (probability > 0.99)
                40   |   Conserved (probability > 0.99)
           46-  47   |   Conserved (probability > 0.99)
                55   |   Conserved (probability > 0.95)
                57   |   Conserved (probability > 0.95)
                59   |   Conserved (probability > 0.95)
           61-  62   |   Conserved (probability > 0.95)
                63   |   Conserved (probability > 0.99)
                64   |   Positively-selected (probability > 0.95)
                74   |   Conserved (probability > 0.99)
                75   |   Conserved (probability > 0.95)
           79-  81   |   Conserved (probability > 0.95)
                82   |   Conserved (probability > 0.99)
                86   |   Conserved (probability > 0.95)
                90   |   Conserved (probability > 0.95)
                91   |   Conserved (probability > 0.99)
           93-  94   |   Conserved (probability > 0.99)
                98   |   Conserved (probability > 0.99)
          104- 105   |   Conserved (probability > 0.99)
               107   |   Conserved (probability > 0.99)
               112   |   Conserved (probability > 0.95)
               113   |   Conserved (probability > 0.99)
               116   |   Conserved (probability > 0.99)
               117   |   Conserved (probability > 0.95)
          119- 125   |   Conserved (probability > 0.99)
               126   |   Conserved (probability > 0.95)
               127   |   Conserved (probability > 0.99)
               128   |   Conserved (probability > 0.95)
               131   |   Conserved (probability > 0.95)
          133- 134   |   Conserved (probability > 0.99)
               135   |   Conserved (probability > 0.95)
               137   |   Conserved (probability > 0.95)
               138   |   Conserved (probability > 0.99)
               141   |   Conserved (probability > 0.95)
               142   |   Conserved (probability > 0.99)
               143   |   Conserved (probability > 0.95)
               145   |   Conserved (probability > 0.95)
               148   |   Conserved (probability > 0.95)
               149   |   Conserved (probability > 0.99)
          151- 152   |   Conserved (probability > 0.99)
               154   |   Conserved (probability > 0.95)
          161- 162   |   Conserved (probability > 0.95)
               163   |   Conserved (probability > 0.99)
               164   |   Conserved (probability > 0.95)
          166- 167   |   Conserved (probability > 0.95)
          171- 172   |   Conserved (probability > 0.99)
               174   |   Conserved (probability > 0.95)
               175   |   Conserved (probability > 0.99)
               178   |   Conserved (probability > 0.95)
               179   |   Conserved (probability > 0.99)
               182   |   Conserved (probability > 0.99)
               183   |   Conserved (probability > 0.95)
               186   |   Conserved (probability > 0.95)
               187   |   Conserved (probability > 0.99)
               191   |   Conserved (probability > 0.95)
               194   |   Conserved (probability > 0.95)
               198   |   Conserved (probability > 0.99)
               200   |   Conserved (probability > 0.95)
               201   |   Conserved (probability > 0.99)
               203   |   Conserved (probability > 0.95)
               204   |   Conserved (probability > 0.99)
          205- 206   |   Conserved (probability > 0.95)
               208   |   Conserved (probability > 0.99)
               209   |   Conserved (probability > 0.95)
               210   |   Conserved (probability > 0.99)
               212   |   Conserved (probability > 0.99)
               215   |   Conserved (probability > 0.95)
          216- 217   |   Conserved (probability > 0.99)

 - Model M3
   * Average omega for all tree: 0.573
   * Sites significantly caracterized
      codon position |   category
     -----------------------------------------------------------
                 3   |   Relaxed (probability > 0.95)
                10   |   Relaxed (probability > 0.95)
                19   |   Relaxed (probability > 0.99)
           22-  23   |   Relaxed (probability > 0.95)
                25   |   Relaxed (probability > 0.95)
                30   |   Relaxed (probability > 0.95)
           36-  37   |   Relaxed (probability > 0.95)
           40-  41   |   Relaxed (probability > 0.95)
                44   |   Relaxed (probability > 0.95)
                47   |   Relaxed (probability > 0.95)
                56   |   Relaxed (probability > 0.95)
                64   |   Relaxed (probability > 0.99)
                66   |   Relaxed (probability > 0.95)
                77   |   Relaxed (probability > 0.95)
           82-  83   |   Relaxed (probability > 0.95)
           87-  88   |   Relaxed (probability > 0.95)
           92-  93   |   Relaxed (probability > 0.95)
           98-  99   |   Relaxed (probability > 0.95)
          106- 107   |   Relaxed (probability > 0.95)
               110   |   Relaxed (probability > 0.95)
               113   |   Relaxed (probability > 0.95)
               116   |   Relaxed (probability > 0.95)
               119   |   Relaxed (probability > 0.95)
               125   |   Relaxed (probability > 0.95)
               130   |   Relaxed (probability > 0.95)
               133   |   Relaxed (probability > 0.95)
               140   |   Relaxed (probability > 0.99)
               142   |   Relaxed (probability > 0.95)
               144   |   Relaxed (probability > 0.99)
               147   |   Relaxed (probability > 0.95)
               149   |   Relaxed (probability > 0.95)
               153   |   Relaxed (probability > 0.95)
          156- 157   |   Relaxed (probability > 0.95)
          159- 160   |   Relaxed (probability > 0.95)
               172   |   Relaxed (probability > 0.95)
          184- 185   |   Relaxed (probability > 0.95)
               195   |   Relaxed (probability > 0.95)
               198   |   Relaxed (probability > 0.95)
               202   |   Relaxed (probability > 0.95)
               204   |   Relaxed (probability > 0.95)
               208   |   Relaxed (probability > 0.95)
               210   |   Relaxed (probability > 0.95)
               212   |   Relaxed (probability > 0.95)
               214   |   Relaxed (probability > 0.95)
               217   |   Relaxed (probability > 0.95)

 - Model M7
   * Average omega for all tree: 0.353

 - Model M8
   * Average omega for all tree: 0.578
   * Sites significantly caracterized
      codon position |   category
     -----------------------------------------------------------
                64   |   Positively-selected (probability > 0.95)
               144   |   Positively-selected (probability > 0.95)
