Using: /root/.etetoolkit/ext_apps-latest/bin/Slr
Using: /root/.etetoolkit/ext_apps-latest/bin/codeml

Running CodeML/Slr (20 CPUs)
  - processing model M0 (M0~8ccd3a1677c43f63565f2ebbafbc1dab)
  - processing model bsA (bsA~2660ef57363ef3b52df396738dc4b6d2)
       marking branches 10

          ((NOV_Cry9Ga1_57.2_PEU81077.1 #1,NOV_Cry68Aa1_74.8_WP_103592020.1),(((BT_Cry4Ba3,BT_Cry4Ba1),(((NOV_Cry4Ba1_98.9_ABR22237.1,NOV_Cry4Ba1_98.9_ABR22236.1),NOV_Cry4Ba1_98.5_ABR22238.1),NOV_Cry4Ba1_98.1_ABR22240.1)),NOV_Cry68Aa1_80.1_PEU91245.1),BT_Cry68Aa1);

  - processing model bsA1 (bsA1~21aba23766cdcf06018c118d8b2cacea)
       marking branches 10

          ((NOV_Cry9Ga1_57.2_PEU81077.1 #1,NOV_Cry68Aa1_74.8_WP_103592020.1),(((BT_Cry4Ba3,BT_Cry4Ba1),(((NOV_Cry4Ba1_98.9_ABR22237.1,NOV_Cry4Ba1_98.9_ABR22236.1),NOV_Cry4Ba1_98.5_ABR22238.1),NOV_Cry4Ba1_98.1_ABR22240.1)),NOV_Cry68Aa1_80.1_PEU91245.1),BT_Cry68Aa1);

  - processing model bsB (bsB~cc968d6fcf6ccef4afc637e735826d38)
       marking branches 10

          ((NOV_Cry9Ga1_57.2_PEU81077.1 #1,NOV_Cry68Aa1_74.8_WP_103592020.1),(((BT_Cry4Ba3,BT_Cry4Ba1),(((NOV_Cry4Ba1_98.9_ABR22237.1,NOV_Cry4Ba1_98.9_ABR22236.1),NOV_Cry4Ba1_98.5_ABR22238.1),NOV_Cry4Ba1_98.1_ABR22240.1)),NOV_Cry68Aa1_80.1_PEU91245.1),BT_Cry68Aa1);


LRT

                                         Null model |                             Alternative model | p-value
   =================================================|===============================================|============
                M0~8ccd3a1677c43f63565f2ebbafbc1dab |     bsA.10-1~3b29178e98869cec9e5f6294e8651ca2 | 0.000000**
                M0~8ccd3a1677c43f63565f2ebbafbc1dab |    bsA1.10-1~c9a35116b4ff96cc202b4221b9f5ea34 | 0.000000**
                M0~8ccd3a1677c43f63565f2ebbafbc1dab |     bsB.10-1~645961d9e8cd3e721e386c6d50955896 | 0.000000**
          bsA.10-1~3b29178e98869cec9e5f6294e8651ca2 |     bsB.10-1~645961d9e8cd3e721e386c6d50955896 | 0.000253**
         bsA1.10-1~c9a35116b4ff96cc202b4221b9f5ea34 |     bsA.10-1~3b29178e98869cec9e5f6294e8651ca2 | 0.000981**
         bsA1.10-1~c9a35116b4ff96cc202b4221b9f5ea34 |     bsB.10-1~645961d9e8cd3e721e386c6d50955896 | 0.000005**

SUMMARY BY MODEL

 - Model M0
   * Average omega for all tree: 0.329

 - Model bsA.10-1
   * Marked branches
      ((NOV_Cry9Ga1_57.2_PEU81077.1 #1,NOV_Cry68Aa1_74.8_WP_103592020.1),(((BT_Cry4Ba3,BT_Cry4Ba1),(((NOV_Cry4Ba1_98.9_ABR22237.1,NOV_Cry4Ba1_98.9_ABR22236.1),NOV_Cry4Ba1_98.5_ABR22238.1),NOV_Cry4Ba1_98.1_ABR22240.1)),NOV_Cry68Aa1_80.1_PEU91245.1),BT_Cry68Aa1);
   * Sites significantly caracterized
      codon position |   category
     -----------------------------------------------------------
                10   |   Conserved (probability > 0.95)
                17   |   Positively-selected (probability > 0.95)
                22   |   Conserved (probability > 0.95)
           25-  27   |   Conserved (probability > 0.95)
                30   |   Conserved (probability > 0.95)
                32   |   Conserved (probability > 0.95)
           68-  70   |   Conserved (probability > 0.95)
          111- 112   |   Conserved (probability > 0.95)
               142   |   Conserved (probability > 0.95)
               152   |   Conserved (probability > 0.95)

 - Model bsA1.10-1
   * Marked branches
      ((NOV_Cry9Ga1_57.2_PEU81077.1 #1,NOV_Cry68Aa1_74.8_WP_103592020.1),(((BT_Cry4Ba3,BT_Cry4Ba1),(((NOV_Cry4Ba1_98.9_ABR22237.1,NOV_Cry4Ba1_98.9_ABR22236.1),NOV_Cry4Ba1_98.5_ABR22238.1),NOV_Cry4Ba1_98.1_ABR22240.1)),NOV_Cry68Aa1_80.1_PEU91245.1),BT_Cry68Aa1);

 - Model bsB.10-1
   * Marked branches
      ((NOV_Cry9Ga1_57.2_PEU81077.1 #1,NOV_Cry68Aa1_74.8_WP_103592020.1),(((BT_Cry4Ba3,BT_Cry4Ba1),(((NOV_Cry4Ba1_98.9_ABR22237.1,NOV_Cry4Ba1_98.9_ABR22236.1),NOV_Cry4Ba1_98.5_ABR22238.1),NOV_Cry4Ba1_98.1_ABR22240.1)),NOV_Cry68Aa1_80.1_PEU91245.1),BT_Cry68Aa1);
   * Sites significantly caracterized
      codon position |   category
     -----------------------------------------------------------
                17   |   Positively-selected (probability > 0.95)
                21   |   Positively-selected (probability > 0.99)
                32   |   Conserved (probability > 0.95)
