Using: /root/.etetoolkit/ext_apps-latest/bin/Slr
Using: /root/.etetoolkit/ext_apps-latest/bin/codeml

Running CodeML/Slr (20 CPUs)
  - processing model M0 (M0~8ccd3a1677c43f63565f2ebbafbc1dab)
  - processing model b_free (b_free~7d04050a404d4771705db5db062898b4)
       marking branches 10

          ((NOV_Cry9Ga1_57.2_PEU81077.1 #1,NOV_Cry68Aa1_74.8_WP_103592020.1),(((BT_Cry4Ba3,BT_Cry4Ba1),(((NOV_Cry4Ba1_98.9_ABR22237.1,NOV_Cry4Ba1_98.9_ABR22236.1),NOV_Cry4Ba1_98.5_ABR22238.1),NOV_Cry4Ba1_98.1_ABR22240.1)),NOV_Cry68Aa1_80.1_PEU91245.1),BT_Cry68Aa1);

  - processing model b_neut (b_neut~5cc4d1d1cc01d88c18519376d201ae3d)
       marking branches 10

          ((NOV_Cry9Ga1_57.2_PEU81077.1 #1,NOV_Cry68Aa1_74.8_WP_103592020.1),(((BT_Cry4Ba3,BT_Cry4Ba1),(((NOV_Cry4Ba1_98.9_ABR22237.1,NOV_Cry4Ba1_98.9_ABR22236.1),NOV_Cry4Ba1_98.5_ABR22238.1),NOV_Cry4Ba1_98.1_ABR22240.1)),NOV_Cry68Aa1_80.1_PEU91245.1),BT_Cry68Aa1);


LRT

                                         Null model |                             Alternative model | p-value
   =================================================|===============================================|============
                M0~8ccd3a1677c43f63565f2ebbafbc1dab |  b_free.10-1~af61c935d88388a18857a89b7697f2af | 0.468983
       b_neut.10-1~2c3fe315abc45448e60a3824aed3e542 |  b_free.10-1~af61c935d88388a18857a89b7697f2af | 0.019639*

SUMMARY BY MODEL

 - Model M0
   * Average omega for all tree: 0.329

 - Model b_free.10-1
   * Marked branches
      ((NOV_Cry9Ga1_57.2_PEU81077.1 #1,NOV_Cry68Aa1_74.8_WP_103592020.1),(((BT_Cry4Ba3,BT_Cry4Ba1),(((NOV_Cry4Ba1_98.9_ABR22237.1,NOV_Cry4Ba1_98.9_ABR22236.1),NOV_Cry4Ba1_98.5_ABR22238.1),NOV_Cry4Ba1_98.1_ABR22240.1)),NOV_Cry68Aa1_80.1_PEU91245.1),BT_Cry68Aa1);

        Branches  =>   omega
              #1  =>   0.415
      background  =>   0.313

 - Model b_neut.10-1
   * Marked branches
      ((NOV_Cry9Ga1_57.2_PEU81077.1 #1,NOV_Cry68Aa1_74.8_WP_103592020.1),(((BT_Cry4Ba3,BT_Cry4Ba1),(((NOV_Cry4Ba1_98.9_ABR22237.1,NOV_Cry4Ba1_98.9_ABR22236.1),NOV_Cry4Ba1_98.5_ABR22238.1),NOV_Cry4Ba1_98.1_ABR22240.1)),NOV_Cry68Aa1_80.1_PEU91245.1),BT_Cry68Aa1);

        Branches  =>   omega
      background  =>   0.311
              #1  =>   1.000
