Using: /root/.etetoolkit/ext_apps-latest/bin/Slr
Using: /root/.etetoolkit/ext_apps-latest/bin/codeml

Running CodeML/Slr (20 CPUs)
  - processing model M0 (M0~8ccd3a1677c43f63565f2ebbafbc1dab)
  - processing model b_free (b_free~7d04050a404d4771705db5db062898b4)
       marking branches 12, 13, 3, 10, 8, 14, 9, 15, 16, 2, 1, 17, 4, 18, 5, 7, 6, 11

          ((NOV_Cry9Ga1_57.2_PEU81077.1 #1,NOV_Cry68Aa1_74.8_WP_103592020.1 #1) #1,(((BT_Cry4Ba3 #1,BT_Cry4Ba1 #1) #1,(((NOV_Cry4Ba1_98.9_ABR22237.1 #1,NOV_Cry4Ba1_98.9_ABR22236.1 #1) #1,NOV_Cry4Ba1_98.5_ABR22238.1 #1) #1,NOV_Cry4Ba1_98.1_ABR22240.1 #1) #1) #1,NOV_Cry68Aa1_80.1_PEU91245.1 #1) #1,BT_Cry68Aa1 #1) #1;

  - processing model b_neut (b_neut~5cc4d1d1cc01d88c18519376d201ae3d)
       marking branches 12, 13, 3, 10, 8, 14, 9, 15, 16, 2, 1, 17, 4, 18, 5, 7, 6, 11

          ((NOV_Cry9Ga1_57.2_PEU81077.1 #1,NOV_Cry68Aa1_74.8_WP_103592020.1 #1) #1,(((BT_Cry4Ba3 #1,BT_Cry4Ba1 #1) #1,(((NOV_Cry4Ba1_98.9_ABR22237.1 #1,NOV_Cry4Ba1_98.9_ABR22236.1 #1) #1,NOV_Cry4Ba1_98.5_ABR22238.1 #1) #1,NOV_Cry4Ba1_98.1_ABR22240.1 #1) #1) #1,NOV_Cry68Aa1_80.1_PEU91245.1 #1) #1,BT_Cry68Aa1 #1) #1;


LRT

                                         Null model |                             Alternative model | p-value
   =================================================|===============================================|============
                M0~8ccd3a1677c43f63565f2ebbafbc1dab | b_free.12_13~eacc84382d10970a68a20b8788e8ef86 | 1.000000
      b_neut.12_13~0d8a399ae21ac1a54010c6360339d66b | b_free.12_13~eacc84382d10970a68a20b8788e8ef86 | 0.000000**

SUMMARY BY MODEL

 - Model M0
   * Average omega for all tree: 0.329

 - Model b_free.12_13_3_10_8_14_9_15_16_2_1_17_4_18_5_7_6_11-1_1_1_1_1_1_1_1_1_1_1_1_1_1_1_1_1_1
   * Marked branches
      ((NOV_Cry9Ga1_57.2_PEU81077.1 #1,NOV_Cry68Aa1_74.8_WP_103592020.1 #1) #1,(((BT_Cry4Ba3 #1,BT_Cry4Ba1 #1) #1,(((NOV_Cry4Ba1_98.9_ABR22237.1 #1,NOV_Cry4Ba1_98.9_ABR22236.1 #1) #1,NOV_Cry4Ba1_98.5_ABR22238.1 #1) #1,NOV_Cry4Ba1_98.1_ABR22240.1 #1) #1) #1,NOV_Cry68Aa1_80.1_PEU91245.1 #1) #1,BT_Cry68Aa1 #1) #1;

        Branches  =>   omega
              #1  =>   0.329

 - Model b_neut.12_13_3_10_8_14_9_15_16_2_1_17_4_18_5_7_6_11-1_1_1_1_1_1_1_1_1_1_1_1_1_1_1_1_1_1
   * Marked branches
      ((NOV_Cry9Ga1_57.2_PEU81077.1 #1,NOV_Cry68Aa1_74.8_WP_103592020.1 #1) #1,(((BT_Cry4Ba3 #1,BT_Cry4Ba1 #1) #1,(((NOV_Cry4Ba1_98.9_ABR22237.1 #1,NOV_Cry4Ba1_98.9_ABR22236.1 #1) #1,NOV_Cry4Ba1_98.5_ABR22238.1 #1) #1,NOV_Cry4Ba1_98.1_ABR22240.1 #1) #1) #1,NOV_Cry68Aa1_80.1_PEU91245.1 #1) #1,BT_Cry68Aa1 #1) #1;

        Branches  =>   omega
              #1  =>   1.000
