Using: /root/.etetoolkit/ext_apps-latest/bin/Slr
Using: /root/.etetoolkit/ext_apps-latest/bin/codeml

Running CodeML/Slr (20 CPUs)
  - processing model M0 (M0~8ccd3a1677c43f63565f2ebbafbc1dab)
  - processing model M1 (M1~ed6c1683e4ec50a2c6199a038c8e83e1)
  - processing model M2 (M2~b4015ada7193eaf3a15400def1cb1bde)
  - processing model M3 (M3~7b3bb8c0d34bd38ea944d13788038fc3)
  - processing model M7 (M7~13043a53e0d8eef0fb5b6c1c20aad3b7)
  - processing model M8 (M8~f9433dc9484934d328c170fd450decf8)

LRT

                                         Null model |                             Alternative model | p-value
   =================================================|===============================================|============
                M0~8ccd3a1677c43f63565f2ebbafbc1dab |           M1~ed6c1683e4ec50a2c6199a038c8e83e1 | 0.000000**
                M0~8ccd3a1677c43f63565f2ebbafbc1dab |           M2~b4015ada7193eaf3a15400def1cb1bde | 0.000001**
                M0~8ccd3a1677c43f63565f2ebbafbc1dab |           M3~7b3bb8c0d34bd38ea944d13788038fc3 | 0.000000**
                M0~8ccd3a1677c43f63565f2ebbafbc1dab |           M7~13043a53e0d8eef0fb5b6c1c20aad3b7 | 0.000000**
                M0~8ccd3a1677c43f63565f2ebbafbc1dab |           M8~f9433dc9484934d328c170fd450decf8 | 0.000000**
                M1~ed6c1683e4ec50a2c6199a038c8e83e1 |           M2~b4015ada7193eaf3a15400def1cb1bde | 1.000000
                M1~ed6c1683e4ec50a2c6199a038c8e83e1 |           M3~7b3bb8c0d34bd38ea944d13788038fc3 | 0.004338**
                M1~ed6c1683e4ec50a2c6199a038c8e83e1 |           M8~f9433dc9484934d328c170fd450decf8 | 0.002798**
                M2~b4015ada7193eaf3a15400def1cb1bde |           M3~7b3bb8c0d34bd38ea944d13788038fc3 | 0.000289**
                M7~13043a53e0d8eef0fb5b6c1c20aad3b7 |           M2~b4015ada7193eaf3a15400def1cb1bde | 1.000000
                M7~13043a53e0d8eef0fb5b6c1c20aad3b7 |           M3~7b3bb8c0d34bd38ea944d13788038fc3 | 0.709025
                M7~13043a53e0d8eef0fb5b6c1c20aad3b7 |           M8~f9433dc9484934d328c170fd450decf8 | 1.000000
                M8~f9433dc9484934d328c170fd450decf8 |           M3~7b3bb8c0d34bd38ea944d13788038fc3 | 0.239224

SUMMARY BY MODEL

 - Model M0
   * Average omega for all tree: 0.329

 - Model M1
   * Average omega for all tree: 0.582
   * Sites significantly caracterized
      codon position |   category
     -----------------------------------------------------------
                 4   |   Relaxed (probability > 0.99)
            5-   6   |   Relaxed (probability > 0.95)
                 8   |   Relaxed (probability > 0.95)
                10   |   Relaxed (probability > 0.95)
                14   |   Relaxed (probability > 0.95)
                15   |   Relaxed (probability > 0.99)
                19   |   Relaxed (probability > 0.95)
           20-  21   |   Relaxed (probability > 0.99)
           22-  27   |   Relaxed (probability > 0.95)
           29-  31   |   Relaxed (probability > 0.95)
                32   |   Relaxed (probability > 0.99)
           33-  34   |   Relaxed (probability > 0.95)
                37   |   Relaxed (probability > 0.95)
                38   |   Relaxed (probability > 0.99)
                39   |   Relaxed (probability > 0.95)
                55   |   Relaxed (probability > 0.95)
                61   |   Relaxed (probability > 0.95)
           63-  64   |   Relaxed (probability > 0.99)
           68-  70   |   Relaxed (probability > 0.95)
                74   |   Relaxed (probability > 0.95)
                78   |   Relaxed (probability > 0.95)
                80   |   Relaxed (probability > 0.95)
           82-  84   |   Relaxed (probability > 0.95)
           87-  88   |   Relaxed (probability > 0.99)
           90-  91   |   Relaxed (probability > 0.99)
                93   |   Relaxed (probability > 0.99)
                94   |   Relaxed (probability > 0.95)
                95   |   Relaxed (probability > 0.99)
                96   |   Relaxed (probability > 0.95)
                99   |   Relaxed (probability > 0.95)
          111- 112   |   Relaxed (probability > 0.95)
               113   |   Relaxed (probability > 0.99)
               117   |   Relaxed (probability > 0.95)
          120- 121   |   Relaxed (probability > 0.95)
               122   |   Relaxed (probability > 0.99)
               130   |   Relaxed (probability > 0.95)
               133   |   Relaxed (probability > 0.95)
               134   |   Relaxed (probability > 0.99)
               137   |   Relaxed (probability > 0.95)
               142   |   Relaxed (probability > 0.95)
               145   |   Relaxed (probability > 0.99)
               150   |   Relaxed (probability > 0.95)
               152   |   Relaxed (probability > 0.95)

 - Model M2
   * Average omega for all tree: 0.582
   * Sites significantly caracterized
      codon position |   category
     -----------------------------------------------------------
            5-   6   |   Conserved (probability > 0.95)
                 8   |   Conserved (probability > 0.95)
           10-  11   |   Conserved (probability > 0.95)
           22-  23   |   Conserved (probability > 0.95)
           25-  27   |   Conserved (probability > 0.95)
           29-  34   |   Conserved (probability > 0.95)
                39   |   Conserved (probability > 0.95)
                66   |   Conserved (probability > 0.95)
           68-  70   |   Conserved (probability > 0.95)
                99   |   Conserved (probability > 0.95)
          111- 112   |   Conserved (probability > 0.95)
               121   |   Conserved (probability > 0.95)
               142   |   Conserved (probability > 0.95)
               152   |   Conserved (probability > 0.95)

 - Model M3
   * Average omega for all tree: 0.386
   * Sites significantly caracterized
      codon position |   category
     -----------------------------------------------------------
                32   |   Relaxed (probability > 0.95)

 - Model M7
   * Average omega for all tree: 0.405

 - Model M8
   * Average omega for all tree: 0.405
