Using: /root/.etetoolkit/ext_apps-latest/bin/Slr
Using: /root/.etetoolkit/ext_apps-latest/bin/codeml

Running CodeML/Slr (20 CPUs)
  - processing model M0 (M0~ce6c12e0331f1cfe2c172e8ff273c77c)
  - processing model b_free (b_free~5bc27299f334dc6cac4e295de17850e6)
       marking branches 5

          (((NOV_Cry7Ca1_86.8_AGM39664.1 #1,NOV_Cry7Ca1_99.7_ABR67863.2),(BT_Cry8Pa1,(BT_Cry8Ea2,BT_Cry8Ja1))),NOV_Cry8Ba1_88.6_AEP25412.1,BT_Cry8Ba1);

  - processing model b_neut (b_neut~bdd52604c7db762c07e9de930567933a)
       marking branches 5

          (((NOV_Cry7Ca1_86.8_AGM39664.1 #1,NOV_Cry7Ca1_99.7_ABR67863.2),(BT_Cry8Pa1,(BT_Cry8Ea2,BT_Cry8Ja1))),NOV_Cry8Ba1_88.6_AEP25412.1,BT_Cry8Ba1);


LRT

                                         Null model |                             Alternative model | p-value
   =================================================|===============================================|============
                M0~ce6c12e0331f1cfe2c172e8ff273c77c |   b_free.5-1~30afe64faadbe15cdf13dbb42e9394bb | 0.057630
        b_neut.5-1~64392161fdd9b81efe7b03dcbeb96c7b |   b_free.5-1~30afe64faadbe15cdf13dbb42e9394bb | 0.368265

SUMMARY BY MODEL

 - Model M0
   * Average omega for all tree: 0.155

 - Model b_free.5-1
   * Marked branches
      (((NOV_Cry7Ca1_86.8_AGM39664.1 #1,NOV_Cry7Ca1_99.7_ABR67863.2),(BT_Cry8Pa1,(BT_Cry8Ea2,BT_Cry8Ja1))),NOV_Cry8Ba1_88.6_AEP25412.1,BT_Cry8Ba1);

        Branches  =>   omega
      background  =>   0.151
              #1  => 999.000

 - Model b_neut.5-1
   * Marked branches
      (((NOV_Cry7Ca1_86.8_AGM39664.1 #1,NOV_Cry7Ca1_99.7_ABR67863.2),(BT_Cry8Pa1,(BT_Cry8Ea2,BT_Cry8Ja1))),NOV_Cry8Ba1_88.6_AEP25412.1,BT_Cry8Ba1);

        Branches  =>   omega
              #1  =>   1.000
      background  =>   0.151
