--------------------------------------------------------------------------------
ModelTest-NG v0.1.7

Input data:
  MSA:        /shared/lab_7/phyl_pipeline/evol_anal/NO_PAT/testing_evol/minor_event_49/minor_event_49_nucl_reported.fasta
  Tree:       Maximum likelihood
    file:           -
  #taxa:            9
  #sites:           423
  #patterns:        158
  Max. thread mem:  0 MB

Output:
  Log:           /shared/lab_7/phyl_pipeline/evol_anal/NO_PAT/testing_evol/minor_event_49/minor_event_49_nucl_reported.fasta.log
  Starting tree: /shared/lab_7/phyl_pipeline/evol_anal/NO_PAT/testing_evol/minor_event_49/minor_event_49_nucl_reported.fasta.tree
  Results:       /shared/lab_7/phyl_pipeline/evol_anal/NO_PAT/testing_evol/minor_event_49/minor_event_49_nucl_reported.fasta.out

Selection options:
  # dna schemes:      11
  # dna models:       88
  include model parameters:
    Uniform:         true
    p-inv (+I):      true
    gamma (+G):      true
    both (+I+G):     true
    free rates (+R): false
    fixed freqs:     true
    estimated freqs: true
    #categories:     4
  gamma rates mode:   mean
  asc bias:           none
  epsilon (opt):      0.01
  epsilon (par):      0.05
  keep branches:      false

Additional options:
  verbosity:        very low
  threads:          1/36
  RNG seed:         12345
  subtree repeats:  enabled
--------------------------------------------------------------------------------

BIC       model              K            lnL          score          delta    weight
--------------------------------------------------------------------------------
       1  TPM3uf+G4          6     -1922.8165      3972.6277         0.0000    0.4811
       2  TPM3uf+I           6     -1923.0909      3973.1766         0.5489    0.3656
       3  TPM3uf+I+G4        7     -1921.9542      3976.9505         4.3228    0.0554
       4  TIM3+G4            7     -1922.3409      3977.7241         5.0964    0.0376
       5  TIM3+I             7     -1922.4424      3977.9270         5.2993    0.0340
       6  TVM+G4             8     -1920.2178      3979.5251         6.8974    0.0153
       7  TVM+I              8     -1921.5583      3982.2062         9.5785    0.0040
       8  TIM3+I+G4          8     -1921.6918      3982.4731         9.8454    0.0035
       9  GTR+G4             9     -1919.9313      3984.9996        12.3719    0.0010
      10  TVM+I+G4           9     -1919.9443      3985.0256        12.3979    0.0010
--------------------------------------------------------------------------------
Best model according to BIC
---------------------------
Model:              TPM3uf+G4
lnL:                -1922.8165
Frequencies:        0.3596 0.1556 0.1766 0.3082
Subst. Rates:       3.5948 3.9780 1.0000 3.5948 3.9780 1.0000 
Inv. sites prop:    -
Gamma shape:        0.8100
Score:              3972.6277
Weight:             0.4811
---------------------------
Parameter importances
---------------------------
P.Inv:              0.4046
Gamma:              0.5354
Gamma-Inv:          0.0600
Frequencies:        1.0000
---------------------------
Model averaged estimates
---------------------------
P.Inv:              0.2651
Alpha:              0.8080
Alpha-P.Inv:        2.0012
P.Inv-Alpha:        0.1917
Frequencies:        0.3601 0.1567 0.1759 0.3073 

Commands:
  > phyml  -i /shared/lab_7/phyl_pipeline/evol_anal/NO_PAT/testing_evol/minor_event_49/minor_event_49_nucl_reported.fasta -m 012012 -f m -v 0 -a e -c 4 -o tlr
  > raxmlHPC-SSE3 -s /shared/lab_7/phyl_pipeline/evol_anal/NO_PAT/testing_evol/minor_event_49/minor_event_49_nucl_reported.fasta -m GTRGAMMAX -n EXEC_NAME -p PARSIMONY_SEED
  > raxml-ng --msa /shared/lab_7/phyl_pipeline/evol_anal/NO_PAT/testing_evol/minor_event_49/minor_event_49_nucl_reported.fasta --model TPM3uf+G4
  > paup -s /shared/lab_7/phyl_pipeline/evol_anal/NO_PAT/testing_evol/minor_event_49/minor_event_49_nucl_reported.fasta
  > iqtree -s /shared/lab_7/phyl_pipeline/evol_anal/NO_PAT/testing_evol/minor_event_49/minor_event_49_nucl_reported.fasta -m TPM3uf+G4

AIC       model              K            lnL          score          delta    weight
--------------------------------------------------------------------------------
       1  TVM+G4             8     -1920.2178      3886.4355         0.0000    0.2023
       2  TPM3uf+G4          6     -1922.8165      3887.6329         1.1974    0.1112
       3  GTR+G4             9     -1919.9313      3887.8626         1.4271    0.0991
       4  TVM+I+G4           9     -1919.9443      3887.8887         1.4531    0.0978
       5  TPM3uf+I+G4        7     -1921.9542      3887.9083         1.4728    0.0969
       6  TPM3uf+I           6     -1923.0909      3888.1818         1.7463    0.0845
       7  TIM3+G4            7     -1922.3409      3888.6819         2.2464    0.0658
       8  TIM3+I             7     -1922.4424      3888.8848         2.4492    0.0594
       9  TVM+I              8     -1921.5583      3889.1167         2.6811    0.0529
      10  GTR+I+G4          10     -1919.6031      3889.2063         2.7707    0.0506
--------------------------------------------------------------------------------
Best model according to AIC
---------------------------
Model:              TVM+G4
lnL:                -1920.2178
Frequencies:        0.3509 0.1562 0.1854 0.3075
Subst. Rates:       8.1271 7.8755 2.7346 5.4713 7.8755 1.0000 
Inv. sites prop:    -
Gamma shape:        0.8338
Score:              3886.4355
Weight:             0.2023
---------------------------
Parameter importances
---------------------------
P.Inv:              0.2298
Gamma:              0.4785
Gamma-Inv:          0.2917
Frequencies:        1.0000
---------------------------
Model averaged estimates
---------------------------
P.Inv:              0.2643
Alpha:              0.8206
Alpha-P.Inv:        1.9376
P.Inv-Alpha:        0.1845
Frequencies:        0.3550 0.1574 0.1790 0.3086 

Commands:
  > phyml  -i /shared/lab_7/phyl_pipeline/evol_anal/NO_PAT/testing_evol/minor_event_49/minor_event_49_nucl_reported.fasta -m 012314 -f m -v 0 -a e -c 4 -o tlr
  > raxmlHPC-SSE3 -s /shared/lab_7/phyl_pipeline/evol_anal/NO_PAT/testing_evol/minor_event_49/minor_event_49_nucl_reported.fasta -m GTRGAMMAX -n EXEC_NAME -p PARSIMONY_SEED
  > raxml-ng --msa /shared/lab_7/phyl_pipeline/evol_anal/NO_PAT/testing_evol/minor_event_49/minor_event_49_nucl_reported.fasta --model TVM+G4
  > paup -s /shared/lab_7/phyl_pipeline/evol_anal/NO_PAT/testing_evol/minor_event_49/minor_event_49_nucl_reported.fasta
  > iqtree -s /shared/lab_7/phyl_pipeline/evol_anal/NO_PAT/testing_evol/minor_event_49/minor_event_49_nucl_reported.fasta -m TVM+G4

AICc      model              K            lnL          score          delta    weight
--------------------------------------------------------------------------------
       1  TVM+G4             8     -1920.2178      3888.4355         0.0000    0.2274
       2  TPM3uf+G4          6     -1922.8165      3889.6329         1.1974    0.1250
       3  TPM3uf+I+G4        7     -1921.9542      3889.9083         1.4728    0.1089
       4  TPM3uf+I           6     -1923.0909      3890.1818         1.7463    0.0950
       5  TIM3+G4            7     -1922.3409      3890.6819         2.2464    0.0740
       6  GTR+G4             9     -1919.9313      3890.8626         2.4271    0.0676
       7  TIM3+I             7     -1922.4424      3890.8848         2.4492    0.0668
       8  TVM+I+G4           9     -1919.9443      3890.8887         2.4531    0.0667
       9  TVM+I              8     -1921.5583      3891.1167         2.6811    0.0595
      10  TIM3+I+G4          8     -1921.6918      3891.3835         2.9480    0.0521
--------------------------------------------------------------------------------
Best model according to AICc
---------------------------
Model:              TVM+G4
lnL:                -1920.2178
Frequencies:        0.3509 0.1562 0.1854 0.3075
Subst. Rates:       8.1271 7.8755 2.7346 5.4713 7.8755 1.0000 
Inv. sites prop:    -
Gamma shape:        0.8338
Score:              3888.4355
Weight:             0.2274
---------------------------
Parameter importances
---------------------------
P.Inv:              0.2438
Gamma:              0.4940
Gamma-Inv:          0.2622
Frequencies:        1.0000
---------------------------
Model averaged estimates
---------------------------
P.Inv:              0.2643
Alpha:              0.8189
Alpha-P.Inv:        1.9058
P.Inv-Alpha:        0.1831
Frequencies:        0.3555 0.1572 0.1787 0.3085 

Commands:
  > phyml  -i /shared/lab_7/phyl_pipeline/evol_anal/NO_PAT/testing_evol/minor_event_49/minor_event_49_nucl_reported.fasta -m 012314 -f m -v 0 -a e -c 4 -o tlr
  > raxmlHPC-SSE3 -s /shared/lab_7/phyl_pipeline/evol_anal/NO_PAT/testing_evol/minor_event_49/minor_event_49_nucl_reported.fasta -m GTRGAMMAX -n EXEC_NAME -p PARSIMONY_SEED
  > raxml-ng --msa /shared/lab_7/phyl_pipeline/evol_anal/NO_PAT/testing_evol/minor_event_49/minor_event_49_nucl_reported.fasta --model TVM+G4
  > paup -s /shared/lab_7/phyl_pipeline/evol_anal/NO_PAT/testing_evol/minor_event_49/minor_event_49_nucl_reported.fasta
  > iqtree -s /shared/lab_7/phyl_pipeline/evol_anal/NO_PAT/testing_evol/minor_event_49/minor_event_49_nucl_reported.fasta -m TVM+G4
Done
