Using: /root/.etetoolkit/ext_apps-latest/bin/Slr
Using: /root/.etetoolkit/ext_apps-latest/bin/codeml

Running CodeML/Slr (20 CPUs)
  - processing model M0 (M0~44a0eef738874b3c456200dd2222e899)
  - processing model b_free (b_free~7336a25727d7c47ba535d02543aab5f2)
       marking branches 6

          ((BT_Cry32Hb1,BT_Cry32Ha1),BT_Cry32Oa1,((NOV_Cry41Ba2_47.9_BAD35157.1 #1,NOV_Cry41Ba2_43.6_BAD35163.1),(NOV_Cry41Ca1_50.4_AZJ24166.1,BT_Cry41Ba2)));

  - processing model b_neut (b_neut~fe23026cd7cf5e6824c7672713b9a783)
       marking branches 6

          ((BT_Cry32Hb1,BT_Cry32Ha1),BT_Cry32Oa1,((NOV_Cry41Ba2_47.9_BAD35157.1 #1,NOV_Cry41Ba2_43.6_BAD35163.1),(NOV_Cry41Ca1_50.4_AZJ24166.1,BT_Cry41Ba2)));


LRT

                                         Null model |                             Alternative model | p-value
   =================================================|===============================================|============
                M0~44a0eef738874b3c456200dd2222e899 |   b_free.6-1~493f904a9a7828d2d60cd6c9474fc2e0 | 0.634453
        b_neut.6-1~ad1dccb878f2843967eb164de3accee8 |   b_free.6-1~493f904a9a7828d2d60cd6c9474fc2e0 | 0.162660

SUMMARY BY MODEL

 - Model M0
   * Average omega for all tree: 0.371

 - Model b_free.6-1
   * Marked branches
      ((BT_Cry32Hb1,BT_Cry32Ha1),BT_Cry32Oa1,((NOV_Cry41Ba2_47.9_BAD35157.1 #1,NOV_Cry41Ba2_43.6_BAD35163.1),(NOV_Cry41Ca1_50.4_AZJ24166.1,BT_Cry41Ba2)));

        Branches  =>   omega
              #1  =>   0.231
      background  =>   0.374

 - Model b_neut.6-1
   * Marked branches
      ((BT_Cry32Hb1,BT_Cry32Ha1),BT_Cry32Oa1,((NOV_Cry41Ba2_47.9_BAD35157.1 #1,NOV_Cry41Ba2_43.6_BAD35163.1),(NOV_Cry41Ca1_50.4_AZJ24166.1,BT_Cry41Ba2)));

        Branches  =>   omega
      background  =>   0.372
              #1  =>   1.000
