Using: /root/.etetoolkit/ext_apps-latest/bin/Slr
Using: /root/.etetoolkit/ext_apps-latest/bin/codeml

Running CodeML/Slr (20 CPUs)
  - processing model M0 (M0~cb84e25560faacb488ca847b41e30701)
  - processing model b_free (b_free~a13202fe411beadfd08e4cb7842e2f16)
       marking branches 1

          ((BT_Cry8Db1,BT_Cry8Da1),(BT_Cry8Ac1,((NOV_Cry8Ab1_80.0_AMR06151.1,NOV_Cry8Ab1_80.3_AFP44678.1),BT_Cry8Ab1)),(NOV_Cry7Ba1_84.3_AFI42043.1,BT_Cry7Ba1 #1));

  - processing model b_neut (b_neut~2e609c65a7d7742318710bb8519bb239)
       marking branches 1

          ((BT_Cry8Db1,BT_Cry8Da1),(BT_Cry8Ac1,((NOV_Cry8Ab1_80.0_AMR06151.1,NOV_Cry8Ab1_80.3_AFP44678.1),BT_Cry8Ab1)),(NOV_Cry7Ba1_84.3_AFI42043.1,BT_Cry7Ba1 #1));


LRT

                                         Null model |                             Alternative model | p-value
   =================================================|===============================================|============
                M0~cb84e25560faacb488ca847b41e30701 |   b_free.1-1~c46fd62af8921daf4a41a6072e05fe33 | 0.013697*
        b_neut.1-1~e20691740784a787efff5c4d1a7d5ab8 |   b_free.1-1~c46fd62af8921daf4a41a6072e05fe33 | 0.941594

SUMMARY BY MODEL

 - Model M0
   * Average omega for all tree: 0.230

 - Model b_free.1-1
   * Marked branches
      ((BT_Cry8Db1,BT_Cry8Da1),(BT_Cry8Ac1,((NOV_Cry8Ab1_80.0_AMR06151.1,NOV_Cry8Ab1_80.3_AFP44678.1),BT_Cry8Ab1)),(NOV_Cry7Ba1_84.3_AFI42043.1,BT_Cry7Ba1 #1));

        Branches  =>   omega
              #1  =>   0.939
      background  =>   0.200

 - Model b_neut.1-1
   * Marked branches
      ((BT_Cry8Db1,BT_Cry8Da1),(BT_Cry8Ac1,((NOV_Cry8Ab1_80.0_AMR06151.1,NOV_Cry8Ab1_80.3_AFP44678.1),BT_Cry8Ab1)),(NOV_Cry7Ba1_84.3_AFI42043.1,BT_Cry7Ba1 #1));

        Branches  =>   omega
              #1  =>   1.000
      background  =>   0.199
