Using: /root/.etetoolkit/ext_apps-latest/bin/Slr
Using: /root/.etetoolkit/ext_apps-latest/bin/codeml

Running CodeML/Slr (20 CPUs)
  - processing model M0 (M0~0dd0338454372714557b3b1457bc6377)
  - processing model b_free (b_free~1008bfaae79cc1bbdf83a8454e9205cf)
       marking branches 8

          ((((BT_Cry32Hb1,BT_Cry32Ha1),(BT_Cry1Na1,BT_Cry1Nb1)),(BT_Cry59Ba1 #1,BT_Cry59Aa1)),BT_Cry30Db1,BT_Cry30Da1);

  - processing model b_neut (b_neut~991350ea10a26e4f9d4cdc3a90c9f79c)
       marking branches 8

          ((((BT_Cry32Hb1,BT_Cry32Ha1),(BT_Cry1Na1,BT_Cry1Nb1)),(BT_Cry59Ba1 #1,BT_Cry59Aa1)),BT_Cry30Db1,BT_Cry30Da1);


LRT

                                         Null model |                             Alternative model | p-value
   =================================================|===============================================|============
                M0~0dd0338454372714557b3b1457bc6377 |   b_free.8-1~9696173467788c7ac0b1db1b0a547e19 | 0.586211
        b_neut.8-1~21dee0889ea511ac422cb9c75e1e4169 |   b_free.8-1~9696173467788c7ac0b1db1b0a547e19 | 0.348016

SUMMARY BY MODEL

 - Model M0
   * Average omega for all tree: 0.294

 - Model b_free.8-1
   * Marked branches
      ((((BT_Cry32Hb1,BT_Cry32Ha1),(BT_Cry1Na1,BT_Cry1Nb1)),(BT_Cry59Ba1 #1,BT_Cry59Aa1)),BT_Cry30Db1,BT_Cry30Da1);

        Branches  =>   omega
              #1  =>   0.150
      background  =>   0.301

 - Model b_neut.8-1
   * Marked branches
      ((((BT_Cry32Hb1,BT_Cry32Ha1),(BT_Cry1Na1,BT_Cry1Nb1)),(BT_Cry59Ba1 #1,BT_Cry59Aa1)),BT_Cry30Db1,BT_Cry30Da1);

        Branches  =>   omega
      background  =>   0.291
              #1  =>   1.000
