--------------------------------------------------------------------------------
ModelTest-NG v0.1.7

Input data:
  MSA:        /shared/lab_7/phyl_pipeline/evol_anal/NO_PAT/testing_evol/major2_event_38/major2_event_38_nucl_reported.fasta
  Tree:       Maximum likelihood
    file:           -
  #taxa:            8
  #sites:           459
  #patterns:        306
  Max. thread mem:  1 MB

Output:
  Log:           /shared/lab_7/phyl_pipeline/evol_anal/NO_PAT/testing_evol/major2_event_38/major2_event_38_nucl_reported.fasta.log
  Starting tree: /shared/lab_7/phyl_pipeline/evol_anal/NO_PAT/testing_evol/major2_event_38/major2_event_38_nucl_reported.fasta.tree
  Results:       /shared/lab_7/phyl_pipeline/evol_anal/NO_PAT/testing_evol/major2_event_38/major2_event_38_nucl_reported.fasta.out

Selection options:
  # dna schemes:      11
  # dna models:       88
  include model parameters:
    Uniform:         true
    p-inv (+I):      true
    gamma (+G):      true
    both (+I+G):     true
    free rates (+R): false
    fixed freqs:     true
    estimated freqs: true
    #categories:     4
  gamma rates mode:   mean
  asc bias:           none
  epsilon (opt):      0.01
  epsilon (par):      0.05
  keep branches:      false

Additional options:
  verbosity:        very low
  threads:          1/36
  RNG seed:         12345
  subtree repeats:  enabled
--------------------------------------------------------------------------------

BIC       model              K            lnL          score          delta    weight
--------------------------------------------------------------------------------
       1  HKY+I              5     -2784.6589      5679.6406         0.0000    0.4176
       2  HKY+G4             5     -2785.3554      5681.0336         1.3930    0.2081
       3  HKY+I+G4           6     -2782.7904      5682.0327         2.3920    0.1263
       4  TPM3uf+I           6     -2783.8425      5684.1370         4.4964    0.0441
       5  TPM3uf+G4          6     -2784.1721      5684.7961         5.1555    0.0317
       6  TrN+I              6     -2784.1878      5684.8276         5.1870    0.0312
       7  TPM1uf+I           6     -2784.3843      5685.2205         5.5798    0.0256
       8  TPM2uf+I           6     -2784.5618      5685.5756         5.9350    0.0215
       9  TrN+G4             6     -2784.6405      5685.7329         6.0923    0.0199
      10  TPM3uf+I+G4        7     -2781.8575      5686.2961         6.6555    0.0150
--------------------------------------------------------------------------------
Best model according to BIC
---------------------------
Model:              HKY+I
lnL:                -2784.6589
Frequencies:        0.3441 0.1767 0.1861 0.2931
Subst. Rates:       1.0000 2.4893 1.0000 1.0000 2.4893 1.0000 
Inv. sites prop:    0.1361
Gamma shape:        -
Score:              5679.6406
Weight:             0.4176
---------------------------
Parameter importances
---------------------------
P.Inv:              0.5472
Gamma:              0.2874
Gamma-Inv:          0.1655
Frequencies:        1.0000
---------------------------
Model averaged estimates
---------------------------
P.Inv:              0.1358
Alpha:              0.9923
Alpha-P.Inv:        1.9955
P.Inv-Alpha:        0.1029
Frequencies:        0.3430 0.1768 0.1849 0.2953 

Commands:
  > phyml  -i /shared/lab_7/phyl_pipeline/evol_anal/NO_PAT/testing_evol/major2_event_38/major2_event_38_nucl_reported.fasta -m 010010 -f m -v e -a 0 -c 1 -o tlr
  > raxmlHPC-SSE3 -s /shared/lab_7/phyl_pipeline/evol_anal/NO_PAT/testing_evol/major2_event_38/major2_event_38_nucl_reported.fasta -c 1 -m GTRCATIX -n EXEC_NAME -p PARSIMONY_SEED
  > raxml-ng --msa /shared/lab_7/phyl_pipeline/evol_anal/NO_PAT/testing_evol/major2_event_38/major2_event_38_nucl_reported.fasta --model HKY+I
  > paup -s /shared/lab_7/phyl_pipeline/evol_anal/NO_PAT/testing_evol/major2_event_38/major2_event_38_nucl_reported.fasta
  > iqtree -s /shared/lab_7/phyl_pipeline/evol_anal/NO_PAT/testing_evol/major2_event_38/major2_event_38_nucl_reported.fasta -m HKY+I

AIC       model              K            lnL          score          delta    weight
--------------------------------------------------------------------------------
       1  HKY+I+G4           6     -2782.7904      5603.5807         0.0000    0.1306
       2  TPM3uf+I+G4        7     -2781.8575      5603.7151         0.1344    0.1221
       3  TrN+I+G4           7     -2782.3646      5604.7292         1.1485    0.0735
       4  TIM3+I+G4          8     -2781.5832      5605.1664         1.5857    0.0591
       5  TPM1uf+I+G4        7     -2782.6004      5605.2009         1.6202    0.0581
       6  HKY+I              5     -2784.6589      5605.3177         1.7370    0.0548
       7  TPM2uf+I+G4        7     -2782.7726      5605.5452         1.9645    0.0489
       8  TPM3uf+I           6     -2783.8425      5605.6851         2.1044    0.0456
       9  TIM1+I+G4          8     -2782.0473      5606.0947         2.5140    0.0372
      10  TIM2+I+G4          8     -2782.1436      5606.2873         2.7066    0.0337
--------------------------------------------------------------------------------
Best model according to AIC
---------------------------
Model:              HKY+I+G4
lnL:                -2782.7904
Frequencies:        0.3427 0.1773 0.1839 0.2962
Subst. Rates:       1.0000 2.7226 1.0000 1.0000 2.7226 1.0000 
Inv. sites prop:    0.1057
Gamma shape:        2.0424
Score:              5603.5807
Weight:             0.1306
---------------------------
Parameter importances
---------------------------
P.Inv:              0.2500
Gamma:              0.1551
Gamma-Inv:          0.5949
Frequencies:        1.0000
---------------------------
Model averaged estimates
---------------------------
P.Inv:              0.1354
Alpha:              0.9798
Alpha-P.Inv:        1.8639
P.Inv-Alpha:        0.0957
Frequencies:        0.3416 0.1768 0.1830 0.2986 

Commands:
  > phyml  -i /shared/lab_7/phyl_pipeline/evol_anal/NO_PAT/testing_evol/major2_event_38/major2_event_38_nucl_reported.fasta -m 010010 -f m -v e -a e -c 4 -o tlr
  > raxmlHPC-SSE3 -s /shared/lab_7/phyl_pipeline/evol_anal/NO_PAT/testing_evol/major2_event_38/major2_event_38_nucl_reported.fasta -m GTRGAMMAIX -n EXEC_NAME -p PARSIMONY_SEED
  > raxml-ng --msa /shared/lab_7/phyl_pipeline/evol_anal/NO_PAT/testing_evol/major2_event_38/major2_event_38_nucl_reported.fasta --model HKY+I+G4
  > paup -s /shared/lab_7/phyl_pipeline/evol_anal/NO_PAT/testing_evol/major2_event_38/major2_event_38_nucl_reported.fasta
  > iqtree -s /shared/lab_7/phyl_pipeline/evol_anal/NO_PAT/testing_evol/major2_event_38/major2_event_38_nucl_reported.fasta -m HKY+I+G4

AICc      model              K            lnL          score          delta    weight
--------------------------------------------------------------------------------
       1  HKY+I+G4           6     -2782.7904      5604.5807         0.0000    0.1406
       2  TPM3uf+I+G4        7     -2781.8575      5604.7151         0.1344    0.1315
       3  TrN+I+G4           7     -2782.3646      5605.7292         1.1485    0.0792
       4  TPM1uf+I+G4        7     -2782.6004      5606.2009         1.6202    0.0625
       5  HKY+I              5     -2784.6589      5606.3177         1.7370    0.0590
       6  TPM2uf+I+G4        7     -2782.7726      5606.5452         1.9645    0.0527
       7  TPM3uf+I           6     -2783.8425      5606.6851         2.1044    0.0491
       8  TIM3+I+G4          8     -2781.5832      5607.1664         2.5857    0.0386
       9  TPM3uf+G4          6     -2784.1721      5607.3441         2.7634    0.0353
      10  TrN+I              6     -2784.1878      5607.3757         2.7950    0.0348
--------------------------------------------------------------------------------
Best model according to AICc
---------------------------
Model:              HKY+I+G4
lnL:                -2782.7904
Frequencies:        0.3427 0.1773 0.1839 0.2962
Subst. Rates:       1.0000 2.7226 1.0000 1.0000 2.7226 1.0000 
Inv. sites prop:    0.1057
Gamma shape:        2.0424
Score:              5604.5807
Weight:             0.1406
---------------------------
Parameter importances
---------------------------
P.Inv:              0.2644
Gamma:              0.1636
Gamma-Inv:          0.5720
Frequencies:        1.0000
---------------------------
Model averaged estimates
---------------------------
P.Inv:              0.1354
Alpha:              0.9793
Alpha-P.Inv:        1.8783
P.Inv-Alpha:        0.0964
Frequencies:        0.3418 0.1767 0.1832 0.2983 

Commands:
  > phyml  -i /shared/lab_7/phyl_pipeline/evol_anal/NO_PAT/testing_evol/major2_event_38/major2_event_38_nucl_reported.fasta -m 010010 -f m -v e -a e -c 4 -o tlr
  > raxmlHPC-SSE3 -s /shared/lab_7/phyl_pipeline/evol_anal/NO_PAT/testing_evol/major2_event_38/major2_event_38_nucl_reported.fasta -m GTRGAMMAIX -n EXEC_NAME -p PARSIMONY_SEED
  > raxml-ng --msa /shared/lab_7/phyl_pipeline/evol_anal/NO_PAT/testing_evol/major2_event_38/major2_event_38_nucl_reported.fasta --model HKY+I+G4
  > paup -s /shared/lab_7/phyl_pipeline/evol_anal/NO_PAT/testing_evol/major2_event_38/major2_event_38_nucl_reported.fasta
  > iqtree -s /shared/lab_7/phyl_pipeline/evol_anal/NO_PAT/testing_evol/major2_event_38/major2_event_38_nucl_reported.fasta -m HKY+I+G4
Done
