Using: /root/.etetoolkit/ext_apps-latest/bin/Slr
Using: /root/.etetoolkit/ext_apps-latest/bin/codeml

Running CodeML/Slr (20 CPUs)
  - processing model M0 (M0~feead9503fde272d93298116aef91fb5)
  - processing model b_free (b_free~9058e9653df06f0d967f562b2e6c2698)
       marking branches 3

          ((((NOV_Cry52Ca1_62.9_AZJ24464.1,BT_Cry52Ca1),(BT_Cry52Ba1,BT_Cry52Aa1)),(BT_Cry19Ba1,BT_Cry19Aa1)),BT_Cry19Ca1 #1,NOV_Cry19Ba1_74.0_AGV55021.1);

  - processing model b_neut (b_neut~10b2ab0458da9b4514321f2e28115df8)
       marking branches 3

          ((((NOV_Cry52Ca1_62.9_AZJ24464.1,BT_Cry52Ca1),(BT_Cry52Ba1,BT_Cry52Aa1)),(BT_Cry19Ba1,BT_Cry19Aa1)),BT_Cry19Ca1 #1,NOV_Cry19Ba1_74.0_AGV55021.1);


LRT

                                         Null model |                             Alternative model | p-value
   =================================================|===============================================|============
                M0~feead9503fde272d93298116aef91fb5 |   b_free.3-1~9f2b9bc256e07fd6c2752ead4a8a919e | 0.634708
        b_neut.3-1~8d98862209bb2255cd648616a1cef55b |   b_free.3-1~9f2b9bc256e07fd6c2752ead4a8a919e | 0.001110**

SUMMARY BY MODEL

 - Model M0
   * Average omega for all tree: 0.204

 - Model b_free.3-1
   * Marked branches
      ((((NOV_Cry52Ca1_62.9_AZJ24464.1,BT_Cry52Ca1),(BT_Cry52Ba1,BT_Cry52Aa1)),(BT_Cry19Ba1,BT_Cry19Aa1)),BT_Cry19Ca1 #1,NOV_Cry19Ba1_74.0_AGV55021.1);

        Branches  =>   omega
              #1  =>   0.169
      background  =>   0.208

 - Model b_neut.3-1
   * Marked branches
      ((((NOV_Cry52Ca1_62.9_AZJ24464.1,BT_Cry52Ca1),(BT_Cry52Ba1,BT_Cry52Aa1)),(BT_Cry19Ba1,BT_Cry19Aa1)),BT_Cry19Ca1 #1,NOV_Cry19Ba1_74.0_AGV55021.1);

        Branches  =>   omega
      background  =>   0.190
              #1  =>   1.000
