Using: /root/.etetoolkit/ext_apps-latest/bin/Slr
Using: /root/.etetoolkit/ext_apps-latest/bin/codeml

Running CodeML/Slr (20 CPUs)
  - processing model M0 (M0~6010ad56738f44ea9a82dcfe23dd7620)
  - processing model bsA (bsA~82bd0734ee7dcd1402e61cc9c2647e0f)
       marking branches 4

          ((((BT_Cry1Ia18,BT_Cry1Ib8),BT_Cry1Id1),(BT_Cry1Ia7,(((BT_Cry1Ib1,BT_Cry1Ib4),(BT_Cry1Ib2,BT_Cry1Ic1)),((BT_Cry1Ia11,(NOV_Cry1Ia11_96.7_AXE42967.1,BT_Cry1Ia12)),BT_Cry1Ia26)))),((BT_Cry1Cb1 #1,(BT_Cry1Eb1,(BT_Cry1Bg1,(BT_Cry1Be1,BT_Cry1Bf1)))),BT_Cry1Ie4),BT_Cry1Ie3);

  - processing model bsA1 (bsA1~d218381d2c115f5ece6b2c6239eb0a1f)
       marking branches 4

          ((((BT_Cry1Ia18,BT_Cry1Ib8),BT_Cry1Id1),(BT_Cry1Ia7,(((BT_Cry1Ib1,BT_Cry1Ib4),(BT_Cry1Ib2,BT_Cry1Ic1)),((BT_Cry1Ia11,(NOV_Cry1Ia11_96.7_AXE42967.1,BT_Cry1Ia12)),BT_Cry1Ia26)))),((BT_Cry1Cb1 #1,(BT_Cry1Eb1,(BT_Cry1Bg1,(BT_Cry1Be1,BT_Cry1Bf1)))),BT_Cry1Ie4),BT_Cry1Ie3);

  - processing model bsB (bsB~923fbfa56273bb4899428c4e4cdffc5c)
       marking branches 4

          ((((BT_Cry1Ia18,BT_Cry1Ib8),BT_Cry1Id1),(BT_Cry1Ia7,(((BT_Cry1Ib1,BT_Cry1Ib4),(BT_Cry1Ib2,BT_Cry1Ic1)),((BT_Cry1Ia11,(NOV_Cry1Ia11_96.7_AXE42967.1,BT_Cry1Ia12)),BT_Cry1Ia26)))),((BT_Cry1Cb1 #1,(BT_Cry1Eb1,(BT_Cry1Bg1,(BT_Cry1Be1,BT_Cry1Bf1)))),BT_Cry1Ie4),BT_Cry1Ie3);


LRT

                                         Null model |                             Alternative model | p-value
   =================================================|===============================================|============
                M0~6010ad56738f44ea9a82dcfe23dd7620 |      bsA.4-1~9554a0f842ea13feb580784bfff10981 | 0.000031**
                M0~6010ad56738f44ea9a82dcfe23dd7620 |     bsA1.4-1~40aca6b4168dbf65389ebbeaeda6b2cc | 0.002584**
                M0~6010ad56738f44ea9a82dcfe23dd7620 |      bsB.4-1~b8ff7db64e73635302d6f48a03b5ccd3 | 0.000001**
           bsA.4-1~9554a0f842ea13feb580784bfff10981 |      bsB.4-1~b8ff7db64e73635302d6f48a03b5ccd3 | 0.002516**
          bsA1.4-1~40aca6b4168dbf65389ebbeaeda6b2cc |      bsA.4-1~9554a0f842ea13feb580784bfff10981 | 0.000652**
          bsA1.4-1~40aca6b4168dbf65389ebbeaeda6b2cc |      bsB.4-1~b8ff7db64e73635302d6f48a03b5ccd3 | 0.000031**

SUMMARY BY MODEL

 - Model M0
   * Average omega for all tree: 0.294

 - Model bsA.4-1
   * Marked branches
      ((((BT_Cry1Ia18,BT_Cry1Ib8),BT_Cry1Id1),(BT_Cry1Ia7,(((BT_Cry1Ib1,BT_Cry1Ib4),(BT_Cry1Ib2,BT_Cry1Ic1)),((BT_Cry1Ia11,(NOV_Cry1Ia11_96.7_AXE42967.1,BT_Cry1Ia12)),BT_Cry1Ia26)))),((BT_Cry1Cb1 #1,(BT_Cry1Eb1,(BT_Cry1Bg1,(BT_Cry1Be1,BT_Cry1Bf1)))),BT_Cry1Ie4),BT_Cry1Ie3);
   * Sites significantly caracterized
      codon position |   category
     -----------------------------------------------------------
                 4   |   Conserved (probability > 0.95)
                11   |   Conserved (probability > 0.95)
                27   |   Conserved (probability > 0.95)
                39   |   Conserved (probability > 0.95)
                47   |   Conserved (probability > 0.95)
                63   |   Conserved (probability > 0.95)
           87-  88   |   Conserved (probability > 0.95)
           99- 100   |   Conserved (probability > 0.95)
               104   |   Conserved (probability > 0.95)
               116   |   Positively-selected (probability > 0.95)
               123   |   Conserved (probability > 0.95)
          135- 137   |   Conserved (probability > 0.95)

 - Model bsA1.4-1
   * Marked branches
      ((((BT_Cry1Ia18,BT_Cry1Ib8),BT_Cry1Id1),(BT_Cry1Ia7,(((BT_Cry1Ib1,BT_Cry1Ib4),(BT_Cry1Ib2,BT_Cry1Ic1)),((BT_Cry1Ia11,(NOV_Cry1Ia11_96.7_AXE42967.1,BT_Cry1Ia12)),BT_Cry1Ia26)))),((BT_Cry1Cb1 #1,(BT_Cry1Eb1,(BT_Cry1Bg1,(BT_Cry1Be1,BT_Cry1Bf1)))),BT_Cry1Ie4),BT_Cry1Ie3);

 - Model bsB.4-1
   * Marked branches
      ((((BT_Cry1Ia18,BT_Cry1Ib8),BT_Cry1Id1),(BT_Cry1Ia7,(((BT_Cry1Ib1,BT_Cry1Ib4),(BT_Cry1Ib2,BT_Cry1Ic1)),((BT_Cry1Ia11,(NOV_Cry1Ia11_96.7_AXE42967.1,BT_Cry1Ia12)),BT_Cry1Ia26)))),((BT_Cry1Cb1 #1,(BT_Cry1Eb1,(BT_Cry1Bg1,(BT_Cry1Be1,BT_Cry1Bf1)))),BT_Cry1Ie4),BT_Cry1Ie3);
   * Sites significantly caracterized
      codon position |   category
     -----------------------------------------------------------
                 5   |   Positively-selected (probability > 0.95)
               116   |   Positively-selected (probability > 0.95)
               118   |   Positively-selected (probability > 0.95)
