--------------------------------------------------------------------------------
ModelTest-NG v0.1.7

Input data:
  MSA:        /shared/lab_7/phyl_pipeline/evol_anal/NO_PAT/testing_evol/major1_event_47/major1_event_47_nucl_reported.fasta
  Tree:       Maximum likelihood
    file:           -
  #taxa:            32
  #sites:           711
  #patterns:        475
  Max. thread mem:  7 MB

Output:
  Log:           /shared/lab_7/phyl_pipeline/evol_anal/NO_PAT/testing_evol/major1_event_47/major1_event_47_nucl_reported.fasta.log
  Starting tree: /shared/lab_7/phyl_pipeline/evol_anal/NO_PAT/testing_evol/major1_event_47/major1_event_47_nucl_reported.fasta.tree
  Results:       /shared/lab_7/phyl_pipeline/evol_anal/NO_PAT/testing_evol/major1_event_47/major1_event_47_nucl_reported.fasta.out

Selection options:
  # dna schemes:      11
  # dna models:       88
  include model parameters:
    Uniform:         true
    p-inv (+I):      true
    gamma (+G):      true
    both (+I+G):     true
    free rates (+R): false
    fixed freqs:     true
    estimated freqs: true
    #categories:     4
  gamma rates mode:   mean
  asc bias:           none
  epsilon (opt):      0.01
  epsilon (par):      0.05
  keep branches:      false

Additional options:
  verbosity:        very low
  threads:          1/36
  RNG seed:         12345
  subtree repeats:  enabled
--------------------------------------------------------------------------------

BIC       model              K            lnL          score          delta    weight
--------------------------------------------------------------------------------
       1  TPM3uf+G4          6     -5896.2773     12232.5216         0.0000    0.7706
       2  HKY+G4             5     -5901.1845     12235.7695         3.2479    0.1519
       3  TIM3+G4            7     -5896.0010     12238.5357         6.0141    0.0381
       4  TPM3uf+I+G4        7     -5897.0307     12240.5952         8.0736    0.0136
       5  TrN+G4             6     -5900.9640     12241.8951         9.3735    0.0071
       6  TPM2uf+G4          6     -5901.1114     12242.1898         9.6682    0.0061
       7  TPM1uf+G4          6     -5901.1473     12242.2617         9.7401    0.0059
       8  HKY+I+G4           6     -5901.7640     12243.4951        10.9735    0.0032
       9  TVM+G4             8     -5895.9181     12244.9366        12.4150    0.0016
      10  TIM3+I+G4          8     -5896.5468     12246.1940        13.6725    0.0008
--------------------------------------------------------------------------------
Best model according to BIC
---------------------------
Model:              TPM3uf+G4
lnL:                -5896.2773
Frequencies:        0.2979 0.1802 0.1933 0.3286
Subst. Rates:       1.4967 2.5021 1.0000 1.4967 2.5021 1.0000 
Inv. sites prop:    -
Gamma shape:        1.2775
Score:              12232.5216
Weight:             0.7706
---------------------------
Parameter importances
---------------------------
P.Inv:              0.0000
Gamma:              0.9819
Gamma-Inv:          0.0181
Frequencies:        1.0000
---------------------------
Model averaged estimates
---------------------------
P.Inv:              0.1244
Alpha:              1.2776
Alpha-P.Inv:        1.3605
P.Inv-Alpha:        0.0215
Frequencies:        0.2982 0.1820 0.1936 0.3262 

Commands:
  > phyml  -i /shared/lab_7/phyl_pipeline/evol_anal/NO_PAT/testing_evol/major1_event_47/major1_event_47_nucl_reported.fasta -m 012012 -f m -v 0 -a e -c 4 -o tlr
  > raxmlHPC-SSE3 -s /shared/lab_7/phyl_pipeline/evol_anal/NO_PAT/testing_evol/major1_event_47/major1_event_47_nucl_reported.fasta -m GTRGAMMAX -n EXEC_NAME -p PARSIMONY_SEED
  > raxml-ng --msa /shared/lab_7/phyl_pipeline/evol_anal/NO_PAT/testing_evol/major1_event_47/major1_event_47_nucl_reported.fasta --model TPM3uf+G4
  > paup -s /shared/lab_7/phyl_pipeline/evol_anal/NO_PAT/testing_evol/major1_event_47/major1_event_47_nucl_reported.fasta
  > iqtree -s /shared/lab_7/phyl_pipeline/evol_anal/NO_PAT/testing_evol/major1_event_47/major1_event_47_nucl_reported.fasta -m TPM3uf+G4

AIC       model              K            lnL          score          delta    weight
--------------------------------------------------------------------------------
       1  TPM3uf+G4          6     -5896.2773     11926.5545         0.0000    0.4546
       2  TIM3+G4            7     -5896.0010     11928.0020         1.4474    0.2205
       3  TVM+G4             8     -5895.9181     11929.8362         3.2816    0.0881
       4  TPM3uf+I+G4        7     -5897.0307     11930.0615         3.5069    0.0787
       5  GTR+G4             9     -5895.4218     11930.8435         4.2890    0.0532
       6  TIM3+I+G4          8     -5896.5468     11931.0936         4.5391    0.0470
       7  TVM+I+G4           9     -5896.5121     11933.0241         6.4696    0.0179
       8  GTR+I+G4          10     -5895.9726     11933.9451         7.3906    0.0113
       9  HKY+G4             5     -5901.1845     11934.3691         7.8146    0.0091
      10  TrN+G4             6     -5900.9640     11935.9280         9.3735    0.0042
--------------------------------------------------------------------------------
Best model according to AIC
---------------------------
Model:              TPM3uf+G4
lnL:                -5896.2773
Frequencies:        0.2979 0.1802 0.1933 0.3286
Subst. Rates:       1.4967 2.5021 1.0000 1.4967 2.5021 1.0000 
Inv. sites prop:    -
Gamma shape:        1.2775
Score:              11926.5545
Weight:             0.4546
---------------------------
Parameter importances
---------------------------
P.Inv:              0.0000
Gamma:              0.8402
Gamma-Inv:          0.1598
Frequencies:        1.0000
---------------------------
Model averaged estimates
---------------------------
P.Inv:              0.1237
Alpha:              1.2775
Alpha-P.Inv:        1.3873
P.Inv-Alpha:        0.0215
Frequencies:        0.2990 0.1797 0.1946 0.3267 

Commands:
  > phyml  -i /shared/lab_7/phyl_pipeline/evol_anal/NO_PAT/testing_evol/major1_event_47/major1_event_47_nucl_reported.fasta -m 012012 -f m -v 0 -a e -c 4 -o tlr
  > raxmlHPC-SSE3 -s /shared/lab_7/phyl_pipeline/evol_anal/NO_PAT/testing_evol/major1_event_47/major1_event_47_nucl_reported.fasta -m GTRGAMMAX -n EXEC_NAME -p PARSIMONY_SEED
  > raxml-ng --msa /shared/lab_7/phyl_pipeline/evol_anal/NO_PAT/testing_evol/major1_event_47/major1_event_47_nucl_reported.fasta --model TPM3uf+G4
  > paup -s /shared/lab_7/phyl_pipeline/evol_anal/NO_PAT/testing_evol/major1_event_47/major1_event_47_nucl_reported.fasta
  > iqtree -s /shared/lab_7/phyl_pipeline/evol_anal/NO_PAT/testing_evol/major1_event_47/major1_event_47_nucl_reported.fasta -m TPM3uf+G4

AICc      model              K            lnL          score          delta    weight
--------------------------------------------------------------------------------
       1  TPM3uf+G4          6     -5896.2773     11940.5545         0.0000    0.4956
       2  TIM3+G4            7     -5896.0010     11942.0020         1.4474    0.2403
       3  TPM3uf+I+G4        7     -5897.0307     11944.0615         3.5069    0.0858
       4  TVM+G4             8     -5895.9181     11944.8362         4.2816    0.0583
       5  GTR+G4             9     -5895.4218     11945.8435         5.2890    0.0352
       6  TIM3+I+G4          8     -5896.5468     11946.0936         5.5391    0.0311
       7  HKY+G4             5     -5901.1845     11947.3691         6.8146    0.0164
       8  TVM+I+G4           9     -5896.5121     11948.0241         7.4696    0.0118
       9  TrN+G4             6     -5900.9640     11949.9280         9.3735    0.0046
      10  GTR+I+G4          10     -5895.9726     11949.9451         9.3906    0.0045
--------------------------------------------------------------------------------
Best model according to AICc
---------------------------
Model:              TPM3uf+G4
lnL:                -5896.2773
Frequencies:        0.2979 0.1802 0.1933 0.3286
Subst. Rates:       1.4967 2.5021 1.0000 1.4967 2.5021 1.0000 
Inv. sites prop:    -
Gamma shape:        1.2775
Score:              11940.5545
Weight:             0.4956
---------------------------
Parameter importances
---------------------------
P.Inv:              0.0000
Gamma:              0.8617
Gamma-Inv:          0.1383
Frequencies:        1.0000
---------------------------
Model averaged estimates
---------------------------
P.Inv:              0.1237
Alpha:              1.2775
Alpha-P.Inv:        1.3808
P.Inv-Alpha:        0.0215
Frequencies:        0.2991 0.1798 0.1944 0.3267 

Commands:
  > phyml  -i /shared/lab_7/phyl_pipeline/evol_anal/NO_PAT/testing_evol/major1_event_47/major1_event_47_nucl_reported.fasta -m 012012 -f m -v 0 -a e -c 4 -o tlr
  > raxmlHPC-SSE3 -s /shared/lab_7/phyl_pipeline/evol_anal/NO_PAT/testing_evol/major1_event_47/major1_event_47_nucl_reported.fasta -m GTRGAMMAX -n EXEC_NAME -p PARSIMONY_SEED
  > raxml-ng --msa /shared/lab_7/phyl_pipeline/evol_anal/NO_PAT/testing_evol/major1_event_47/major1_event_47_nucl_reported.fasta --model TPM3uf+G4
  > paup -s /shared/lab_7/phyl_pipeline/evol_anal/NO_PAT/testing_evol/major1_event_47/major1_event_47_nucl_reported.fasta
  > iqtree -s /shared/lab_7/phyl_pipeline/evol_anal/NO_PAT/testing_evol/major1_event_47/major1_event_47_nucl_reported.fasta -m TPM3uf+G4
Done
