Using: /root/.etetoolkit/ext_apps-latest/bin/Slr
Using: /root/.etetoolkit/ext_apps-latest/bin/codeml

Running CodeML/Slr (20 CPUs)
  - processing model M0 (M0~145ca767f34202ca9d29526f11af3a77)
  - processing model b_free (b_free~2d42a82c1d1d41db3f9d6a213f474ac5)
       marking branches 7

          ((NOV_Cry7Ea2_99.9_AFI42038.1,(BT_Cry7Cb1,(NOV_Cry7Ca1_99.7_ABR67863.2 #1,NOV_Cry7Ca1_86.8_AGM39664.1))),(BT_Cry8Db1,BT_Cry8Da1),(BT_Cry8Ja1,BT_Cry8Ea2));

  - processing model b_neut (b_neut~2825ff4b7b3e3a1cfdfef0dd4403322b)
       marking branches 7

          ((NOV_Cry7Ea2_99.9_AFI42038.1,(BT_Cry7Cb1,(NOV_Cry7Ca1_99.7_ABR67863.2 #1,NOV_Cry7Ca1_86.8_AGM39664.1))),(BT_Cry8Db1,BT_Cry8Da1),(BT_Cry8Ja1,BT_Cry8Ea2));


LRT

                                         Null model |                             Alternative model | p-value
   =================================================|===============================================|============
                M0~145ca767f34202ca9d29526f11af3a77 |   b_free.7-1~b6999106371910c177bb4a97de4fd486 | 0.067153
        b_neut.7-1~9807036ec168eab465933f298903778c |   b_free.7-1~b6999106371910c177bb4a97de4fd486 | 0.378087

SUMMARY BY MODEL

 - Model M0
   * Average omega for all tree: 0.165

 - Model b_free.7-1
   * Marked branches
      ((NOV_Cry7Ea2_99.9_AFI42038.1,(BT_Cry7Cb1,(NOV_Cry7Ca1_99.7_ABR67863.2 #1,NOV_Cry7Ca1_86.8_AGM39664.1))),(BT_Cry8Db1,BT_Cry8Da1),(BT_Cry8Ja1,BT_Cry8Ea2));

        Branches  =>   omega
      background  =>   0.161
              #1  => 999.000

 - Model b_neut.7-1
   * Marked branches
      ((NOV_Cry7Ea2_99.9_AFI42038.1,(BT_Cry7Cb1,(NOV_Cry7Ca1_99.7_ABR67863.2 #1,NOV_Cry7Ca1_86.8_AGM39664.1))),(BT_Cry8Db1,BT_Cry8Da1),(BT_Cry8Ja1,BT_Cry8Ea2));

        Branches  =>   omega
      background  =>   0.161
              #1  =>   1.000
