--------------------------------------------------------------------------------
ModelTest-NG v0.1.7

Input data:
  MSA:        /shared/lab_7/phyl_pipeline/evol_anal/NO_PAT/testing_evol/major1_event_112/major1_event_112_nucl_reported.fasta
  Tree:       Maximum likelihood
    file:           -
  #taxa:            8
  #sites:           615
  #patterns:        147
  Max. thread mem:  0 MB

Output:
  Log:           /shared/lab_7/phyl_pipeline/evol_anal/NO_PAT/testing_evol/major1_event_112/major1_event_112_nucl_reported.fasta.log
  Starting tree: /shared/lab_7/phyl_pipeline/evol_anal/NO_PAT/testing_evol/major1_event_112/major1_event_112_nucl_reported.fasta.tree
  Results:       /shared/lab_7/phyl_pipeline/evol_anal/NO_PAT/testing_evol/major1_event_112/major1_event_112_nucl_reported.fasta.out

Selection options:
  # dna schemes:      11
  # dna models:       88
  include model parameters:
    Uniform:         true
    p-inv (+I):      true
    gamma (+G):      true
    both (+I+G):     true
    free rates (+R): false
    fixed freqs:     true
    estimated freqs: true
    #categories:     4
  gamma rates mode:   mean
  asc bias:           none
  epsilon (opt):      0.01
  epsilon (par):      0.05
  keep branches:      false

Additional options:
  verbosity:        very low
  threads:          1/36
  RNG seed:         12345
  subtree repeats:  enabled
--------------------------------------------------------------------------------

BIC       model              K            lnL          score          delta    weight
--------------------------------------------------------------------------------
       1  TPM3uf+I           6     -2477.3766      5076.7640         0.0000    0.4783
       2  TPM3uf+G4          6     -2477.7761      5077.5630         0.7991    0.3208
       3  HKY+I              5     -2482.5936      5080.7764         4.0124    0.0643
       4  HKY+G4             5     -2482.8727      5081.3346         4.5706    0.0487
       5  TPM3uf+I+G4        7     -2477.1175      5082.6675         5.9035    0.0250
       6  TIM3+I             7     -2477.3441      5083.1207         6.3567    0.0199
       7  TIM3+G4            7     -2477.7684      5083.9693         7.2053    0.0130
       8  TPM1uf+I           6     -2481.8067      5085.6243         8.8603    0.0057
       9  TPM2uf+I           6     -2482.1193      5086.2495         9.4855    0.0042
      10  TPM1uf+G4          6     -2482.2555      5086.5217         9.7577    0.0036
--------------------------------------------------------------------------------
Best model according to BIC
---------------------------
Model:              TPM3uf+I
lnL:                -2477.3766
Frequencies:        0.3492 0.1393 0.2099 0.3017
Subst. Rates:       2.0356 2.8957 1.0000 2.0356 2.8957 1.0000 
Inv. sites prop:    0.2915
Gamma shape:        -
Score:              5076.7640
Weight:             0.4783
---------------------------
Parameter importances
---------------------------
P.Inv:              0.5775
Gamma:              0.3926
Gamma-Inv:          0.0300
Frequencies:        1.0000
---------------------------
Model averaged estimates
---------------------------
P.Inv:              0.2919
Alpha:              0.8997
Alpha-P.Inv:        2.1171
P.Inv-Alpha:        0.1937
Frequencies:        0.3490 0.1403 0.2105 0.3001 

Commands:
  > phyml  -i /shared/lab_7/phyl_pipeline/evol_anal/NO_PAT/testing_evol/major1_event_112/major1_event_112_nucl_reported.fasta -m 012012 -f m -v e -a 0 -c 1 -o tlr
  > raxmlHPC-SSE3 -s /shared/lab_7/phyl_pipeline/evol_anal/NO_PAT/testing_evol/major1_event_112/major1_event_112_nucl_reported.fasta -c 1 -m GTRCATIX -n EXEC_NAME -p PARSIMONY_SEED
  > raxml-ng --msa /shared/lab_7/phyl_pipeline/evol_anal/NO_PAT/testing_evol/major1_event_112/major1_event_112_nucl_reported.fasta --model TPM3uf+I
  > paup -s /shared/lab_7/phyl_pipeline/evol_anal/NO_PAT/testing_evol/major1_event_112/major1_event_112_nucl_reported.fasta
  > iqtree -s /shared/lab_7/phyl_pipeline/evol_anal/NO_PAT/testing_evol/major1_event_112/major1_event_112_nucl_reported.fasta -m TPM3uf+I

AIC       model              K            lnL          score          delta    weight
--------------------------------------------------------------------------------
       1  TPM3uf+I           6     -2477.3766      4992.7532         0.0000    0.2592
       2  TPM3uf+G4          6     -2477.7761      4993.5522         0.7991    0.1738
       3  TPM3uf+I+G4        7     -2477.1175      4994.2350         1.4819    0.1235
       4  TIM3+I             7     -2477.3441      4994.6882         1.9351    0.0985
       5  TVM+I              8     -2476.6369      4995.2737         2.5206    0.0735
       6  TIM3+G4            7     -2477.7684      4995.5369         2.7837    0.0644
       7  TIM3+I+G4          8     -2477.1172      4996.2343         3.4812    0.0455
       8  TVM+G4             8     -2477.1510      4996.3019         3.5488    0.0440
       9  TVM+I+G4           9     -2476.4228      4996.8455         4.0924    0.0335
      10  GTR+I              9     -2476.6170      4997.2340         4.4808    0.0276
--------------------------------------------------------------------------------
Best model according to AIC
---------------------------
Model:              TPM3uf+I
lnL:                -2477.3766
Frequencies:        0.3492 0.1393 0.2099 0.3017
Subst. Rates:       2.0356 2.8957 1.0000 2.0356 2.8957 1.0000 
Inv. sites prop:    0.2915
Gamma shape:        -
Score:              4992.7532
Weight:             0.2592
---------------------------
Parameter importances
---------------------------
P.Inv:              0.4717
Gamma:              0.3077
Gamma-Inv:          0.2206
Frequencies:        1.0000
---------------------------
Model averaged estimates
---------------------------
P.Inv:              0.2914
Alpha:              0.8998
Alpha-P.Inv:        2.1468
P.Inv-Alpha:        0.1944
Frequencies:        0.3483 0.1391 0.2109 0.3017 

Commands:
  > phyml  -i /shared/lab_7/phyl_pipeline/evol_anal/NO_PAT/testing_evol/major1_event_112/major1_event_112_nucl_reported.fasta -m 012012 -f m -v e -a 0 -c 1 -o tlr
  > raxmlHPC-SSE3 -s /shared/lab_7/phyl_pipeline/evol_anal/NO_PAT/testing_evol/major1_event_112/major1_event_112_nucl_reported.fasta -c 1 -m GTRCATIX -n EXEC_NAME -p PARSIMONY_SEED
  > raxml-ng --msa /shared/lab_7/phyl_pipeline/evol_anal/NO_PAT/testing_evol/major1_event_112/major1_event_112_nucl_reported.fasta --model TPM3uf+I
  > paup -s /shared/lab_7/phyl_pipeline/evol_anal/NO_PAT/testing_evol/major1_event_112/major1_event_112_nucl_reported.fasta
  > iqtree -s /shared/lab_7/phyl_pipeline/evol_anal/NO_PAT/testing_evol/major1_event_112/major1_event_112_nucl_reported.fasta -m TPM3uf+I

AICc      model              K            lnL          score          delta    weight
--------------------------------------------------------------------------------
       1  TPM3uf+I           6     -2477.3766      4993.7532         0.0000    0.2592
       2  TPM3uf+G4          6     -2477.7761      4994.5522         0.7991    0.1738
       3  TPM3uf+I+G4        7     -2477.1175      4995.2350         1.4819    0.1235
       4  TIM3+I             7     -2477.3441      4995.6882         1.9351    0.0985
       5  TVM+I              8     -2476.6369      4996.2737         2.5206    0.0735
       6  TIM3+G4            7     -2477.7684      4996.5369         2.7837    0.0644
       7  TIM3+I+G4          8     -2477.1172      4997.2343         3.4812    0.0455
       8  TVM+G4             8     -2477.1510      4997.3019         3.5488    0.0440
       9  TVM+I+G4           9     -2476.4228      4997.8455         4.0924    0.0335
      10  GTR+I              9     -2476.6170      4998.2340         4.4808    0.0276
--------------------------------------------------------------------------------
Best model according to AICc
---------------------------
Model:              TPM3uf+I
lnL:                -2477.3766
Frequencies:        0.3492 0.1393 0.2099 0.3017
Subst. Rates:       2.0356 2.8957 1.0000 2.0356 2.8957 1.0000 
Inv. sites prop:    0.2915
Gamma shape:        -
Score:              4993.7532
Weight:             0.2592
---------------------------
Parameter importances
---------------------------
P.Inv:              0.4717
Gamma:              0.3077
Gamma-Inv:          0.2206
Frequencies:        1.0000
---------------------------
Model averaged estimates
---------------------------
P.Inv:              0.2914
Alpha:              0.8998
Alpha-P.Inv:        2.1468
P.Inv-Alpha:        0.1944
Frequencies:        0.3483 0.1391 0.2109 0.3017 

Commands:
  > phyml  -i /shared/lab_7/phyl_pipeline/evol_anal/NO_PAT/testing_evol/major1_event_112/major1_event_112_nucl_reported.fasta -m 012012 -f m -v e -a 0 -c 1 -o tlr
  > raxmlHPC-SSE3 -s /shared/lab_7/phyl_pipeline/evol_anal/NO_PAT/testing_evol/major1_event_112/major1_event_112_nucl_reported.fasta -c 1 -m GTRCATIX -n EXEC_NAME -p PARSIMONY_SEED
  > raxml-ng --msa /shared/lab_7/phyl_pipeline/evol_anal/NO_PAT/testing_evol/major1_event_112/major1_event_112_nucl_reported.fasta --model TPM3uf+I
  > paup -s /shared/lab_7/phyl_pipeline/evol_anal/NO_PAT/testing_evol/major1_event_112/major1_event_112_nucl_reported.fasta
  > iqtree -s /shared/lab_7/phyl_pipeline/evol_anal/NO_PAT/testing_evol/major1_event_112/major1_event_112_nucl_reported.fasta -m TPM3uf+I
Done
