Using: /root/.etetoolkit/ext_apps-latest/bin/Slr
Using: /root/.etetoolkit/ext_apps-latest/bin/codeml

Running CodeML/Slr (20 CPUs)
  - processing model M0 (M0~167856d6e9a98b3bf71371e92083768a)
  - processing model b_free (b_free~f28e5a2bd86ba3cb2a26a7f5d533bdb5)
       marking branches 6

          ((NOV_Cry9Ga1_58.0_AJS57594.1,(NOV_Cry9Ga1_57.2_PEU81077.1,(BT_Cry9Ga1,BT_Cry9Aa1))),((((NOV_Cry68Aa1_46.2_ARJ25655.1,(NOV_Cry68Aa1_74.8_WP_103592020.1,(NOV_Cry68Aa1_80.1_PEU91245.1,BT_Cry68Aa1))),NOV_Cry25Aa1_97.8_OUB78400.1),BT_Cry59Aa1),(NOV_Cry24Aa1_98.3_WP_086403584.1,NOV_Cry24Aa1_60.8_BAD32657.1)),((NOV_Cry40Da1_65.0_CAH33957.1,NOV_Cry40Da1_66.9_PEU78339.1),(BT_Cry59Ba1 #1,(((NOV_Cry40Aa1_67.9_CQ868314.1,BT_Cry40Aa1),(BT_Cry40Da1,(NOV_Cry40Da1_81.5_AIN76756.1,NOV_Cry40Da1_77.3_ARJ25823.1))),(BT_Cry40Ba1,BT_Cry40Ca1)))));

  - processing model b_neut (b_neut~aa850193aa794682ad0b6ce463b55be9)
       marking branches 6

          ((NOV_Cry9Ga1_58.0_AJS57594.1,(NOV_Cry9Ga1_57.2_PEU81077.1,(BT_Cry9Ga1,BT_Cry9Aa1))),((((NOV_Cry68Aa1_46.2_ARJ25655.1,(NOV_Cry68Aa1_74.8_WP_103592020.1,(NOV_Cry68Aa1_80.1_PEU91245.1,BT_Cry68Aa1))),NOV_Cry25Aa1_97.8_OUB78400.1),BT_Cry59Aa1),(NOV_Cry24Aa1_98.3_WP_086403584.1,NOV_Cry24Aa1_60.8_BAD32657.1)),((NOV_Cry40Da1_65.0_CAH33957.1,NOV_Cry40Da1_66.9_PEU78339.1),(BT_Cry59Ba1 #1,(((NOV_Cry40Aa1_67.9_CQ868314.1,BT_Cry40Aa1),(BT_Cry40Da1,(NOV_Cry40Da1_81.5_AIN76756.1,NOV_Cry40Da1_77.3_ARJ25823.1))),(BT_Cry40Ba1,BT_Cry40Ca1)))));


LRT

                                         Null model |                             Alternative model | p-value
   =================================================|===============================================|============
                M0~167856d6e9a98b3bf71371e92083768a |   b_free.6-1~ac0e6a26c74522c6d261d7fac8e60736 | 0.000120**
        b_neut.6-1~33ca2b89e4e5a86982a4863199a47285 |   b_free.6-1~ac0e6a26c74522c6d261d7fac8e60736 | 0.151080

SUMMARY BY MODEL

 - Model M0
   * Average omega for all tree: 0.432

 - Model b_free.6-1
   * Marked branches
      ((NOV_Cry9Ga1_58.0_AJS57594.1,(NOV_Cry9Ga1_57.2_PEU81077.1,(BT_Cry9Ga1,BT_Cry9Aa1))),((((NOV_Cry68Aa1_46.2_ARJ25655.1,(NOV_Cry68Aa1_74.8_WP_103592020.1,(NOV_Cry68Aa1_80.1_PEU91245.1,BT_Cry68Aa1))),NOV_Cry25Aa1_97.8_OUB78400.1),BT_Cry59Aa1),(NOV_Cry24Aa1_98.3_WP_086403584.1,NOV_Cry24Aa1_60.8_BAD32657.1)),((NOV_Cry40Da1_65.0_CAH33957.1,NOV_Cry40Da1_66.9_PEU78339.1),(BT_Cry59Ba1 #1,(((NOV_Cry40Aa1_67.9_CQ868314.1,BT_Cry40Aa1),(BT_Cry40Da1,(NOV_Cry40Da1_81.5_AIN76756.1,NOV_Cry40Da1_77.3_ARJ25823.1))),(BT_Cry40Ba1,BT_Cry40Ca1)))));

        Branches  =>   omega
              #1  =>   1.857
      background  =>   0.412

 - Model b_neut.6-1
   * Marked branches
      ((NOV_Cry9Ga1_58.0_AJS57594.1,(NOV_Cry9Ga1_57.2_PEU81077.1,(BT_Cry9Ga1,BT_Cry9Aa1))),((((NOV_Cry68Aa1_46.2_ARJ25655.1,(NOV_Cry68Aa1_74.8_WP_103592020.1,(NOV_Cry68Aa1_80.1_PEU91245.1,BT_Cry68Aa1))),NOV_Cry25Aa1_97.8_OUB78400.1),BT_Cry59Aa1),(NOV_Cry24Aa1_98.3_WP_086403584.1,NOV_Cry24Aa1_60.8_BAD32657.1)),((NOV_Cry40Da1_65.0_CAH33957.1,NOV_Cry40Da1_66.9_PEU78339.1),(BT_Cry59Ba1 #1,(((NOV_Cry40Aa1_67.9_CQ868314.1,BT_Cry40Aa1),(BT_Cry40Da1,(NOV_Cry40Da1_81.5_AIN76756.1,NOV_Cry40Da1_77.3_ARJ25823.1))),(BT_Cry40Ba1,BT_Cry40Ca1)))));

        Branches  =>   omega
      background  =>   0.413
              #1  =>   1.000
