Using: /root/.etetoolkit/ext_apps-latest/bin/Slr
Using: /root/.etetoolkit/ext_apps-latest/bin/codeml

Running CodeML/Slr (20 CPUs)
  - processing model M0 (M0~167856d6e9a98b3bf71371e92083768a)
  - processing model bsA (bsA~9ef9ed1f20deafade0fd045b9f6a2d7b)
       marking branches 38, 42, 39, 40, 2, 3, 13, 1, 4, 41, 17, 16, 37

          ((NOV_Cry9Ga1_58.0_AJS57594.1,(NOV_Cry9Ga1_57.2_PEU81077.1,(BT_Cry9Ga1,BT_Cry9Aa1))),((((NOV_Cry68Aa1_46.2_ARJ25655.1,(NOV_Cry68Aa1_74.8_WP_103592020.1,(NOV_Cry68Aa1_80.1_PEU91245.1,BT_Cry68Aa1))),NOV_Cry25Aa1_97.8_OUB78400.1),BT_Cry59Aa1),(NOV_Cry24Aa1_98.3_WP_086403584.1,NOV_Cry24Aa1_60.8_BAD32657.1)),((NOV_Cry40Da1_65.0_CAH33957.1,NOV_Cry40Da1_66.9_PEU78339.1),(BT_Cry59Ba1,(((NOV_Cry40Aa1_67.9_CQ868314.1 #1,BT_Cry40Aa1 #1) #1,(BT_Cry40Da1 #1,(NOV_Cry40Da1_81.5_AIN76756.1 #1,NOV_Cry40Da1_77.3_ARJ25823.1 #1) #1) #1) #1,(BT_Cry40Ba1 #1,BT_Cry40Ca1 #1) #1) #1)));

  - processing model bsA1 (bsA1~a40dfc47068769e6b0f3092624976eb4)
       marking branches 38, 42, 39, 40, 2, 3, 13, 1, 4, 41, 17, 16, 37

          ((NOV_Cry9Ga1_58.0_AJS57594.1,(NOV_Cry9Ga1_57.2_PEU81077.1,(BT_Cry9Ga1,BT_Cry9Aa1))),((((NOV_Cry68Aa1_46.2_ARJ25655.1,(NOV_Cry68Aa1_74.8_WP_103592020.1,(NOV_Cry68Aa1_80.1_PEU91245.1,BT_Cry68Aa1))),NOV_Cry25Aa1_97.8_OUB78400.1),BT_Cry59Aa1),(NOV_Cry24Aa1_98.3_WP_086403584.1,NOV_Cry24Aa1_60.8_BAD32657.1)),((NOV_Cry40Da1_65.0_CAH33957.1,NOV_Cry40Da1_66.9_PEU78339.1),(BT_Cry59Ba1,(((NOV_Cry40Aa1_67.9_CQ868314.1 #1,BT_Cry40Aa1 #1) #1,(BT_Cry40Da1 #1,(NOV_Cry40Da1_81.5_AIN76756.1 #1,NOV_Cry40Da1_77.3_ARJ25823.1 #1) #1) #1) #1,(BT_Cry40Ba1 #1,BT_Cry40Ca1 #1) #1) #1)));

  - processing model bsB (bsB~ad683d70c5f082da1799c35f8be48e14)
       marking branches 38, 42, 39, 40, 2, 3, 13, 1, 4, 41, 17, 16, 37

          ((NOV_Cry9Ga1_58.0_AJS57594.1,(NOV_Cry9Ga1_57.2_PEU81077.1,(BT_Cry9Ga1,BT_Cry9Aa1))),((((NOV_Cry68Aa1_46.2_ARJ25655.1,(NOV_Cry68Aa1_74.8_WP_103592020.1,(NOV_Cry68Aa1_80.1_PEU91245.1,BT_Cry68Aa1))),NOV_Cry25Aa1_97.8_OUB78400.1),BT_Cry59Aa1),(NOV_Cry24Aa1_98.3_WP_086403584.1,NOV_Cry24Aa1_60.8_BAD32657.1)),((NOV_Cry40Da1_65.0_CAH33957.1,NOV_Cry40Da1_66.9_PEU78339.1),(BT_Cry59Ba1,(((NOV_Cry40Aa1_67.9_CQ868314.1 #1,BT_Cry40Aa1 #1) #1,(BT_Cry40Da1 #1,(NOV_Cry40Da1_81.5_AIN76756.1 #1,NOV_Cry40Da1_77.3_ARJ25823.1 #1) #1) #1) #1,(BT_Cry40Ba1 #1,BT_Cry40Ca1 #1) #1) #1)));


LRT

                                         Null model |                             Alternative model | p-value
   =================================================|===============================================|============
                M0~167856d6e9a98b3bf71371e92083768a | bsA.38_42_39~6a8f196d9e479683219e9aa651804419 | 0.000000**
                M0~167856d6e9a98b3bf71371e92083768a | bsA1.38_42_3~f12ce677acb2a4e93d1423ecd8dabf06 | 0.000000**
                M0~167856d6e9a98b3bf71371e92083768a | bsB.38_42_39~f0158dacc23da056bb89a9e1c1f5f7c3 | 0.000000**
      bsA.38_42_39~6a8f196d9e479683219e9aa651804419 | bsB.38_42_39~f0158dacc23da056bb89a9e1c1f5f7c3 | 0.000000**
      bsA1.38_42_3~f12ce677acb2a4e93d1423ecd8dabf06 | bsA.38_42_39~6a8f196d9e479683219e9aa651804419 | 0.000000**
      bsA1.38_42_3~f12ce677acb2a4e93d1423ecd8dabf06 | bsB.38_42_39~f0158dacc23da056bb89a9e1c1f5f7c3 | 0.000000**

SUMMARY BY MODEL

 - Model M0
   * Average omega for all tree: 0.432

 - Model bsA.38_42_39_40_2_3_13_1_4_41_17_16_37-1_1_1_1_1_1_1_1_1_1_1_1_1
   * Marked branches
      ((NOV_Cry9Ga1_58.0_AJS57594.1,(NOV_Cry9Ga1_57.2_PEU81077.1,(BT_Cry9Ga1,BT_Cry9Aa1))),((((NOV_Cry68Aa1_46.2_ARJ25655.1,(NOV_Cry68Aa1_74.8_WP_103592020.1,(NOV_Cry68Aa1_80.1_PEU91245.1,BT_Cry68Aa1))),NOV_Cry25Aa1_97.8_OUB78400.1),BT_Cry59Aa1),(NOV_Cry24Aa1_98.3_WP_086403584.1,NOV_Cry24Aa1_60.8_BAD32657.1)),((NOV_Cry40Da1_65.0_CAH33957.1,NOV_Cry40Da1_66.9_PEU78339.1),(BT_Cry59Ba1,(((NOV_Cry40Aa1_67.9_CQ868314.1 #1,BT_Cry40Aa1 #1) #1,(BT_Cry40Da1 #1,(NOV_Cry40Da1_81.5_AIN76756.1 #1,NOV_Cry40Da1_77.3_ARJ25823.1 #1) #1) #1) #1,(BT_Cry40Ba1 #1,BT_Cry40Ca1 #1) #1) #1)));
   * Sites significantly caracterized
      codon position |   category
     -----------------------------------------------------------
                 4   |   Positively-selected (probability > 0.95)
                13   |   Conserved (probability > 0.95)
           28-  29   |   Conserved (probability > 0.99)
                30   |   Conserved (probability > 0.95)
           32-  33   |   Conserved (probability > 0.99)
           36-  37   |   Conserved (probability > 0.99)
                41   |   Conserved (probability > 0.95)
                53   |   Conserved (probability > 0.99)
                61   |   Conserved (probability > 0.99)
           65-  66   |   Conserved (probability > 0.99)
                67   |   Positively-selected (probability > 0.95)
                86   |   Positively-selected (probability > 0.99)
                87   |   Positively-selected (probability > 0.95)
                89   |   Positively-selected (probability > 0.99)
                93   |   Positively-selected (probability > 0.95)
                95   |   Conserved (probability > 0.95)
                97   |   Positively-selected (probability > 0.99)
                99   |   Conserved (probability > 0.99)
               106   |   Conserved (probability > 0.95)
               117   |   Conserved (probability > 0.99)
               124   |   Conserved (probability > 0.95)
               126   |   Conserved (probability > 0.99)
               127   |   Conserved (probability > 0.95)
               128   |   Conserved (probability > 0.99)
               131   |   Positively-selected (probability > 0.95)
               133   |   Positively-selected (probability > 0.95)
               136   |   Positively-selected (probability > 0.95)
               138   |   Conserved (probability > 0.99)
               140   |   Conserved (probability > 0.95)
               141   |   Conserved (probability > 0.99)
               142   |   Conserved (probability > 0.95)
               143   |   Conserved (probability > 0.99)
               144   |   Positively-selected (probability > 0.95)
               147   |   Conserved (probability > 0.99)
               177   |   Conserved (probability > 0.99)
               185   |   Positively-selected (probability > 0.95)
               188   |   Conserved (probability > 0.95)
               189   |   Positively-selected (probability > 0.99)
               191   |   Conserved (probability > 0.95)
               192   |   Conserved (probability > 0.99)
               196   |   Conserved (probability > 0.99)
          199- 200   |   Conserved (probability > 0.99)
               201   |   Conserved (probability > 0.95)
               203   |   Conserved (probability > 0.99)
               206   |   Positively-selected (probability > 0.95)
               207   |   Conserved (probability > 0.95)
               213   |   Conserved (probability > 0.95)
               214   |   Positively-selected (probability > 0.95)
               215   |   Conserved (probability > 0.95)
          216- 217   |   Conserved (probability > 0.99)
          219- 223   |   Conserved (probability > 0.99)
          224- 225   |   Conserved (probability > 0.95)
               227   |   Conserved (probability > 0.99)
               228   |   Conserved (probability > 0.95)
          229- 230   |   Conserved (probability > 0.99)
               231   |   Conserved (probability > 0.95)
               234   |   Conserved (probability > 0.99)

 - Model bsA1.38_42_39_40_2_3_13_1_4_41_17_16_37-1_1_1_1_1_1_1_1_1_1_1_1_1
   * Marked branches
      ((NOV_Cry9Ga1_58.0_AJS57594.1,(NOV_Cry9Ga1_57.2_PEU81077.1,(BT_Cry9Ga1,BT_Cry9Aa1))),((((NOV_Cry68Aa1_46.2_ARJ25655.1,(NOV_Cry68Aa1_74.8_WP_103592020.1,(NOV_Cry68Aa1_80.1_PEU91245.1,BT_Cry68Aa1))),NOV_Cry25Aa1_97.8_OUB78400.1),BT_Cry59Aa1),(NOV_Cry24Aa1_98.3_WP_086403584.1,NOV_Cry24Aa1_60.8_BAD32657.1)),((NOV_Cry40Da1_65.0_CAH33957.1,NOV_Cry40Da1_66.9_PEU78339.1),(BT_Cry59Ba1,(((NOV_Cry40Aa1_67.9_CQ868314.1 #1,BT_Cry40Aa1 #1) #1,(BT_Cry40Da1 #1,(NOV_Cry40Da1_81.5_AIN76756.1 #1,NOV_Cry40Da1_77.3_ARJ25823.1 #1) #1) #1) #1,(BT_Cry40Ba1 #1,BT_Cry40Ca1 #1) #1) #1)));
   * Sites significantly caracterized
      codon position |   category
     -----------------------------------------------------------
           28-  30   |   Relaxed (probability > 0.95)
                32   |   Relaxed (probability > 0.95)
           36-  37   |   Relaxed (probability > 0.95)
                41   |   Relaxed (probability > 0.95)
                53   |   Relaxed (probability > 0.95)
                61   |   Relaxed (probability > 0.95)
           65-  66   |   Relaxed (probability > 0.95)
                99   |   Relaxed (probability > 0.95)
               128   |   Relaxed (probability > 0.95)
               143   |   Relaxed (probability > 0.95)
               147   |   Relaxed (probability > 0.95)
               189   |   Relaxed (probability > 0.95)
               192   |   Relaxed (probability > 0.95)
               196   |   Relaxed (probability > 0.95)
               199   |   Relaxed (probability > 0.95)
               203   |   Relaxed (probability > 0.95)
          215- 217   |   Relaxed (probability > 0.95)
               219   |   Relaxed (probability > 0.95)
          221- 223   |   Relaxed (probability > 0.95)
               227   |   Relaxed (probability > 0.95)
          229- 230   |   Relaxed (probability > 0.95)
               234   |   Relaxed (probability > 0.95)

 - Model bsB.38_42_39_40_2_3_13_1_4_41_17_16_37-1_1_1_1_1_1_1_1_1_1_1_1_1
   * Marked branches
      ((NOV_Cry9Ga1_58.0_AJS57594.1,(NOV_Cry9Ga1_57.2_PEU81077.1,(BT_Cry9Ga1,BT_Cry9Aa1))),((((NOV_Cry68Aa1_46.2_ARJ25655.1,(NOV_Cry68Aa1_74.8_WP_103592020.1,(NOV_Cry68Aa1_80.1_PEU91245.1,BT_Cry68Aa1))),NOV_Cry25Aa1_97.8_OUB78400.1),BT_Cry59Aa1),(NOV_Cry24Aa1_98.3_WP_086403584.1,NOV_Cry24Aa1_60.8_BAD32657.1)),((NOV_Cry40Da1_65.0_CAH33957.1,NOV_Cry40Da1_66.9_PEU78339.1),(BT_Cry59Ba1,(((NOV_Cry40Aa1_67.9_CQ868314.1 #1,BT_Cry40Aa1 #1) #1,(BT_Cry40Da1 #1,(NOV_Cry40Da1_81.5_AIN76756.1 #1,NOV_Cry40Da1_77.3_ARJ25823.1 #1) #1) #1) #1,(BT_Cry40Ba1 #1,BT_Cry40Ca1 #1) #1) #1)));
   * Sites significantly caracterized
      codon position |   category
     -----------------------------------------------------------
                 4   |   Positively-selected (probability > 0.99)
                14   |   Positively-selected (probability > 0.95)
                28   |   Conserved (probability > 0.95)
                29   |   Conserved (probability > 0.99)
                32   |   Conserved (probability > 0.95)
                33   |   Conserved (probability > 0.99)
           36-  37   |   Conserved (probability > 0.99)
                53   |   Conserved (probability > 0.99)
                61   |   Conserved (probability > 0.99)
           65-  66   |   Conserved (probability > 0.99)
                67   |   Positively-selected (probability > 0.99)
                71   |   Positively-selected (probability > 0.95)
           86-  87   |   Positively-selected (probability > 0.99)
                89   |   Positively-selected (probability > 0.99)
                93   |   Positively-selected (probability > 0.99)
                97   |   Positively-selected (probability > 0.99)
                99   |   Conserved (probability > 0.99)
               106   |   Conserved (probability > 0.95)
               117   |   Conserved (probability > 0.95)
               126   |   Conserved (probability > 0.99)
               127   |   Conserved (probability > 0.95)
               128   |   Conserved (probability > 0.99)
               131   |   Positively-selected (probability > 0.95)
               133   |   Positively-selected (probability > 0.95)
               136   |   Positively-selected (probability > 0.95)
               138   |   Conserved (probability > 0.99)
               141   |   Conserved (probability > 0.99)
               143   |   Conserved (probability > 0.99)
               144   |   Positively-selected (probability > 0.95)
               147   |   Conserved (probability > 0.99)
          152- 153   |   Positively-selected (probability > 0.95)
               177   |   Conserved (probability > 0.95)
               185   |   Positively-selected (probability > 0.95)
               189   |   Positively-selected (probability > 0.99)
               190   |   Positively-selected (probability > 0.95)
               192   |   Conserved (probability > 0.99)
               194   |   Positively-selected (probability > 0.95)
               196   |   Conserved (probability > 0.99)
               199   |   Conserved (probability > 0.99)
          200- 201   |   Conserved (probability > 0.95)
               203   |   Conserved (probability > 0.95)
               206   |   Positively-selected (probability > 0.95)
               207   |   Conserved (probability > 0.95)
               214   |   Positively-selected (probability > 0.99)
          216- 217   |   Conserved (probability > 0.99)
          219- 220   |   Conserved (probability > 0.99)
          221- 222   |   Conserved (probability > 0.95)
               223   |   Conserved (probability > 0.99)
               224   |   Conserved (probability > 0.95)
               227   |   Conserved (probability > 0.99)
               228   |   Conserved (probability > 0.95)
               229   |   Conserved (probability > 0.99)
               230   |   Conserved (probability > 0.95)
               234   |   Conserved (probability > 0.99)
