Using: /root/.etetoolkit/ext_apps-latest/bin/Slr
Using: /root/.etetoolkit/ext_apps-latest/bin/codeml

Running CodeML/Slr (20 CPUs)
  - processing model M0 (M0~167856d6e9a98b3bf71371e92083768a)
  - processing model bsA (bsA~9ef9ed1f20deafade0fd045b9f6a2d7b)
       marking branches 6

          ((NOV_Cry9Ga1_58.0_AJS57594.1,(NOV_Cry9Ga1_57.2_PEU81077.1,(BT_Cry9Ga1,BT_Cry9Aa1))),((((NOV_Cry68Aa1_46.2_ARJ25655.1,(NOV_Cry68Aa1_74.8_WP_103592020.1,(NOV_Cry68Aa1_80.1_PEU91245.1,BT_Cry68Aa1))),NOV_Cry25Aa1_97.8_OUB78400.1),BT_Cry59Aa1),(NOV_Cry24Aa1_98.3_WP_086403584.1,NOV_Cry24Aa1_60.8_BAD32657.1)),((NOV_Cry40Da1_65.0_CAH33957.1,NOV_Cry40Da1_66.9_PEU78339.1),(BT_Cry59Ba1 #1,(((NOV_Cry40Aa1_67.9_CQ868314.1,BT_Cry40Aa1),(BT_Cry40Da1,(NOV_Cry40Da1_81.5_AIN76756.1,NOV_Cry40Da1_77.3_ARJ25823.1))),(BT_Cry40Ba1,BT_Cry40Ca1)))));

  - processing model bsA1 (bsA1~a40dfc47068769e6b0f3092624976eb4)
       marking branches 6

          ((NOV_Cry9Ga1_58.0_AJS57594.1,(NOV_Cry9Ga1_57.2_PEU81077.1,(BT_Cry9Ga1,BT_Cry9Aa1))),((((NOV_Cry68Aa1_46.2_ARJ25655.1,(NOV_Cry68Aa1_74.8_WP_103592020.1,(NOV_Cry68Aa1_80.1_PEU91245.1,BT_Cry68Aa1))),NOV_Cry25Aa1_97.8_OUB78400.1),BT_Cry59Aa1),(NOV_Cry24Aa1_98.3_WP_086403584.1,NOV_Cry24Aa1_60.8_BAD32657.1)),((NOV_Cry40Da1_65.0_CAH33957.1,NOV_Cry40Da1_66.9_PEU78339.1),(BT_Cry59Ba1 #1,(((NOV_Cry40Aa1_67.9_CQ868314.1,BT_Cry40Aa1),(BT_Cry40Da1,(NOV_Cry40Da1_81.5_AIN76756.1,NOV_Cry40Da1_77.3_ARJ25823.1))),(BT_Cry40Ba1,BT_Cry40Ca1)))));

  - processing model bsB (bsB~ad683d70c5f082da1799c35f8be48e14)
       marking branches 6

          ((NOV_Cry9Ga1_58.0_AJS57594.1,(NOV_Cry9Ga1_57.2_PEU81077.1,(BT_Cry9Ga1,BT_Cry9Aa1))),((((NOV_Cry68Aa1_46.2_ARJ25655.1,(NOV_Cry68Aa1_74.8_WP_103592020.1,(NOV_Cry68Aa1_80.1_PEU91245.1,BT_Cry68Aa1))),NOV_Cry25Aa1_97.8_OUB78400.1),BT_Cry59Aa1),(NOV_Cry24Aa1_98.3_WP_086403584.1,NOV_Cry24Aa1_60.8_BAD32657.1)),((NOV_Cry40Da1_65.0_CAH33957.1,NOV_Cry40Da1_66.9_PEU78339.1),(BT_Cry59Ba1 #1,(((NOV_Cry40Aa1_67.9_CQ868314.1,BT_Cry40Aa1),(BT_Cry40Da1,(NOV_Cry40Da1_81.5_AIN76756.1,NOV_Cry40Da1_77.3_ARJ25823.1))),(BT_Cry40Ba1,BT_Cry40Ca1)))));


LRT

                                         Null model |                             Alternative model | p-value
   =================================================|===============================================|============
                M0~167856d6e9a98b3bf71371e92083768a |      bsA.6-1~44313bf71cc4d7d1e52bda346690f8cb | 0.000000**
                M0~167856d6e9a98b3bf71371e92083768a |     bsA1.6-1~c5f54a4a2bb02aeb34c4d4764b8697b8 | 0.000000**
                M0~167856d6e9a98b3bf71371e92083768a |      bsB.6-1~55f2f6fb3fce3effc5656e888f89dea0 | 0.000000**
           bsA.6-1~44313bf71cc4d7d1e52bda346690f8cb |      bsB.6-1~55f2f6fb3fce3effc5656e888f89dea0 | 0.000495**
          bsA1.6-1~c5f54a4a2bb02aeb34c4d4764b8697b8 |      bsA.6-1~44313bf71cc4d7d1e52bda346690f8cb | 0.015023*
          bsA1.6-1~c5f54a4a2bb02aeb34c4d4764b8697b8 |      bsB.6-1~55f2f6fb3fce3effc5656e888f89dea0 | 0.000121**

SUMMARY BY MODEL

 - Model M0
   * Average omega for all tree: 0.432

 - Model bsA.6-1
   * Marked branches
      ((NOV_Cry9Ga1_58.0_AJS57594.1,(NOV_Cry9Ga1_57.2_PEU81077.1,(BT_Cry9Ga1,BT_Cry9Aa1))),((((NOV_Cry68Aa1_46.2_ARJ25655.1,(NOV_Cry68Aa1_74.8_WP_103592020.1,(NOV_Cry68Aa1_80.1_PEU91245.1,BT_Cry68Aa1))),NOV_Cry25Aa1_97.8_OUB78400.1),BT_Cry59Aa1),(NOV_Cry24Aa1_98.3_WP_086403584.1,NOV_Cry24Aa1_60.8_BAD32657.1)),((NOV_Cry40Da1_65.0_CAH33957.1,NOV_Cry40Da1_66.9_PEU78339.1),(BT_Cry59Ba1 #1,(((NOV_Cry40Aa1_67.9_CQ868314.1,BT_Cry40Aa1),(BT_Cry40Da1,(NOV_Cry40Da1_81.5_AIN76756.1,NOV_Cry40Da1_77.3_ARJ25823.1))),(BT_Cry40Ba1,BT_Cry40Ca1)))));
   * Sites significantly caracterized
      codon position |   category
     -----------------------------------------------------------
                45   |   Positively-selected (probability > 0.95)
               143   |   Conserved (probability > 0.95)
               190   |   Conserved (probability > 0.95)
               217   |   Conserved (probability > 0.95)
               229   |   Conserved (probability > 0.95)

 - Model bsA1.6-1
   * Marked branches
      ((NOV_Cry9Ga1_58.0_AJS57594.1,(NOV_Cry9Ga1_57.2_PEU81077.1,(BT_Cry9Ga1,BT_Cry9Aa1))),((((NOV_Cry68Aa1_46.2_ARJ25655.1,(NOV_Cry68Aa1_74.8_WP_103592020.1,(NOV_Cry68Aa1_80.1_PEU91245.1,BT_Cry68Aa1))),NOV_Cry25Aa1_97.8_OUB78400.1),BT_Cry59Aa1),(NOV_Cry24Aa1_98.3_WP_086403584.1,NOV_Cry24Aa1_60.8_BAD32657.1)),((NOV_Cry40Da1_65.0_CAH33957.1,NOV_Cry40Da1_66.9_PEU78339.1),(BT_Cry59Ba1 #1,(((NOV_Cry40Aa1_67.9_CQ868314.1,BT_Cry40Aa1),(BT_Cry40Da1,(NOV_Cry40Da1_81.5_AIN76756.1,NOV_Cry40Da1_77.3_ARJ25823.1))),(BT_Cry40Ba1,BT_Cry40Ca1)))));

 - Model bsB.6-1
   * Marked branches
      ((NOV_Cry9Ga1_58.0_AJS57594.1,(NOV_Cry9Ga1_57.2_PEU81077.1,(BT_Cry9Ga1,BT_Cry9Aa1))),((((NOV_Cry68Aa1_46.2_ARJ25655.1,(NOV_Cry68Aa1_74.8_WP_103592020.1,(NOV_Cry68Aa1_80.1_PEU91245.1,BT_Cry68Aa1))),NOV_Cry25Aa1_97.8_OUB78400.1),BT_Cry59Aa1),(NOV_Cry24Aa1_98.3_WP_086403584.1,NOV_Cry24Aa1_60.8_BAD32657.1)),((NOV_Cry40Da1_65.0_CAH33957.1,NOV_Cry40Da1_66.9_PEU78339.1),(BT_Cry59Ba1 #1,(((NOV_Cry40Aa1_67.9_CQ868314.1,BT_Cry40Aa1),(BT_Cry40Da1,(NOV_Cry40Da1_81.5_AIN76756.1,NOV_Cry40Da1_77.3_ARJ25823.1))),(BT_Cry40Ba1,BT_Cry40Ca1)))));
   * Sites significantly caracterized
      codon position |   category
     -----------------------------------------------------------
                32   |   Conserved (probability > 0.95)
                45   |   Positively-selected (probability > 0.95)
                53   |   Conserved (probability > 0.95)
               137   |   Conserved (probability > 0.95)
               143   |   Conserved (probability > 0.95)
               190   |   Conserved (probability > 0.95)
               201   |   Conserved (probability > 0.95)
          216- 217   |   Conserved (probability > 0.95)
               219   |   Conserved (probability > 0.95)
               229   |   Conserved (probability > 0.95)
               234   |   Conserved (probability > 0.95)
