Using: /root/.etetoolkit/ext_apps-latest/bin/Slr
Using: /root/.etetoolkit/ext_apps-latest/bin/codeml

Running CodeML/Slr (20 CPUs)
  - processing model M0 (M0~220df591a025dad85dcfbece3d014723)
  - processing model bsA (bsA~c8eccb22d7d0ca17bc95422b371ced01)
       marking branches 55, 20, 19, 21, 54

          ((BT_Cry1Ah2,BT_Cry1Ac25),BT_Cry1Ac12,(BT_Cry1Ac15,((BT_Cry1Ac39,((((((((NOV_Cry1Aa11_99.8_ADD14591.1,(BT_Cry1Aa10,(NOV_Cry1Aa12_99.7_AEB21634.1,BT_Cry1Ai1))),BT_Cry1Aa2),(BT_Cry1Ag1,BT_Cry1Aa7)),(NOV_Cry1Ad2_87.7_AIW52617.1,BT_Cry1Ad1)),(((BT_Cry1Jd1,NOV_Cry1Jc1_99.1_AAS93799.1),(BT_Cry1Ja1,BT_Cry1Jb1)),((BT_Cry1Fa1 #1,BT_Cry1Fb3 #1) #1,BT_Cry1Fb1 #1) #1)),BT_Cry1A-like),NOV_Cry1Ab32_92.7_AAK14337.1),(BT_Cry1Ab26,(BT_Cry1Af1,((BT_Cry1Ab34,((BT_Cry1Ab2,NOV_Cry1Ab12_91.4_AAK14338.1),BT_Cry1Ab7)),BT_Cry1Ab12))))),(NOV_Cry1Ac10_99.9_AXP29732.1,NOV_Cry1Ac23_90.7_CAQ03747.1))));

  - processing model bsA1 (bsA1~cdfe027f141ac37834e094b790eadb2b)
       marking branches 55, 20, 19, 21, 54

          ((BT_Cry1Ah2,BT_Cry1Ac25),BT_Cry1Ac12,(BT_Cry1Ac15,((BT_Cry1Ac39,((((((((NOV_Cry1Aa11_99.8_ADD14591.1,(BT_Cry1Aa10,(NOV_Cry1Aa12_99.7_AEB21634.1,BT_Cry1Ai1))),BT_Cry1Aa2),(BT_Cry1Ag1,BT_Cry1Aa7)),(NOV_Cry1Ad2_87.7_AIW52617.1,BT_Cry1Ad1)),(((BT_Cry1Jd1,NOV_Cry1Jc1_99.1_AAS93799.1),(BT_Cry1Ja1,BT_Cry1Jb1)),((BT_Cry1Fa1 #1,BT_Cry1Fb3 #1) #1,BT_Cry1Fb1 #1) #1)),BT_Cry1A-like),NOV_Cry1Ab32_92.7_AAK14337.1),(BT_Cry1Ab26,(BT_Cry1Af1,((BT_Cry1Ab34,((BT_Cry1Ab2,NOV_Cry1Ab12_91.4_AAK14338.1),BT_Cry1Ab7)),BT_Cry1Ab12))))),(NOV_Cry1Ac10_99.9_AXP29732.1,NOV_Cry1Ac23_90.7_CAQ03747.1))));

  - processing model bsB (bsB~44de0a50cc011a72fb0f8d45070b9cfa)
       marking branches 55, 20, 19, 21, 54

          ((BT_Cry1Ah2,BT_Cry1Ac25),BT_Cry1Ac12,(BT_Cry1Ac15,((BT_Cry1Ac39,((((((((NOV_Cry1Aa11_99.8_ADD14591.1,(BT_Cry1Aa10,(NOV_Cry1Aa12_99.7_AEB21634.1,BT_Cry1Ai1))),BT_Cry1Aa2),(BT_Cry1Ag1,BT_Cry1Aa7)),(NOV_Cry1Ad2_87.7_AIW52617.1,BT_Cry1Ad1)),(((BT_Cry1Jd1,NOV_Cry1Jc1_99.1_AAS93799.1),(BT_Cry1Ja1,BT_Cry1Jb1)),((BT_Cry1Fa1 #1,BT_Cry1Fb3 #1) #1,BT_Cry1Fb1 #1) #1)),BT_Cry1A-like),NOV_Cry1Ab32_92.7_AAK14337.1),(BT_Cry1Ab26,(BT_Cry1Af1,((BT_Cry1Ab34,((BT_Cry1Ab2,NOV_Cry1Ab12_91.4_AAK14338.1),BT_Cry1Ab7)),BT_Cry1Ab12))))),(NOV_Cry1Ac10_99.9_AXP29732.1,NOV_Cry1Ac23_90.7_CAQ03747.1))));


LRT

                                         Null model |                             Alternative model | p-value
   =================================================|===============================================|============
                M0~220df591a025dad85dcfbece3d014723 | bsA.55_20_19~2e1a7e20ac1de2d1a5d6af59fa13a6a2 | 0.000000**
                M0~220df591a025dad85dcfbece3d014723 | bsA1.55_20_1~2cf0c91e249066680508b18a3c8ab8cb | 0.000000**
                M0~220df591a025dad85dcfbece3d014723 | bsB.55_20_19~07ec6154df1a2bfbcd172b8450b1b77c | 0.000000**
      bsA.55_20_19~2e1a7e20ac1de2d1a5d6af59fa13a6a2 | bsB.55_20_19~07ec6154df1a2bfbcd172b8450b1b77c | 0.168208
      bsA1.55_20_1~2cf0c91e249066680508b18a3c8ab8cb | bsA.55_20_19~2e1a7e20ac1de2d1a5d6af59fa13a6a2 | 1.000000
      bsA1.55_20_1~2cf0c91e249066680508b18a3c8ab8cb | bsB.55_20_19~07ec6154df1a2bfbcd172b8450b1b77c | 0.397570

SUMMARY BY MODEL

 - Model M0
   * Average omega for all tree: 0.370

 - Model bsA.55_20_19_21_54-1_1_1_1_1
   * Marked branches
      ((BT_Cry1Ah2,BT_Cry1Ac25),BT_Cry1Ac12,(BT_Cry1Ac15,((BT_Cry1Ac39,((((((((NOV_Cry1Aa11_99.8_ADD14591.1,(BT_Cry1Aa10,(NOV_Cry1Aa12_99.7_AEB21634.1,BT_Cry1Ai1))),BT_Cry1Aa2),(BT_Cry1Ag1,BT_Cry1Aa7)),(NOV_Cry1Ad2_87.7_AIW52617.1,BT_Cry1Ad1)),(((BT_Cry1Jd1,NOV_Cry1Jc1_99.1_AAS93799.1),(BT_Cry1Ja1,BT_Cry1Jb1)),((BT_Cry1Fa1 #1,BT_Cry1Fb3 #1) #1,BT_Cry1Fb1 #1) #1)),BT_Cry1A-like),NOV_Cry1Ab32_92.7_AAK14337.1),(BT_Cry1Ab26,(BT_Cry1Af1,((BT_Cry1Ab34,((BT_Cry1Ab2,NOV_Cry1Ab12_91.4_AAK14338.1),BT_Cry1Ab7)),BT_Cry1Ab12))))),(NOV_Cry1Ac10_99.9_AXP29732.1,NOV_Cry1Ac23_90.7_CAQ03747.1))));
   * Sites significantly caracterized
      codon position |   category
     -----------------------------------------------------------
                 2   |   Conserved (probability > 0.95)
                 5   |   Conserved (probability > 0.99)
            6-   8   |   Conserved (probability > 0.95)
                 9   |   Conserved (probability > 0.99)
           10-  12   |   Conserved (probability > 0.95)
                15   |   Conserved (probability > 0.95)
                17   |   Conserved (probability > 0.99)
                28   |   Conserved (probability > 0.95)
                35   |   Conserved (probability > 0.99)
                40   |   Conserved (probability > 0.95)
                42   |   Conserved (probability > 0.95)
                43   |   Conserved (probability > 0.99)
                44   |   Conserved (probability > 0.95)
                45   |   Conserved (probability > 0.99)
                46   |   Conserved (probability > 0.95)
                49   |   Conserved (probability > 0.95)
                59   |   Conserved (probability > 0.95)
           66-  67   |   Conserved (probability > 0.95)
                78   |   Conserved (probability > 0.95)
           83-  84   |   Conserved (probability > 0.95)
                87   |   Conserved (probability > 0.95)
          107- 108   |   Conserved (probability > 0.95)
               110   |   Conserved (probability > 0.95)
          153- 154   |   Conserved (probability > 0.95)
          156- 157   |   Conserved (probability > 0.95)
               159   |   Conserved (probability > 0.99)
          160- 162   |   Conserved (probability > 0.95)
          164- 165   |   Conserved (probability > 0.95)
               167   |   Conserved (probability > 0.95)
               168   |   Conserved (probability > 0.99)
          169- 170   |   Conserved (probability > 0.95)
               173   |   Conserved (probability > 0.95)
               177   |   Conserved (probability > 0.95)
          178- 179   |   Conserved (probability > 0.99)
               182   |   Conserved (probability > 0.95)
               184   |   Conserved (probability > 0.99)
          185- 186   |   Conserved (probability > 0.95)
          202- 204   |   Conserved (probability > 0.95)
          206- 207   |   Conserved (probability > 0.95)
               210   |   Conserved (probability > 0.95)
               212   |   Conserved (probability > 0.95)

 - Model bsA1.55_20_19_21_54-1_1_1_1_1
   * Marked branches
      ((BT_Cry1Ah2,BT_Cry1Ac25),BT_Cry1Ac12,(BT_Cry1Ac15,((BT_Cry1Ac39,((((((((NOV_Cry1Aa11_99.8_ADD14591.1,(BT_Cry1Aa10,(NOV_Cry1Aa12_99.7_AEB21634.1,BT_Cry1Ai1))),BT_Cry1Aa2),(BT_Cry1Ag1,BT_Cry1Aa7)),(NOV_Cry1Ad2_87.7_AIW52617.1,BT_Cry1Ad1)),(((BT_Cry1Jd1,NOV_Cry1Jc1_99.1_AAS93799.1),(BT_Cry1Ja1,BT_Cry1Jb1)),((BT_Cry1Fa1 #1,BT_Cry1Fb3 #1) #1,BT_Cry1Fb1 #1) #1)),BT_Cry1A-like),NOV_Cry1Ab32_92.7_AAK14337.1),(BT_Cry1Ab26,(BT_Cry1Af1,((BT_Cry1Ab34,((BT_Cry1Ab2,NOV_Cry1Ab12_91.4_AAK14338.1),BT_Cry1Ab7)),BT_Cry1Ab12))))),(NOV_Cry1Ac10_99.9_AXP29732.1,NOV_Cry1Ac23_90.7_CAQ03747.1))));
   * Sites significantly caracterized
      codon position |   category
     -----------------------------------------------------------
                 2   |   Relaxed (probability > 0.95)
            5-  12   |   Relaxed (probability > 0.95)
                15   |   Relaxed (probability > 0.95)
                17   |   Relaxed (probability > 0.95)
                28   |   Relaxed (probability > 0.95)
                35   |   Relaxed (probability > 0.95)
                40   |   Relaxed (probability > 0.95)
           42-  46   |   Relaxed (probability > 0.95)
                49   |   Relaxed (probability > 0.95)
                59   |   Relaxed (probability > 0.95)
           66-  67   |   Relaxed (probability > 0.95)
                78   |   Relaxed (probability > 0.95)
           83-  84   |   Relaxed (probability > 0.95)
                87   |   Relaxed (probability > 0.95)
               107   |   Relaxed (probability > 0.95)
               110   |   Relaxed (probability > 0.95)
               153   |   Relaxed (probability > 0.95)
          156- 157   |   Relaxed (probability > 0.95)
          159- 160   |   Relaxed (probability > 0.95)
               162   |   Relaxed (probability > 0.95)
          164- 165   |   Relaxed (probability > 0.95)
          167- 170   |   Relaxed (probability > 0.95)
               173   |   Relaxed (probability > 0.95)
          177- 179   |   Relaxed (probability > 0.95)
               182   |   Relaxed (probability > 0.95)
          184- 186   |   Relaxed (probability > 0.95)
          202- 204   |   Relaxed (probability > 0.95)
               210   |   Relaxed (probability > 0.95)
               212   |   Relaxed (probability > 0.95)

 - Model bsB.55_20_19_21_54-1_1_1_1_1
   * Marked branches
      ((BT_Cry1Ah2,BT_Cry1Ac25),BT_Cry1Ac12,(BT_Cry1Ac15,((BT_Cry1Ac39,((((((((NOV_Cry1Aa11_99.8_ADD14591.1,(BT_Cry1Aa10,(NOV_Cry1Aa12_99.7_AEB21634.1,BT_Cry1Ai1))),BT_Cry1Aa2),(BT_Cry1Ag1,BT_Cry1Aa7)),(NOV_Cry1Ad2_87.7_AIW52617.1,BT_Cry1Ad1)),(((BT_Cry1Jd1,NOV_Cry1Jc1_99.1_AAS93799.1),(BT_Cry1Ja1,BT_Cry1Jb1)),((BT_Cry1Fa1 #1,BT_Cry1Fb3 #1) #1,BT_Cry1Fb1 #1) #1)),BT_Cry1A-like),NOV_Cry1Ab32_92.7_AAK14337.1),(BT_Cry1Ab26,(BT_Cry1Af1,((BT_Cry1Ab34,((BT_Cry1Ab2,NOV_Cry1Ab12_91.4_AAK14338.1),BT_Cry1Ab7)),BT_Cry1Ab12))))),(NOV_Cry1Ac10_99.9_AXP29732.1,NOV_Cry1Ac23_90.7_CAQ03747.1))));
   * Sites significantly caracterized
      codon position |   category
     -----------------------------------------------------------
                 2   |   Conserved (probability > 0.95)
            5-   8   |   Conserved (probability > 0.95)
                 9   |   Conserved (probability > 0.99)
           10-  12   |   Conserved (probability > 0.95)
                15   |   Conserved (probability > 0.95)
                17   |   Conserved (probability > 0.95)
                28   |   Conserved (probability > 0.95)
                35   |   Conserved (probability > 0.99)
                40   |   Conserved (probability > 0.95)
                42   |   Conserved (probability > 0.95)
                43   |   Conserved (probability > 0.99)
                44   |   Conserved (probability > 0.95)
                45   |   Conserved (probability > 0.99)
                46   |   Conserved (probability > 0.95)
                49   |   Conserved (probability > 0.95)
                59   |   Conserved (probability > 0.95)
           66-  67   |   Conserved (probability > 0.95)
                78   |   Conserved (probability > 0.95)
           83-  84   |   Conserved (probability > 0.95)
                87   |   Conserved (probability > 0.95)
               108   |   Conserved (probability > 0.95)
               153   |   Conserved (probability > 0.95)
          156- 157   |   Conserved (probability > 0.95)
               159   |   Conserved (probability > 0.99)
               160   |   Conserved (probability > 0.95)
               162   |   Conserved (probability > 0.95)
          164- 165   |   Conserved (probability > 0.95)
               167   |   Conserved (probability > 0.95)
               168   |   Conserved (probability > 0.99)
          169- 170   |   Conserved (probability > 0.95)
               173   |   Conserved (probability > 0.95)
          177- 178   |   Conserved (probability > 0.95)
               179   |   Conserved (probability > 0.99)
               182   |   Conserved (probability > 0.95)
               184   |   Conserved (probability > 0.99)
               185   |   Conserved (probability > 0.95)
          202- 204   |   Conserved (probability > 0.95)
               212   |   Conserved (probability > 0.95)
