Using: /root/.etetoolkit/ext_apps-latest/bin/Slr
Using: /root/.etetoolkit/ext_apps-latest/bin/codeml

Running CodeML/Slr (20 CPUs)
  - processing model M0 (M0~103d18a089f6a3b3431f2eb2dfdbe546)
  - processing model b_free (b_free~e4a789b0675d102eece0737201044dfe)
       marking branches 16

          (((((((NOV_Cry4Ba1_98.5_ABR22238.1,((NOV_Cry4Ba1_98.1_ABR22240.1,(BT_Cry4Ba3,BT_Cry4Ba1)),(NOV_Cry4Ba1_98.9_ABR22236.1,NOV_Cry4Ba1_98.9_ABR22237.1))),BT_Cry40Da1),NOV_Cry40Da1_66.9_PEU78339.1),NOV_Cry40Da1_81.5_AIN76756.1),NOV_Cry40Da1_77.3_ARJ25823.1),BT_Cry40Ca1),BT_Cry40Aa1,((BT_Cry52Aa1 #1,BT_Cry52Ca1),(BT_Cry52Ba1,(NOV_Cry40Da1_65.0_CAH33957.1,(BT_Cry44Aa1,(BT_Cry24Da1,((((BT_Cry1Eb1,(BT_Cry1Cb1,((BT_Cry1Be1,BT_Cry1Bf1),BT_Cry1Bg1))),BT_Cry9Fa1),BT_Cry1La1),((BT_Cry24Ca1,BT_Cry40Ba1),NOV_Cry24Aa1_98.3_WP_086403584.1))))))));

  - processing model b_neut (b_neut~7dbbc2fb6bf121f6fba335906aec63b3)
       marking branches 16

          (((((((NOV_Cry4Ba1_98.5_ABR22238.1,((NOV_Cry4Ba1_98.1_ABR22240.1,(BT_Cry4Ba3,BT_Cry4Ba1)),(NOV_Cry4Ba1_98.9_ABR22236.1,NOV_Cry4Ba1_98.9_ABR22237.1))),BT_Cry40Da1),NOV_Cry40Da1_66.9_PEU78339.1),NOV_Cry40Da1_81.5_AIN76756.1),NOV_Cry40Da1_77.3_ARJ25823.1),BT_Cry40Ca1),BT_Cry40Aa1,((BT_Cry52Aa1 #1,BT_Cry52Ca1),(BT_Cry52Ba1,(NOV_Cry40Da1_65.0_CAH33957.1,(BT_Cry44Aa1,(BT_Cry24Da1,((((BT_Cry1Eb1,(BT_Cry1Cb1,((BT_Cry1Be1,BT_Cry1Bf1),BT_Cry1Bg1))),BT_Cry9Fa1),BT_Cry1La1),((BT_Cry24Ca1,BT_Cry40Ba1),NOV_Cry24Aa1_98.3_WP_086403584.1))))))));


LRT

                                         Null model |                             Alternative model | p-value
   =================================================|===============================================|============
                M0~103d18a089f6a3b3431f2eb2dfdbe546 |  b_free.16-1~99b18de953e7b1177150f8dde482938d | 0.125813
       b_neut.16-1~6ed3b529fbac617bd7df170a572e5a8b |  b_free.16-1~99b18de953e7b1177150f8dde482938d | 0.531252

SUMMARY BY MODEL

 - Model M0
   * Average omega for all tree: 0.449

 - Model b_free.16-1
   * Marked branches
      (((((((NOV_Cry4Ba1_98.5_ABR22238.1,((NOV_Cry4Ba1_98.1_ABR22240.1,(BT_Cry4Ba3,BT_Cry4Ba1)),(NOV_Cry4Ba1_98.9_ABR22236.1,NOV_Cry4Ba1_98.9_ABR22237.1))),BT_Cry40Da1),NOV_Cry40Da1_66.9_PEU78339.1),NOV_Cry40Da1_81.5_AIN76756.1),NOV_Cry40Da1_77.3_ARJ25823.1),BT_Cry40Ca1),BT_Cry40Aa1,((BT_Cry52Aa1 #1,BT_Cry52Ca1),(BT_Cry52Ba1,(NOV_Cry40Da1_65.0_CAH33957.1,(BT_Cry44Aa1,(BT_Cry24Da1,((((BT_Cry1Eb1,(BT_Cry1Cb1,((BT_Cry1Be1,BT_Cry1Bf1),BT_Cry1Bg1))),BT_Cry9Fa1),BT_Cry1La1),((BT_Cry24Ca1,BT_Cry40Ba1),NOV_Cry24Aa1_98.3_WP_086403584.1))))))));

        Branches  =>   omega
              #1  =>   0.780
      background  =>   0.439

 - Model b_neut.16-1
   * Marked branches
      (((((((NOV_Cry4Ba1_98.5_ABR22238.1,((NOV_Cry4Ba1_98.1_ABR22240.1,(BT_Cry4Ba3,BT_Cry4Ba1)),(NOV_Cry4Ba1_98.9_ABR22236.1,NOV_Cry4Ba1_98.9_ABR22237.1))),BT_Cry40Da1),NOV_Cry40Da1_66.9_PEU78339.1),NOV_Cry40Da1_81.5_AIN76756.1),NOV_Cry40Da1_77.3_ARJ25823.1),BT_Cry40Ca1),BT_Cry40Aa1,((BT_Cry52Aa1 #1,BT_Cry52Ca1),(BT_Cry52Ba1,(NOV_Cry40Da1_65.0_CAH33957.1,(BT_Cry44Aa1,(BT_Cry24Da1,((((BT_Cry1Eb1,(BT_Cry1Cb1,((BT_Cry1Be1,BT_Cry1Bf1),BT_Cry1Bg1))),BT_Cry9Fa1),BT_Cry1La1),((BT_Cry24Ca1,BT_Cry40Ba1),NOV_Cry24Aa1_98.3_WP_086403584.1))))))));

        Branches  =>   omega
              #1  =>   1.000
      background  =>   0.438
