Using: /root/.etetoolkit/ext_apps-latest/bin/Slr
Using: /root/.etetoolkit/ext_apps-latest/bin/codeml

Running CodeML/Slr (20 CPUs)
  - processing model M0 (M0~103d18a089f6a3b3431f2eb2dfdbe546)
  - processing model bsA (bsA~77d9352e0d92e2c31ab7c416f4a644ca)
       marking branches 16

          (((((((NOV_Cry4Ba1_98.5_ABR22238.1,((NOV_Cry4Ba1_98.1_ABR22240.1,(BT_Cry4Ba3,BT_Cry4Ba1)),(NOV_Cry4Ba1_98.9_ABR22236.1,NOV_Cry4Ba1_98.9_ABR22237.1))),BT_Cry40Da1),NOV_Cry40Da1_66.9_PEU78339.1),NOV_Cry40Da1_81.5_AIN76756.1),NOV_Cry40Da1_77.3_ARJ25823.1),BT_Cry40Ca1),BT_Cry40Aa1,((BT_Cry52Aa1 #1,BT_Cry52Ca1),(BT_Cry52Ba1,(NOV_Cry40Da1_65.0_CAH33957.1,(BT_Cry44Aa1,(BT_Cry24Da1,((((BT_Cry1Eb1,(BT_Cry1Cb1,((BT_Cry1Be1,BT_Cry1Bf1),BT_Cry1Bg1))),BT_Cry9Fa1),BT_Cry1La1),((BT_Cry24Ca1,BT_Cry40Ba1),NOV_Cry24Aa1_98.3_WP_086403584.1))))))));

  - processing model bsA1 (bsA1~8619588b219d5a02357b67cfc6dc52f8)
       marking branches 16

          (((((((NOV_Cry4Ba1_98.5_ABR22238.1,((NOV_Cry4Ba1_98.1_ABR22240.1,(BT_Cry4Ba3,BT_Cry4Ba1)),(NOV_Cry4Ba1_98.9_ABR22236.1,NOV_Cry4Ba1_98.9_ABR22237.1))),BT_Cry40Da1),NOV_Cry40Da1_66.9_PEU78339.1),NOV_Cry40Da1_81.5_AIN76756.1),NOV_Cry40Da1_77.3_ARJ25823.1),BT_Cry40Ca1),BT_Cry40Aa1,((BT_Cry52Aa1 #1,BT_Cry52Ca1),(BT_Cry52Ba1,(NOV_Cry40Da1_65.0_CAH33957.1,(BT_Cry44Aa1,(BT_Cry24Da1,((((BT_Cry1Eb1,(BT_Cry1Cb1,((BT_Cry1Be1,BT_Cry1Bf1),BT_Cry1Bg1))),BT_Cry9Fa1),BT_Cry1La1),((BT_Cry24Ca1,BT_Cry40Ba1),NOV_Cry24Aa1_98.3_WP_086403584.1))))))));

  - processing model bsB (bsB~6df6fcd5eb14a94cd8b02c34685b901d)
       marking branches 16

          (((((((NOV_Cry4Ba1_98.5_ABR22238.1,((NOV_Cry4Ba1_98.1_ABR22240.1,(BT_Cry4Ba3,BT_Cry4Ba1)),(NOV_Cry4Ba1_98.9_ABR22236.1,NOV_Cry4Ba1_98.9_ABR22237.1))),BT_Cry40Da1),NOV_Cry40Da1_66.9_PEU78339.1),NOV_Cry40Da1_81.5_AIN76756.1),NOV_Cry40Da1_77.3_ARJ25823.1),BT_Cry40Ca1),BT_Cry40Aa1,((BT_Cry52Aa1 #1,BT_Cry52Ca1),(BT_Cry52Ba1,(NOV_Cry40Da1_65.0_CAH33957.1,(BT_Cry44Aa1,(BT_Cry24Da1,((((BT_Cry1Eb1,(BT_Cry1Cb1,((BT_Cry1Be1,BT_Cry1Bf1),BT_Cry1Bg1))),BT_Cry9Fa1),BT_Cry1La1),((BT_Cry24Ca1,BT_Cry40Ba1),NOV_Cry24Aa1_98.3_WP_086403584.1))))))));


LRT

                                         Null model |                             Alternative model | p-value
   =================================================|===============================================|============
                M0~103d18a089f6a3b3431f2eb2dfdbe546 |     bsA.16-1~be12e49de27bc966bc707f8c81bafe99 | 0.000000**
                M0~103d18a089f6a3b3431f2eb2dfdbe546 |    bsA1.16-1~9080f1bc590ad5b7993dbb250d78715f | 0.000000**
                M0~103d18a089f6a3b3431f2eb2dfdbe546 |     bsB.16-1~69c8ecf7e639136cdb147a53447a5684 | 0.000000**
          bsA.16-1~be12e49de27bc966bc707f8c81bafe99 |     bsB.16-1~69c8ecf7e639136cdb147a53447a5684 | 0.008337**
         bsA1.16-1~9080f1bc590ad5b7993dbb250d78715f |     bsA.16-1~be12e49de27bc966bc707f8c81bafe99 | 0.000119**
         bsA1.16-1~9080f1bc590ad5b7993dbb250d78715f |     bsB.16-1~69c8ecf7e639136cdb147a53447a5684 | 0.000019**

SUMMARY BY MODEL

 - Model M0
   * Average omega for all tree: 0.449

 - Model bsA.16-1
   * Marked branches
      (((((((NOV_Cry4Ba1_98.5_ABR22238.1,((NOV_Cry4Ba1_98.1_ABR22240.1,(BT_Cry4Ba3,BT_Cry4Ba1)),(NOV_Cry4Ba1_98.9_ABR22236.1,NOV_Cry4Ba1_98.9_ABR22237.1))),BT_Cry40Da1),NOV_Cry40Da1_66.9_PEU78339.1),NOV_Cry40Da1_81.5_AIN76756.1),NOV_Cry40Da1_77.3_ARJ25823.1),BT_Cry40Ca1),BT_Cry40Aa1,((BT_Cry52Aa1 #1,BT_Cry52Ca1),(BT_Cry52Ba1,(NOV_Cry40Da1_65.0_CAH33957.1,(BT_Cry44Aa1,(BT_Cry24Da1,((((BT_Cry1Eb1,(BT_Cry1Cb1,((BT_Cry1Be1,BT_Cry1Bf1),BT_Cry1Bg1))),BT_Cry9Fa1),BT_Cry1La1),((BT_Cry24Ca1,BT_Cry40Ba1),NOV_Cry24Aa1_98.3_WP_086403584.1))))))));
   * Sites significantly caracterized
      codon position |   category
     -----------------------------------------------------------
                 3   |   Conserved (probability > 0.95)
                 5   |   Conserved (probability > 0.95)
            7-  13   |   Conserved (probability > 0.95)
                32   |   Conserved (probability > 0.95)
                33   |   Positively-selected (probability > 0.99)
           36-  39   |   Conserved (probability > 0.95)
                41   |   Conserved (probability > 0.95)
                43   |   Conserved (probability > 0.95)
           69-  70   |   Conserved (probability > 0.95)
           73-  74   |   Conserved (probability > 0.95)
                79   |   Positively-selected (probability > 0.95)
               124   |   Conserved (probability > 0.95)
               126   |   Conserved (probability > 0.95)
               138   |   Conserved (probability > 0.95)
               146   |   Conserved (probability > 0.95)
          149- 150   |   Conserved (probability > 0.95)
               152   |   Conserved (probability > 0.95)
          162- 164   |   Conserved (probability > 0.95)
               166   |   Conserved (probability > 0.95)

 - Model bsA1.16-1
   * Marked branches
      (((((((NOV_Cry4Ba1_98.5_ABR22238.1,((NOV_Cry4Ba1_98.1_ABR22240.1,(BT_Cry4Ba3,BT_Cry4Ba1)),(NOV_Cry4Ba1_98.9_ABR22236.1,NOV_Cry4Ba1_98.9_ABR22237.1))),BT_Cry40Da1),NOV_Cry40Da1_66.9_PEU78339.1),NOV_Cry40Da1_81.5_AIN76756.1),NOV_Cry40Da1_77.3_ARJ25823.1),BT_Cry40Ca1),BT_Cry40Aa1,((BT_Cry52Aa1 #1,BT_Cry52Ca1),(BT_Cry52Ba1,(NOV_Cry40Da1_65.0_CAH33957.1,(BT_Cry44Aa1,(BT_Cry24Da1,((((BT_Cry1Eb1,(BT_Cry1Cb1,((BT_Cry1Be1,BT_Cry1Bf1),BT_Cry1Bg1))),BT_Cry9Fa1),BT_Cry1La1),((BT_Cry24Ca1,BT_Cry40Ba1),NOV_Cry24Aa1_98.3_WP_086403584.1))))))));

 - Model bsB.16-1
   * Marked branches
      (((((((NOV_Cry4Ba1_98.5_ABR22238.1,((NOV_Cry4Ba1_98.1_ABR22240.1,(BT_Cry4Ba3,BT_Cry4Ba1)),(NOV_Cry4Ba1_98.9_ABR22236.1,NOV_Cry4Ba1_98.9_ABR22237.1))),BT_Cry40Da1),NOV_Cry40Da1_66.9_PEU78339.1),NOV_Cry40Da1_81.5_AIN76756.1),NOV_Cry40Da1_77.3_ARJ25823.1),BT_Cry40Ca1),BT_Cry40Aa1,((BT_Cry52Aa1 #1,BT_Cry52Ca1),(BT_Cry52Ba1,(NOV_Cry40Da1_65.0_CAH33957.1,(BT_Cry44Aa1,(BT_Cry24Da1,((((BT_Cry1Eb1,(BT_Cry1Cb1,((BT_Cry1Be1,BT_Cry1Bf1),BT_Cry1Bg1))),BT_Cry9Fa1),BT_Cry1La1),((BT_Cry24Ca1,BT_Cry40Ba1),NOV_Cry24Aa1_98.3_WP_086403584.1))))))));
   * Sites significantly caracterized
      codon position |   category
     -----------------------------------------------------------
                 3   |   Conserved (probability > 0.99)
                 5   |   Conserved (probability > 0.99)
                 7   |   Conserved (probability > 0.99)
            8-  11   |   Conserved (probability > 0.95)
           12-  13   |   Conserved (probability > 0.99)
                29   |   Conserved (probability > 0.95)
                32   |   Conserved (probability > 0.99)
                33   |   Positively-selected (probability > 0.99)
                34   |   Conserved (probability > 0.95)
           36-  39   |   Conserved (probability > 0.99)
                41   |   Conserved (probability > 0.99)
                43   |   Conserved (probability > 0.99)
                69   |   Conserved (probability > 0.99)
           70-  71   |   Conserved (probability > 0.95)
           73-  74   |   Conserved (probability > 0.99)
                79   |   Positively-selected (probability > 0.95)
               124   |   Conserved (probability > 0.95)
               126   |   Conserved (probability > 0.99)
               146   |   Conserved (probability > 0.99)
               149   |   Conserved (probability > 0.95)
               150   |   Conserved (probability > 0.99)
               152   |   Conserved (probability > 0.95)
          162- 163   |   Conserved (probability > 0.99)
               164   |   Conserved (probability > 0.95)
               166   |   Conserved (probability > 0.99)
               167   |   Conserved (probability > 0.95)
