Using: /root/.etetoolkit/ext_apps-latest/bin/Slr
Using: /root/.etetoolkit/ext_apps-latest/bin/codeml

Running CodeML/Slr (20 CPUs)
  - processing model M0 (M0~103d18a089f6a3b3431f2eb2dfdbe546)
  - processing model bsA (bsA~77d9352e0d92e2c31ab7c416f4a644ca)
       marking branches 30, 9, 40, 31, 11, 41, 42, 32, 23, 16, 18, 17, 43, 33, 24, 21, 44, 34, 22, 13, 45, 35, 12, 8, 46, 26, 36, 47, 53, 37, 39, 48, 6, 54, 20, 25, 38, 27, 28, 49, 19, 7, 10, 15, 14, 5, 50, 4, 51, 52, 3, 1, 2, 29

          (((((((NOV_Cry4Ba1_98.5_ABR22238.1 #1,((NOV_Cry4Ba1_98.1_ABR22240.1 #1,(BT_Cry4Ba3 #1,BT_Cry4Ba1 #1) #1) #1,(NOV_Cry4Ba1_98.9_ABR22236.1 #1,NOV_Cry4Ba1_98.9_ABR22237.1 #1) #1) #1) #1,BT_Cry40Da1 #1) #1,NOV_Cry40Da1_66.9_PEU78339.1 #1) #1,NOV_Cry40Da1_81.5_AIN76756.1 #1) #1,NOV_Cry40Da1_77.3_ARJ25823.1 #1) #1,BT_Cry40Ca1 #1) #1,BT_Cry40Aa1 #1,((BT_Cry52Aa1 #1,BT_Cry52Ca1 #1) #1,(BT_Cry52Ba1 #1,(NOV_Cry40Da1_65.0_CAH33957.1 #1,(BT_Cry44Aa1 #1,(BT_Cry24Da1 #1,((((BT_Cry1Eb1 #1,(BT_Cry1Cb1 #1,((BT_Cry1Be1 #1,BT_Cry1Bf1 #1) #1,BT_Cry1Bg1 #1) #1) #1) #1,BT_Cry9Fa1 #1) #1,BT_Cry1La1 #1) #1,((BT_Cry24Ca1 #1,BT_Cry40Ba1 #1) #1,NOV_Cry24Aa1_98.3_WP_086403584.1 #1) #1) #1) #1) #1) #1) #1) #1) #1;

  - processing model bsA1 (bsA1~8619588b219d5a02357b67cfc6dc52f8)
       marking branches 30, 9, 40, 31, 11, 41, 42, 32, 23, 16, 18, 17, 43, 33, 24, 21, 44, 34, 22, 13, 45, 35, 12, 8, 46, 26, 36, 47, 53, 37, 39, 48, 6, 54, 20, 25, 38, 27, 28, 49, 19, 7, 10, 15, 14, 5, 50, 4, 51, 52, 3, 1, 2, 29

          (((((((NOV_Cry4Ba1_98.5_ABR22238.1 #1,((NOV_Cry4Ba1_98.1_ABR22240.1 #1,(BT_Cry4Ba3 #1,BT_Cry4Ba1 #1) #1) #1,(NOV_Cry4Ba1_98.9_ABR22236.1 #1,NOV_Cry4Ba1_98.9_ABR22237.1 #1) #1) #1) #1,BT_Cry40Da1 #1) #1,NOV_Cry40Da1_66.9_PEU78339.1 #1) #1,NOV_Cry40Da1_81.5_AIN76756.1 #1) #1,NOV_Cry40Da1_77.3_ARJ25823.1 #1) #1,BT_Cry40Ca1 #1) #1,BT_Cry40Aa1 #1,((BT_Cry52Aa1 #1,BT_Cry52Ca1 #1) #1,(BT_Cry52Ba1 #1,(NOV_Cry40Da1_65.0_CAH33957.1 #1,(BT_Cry44Aa1 #1,(BT_Cry24Da1 #1,((((BT_Cry1Eb1 #1,(BT_Cry1Cb1 #1,((BT_Cry1Be1 #1,BT_Cry1Bf1 #1) #1,BT_Cry1Bg1 #1) #1) #1) #1,BT_Cry9Fa1 #1) #1,BT_Cry1La1 #1) #1,((BT_Cry24Ca1 #1,BT_Cry40Ba1 #1) #1,NOV_Cry24Aa1_98.3_WP_086403584.1 #1) #1) #1) #1) #1) #1) #1) #1) #1;

  - processing model bsB (bsB~6df6fcd5eb14a94cd8b02c34685b901d)
       marking branches 30, 9, 40, 31, 11, 41, 42, 32, 23, 16, 18, 17, 43, 33, 24, 21, 44, 34, 22, 13, 45, 35, 12, 8, 46, 26, 36, 47, 53, 37, 39, 48, 6, 54, 20, 25, 38, 27, 28, 49, 19, 7, 10, 15, 14, 5, 50, 4, 51, 52, 3, 1, 2, 29

          (((((((NOV_Cry4Ba1_98.5_ABR22238.1 #1,((NOV_Cry4Ba1_98.1_ABR22240.1 #1,(BT_Cry4Ba3 #1,BT_Cry4Ba1 #1) #1) #1,(NOV_Cry4Ba1_98.9_ABR22236.1 #1,NOV_Cry4Ba1_98.9_ABR22237.1 #1) #1) #1) #1,BT_Cry40Da1 #1) #1,NOV_Cry40Da1_66.9_PEU78339.1 #1) #1,NOV_Cry40Da1_81.5_AIN76756.1 #1) #1,NOV_Cry40Da1_77.3_ARJ25823.1 #1) #1,BT_Cry40Ca1 #1) #1,BT_Cry40Aa1 #1,((BT_Cry52Aa1 #1,BT_Cry52Ca1 #1) #1,(BT_Cry52Ba1 #1,(NOV_Cry40Da1_65.0_CAH33957.1 #1,(BT_Cry44Aa1 #1,(BT_Cry24Da1 #1,((((BT_Cry1Eb1 #1,(BT_Cry1Cb1 #1,((BT_Cry1Be1 #1,BT_Cry1Bf1 #1) #1,BT_Cry1Bg1 #1) #1) #1) #1,BT_Cry9Fa1 #1) #1,BT_Cry1La1 #1) #1,((BT_Cry24Ca1 #1,BT_Cry40Ba1 #1) #1,NOV_Cry24Aa1_98.3_WP_086403584.1 #1) #1) #1) #1) #1) #1) #1) #1) #1;


LRT

                                         Null model |                             Alternative model | p-value
   =================================================|===============================================|============
                M0~103d18a089f6a3b3431f2eb2dfdbe546 | bsA.30_9_40_~8359246ea67b5c1b0728c1fe777674b6 | 0.000000**
                M0~103d18a089f6a3b3431f2eb2dfdbe546 | bsA1.30_9_40~47191c6315109fb5fcf4348b7ac36c25 | 0.000000**
                M0~103d18a089f6a3b3431f2eb2dfdbe546 | bsB.30_9_40_~39e7a8038099105c7ecc33f9aa152a0a | 0.000000**
      bsA.30_9_40_~8359246ea67b5c1b0728c1fe777674b6 | bsB.30_9_40_~39e7a8038099105c7ecc33f9aa152a0a | 0.000000**
      bsA1.30_9_40~47191c6315109fb5fcf4348b7ac36c25 | bsA.30_9_40_~8359246ea67b5c1b0728c1fe777674b6 | 0.000000**
      bsA1.30_9_40~47191c6315109fb5fcf4348b7ac36c25 | bsB.30_9_40_~39e7a8038099105c7ecc33f9aa152a0a | 0.000000**

SUMMARY BY MODEL

 - Model M0
   * Average omega for all tree: 0.449

 - Model bsA.30_9_40_31_11_41_42_32_23_16_18_17_43_33_24_21_44_34_22_13_45_35_12_8_46_26_36_47_53_37_39_48_6_54_20_25_38_27_28_49_19_7_10_15_14_5_50_4_51_52_3_1_2_29-1_1_1_1_1_1_1_1_1_1_1_1_1_1_1_1_1_1_1_1_1_1_1_1_1_1_1_1_1_1_1_1_1_1_1_1_1_1_1_1_1_1_1_1_1_1_1_1_1_1_1_1_1_1
   * Marked branches
      (((((((NOV_Cry4Ba1_98.5_ABR22238.1 #1,((NOV_Cry4Ba1_98.1_ABR22240.1 #1,(BT_Cry4Ba3 #1,BT_Cry4Ba1 #1) #1) #1,(NOV_Cry4Ba1_98.9_ABR22236.1 #1,NOV_Cry4Ba1_98.9_ABR22237.1 #1) #1) #1) #1,BT_Cry40Da1 #1) #1,NOV_Cry40Da1_66.9_PEU78339.1 #1) #1,NOV_Cry40Da1_81.5_AIN76756.1 #1) #1,NOV_Cry40Da1_77.3_ARJ25823.1 #1) #1,BT_Cry40Ca1 #1) #1,BT_Cry40Aa1 #1,((BT_Cry52Aa1 #1,BT_Cry52Ca1 #1) #1,(BT_Cry52Ba1 #1,(NOV_Cry40Da1_65.0_CAH33957.1 #1,(BT_Cry44Aa1 #1,(BT_Cry24Da1 #1,((((BT_Cry1Eb1 #1,(BT_Cry1Cb1 #1,((BT_Cry1Be1 #1,BT_Cry1Bf1 #1) #1,BT_Cry1Bg1 #1) #1) #1) #1,BT_Cry9Fa1 #1) #1,BT_Cry1La1 #1) #1,((BT_Cry24Ca1 #1,BT_Cry40Ba1 #1) #1,NOV_Cry24Aa1_98.3_WP_086403584.1 #1) #1) #1) #1) #1) #1) #1) #1) #1;
   * Sites significantly caracterized
      codon position |   category
     -----------------------------------------------------------
                 3   |   Conserved (probability > 0.99)
                 5   |   Conserved (probability > 0.99)
            7-  13   |   Conserved (probability > 0.99)
                22   |   Positively-selected (probability > 0.99)
                29   |   Conserved (probability > 0.99)
           32-  34   |   Conserved (probability > 0.99)
           36-  39   |   Conserved (probability > 0.99)
                40   |   Conserved (probability > 0.95)
                41   |   Conserved (probability > 0.99)
                43   |   Conserved (probability > 0.99)
                66   |   Positively-selected (probability > 0.95)
                69   |   Conserved (probability > 0.99)
                70   |   Conserved (probability > 0.95)
                71   |   Conserved (probability > 0.99)
           73-  74   |   Conserved (probability > 0.99)
                77   |   Conserved (probability > 0.99)
                80   |   Positively-selected (probability > 0.99)
                84   |   Positively-selected (probability > 0.99)
                86   |   Positively-selected (probability > 0.99)
                97   |   Positively-selected (probability > 0.95)
               100   |   Positively-selected (probability > 0.99)
          103- 104   |   Positively-selected (probability > 0.99)
               106   |   Positively-selected (probability > 0.95)
               120   |   Conserved (probability > 0.95)
               124   |   Conserved (probability > 0.99)
               126   |   Conserved (probability > 0.99)
               146   |   Conserved (probability > 0.99)
               149   |   Conserved (probability > 0.95)
               150   |   Conserved (probability > 0.99)
               152   |   Conserved (probability > 0.99)
          162- 166   |   Conserved (probability > 0.99)
               167   |   Conserved (probability > 0.95)

 - Model bsA1.30_9_40_31_11_41_42_32_23_16_18_17_43_33_24_21_44_34_22_13_45_35_12_8_46_26_36_47_53_37_39_48_6_54_20_25_38_27_28_49_19_7_10_15_14_5_50_4_51_52_3_1_2_29-1_1_1_1_1_1_1_1_1_1_1_1_1_1_1_1_1_1_1_1_1_1_1_1_1_1_1_1_1_1_1_1_1_1_1_1_1_1_1_1_1_1_1_1_1_1_1_1_1_1_1_1_1_1
   * Marked branches
      (((((((NOV_Cry4Ba1_98.5_ABR22238.1 #1,((NOV_Cry4Ba1_98.1_ABR22240.1 #1,(BT_Cry4Ba3 #1,BT_Cry4Ba1 #1) #1) #1,(NOV_Cry4Ba1_98.9_ABR22236.1 #1,NOV_Cry4Ba1_98.9_ABR22237.1 #1) #1) #1) #1,BT_Cry40Da1 #1) #1,NOV_Cry40Da1_66.9_PEU78339.1 #1) #1,NOV_Cry40Da1_81.5_AIN76756.1 #1) #1,NOV_Cry40Da1_77.3_ARJ25823.1 #1) #1,BT_Cry40Ca1 #1) #1,BT_Cry40Aa1 #1,((BT_Cry52Aa1 #1,BT_Cry52Ca1 #1) #1,(BT_Cry52Ba1 #1,(NOV_Cry40Da1_65.0_CAH33957.1 #1,(BT_Cry44Aa1 #1,(BT_Cry24Da1 #1,((((BT_Cry1Eb1 #1,(BT_Cry1Cb1 #1,((BT_Cry1Be1 #1,BT_Cry1Bf1 #1) #1,BT_Cry1Bg1 #1) #1) #1) #1,BT_Cry9Fa1 #1) #1,BT_Cry1La1 #1) #1,((BT_Cry24Ca1 #1,BT_Cry40Ba1 #1) #1,NOV_Cry24Aa1_98.3_WP_086403584.1 #1) #1) #1) #1) #1) #1) #1) #1) #1;
   * Sites significantly caracterized
      codon position |   category
     -----------------------------------------------------------
                 3   |   Relaxed (probability > 0.99)
                 5   |   Relaxed (probability > 0.99)
                 6   |   Relaxed (probability > 0.95)
            7-  13   |   Relaxed (probability > 0.99)
                29   |   Relaxed (probability > 0.99)
           32-  34   |   Relaxed (probability > 0.99)
           36-  41   |   Relaxed (probability > 0.99)
                43   |   Relaxed (probability > 0.99)
           69-  71   |   Relaxed (probability > 0.99)
           73-  74   |   Relaxed (probability > 0.99)
                77   |   Relaxed (probability > 0.99)
               120   |   Relaxed (probability > 0.99)
               124   |   Relaxed (probability > 0.99)
               126   |   Relaxed (probability > 0.99)
          138- 139   |   Relaxed (probability > 0.95)
               146   |   Relaxed (probability > 0.99)
          148- 150   |   Relaxed (probability > 0.99)
               152   |   Relaxed (probability > 0.99)
               159   |   Relaxed (probability > 0.95)
          162- 167   |   Relaxed (probability > 0.99)

 - Model bsB.30_9_40_31_11_41_42_32_23_16_18_17_43_33_24_21_44_34_22_13_45_35_12_8_46_26_36_47_53_37_39_48_6_54_20_25_38_27_28_49_19_7_10_15_14_5_50_4_51_52_3_1_2_29-1_1_1_1_1_1_1_1_1_1_1_1_1_1_1_1_1_1_1_1_1_1_1_1_1_1_1_1_1_1_1_1_1_1_1_1_1_1_1_1_1_1_1_1_1_1_1_1_1_1_1_1_1_1
   * Marked branches
      (((((((NOV_Cry4Ba1_98.5_ABR22238.1 #1,((NOV_Cry4Ba1_98.1_ABR22240.1 #1,(BT_Cry4Ba3 #1,BT_Cry4Ba1 #1) #1) #1,(NOV_Cry4Ba1_98.9_ABR22236.1 #1,NOV_Cry4Ba1_98.9_ABR22237.1 #1) #1) #1) #1,BT_Cry40Da1 #1) #1,NOV_Cry40Da1_66.9_PEU78339.1 #1) #1,NOV_Cry40Da1_81.5_AIN76756.1 #1) #1,NOV_Cry40Da1_77.3_ARJ25823.1 #1) #1,BT_Cry40Ca1 #1) #1,BT_Cry40Aa1 #1,((BT_Cry52Aa1 #1,BT_Cry52Ca1 #1) #1,(BT_Cry52Ba1 #1,(NOV_Cry40Da1_65.0_CAH33957.1 #1,(BT_Cry44Aa1 #1,(BT_Cry24Da1 #1,((((BT_Cry1Eb1 #1,(BT_Cry1Cb1 #1,((BT_Cry1Be1 #1,BT_Cry1Bf1 #1) #1,BT_Cry1Bg1 #1) #1) #1) #1,BT_Cry9Fa1 #1) #1,BT_Cry1La1 #1) #1,((BT_Cry24Ca1 #1,BT_Cry40Ba1 #1) #1,NOV_Cry24Aa1_98.3_WP_086403584.1 #1) #1) #1) #1) #1) #1) #1) #1) #1;
   * Sites significantly caracterized
      codon position |   category
     -----------------------------------------------------------
                 3   |   Conserved (probability > 0.99)
                 5   |   Conserved (probability > 0.99)
            7-   9   |   Conserved (probability > 0.99)
           11-  12   |   Conserved (probability > 0.99)
                22   |   Positively-selected (probability > 0.99)
                28   |   Positively-selected (probability > 0.99)
                29   |   Conserved (probability > 0.99)
           32-  34   |   Conserved (probability > 0.99)
           36-  39   |   Conserved (probability > 0.99)
                41   |   Conserved (probability > 0.95)
                66   |   Positively-selected (probability > 0.99)
                69   |   Conserved (probability > 0.95)
                71   |   Conserved (probability > 0.95)
                73   |   Conserved (probability > 0.95)
                74   |   Conserved (probability > 0.99)
                77   |   Conserved (probability > 0.99)
                80   |   Positively-selected (probability > 0.99)
                81   |   Positively-selected (probability > 0.95)
                84   |   Positively-selected (probability > 0.99)
                86   |   Positively-selected (probability > 0.99)
           96-  97   |   Positively-selected (probability > 0.99)
               100   |   Positively-selected (probability > 0.99)
               101   |   Positively-selected (probability > 0.95)
          103- 104   |   Positively-selected (probability > 0.99)
               106   |   Positively-selected (probability > 0.99)
               109   |   Positively-selected (probability > 0.95)
               124   |   Conserved (probability > 0.99)
               126   |   Conserved (probability > 0.99)
               150   |   Conserved (probability > 0.99)
               157   |   Positively-selected (probability > 0.99)
               158   |   Positively-selected (probability > 0.95)
          162- 163   |   Conserved (probability > 0.99)
               165   |   Conserved (probability > 0.99)
