Using: /root/.etetoolkit/ext_apps-latest/bin/Slr
Using: /root/.etetoolkit/ext_apps-latest/bin/codeml

Running CodeML/Slr (20 CPUs)
  - processing model M0 (M0~8b4c318640e9f4fefdc67cee16ae9547)
  - processing model b_free (b_free~9b18131355eeec1990e51368ffea0b20)
       marking branches 1

          ((BT_Cry9Ea10,BT_Cry9Ea7),(((BT_Cry9Ee1,BT_Cry9Ca1 #1),(BT_Cry9Ec1,BT_Cry9Ed1)),BT_Cry9Eb1),BT_Cry9Ea5);

  - processing model b_neut (b_neut~a5f940fa7be3bc26efde0c26dc8bcf20)
       marking branches 1

          ((BT_Cry9Ea10,BT_Cry9Ea7),(((BT_Cry9Ee1,BT_Cry9Ca1 #1),(BT_Cry9Ec1,BT_Cry9Ed1)),BT_Cry9Eb1),BT_Cry9Ea5);


LRT

                                         Null model |                             Alternative model | p-value
   =================================================|===============================================|============
                M0~8b4c318640e9f4fefdc67cee16ae9547 |   b_free.1-1~2ad59b0fb9581dc382a85d7d2f74e7c0 | 0.006955**
        b_neut.1-1~4b52349942f9dc040b5165aafe5b123e |   b_free.1-1~2ad59b0fb9581dc382a85d7d2f74e7c0 | 0.000000**

SUMMARY BY MODEL

 - Model M0
   * Average omega for all tree: 0.197

 - Model b_free.1-1
   * Marked branches
      ((BT_Cry9Ea10,BT_Cry9Ea7),(((BT_Cry9Ee1,BT_Cry9Ca1 #1),(BT_Cry9Ec1,BT_Cry9Ed1)),BT_Cry9Eb1),BT_Cry9Ea5);

        Branches  =>   omega
      background  =>   0.227
              #1  =>   0.061

 - Model b_neut.1-1
   * Marked branches
      ((BT_Cry9Ea10,BT_Cry9Ea7),(((BT_Cry9Ee1,BT_Cry9Ca1 #1),(BT_Cry9Ec1,BT_Cry9Ed1)),BT_Cry9Eb1),BT_Cry9Ea5);

        Branches  =>   omega
      background  =>   0.185
              #1  =>   1.000
