--------------------------------------------------------------------------------
ModelTest-NG v0.1.7

Input data:
  MSA:        /shared/lab_7/phyl_pipeline/evol_anal/NO_PAT/testing_evol/major2_event_44/major2_event_44_nucl_reported.fasta
  Tree:       Maximum likelihood
    file:           -
  #taxa:            8
  #sites:           624
  #patterns:        163
  Max. thread mem:  0 MB

Output:
  Log:           /shared/lab_7/phyl_pipeline/evol_anal/NO_PAT/testing_evol/major2_event_44/major2_event_44_nucl_reported.fasta.log
  Starting tree: /shared/lab_7/phyl_pipeline/evol_anal/NO_PAT/testing_evol/major2_event_44/major2_event_44_nucl_reported.fasta.tree
  Results:       /shared/lab_7/phyl_pipeline/evol_anal/NO_PAT/testing_evol/major2_event_44/major2_event_44_nucl_reported.fasta.out

Selection options:
  # dna schemes:      11
  # dna models:       88
  include model parameters:
    Uniform:         true
    p-inv (+I):      true
    gamma (+G):      true
    both (+I+G):     true
    free rates (+R): false
    fixed freqs:     true
    estimated freqs: true
    #categories:     4
  gamma rates mode:   mean
  asc bias:           none
  epsilon (opt):      0.01
  epsilon (par):      0.05
  keep branches:      false

Additional options:
  verbosity:        very low
  threads:          1/36
  RNG seed:         12345
  subtree repeats:  enabled
--------------------------------------------------------------------------------

BIC       model              K            lnL          score          delta    weight
--------------------------------------------------------------------------------
       1  HKY+I              5     -2495.1154      5106.0814         0.0000    0.3145
       2  TPM3uf+I           6     -2492.1131      5106.5130         0.4315    0.2535
       3  HKY+G4             5     -2496.1276      5108.1058         2.0244    0.1143
       4  TPM3uf+G4          6     -2493.0784      5108.4436         2.3622    0.0965
       5  TrN+I              6     -2493.6247      5109.5363         3.4548    0.0559
       6  TIM3+I             7     -2490.5035      5109.7300         3.6486    0.0507
       7  TPM2uf+I           6     -2494.4810      5111.2489         5.1675    0.0237
       8  TPM1uf+I           6     -2495.0709      5112.4287         6.3473    0.0132
       9  TrN+G4             6     -2495.1174      5112.5216         6.4401    0.0126
      10  HKY+I+G4           6     -2495.1433      5112.5734         6.4920    0.0122
--------------------------------------------------------------------------------
Best model according to BIC
---------------------------
Model:              HKY+I
lnL:                -2495.1154
Frequencies:        0.3008 0.2187 0.1850 0.2955
Subst. Rates:       1.0000 2.5544 1.0000 1.0000 2.5544 1.0000 
Inv. sites prop:    0.3175
Gamma shape:        -
Score:              5106.0814
Weight:             0.3145
---------------------------
Parameter importances
---------------------------
P.Inv:              0.7197
Gamma:              0.2519
Gamma-Inv:          0.0283
Frequencies:        1.0000
---------------------------
Model averaged estimates
---------------------------
P.Inv:              0.3150
Alpha:              1.0000
Alpha-P.Inv:        39.7708
P.Inv-Alpha:        0.2991
Frequencies:        0.3015 0.2140 0.1860 0.2985 

Commands:
  > phyml  -i /shared/lab_7/phyl_pipeline/evol_anal/NO_PAT/testing_evol/major2_event_44/major2_event_44_nucl_reported.fasta -m 010010 -f m -v e -a 0 -c 1 -o tlr
  > raxmlHPC-SSE3 -s /shared/lab_7/phyl_pipeline/evol_anal/NO_PAT/testing_evol/major2_event_44/major2_event_44_nucl_reported.fasta -c 1 -m GTRCATIX -n EXEC_NAME -p PARSIMONY_SEED
  > raxml-ng --msa /shared/lab_7/phyl_pipeline/evol_anal/NO_PAT/testing_evol/major2_event_44/major2_event_44_nucl_reported.fasta --model HKY+I
  > paup -s /shared/lab_7/phyl_pipeline/evol_anal/NO_PAT/testing_evol/major2_event_44/major2_event_44_nucl_reported.fasta
  > iqtree -s /shared/lab_7/phyl_pipeline/evol_anal/NO_PAT/testing_evol/major2_event_44/major2_event_44_nucl_reported.fasta -m HKY+I

AIC       model              K            lnL          score          delta    weight
--------------------------------------------------------------------------------
       1  TIM3+I             7     -2490.5035      5021.0070         0.0000    0.2366
       2  TPM3uf+I           6     -2492.1131      5022.2261         1.2191    0.1286
       3  GTR+I              9     -2489.4547      5022.9093         1.9024    0.0914
       4  TIM3+I+G4          8     -2490.5218      5023.0437         2.0367    0.0854
       5  TIM3+G4            7     -2491.9358      5023.8715         2.8645    0.0565
       6  TPM3uf+G4          6     -2493.0784      5024.1567         3.1497    0.0490
       7  TVM+I              8     -2491.1177      5024.2353         3.2283    0.0471
       8  TPM3uf+I+G4        7     -2492.1185      5024.2370         3.2301    0.0470
       9  GTR+I+G4          10     -2489.4651      5024.9303         3.9233    0.0333
      10  TrN+I              6     -2493.6247      5025.2494         4.2424    0.0284
--------------------------------------------------------------------------------
Best model according to AIC
---------------------------
Model:              TIM3+I
lnL:                -2490.5035
Frequencies:        0.3069 0.2037 0.1910 0.2985
Subst. Rates:       1.6852 2.6920 1.0000 1.6852 3.8645 1.0000 
Inv. sites prop:    0.3114
Gamma shape:        -
Score:              5021.0070
Weight:             0.2366
---------------------------
Parameter importances
---------------------------
P.Inv:              0.6002
Gamma:              0.1815
Gamma-Inv:          0.2183
Frequencies:        1.0000
---------------------------
Model averaged estimates
---------------------------
P.Inv:              0.3125
Alpha:              1.0000
Alpha-P.Inv:        54.9985
P.Inv-Alpha:        0.2986
Frequencies:        0.3033 0.2073 0.1899 0.2995 

Commands:
  > phyml  -i /shared/lab_7/phyl_pipeline/evol_anal/NO_PAT/testing_evol/major2_event_44/major2_event_44_nucl_reported.fasta -m 012032 -f m -v e -a 0 -c 1 -o tlr
  > raxmlHPC-SSE3 -s /shared/lab_7/phyl_pipeline/evol_anal/NO_PAT/testing_evol/major2_event_44/major2_event_44_nucl_reported.fasta -c 1 -m GTRCATIX -n EXEC_NAME -p PARSIMONY_SEED
  > raxml-ng --msa /shared/lab_7/phyl_pipeline/evol_anal/NO_PAT/testing_evol/major2_event_44/major2_event_44_nucl_reported.fasta --model TIM3+I
  > paup -s /shared/lab_7/phyl_pipeline/evol_anal/NO_PAT/testing_evol/major2_event_44/major2_event_44_nucl_reported.fasta
  > iqtree -s /shared/lab_7/phyl_pipeline/evol_anal/NO_PAT/testing_evol/major2_event_44/major2_event_44_nucl_reported.fasta -m TIM3+I

AICc      model              K            lnL          score          delta    weight
--------------------------------------------------------------------------------
       1  TIM3+I             7     -2490.5035      5022.0070         0.0000    0.2366
       2  TPM3uf+I           6     -2492.1131      5023.2261         1.2191    0.1286
       3  GTR+I              9     -2489.4547      5023.9093         1.9024    0.0914
       4  TIM3+I+G4          8     -2490.5218      5024.0437         2.0367    0.0854
       5  TIM3+G4            7     -2491.9358      5024.8715         2.8645    0.0565
       6  TPM3uf+G4          6     -2493.0784      5025.1567         3.1497    0.0490
       7  TVM+I              8     -2491.1177      5025.2353         3.2283    0.0471
       8  TPM3uf+I+G4        7     -2492.1185      5025.2370         3.2301    0.0470
       9  GTR+I+G4          10     -2489.4651      5025.9303         3.9233    0.0333
      10  TrN+I              6     -2493.6247      5026.2494         4.2424    0.0284
--------------------------------------------------------------------------------
Best model according to AICc
---------------------------
Model:              TIM3+I
lnL:                -2490.5035
Frequencies:        0.3069 0.2037 0.1910 0.2985
Subst. Rates:       1.6852 2.6920 1.0000 1.6852 3.8645 1.0000 
Inv. sites prop:    0.3114
Gamma shape:        -
Score:              5022.0070
Weight:             0.2366
---------------------------
Parameter importances
---------------------------
P.Inv:              0.6002
Gamma:              0.1815
Gamma-Inv:          0.2183
Frequencies:        1.0000
---------------------------
Model averaged estimates
---------------------------
P.Inv:              0.3125
Alpha:              1.0000
Alpha-P.Inv:        54.9985
P.Inv-Alpha:        0.2986
Frequencies:        0.3033 0.2073 0.1899 0.2995 

Commands:
  > phyml  -i /shared/lab_7/phyl_pipeline/evol_anal/NO_PAT/testing_evol/major2_event_44/major2_event_44_nucl_reported.fasta -m 012032 -f m -v e -a 0 -c 1 -o tlr
  > raxmlHPC-SSE3 -s /shared/lab_7/phyl_pipeline/evol_anal/NO_PAT/testing_evol/major2_event_44/major2_event_44_nucl_reported.fasta -c 1 -m GTRCATIX -n EXEC_NAME -p PARSIMONY_SEED
  > raxml-ng --msa /shared/lab_7/phyl_pipeline/evol_anal/NO_PAT/testing_evol/major2_event_44/major2_event_44_nucl_reported.fasta --model TIM3+I
  > paup -s /shared/lab_7/phyl_pipeline/evol_anal/NO_PAT/testing_evol/major2_event_44/major2_event_44_nucl_reported.fasta
  > iqtree -s /shared/lab_7/phyl_pipeline/evol_anal/NO_PAT/testing_evol/major2_event_44/major2_event_44_nucl_reported.fasta -m TIM3+I
Done
