Using: /root/.etetoolkit/ext_apps-latest/bin/Slr
Using: /root/.etetoolkit/ext_apps-latest/bin/codeml

Running CodeML/Slr (20 CPUs)
  - processing model M0 (M0~dca07b453e5be1337a7b4067209a783b)
  - processing model b_free (b_free~3ceaacbf2ff9968f0a739691d1bc43af)
       marking branches 40, 41, 12, 27, 10, 9, 39

          (((BT_Cry2Af1,((NOV_Cry2Ak1_76.8_AX513524.1,BT_Cry2Ba2),((((BT_Cry2Ac7 #1,NOV_Cry2Ac6_99.7_ACA52278.1 #1) #1,(BT_Cry2Ac11 #1,BT_Cry2Ac10 #1) #1) #1,BT_Cry2Ac12),BT_Cry2Ai1))),(((((BT_Cry2Ak1,NOV_Cry2Ah2_92.7_AX098631.1),BT_Cry2Aa3),(BT_Cry2Al1,((BT_Cry2Aa16,(NOV_Cry2Ab4_93.2_AIT70915.1,BT_Cry2Aa6)),NOV_Cry2Aa1_99.8_CAD32378.1))),NOV_Cry2Aa1_97.8_ALV82138.1),(BT_Cry2Ad5,(((((BT_Cry2Aa13,(BT_Cry2Ab19,NOV_Cry2Ab18_96.6_AXE42969.1)),BT_Cry2Ab15),BT_Cry2Ab12),BT_Cry2Ag1),(BT_Cry2Ab11,NOV_Cry2Ab4_99.7_AUN50233.1))))),(NOV_Cry2Ad1_99.7_WP_103595482.1,BT_Cry2Ad4),(BT_Cry2Ah3,NOV_Cry2Ah3_98.9_ABU37567.1));

  - processing model b_neut (b_neut~ff78fe7fa271ec67dd4b51dc7c1d4ab6)
       marking branches 40, 41, 12, 27, 10, 9, 39

          (((BT_Cry2Af1,((NOV_Cry2Ak1_76.8_AX513524.1,BT_Cry2Ba2),((((BT_Cry2Ac7 #1,NOV_Cry2Ac6_99.7_ACA52278.1 #1) #1,(BT_Cry2Ac11 #1,BT_Cry2Ac10 #1) #1) #1,BT_Cry2Ac12),BT_Cry2Ai1))),(((((BT_Cry2Ak1,NOV_Cry2Ah2_92.7_AX098631.1),BT_Cry2Aa3),(BT_Cry2Al1,((BT_Cry2Aa16,(NOV_Cry2Ab4_93.2_AIT70915.1,BT_Cry2Aa6)),NOV_Cry2Aa1_99.8_CAD32378.1))),NOV_Cry2Aa1_97.8_ALV82138.1),(BT_Cry2Ad5,(((((BT_Cry2Aa13,(BT_Cry2Ab19,NOV_Cry2Ab18_96.6_AXE42969.1)),BT_Cry2Ab15),BT_Cry2Ab12),BT_Cry2Ag1),(BT_Cry2Ab11,NOV_Cry2Ab4_99.7_AUN50233.1))))),(NOV_Cry2Ad1_99.7_WP_103595482.1,BT_Cry2Ad4),(BT_Cry2Ah3,NOV_Cry2Ah3_98.9_ABU37567.1));


LRT

                                         Null model |                             Alternative model | p-value
   =================================================|===============================================|============
                M0~dca07b453e5be1337a7b4067209a783b | b_free.40_41~e91c4cb3e690797b3687e4871f6c6aea | 0.006698**
      b_neut.40_41~0435bd72e850eea2198930c841af0375 | b_free.40_41~e91c4cb3e690797b3687e4871f6c6aea | 0.137780

SUMMARY BY MODEL

 - Model M0
   * Average omega for all tree: 0.230

 - Model b_free.40_41_12_27_10_9_39-1_1_1_1_1_1_1
   * Marked branches
      (((BT_Cry2Af1,((NOV_Cry2Ak1_76.8_AX513524.1,BT_Cry2Ba2),((((BT_Cry2Ac7 #1,NOV_Cry2Ac6_99.7_ACA52278.1 #1) #1,(BT_Cry2Ac11 #1,BT_Cry2Ac10 #1) #1) #1,BT_Cry2Ac12),BT_Cry2Ai1))),(((((BT_Cry2Ak1,NOV_Cry2Ah2_92.7_AX098631.1),BT_Cry2Aa3),(BT_Cry2Al1,((BT_Cry2Aa16,(NOV_Cry2Ab4_93.2_AIT70915.1,BT_Cry2Aa6)),NOV_Cry2Aa1_99.8_CAD32378.1))),NOV_Cry2Aa1_97.8_ALV82138.1),(BT_Cry2Ad5,(((((BT_Cry2Aa13,(BT_Cry2Ab19,NOV_Cry2Ab18_96.6_AXE42969.1)),BT_Cry2Ab15),BT_Cry2Ab12),BT_Cry2Ag1),(BT_Cry2Ab11,NOV_Cry2Ab4_99.7_AUN50233.1))))),(NOV_Cry2Ad1_99.7_WP_103595482.1,BT_Cry2Ad4),(BT_Cry2Ah3,NOV_Cry2Ah3_98.9_ABU37567.1));

        Branches  =>   omega
      background  =>   0.223
              #1  => 999.000

 - Model b_neut.40_41_12_27_10_9_39-1_1_1_1_1_1_1
   * Marked branches
      (((BT_Cry2Af1,((NOV_Cry2Ak1_76.8_AX513524.1,BT_Cry2Ba2),((((BT_Cry2Ac7 #1,NOV_Cry2Ac6_99.7_ACA52278.1 #1) #1,(BT_Cry2Ac11 #1,BT_Cry2Ac10 #1) #1) #1,BT_Cry2Ac12),BT_Cry2Ai1))),(((((BT_Cry2Ak1,NOV_Cry2Ah2_92.7_AX098631.1),BT_Cry2Aa3),(BT_Cry2Al1,((BT_Cry2Aa16,(NOV_Cry2Ab4_93.2_AIT70915.1,BT_Cry2Aa6)),NOV_Cry2Aa1_99.8_CAD32378.1))),NOV_Cry2Aa1_97.8_ALV82138.1),(BT_Cry2Ad5,(((((BT_Cry2Aa13,(BT_Cry2Ab19,NOV_Cry2Ab18_96.6_AXE42969.1)),BT_Cry2Ab15),BT_Cry2Ab12),BT_Cry2Ag1),(BT_Cry2Ab11,NOV_Cry2Ab4_99.7_AUN50233.1))))),(NOV_Cry2Ad1_99.7_WP_103595482.1,BT_Cry2Ad4),(BT_Cry2Ah3,NOV_Cry2Ah3_98.9_ABU37567.1));

        Branches  =>   omega
      background  =>   0.223
              #1  =>   1.000
