Using: /root/.etetoolkit/ext_apps-latest/bin/Slr
Using: /root/.etetoolkit/ext_apps-latest/bin/codeml

Running CodeML/Slr (20 CPUs)
  - processing model M0 (M0~8dd33f5d0f566faea91525f4b42421c8)
  - processing model b_free (b_free~9a619ee0d6d0c7fd74d8d98848a41e35)
       marking branches 68, 74, 69, 70, 75, 36, 9, 40, 35, 71, 76, 80, 2, 72, 77, 39, 5, 81, 3, 73, 78, 79, 7, 37, 11, 4, 38, 8, 10, 1, 67

          (((NOV_Cry1Ga1_77.9_AX098669.1,((((BT_Cry1Id1,((BT_Cry1Ib8,BT_Cry1Ia18),((NOV_Cry1Ia14_99.2_WP_079246652.1,(BT_Cry1Ia13,(BT_Cry1Ia11,(BT_Cry1Ia12,BT_Cry1Ia6)))),(BT_Cry1Ib2,((BT_Cry1Ic1,BT_Cry1Ib1),BT_Cry1Ib4))))),(BT_Cry1Ie4,BT_Cry1Ie3)),BT_Cry1Ma1),((BT_Cry9Ga1,(NOV_Cry1Da1_84.8_ABK35074.1,((((BT_Cry1Ad1 #1,NOV_Cry1Ad2_87.7_AIW52617.1 #1) #1,(NOV_Cry1Aa12_99.7_AEB21634.1 #1,(BT_Cry1Aa10 #1,(BT_Cry1Aa14 #1,(BT_Cry1Ag1 #1,BT_Cry1Aa7 #1) #1) #1) #1) #1) #1,(((((NOV_Cry1Ab12_98.5_AGI21848.1 #1,BT_Cry1Ab6 #1) #1,(BT_Cry1Af1 #1,BT_Cry1A-like #1) #1) #1,NOV_Cry1Ab32_92.7_AAK14337.1 #1) #1,(BT_Cry1Ab12 #1,(BT_Cry1Ab30 #1,NOV_Cry1Ab12_91.4_AAK14338.1 #1) #1) #1) #1,NOV_Cry1Aa12_99.9_OUA40850.1 #1) #1) #1,BT_Cry1Ab2))),(BT_Cry1Gb1,BT_Cry1Ga2)))),((BT_Cry1Ja1,(BT_Cry1Fb3,BT_Cry1Fb1)),(NOV_Cry1Ie5_79.3_PQQ47595.1,BT_Cry1Bb1))),BT_Cry1Nb1,BT_Cry1Na1);

  - processing model b_neut (b_neut~b174e2320953638e53c4a12f0bb16c9f)
       marking branches 68, 74, 69, 70, 75, 36, 9, 40, 35, 71, 76, 80, 2, 72, 77, 39, 5, 81, 3, 73, 78, 79, 7, 37, 11, 4, 38, 8, 10, 1, 67

          (((NOV_Cry1Ga1_77.9_AX098669.1,((((BT_Cry1Id1,((BT_Cry1Ib8,BT_Cry1Ia18),((NOV_Cry1Ia14_99.2_WP_079246652.1,(BT_Cry1Ia13,(BT_Cry1Ia11,(BT_Cry1Ia12,BT_Cry1Ia6)))),(BT_Cry1Ib2,((BT_Cry1Ic1,BT_Cry1Ib1),BT_Cry1Ib4))))),(BT_Cry1Ie4,BT_Cry1Ie3)),BT_Cry1Ma1),((BT_Cry9Ga1,(NOV_Cry1Da1_84.8_ABK35074.1,((((BT_Cry1Ad1 #1,NOV_Cry1Ad2_87.7_AIW52617.1 #1) #1,(NOV_Cry1Aa12_99.7_AEB21634.1 #1,(BT_Cry1Aa10 #1,(BT_Cry1Aa14 #1,(BT_Cry1Ag1 #1,BT_Cry1Aa7 #1) #1) #1) #1) #1) #1,(((((NOV_Cry1Ab12_98.5_AGI21848.1 #1,BT_Cry1Ab6 #1) #1,(BT_Cry1Af1 #1,BT_Cry1A-like #1) #1) #1,NOV_Cry1Ab32_92.7_AAK14337.1 #1) #1,(BT_Cry1Ab12 #1,(BT_Cry1Ab30 #1,NOV_Cry1Ab12_91.4_AAK14338.1 #1) #1) #1) #1,NOV_Cry1Aa12_99.9_OUA40850.1 #1) #1) #1,BT_Cry1Ab2))),(BT_Cry1Gb1,BT_Cry1Ga2)))),((BT_Cry1Ja1,(BT_Cry1Fb3,BT_Cry1Fb1)),(NOV_Cry1Ie5_79.3_PQQ47595.1,BT_Cry1Bb1))),BT_Cry1Nb1,BT_Cry1Na1);


LRT

                                         Null model |                             Alternative model | p-value
   =================================================|===============================================|============
                M0~8dd33f5d0f566faea91525f4b42421c8 | b_free.68_74~5738274063f10531bec79616ba95d785 | 0.007159**
      b_neut.68_74~c39262498f8195bd363ef86cb0df5a91 | b_free.68_74~5738274063f10531bec79616ba95d785 | 0.000176**

SUMMARY BY MODEL

 - Model M0
   * Average omega for all tree: 0.234

 - Model b_free.68_74_69_70_75_36_9_40_35_71_76_80_2_72_77_39_5_81_3_73_78_79_7_37_11_4_38_8_10_1_67-1_1_1_1_1_1_1_1_1_1_1_1_1_1_1_1_1_1_1_1_1_1_1_1_1_1_1_1_1_1_1
   * Marked branches
      (((NOV_Cry1Ga1_77.9_AX098669.1,((((BT_Cry1Id1,((BT_Cry1Ib8,BT_Cry1Ia18),((NOV_Cry1Ia14_99.2_WP_079246652.1,(BT_Cry1Ia13,(BT_Cry1Ia11,(BT_Cry1Ia12,BT_Cry1Ia6)))),(BT_Cry1Ib2,((BT_Cry1Ic1,BT_Cry1Ib1),BT_Cry1Ib4))))),(BT_Cry1Ie4,BT_Cry1Ie3)),BT_Cry1Ma1),((BT_Cry9Ga1,(NOV_Cry1Da1_84.8_ABK35074.1,((((BT_Cry1Ad1 #1,NOV_Cry1Ad2_87.7_AIW52617.1 #1) #1,(NOV_Cry1Aa12_99.7_AEB21634.1 #1,(BT_Cry1Aa10 #1,(BT_Cry1Aa14 #1,(BT_Cry1Ag1 #1,BT_Cry1Aa7 #1) #1) #1) #1) #1) #1,(((((NOV_Cry1Ab12_98.5_AGI21848.1 #1,BT_Cry1Ab6 #1) #1,(BT_Cry1Af1 #1,BT_Cry1A-like #1) #1) #1,NOV_Cry1Ab32_92.7_AAK14337.1 #1) #1,(BT_Cry1Ab12 #1,(BT_Cry1Ab30 #1,NOV_Cry1Ab12_91.4_AAK14338.1 #1) #1) #1) #1,NOV_Cry1Aa12_99.9_OUA40850.1 #1) #1) #1,BT_Cry1Ab2))),(BT_Cry1Gb1,BT_Cry1Ga2)))),((BT_Cry1Ja1,(BT_Cry1Fb3,BT_Cry1Fb1)),(NOV_Cry1Ie5_79.3_PQQ47595.1,BT_Cry1Bb1))),BT_Cry1Nb1,BT_Cry1Na1);

        Branches  =>   omega
              #1  =>   0.407
      background  =>   0.216

 - Model b_neut.68_74_69_70_75_36_9_40_35_71_76_80_2_72_77_39_5_81_3_73_78_79_7_37_11_4_38_8_10_1_67-1_1_1_1_1_1_1_1_1_1_1_1_1_1_1_1_1_1_1_1_1_1_1_1_1_1_1_1_1_1_1
   * Marked branches
      (((NOV_Cry1Ga1_77.9_AX098669.1,((((BT_Cry1Id1,((BT_Cry1Ib8,BT_Cry1Ia18),((NOV_Cry1Ia14_99.2_WP_079246652.1,(BT_Cry1Ia13,(BT_Cry1Ia11,(BT_Cry1Ia12,BT_Cry1Ia6)))),(BT_Cry1Ib2,((BT_Cry1Ic1,BT_Cry1Ib1),BT_Cry1Ib4))))),(BT_Cry1Ie4,BT_Cry1Ie3)),BT_Cry1Ma1),((BT_Cry9Ga1,(NOV_Cry1Da1_84.8_ABK35074.1,((((BT_Cry1Ad1 #1,NOV_Cry1Ad2_87.7_AIW52617.1 #1) #1,(NOV_Cry1Aa12_99.7_AEB21634.1 #1,(BT_Cry1Aa10 #1,(BT_Cry1Aa14 #1,(BT_Cry1Ag1 #1,BT_Cry1Aa7 #1) #1) #1) #1) #1) #1,(((((NOV_Cry1Ab12_98.5_AGI21848.1 #1,BT_Cry1Ab6 #1) #1,(BT_Cry1Af1 #1,BT_Cry1A-like #1) #1) #1,NOV_Cry1Ab32_92.7_AAK14337.1 #1) #1,(BT_Cry1Ab12 #1,(BT_Cry1Ab30 #1,NOV_Cry1Ab12_91.4_AAK14338.1 #1) #1) #1) #1,NOV_Cry1Aa12_99.9_OUA40850.1 #1) #1) #1,BT_Cry1Ab2))),(BT_Cry1Gb1,BT_Cry1Ga2)))),((BT_Cry1Ja1,(BT_Cry1Fb3,BT_Cry1Fb1)),(NOV_Cry1Ie5_79.3_PQQ47595.1,BT_Cry1Bb1))),BT_Cry1Nb1,BT_Cry1Na1);

        Branches  =>   omega
      background  =>   0.215
              #1  =>   1.000
