--------------------------------------------------------------------------------
ModelTest-NG v0.1.7

Input data:
  MSA:        /shared/lab_7/phyl_pipeline/evol_anal/NO_PAT/testing_evol/minor_event_2/minor_event_2_nucl_reported.fasta
  Tree:       Maximum likelihood
    file:           -
  #taxa:            44
  #sites:           459
  #patterns:        331
  Max. thread mem:  7 MB

Output:
  Log:           /shared/lab_7/phyl_pipeline/evol_anal/NO_PAT/testing_evol/minor_event_2/minor_event_2_nucl_reported.fasta.log
  Starting tree: /shared/lab_7/phyl_pipeline/evol_anal/NO_PAT/testing_evol/minor_event_2/minor_event_2_nucl_reported.fasta.tree
  Results:       /shared/lab_7/phyl_pipeline/evol_anal/NO_PAT/testing_evol/minor_event_2/minor_event_2_nucl_reported.fasta.out

Selection options:
  # dna schemes:      11
  # dna models:       88
  include model parameters:
    Uniform:         true
    p-inv (+I):      true
    gamma (+G):      true
    both (+I+G):     true
    free rates (+R): false
    fixed freqs:     true
    estimated freqs: true
    #categories:     4
  gamma rates mode:   mean
  asc bias:           none
  epsilon (opt):      0.01
  epsilon (par):      0.05
  keep branches:      false

Additional options:
  verbosity:        very low
  threads:          1/36
  RNG seed:         12345
  subtree repeats:  enabled
--------------------------------------------------------------------------------

BIC       model              K            lnL          score          delta    weight
--------------------------------------------------------------------------------
       1  TPM3uf+G4          6     -4579.7821      9717.3078         0.0000    0.6831
       2  HKY+G4             5     -4584.2208      9720.0562         2.7484    0.1729
       3  TIM3+G4            7     -4579.5214      9722.9155         5.6077    0.0414
       4  TPM3uf+I+G4        7     -4579.5786      9723.0299         5.7221    0.0391
       5  TPM1uf+G4          6     -4583.0650      9723.8736         6.5659    0.0256
       6  TrN+G4             6     -4583.9595      9725.6626         8.3549    0.0105
       7  HKY+I+G4           6     -4583.9759      9725.6954         8.3876    0.0103
       8  TPM2uf+G4          6     -4584.2202      9726.1840         8.8762    0.0081
       9  TVM+G4             8     -4579.4246      9728.8508        11.5430    0.0021
      10  TIM3+I+G4          8     -4579.4435      9728.8887        11.5810    0.0021
--------------------------------------------------------------------------------
Best model according to BIC
---------------------------
Model:              TPM3uf+G4
lnL:                -4579.7821
Frequencies:        0.3100 0.1827 0.1913 0.3160
Subst. Rates:       1.5289 3.0576 1.0000 1.5289 3.0576 1.0000 
Inv. sites prop:    -
Gamma shape:        1.1594
Score:              9717.3078
Weight:             0.6831
---------------------------
Parameter importances
---------------------------
P.Inv:              0.0000
Gamma:              0.9458
Gamma-Inv:          0.0542
Frequencies:        1.0000
---------------------------
Model averaged estimates
---------------------------
P.Inv:              0.2104
Alpha:              1.1603
Alpha-P.Inv:        1.4400
P.Inv-Alpha:        0.0525
Frequencies:        0.3101 0.1868 0.1913 0.3118 

Commands:
  > phyml  -i /shared/lab_7/phyl_pipeline/evol_anal/NO_PAT/testing_evol/minor_event_2/minor_event_2_nucl_reported.fasta -m 012012 -f m -v 0 -a e -c 4 -o tlr
  > raxmlHPC-SSE3 -s /shared/lab_7/phyl_pipeline/evol_anal/NO_PAT/testing_evol/minor_event_2/minor_event_2_nucl_reported.fasta -m GTRGAMMAX -n EXEC_NAME -p PARSIMONY_SEED
  > raxml-ng --msa /shared/lab_7/phyl_pipeline/evol_anal/NO_PAT/testing_evol/minor_event_2/minor_event_2_nucl_reported.fasta --model TPM3uf+G4
  > paup -s /shared/lab_7/phyl_pipeline/evol_anal/NO_PAT/testing_evol/minor_event_2/minor_event_2_nucl_reported.fasta
  > iqtree -s /shared/lab_7/phyl_pipeline/evol_anal/NO_PAT/testing_evol/minor_event_2/minor_event_2_nucl_reported.fasta -m TPM3uf+G4

AIC       model              K            lnL          score          delta    weight
--------------------------------------------------------------------------------
       1  TPM3uf+G4          6     -4579.7821      9341.5642         0.0000    0.3720
       2  TIM3+G4            7     -4579.5214      9343.0429         1.4787    0.1776
       3  TPM3uf+I+G4        7     -4579.5786      9343.1573         1.5931    0.1677
       4  TVM+G4             8     -4579.4246      9344.8491         3.2849    0.0720
       5  TIM3+I+G4          8     -4579.4435      9344.8871         3.3229    0.0706
       6  TVM+I+G4           9     -4579.2415      9346.4830         4.9188    0.0318
       7  GTR+G4             9     -4579.3132      9346.6264         5.0622    0.0296
       8  TPM1uf+G4          6     -4583.0650      9348.1301         6.5659    0.0140
       9  GTR+I+G4          10     -4579.0943      9348.1886         6.6244    0.0136
      10  HKY+G4             5     -4584.2208      9348.4416         6.8774    0.0119
--------------------------------------------------------------------------------
Best model according to AIC
---------------------------
Model:              TPM3uf+G4
lnL:                -4579.7821
Frequencies:        0.3100 0.1827 0.1913 0.3160
Subst. Rates:       1.5289 3.0576 1.0000 1.5289 3.0576 1.0000 
Inv. sites prop:    -
Gamma shape:        1.1594
Score:              9341.5642
Weight:             0.3720
---------------------------
Parameter importances
---------------------------
P.Inv:              0.0000
Gamma:              0.6960
Gamma-Inv:          0.3040
Frequencies:        1.0000
---------------------------
Model averaged estimates
---------------------------
P.Inv:              0.2087
Alpha:              1.1593
Alpha-P.Inv:        1.4364
P.Inv-Alpha:        0.0514
Frequencies:        0.3096 0.1846 0.1900 0.3158 

Commands:
  > phyml  -i /shared/lab_7/phyl_pipeline/evol_anal/NO_PAT/testing_evol/minor_event_2/minor_event_2_nucl_reported.fasta -m 012012 -f m -v 0 -a e -c 4 -o tlr
  > raxmlHPC-SSE3 -s /shared/lab_7/phyl_pipeline/evol_anal/NO_PAT/testing_evol/minor_event_2/minor_event_2_nucl_reported.fasta -m GTRGAMMAX -n EXEC_NAME -p PARSIMONY_SEED
  > raxml-ng --msa /shared/lab_7/phyl_pipeline/evol_anal/NO_PAT/testing_evol/minor_event_2/minor_event_2_nucl_reported.fasta --model TPM3uf+G4
  > paup -s /shared/lab_7/phyl_pipeline/evol_anal/NO_PAT/testing_evol/minor_event_2/minor_event_2_nucl_reported.fasta
  > iqtree -s /shared/lab_7/phyl_pipeline/evol_anal/NO_PAT/testing_evol/minor_event_2/minor_event_2_nucl_reported.fasta -m TPM3uf+G4

AICc      model              K            lnL          score          delta    weight
--------------------------------------------------------------------------------
       1  TPM3uf+G4          6     -4579.7821      9386.5642         0.0000    0.5269
       2  TIM3+G4            7     -4579.5214      9389.0429         2.4787    0.1526
       3  TPM3uf+I+G4        7     -4579.5786      9389.1573         2.5931    0.1441
       4  TVM+G4             8     -4579.4246      9391.8491         5.2849    0.0375
       5  TIM3+I+G4          8     -4579.4435      9391.8871         5.3229    0.0368
       6  HKY+G4             5     -4584.2208      9392.4416         5.8774    0.0279
       7  TPM1uf+G4          6     -4583.0650      9393.1301         6.5659    0.0198
       8  TrN+G4             6     -4583.9595      9394.9191         8.3549    0.0081
       9  HKY+I+G4           6     -4583.9759      9394.9518         8.3876    0.0080
      10  TPM2uf+G4          6     -4584.2202      9395.4404         8.8762    0.0062
--------------------------------------------------------------------------------
Best model according to AICc
---------------------------
Model:              TPM3uf+G4
lnL:                -4579.7821
Frequencies:        0.3100 0.1827 0.1913 0.3160
Subst. Rates:       1.5289 3.0576 1.0000 1.5289 3.0576 1.0000 
Inv. sites prop:    -
Gamma shape:        1.1594
Score:              9386.5642
Weight:             0.5269
---------------------------
Parameter importances
---------------------------
P.Inv:              0.0000
Gamma:              0.7923
Gamma-Inv:          0.2077
Frequencies:        1.0000
---------------------------
Model averaged estimates
---------------------------
P.Inv:              0.2091
Alpha:              1.1595
Alpha-P.Inv:        1.4365
P.Inv-Alpha:        0.0515
Frequencies:        0.3098 0.1847 0.1905 0.3150 

Commands:
  > phyml  -i /shared/lab_7/phyl_pipeline/evol_anal/NO_PAT/testing_evol/minor_event_2/minor_event_2_nucl_reported.fasta -m 012012 -f m -v 0 -a e -c 4 -o tlr
  > raxmlHPC-SSE3 -s /shared/lab_7/phyl_pipeline/evol_anal/NO_PAT/testing_evol/minor_event_2/minor_event_2_nucl_reported.fasta -m GTRGAMMAX -n EXEC_NAME -p PARSIMONY_SEED
  > raxml-ng --msa /shared/lab_7/phyl_pipeline/evol_anal/NO_PAT/testing_evol/minor_event_2/minor_event_2_nucl_reported.fasta --model TPM3uf+G4
  > paup -s /shared/lab_7/phyl_pipeline/evol_anal/NO_PAT/testing_evol/minor_event_2/minor_event_2_nucl_reported.fasta
  > iqtree -s /shared/lab_7/phyl_pipeline/evol_anal/NO_PAT/testing_evol/minor_event_2/minor_event_2_nucl_reported.fasta -m TPM3uf+G4
Done
