--------------------------------------------------------------------------------
ModelTest-NG v0.1.7

Input data:
  MSA:        /shared/lab_7/phyl_pipeline/evol_anal/NO_PAT/testing_evol/major1_event_23/major1_event_23_nucl_reported.fasta
  Tree:       Maximum likelihood
    file:           -
  #taxa:            10
  #sites:           642
  #patterns:        336
  Max. thread mem:  1 MB

Output:
  Log:           /shared/lab_7/phyl_pipeline/evol_anal/NO_PAT/testing_evol/major1_event_23/major1_event_23_nucl_reported.fasta.log
  Starting tree: /shared/lab_7/phyl_pipeline/evol_anal/NO_PAT/testing_evol/major1_event_23/major1_event_23_nucl_reported.fasta.tree
  Results:       /shared/lab_7/phyl_pipeline/evol_anal/NO_PAT/testing_evol/major1_event_23/major1_event_23_nucl_reported.fasta.out

Selection options:
  # dna schemes:      11
  # dna models:       88
  include model parameters:
    Uniform:         true
    p-inv (+I):      true
    gamma (+G):      true
    both (+I+G):     true
    free rates (+R): false
    fixed freqs:     true
    estimated freqs: true
    #categories:     4
  gamma rates mode:   mean
  asc bias:           none
  epsilon (opt):      0.01
  epsilon (par):      0.05
  keep branches:      false

Additional options:
  verbosity:        very low
  threads:          1/36
  RNG seed:         12345
  subtree repeats:  enabled
--------------------------------------------------------------------------------

BIC       model              K            lnL          score          delta    weight
--------------------------------------------------------------------------------
       1  TPM3uf+G4          6     -3870.4770      7889.6394         0.0000    0.4438
       2  TPM3uf+I           6     -3870.7475      7890.1806         0.5411    0.3386
       3  TPM3uf+I+G4        7     -3868.2555      7891.6611         2.0217    0.1615
       4  TIM3+G4            7     -3870.2061      7895.5624         5.9229    0.0230
       5  TIM3+I             7     -3870.5004      7896.1510         6.5115    0.0171
       6  TIM3+I+G4          8     -3868.0459      7897.7066         8.0671    0.0079
       7  TVM+G4             8     -3868.8024      7899.2195         9.5801    0.0037
       8  TVM+I              8     -3869.1216      7899.8579        10.2185    0.0027
       9  TVM+I+G4           9     -3866.5992      7901.2776        11.6382    0.0013
      10  GTR+G4             9     -3868.5154      7905.1100        15.4706    0.0002
--------------------------------------------------------------------------------
Best model according to BIC
---------------------------
Model:              TPM3uf+G4
lnL:                -3870.4770
Frequencies:        0.3431 0.1516 0.2037 0.3016
Subst. Rates:       2.3619 3.5264 1.0000 2.3619 3.5264 1.0000 
Inv. sites prop:    -
Gamma shape:        1.3747
Score:              7889.6394
Weight:             0.4438
---------------------------
Parameter importances
---------------------------
P.Inv:              0.3586
Gamma:              0.4707
Gamma-Inv:          0.1708
Frequencies:        1.0000
---------------------------
Model averaged estimates
---------------------------
P.Inv:              0.2269
Alpha:              1.3755
Alpha-P.Inv:        4.1523
P.Inv-Alpha:        0.1715
Frequencies:        0.3429 0.1525 0.2037 0.3008 

Commands:
  > phyml  -i /shared/lab_7/phyl_pipeline/evol_anal/NO_PAT/testing_evol/major1_event_23/major1_event_23_nucl_reported.fasta -m 012012 -f m -v 0 -a e -c 4 -o tlr
  > raxmlHPC-SSE3 -s /shared/lab_7/phyl_pipeline/evol_anal/NO_PAT/testing_evol/major1_event_23/major1_event_23_nucl_reported.fasta -m GTRGAMMAX -n EXEC_NAME -p PARSIMONY_SEED
  > raxml-ng --msa /shared/lab_7/phyl_pipeline/evol_anal/NO_PAT/testing_evol/major1_event_23/major1_event_23_nucl_reported.fasta --model TPM3uf+G4
  > paup -s /shared/lab_7/phyl_pipeline/evol_anal/NO_PAT/testing_evol/major1_event_23/major1_event_23_nucl_reported.fasta
  > iqtree -s /shared/lab_7/phyl_pipeline/evol_anal/NO_PAT/testing_evol/major1_event_23/major1_event_23_nucl_reported.fasta -m TPM3uf+G4

AIC       model              K            lnL          score          delta    weight
--------------------------------------------------------------------------------
       1  TPM3uf+I+G4        7     -3868.2555      7784.5110         0.0000    0.2627
       2  TVM+I+G4           9     -3866.5992      7785.1983         0.6873    0.1863
       3  TIM3+I+G4          8     -3868.0459      7786.0919         1.5809    0.1192
       4  GTR+I+G4          10     -3866.3654      7786.7308         2.2198    0.0866
       5  TPM3uf+G4          6     -3870.4770      7786.9539         2.4429    0.0775
       6  TPM3uf+I           6     -3870.7475      7787.4950         2.9841    0.0591
       7  TVM+G4             8     -3868.8024      7787.6048         3.0938    0.0559
       8  TVM+I              8     -3869.1216      7788.2432         3.7322    0.0407
       9  TIM3+G4            7     -3870.2061      7788.4122         3.9013    0.0374
      10  TIM3+I             7     -3870.5004      7789.0008         4.4899    0.0278
--------------------------------------------------------------------------------
Best model according to AIC
---------------------------
Model:              TPM3uf+I+G4
lnL:                -3868.2555
Frequencies:        0.3433 0.1520 0.2037 0.3010
Subst. Rates:       2.2912 3.4135 1.0000 2.2912 3.4135 1.0000 
Inv. sites prop:    0.1715
Gamma shape:        4.1515
Score:              7784.5110
Weight:             0.2627
---------------------------
Parameter importances
---------------------------
P.Inv:              0.1469
Gamma:              0.1982
Gamma-Inv:          0.6549
Frequencies:        1.0000
---------------------------
Model averaged estimates
---------------------------
P.Inv:              0.2269
Alpha:              1.3740
Alpha-P.Inv:        4.1315
P.Inv-Alpha:        0.1705
Frequencies:        0.3431 0.1529 0.2022 0.3019 

Commands:
  > phyml  -i /shared/lab_7/phyl_pipeline/evol_anal/NO_PAT/testing_evol/major1_event_23/major1_event_23_nucl_reported.fasta -m 012012 -f m -v e -a e -c 4 -o tlr
  > raxmlHPC-SSE3 -s /shared/lab_7/phyl_pipeline/evol_anal/NO_PAT/testing_evol/major1_event_23/major1_event_23_nucl_reported.fasta -m GTRGAMMAIX -n EXEC_NAME -p PARSIMONY_SEED
  > raxml-ng --msa /shared/lab_7/phyl_pipeline/evol_anal/NO_PAT/testing_evol/major1_event_23/major1_event_23_nucl_reported.fasta --model TPM3uf+I+G4
  > paup -s /shared/lab_7/phyl_pipeline/evol_anal/NO_PAT/testing_evol/major1_event_23/major1_event_23_nucl_reported.fasta
  > iqtree -s /shared/lab_7/phyl_pipeline/evol_anal/NO_PAT/testing_evol/major1_event_23/major1_event_23_nucl_reported.fasta -m TPM3uf+I+G4

AICc      model              K            lnL          score          delta    weight
--------------------------------------------------------------------------------
       1  TPM3uf+I+G4        7     -3868.2555      7785.5110         0.0000    0.3329
       2  TVM+I+G4           9     -3866.5992      7787.1983         1.6873    0.1432
       3  TPM3uf+G4          6     -3870.4770      7787.9539         2.4429    0.0981
       4  TIM3+I+G4          8     -3868.0459      7788.0919         2.5809    0.0916
       5  TPM3uf+I           6     -3870.7475      7788.4950         2.9841    0.0749
       6  GTR+I+G4          10     -3866.3654      7788.7308         3.2198    0.0665
       7  TIM3+G4            7     -3870.2061      7789.4122         3.9013    0.0473
       8  TVM+G4             8     -3868.8024      7789.6048         4.0938    0.0430
       9  TIM3+I             7     -3870.5004      7790.0008         4.4899    0.0353
      10  TVM+I              8     -3869.1216      7790.2432         4.7322    0.0312
--------------------------------------------------------------------------------
Best model according to AICc
---------------------------
Model:              TPM3uf+I+G4
lnL:                -3868.2555
Frequencies:        0.3433 0.1520 0.2037 0.3010
Subst. Rates:       2.2912 3.4135 1.0000 2.2912 3.4135 1.0000 
Inv. sites prop:    0.1715
Gamma shape:        4.1515
Score:              7785.5110
Weight:             0.3329
---------------------------
Parameter importances
---------------------------
P.Inv:              0.1562
Gamma:              0.2095
Gamma-Inv:          0.6342
Frequencies:        1.0000
---------------------------
Model averaged estimates
---------------------------
P.Inv:              0.2269
Alpha:              1.3762
Alpha-P.Inv:        4.1356
P.Inv-Alpha:        0.1707
Frequencies:        0.3430 0.1528 0.2024 0.3017 

Commands:
  > phyml  -i /shared/lab_7/phyl_pipeline/evol_anal/NO_PAT/testing_evol/major1_event_23/major1_event_23_nucl_reported.fasta -m 012012 -f m -v e -a e -c 4 -o tlr
  > raxmlHPC-SSE3 -s /shared/lab_7/phyl_pipeline/evol_anal/NO_PAT/testing_evol/major1_event_23/major1_event_23_nucl_reported.fasta -m GTRGAMMAIX -n EXEC_NAME -p PARSIMONY_SEED
  > raxml-ng --msa /shared/lab_7/phyl_pipeline/evol_anal/NO_PAT/testing_evol/major1_event_23/major1_event_23_nucl_reported.fasta --model TPM3uf+I+G4
  > paup -s /shared/lab_7/phyl_pipeline/evol_anal/NO_PAT/testing_evol/major1_event_23/major1_event_23_nucl_reported.fasta
  > iqtree -s /shared/lab_7/phyl_pipeline/evol_anal/NO_PAT/testing_evol/major1_event_23/major1_event_23_nucl_reported.fasta -m TPM3uf+I+G4
Done
