Using: /root/.etetoolkit/ext_apps-latest/bin/Slr
Using: /root/.etetoolkit/ext_apps-latest/bin/codeml

Running CodeML/Slr (20 CPUs)
  - processing model M0 (M0~839f18d19d9602d8b53070116bb94aca)
  - processing model bsA (bsA~399360f000bf7c8be13471804e1bb21f)
       marking branches 7

          ((((BT_Cry50Ba1,NOV_Cry50Ba2_97.6_AFI42042.1),BT_Cry50Aa1),((NOV_Cry52Ca1_62.9_AZJ24464.1,(BT_Cry52Aa1,BT_Cry52Ba1)),BT_Cry52Ca1 #1)),(NOV_Cry19Ba1_74.0_AGV55021.1,BT_Cry19Ba1),BT_Cry19Ca1);

  - processing model bsA1 (bsA1~2cbf94b5c46dabd03e16fb43058a363d)
       marking branches 7

          ((((BT_Cry50Ba1,NOV_Cry50Ba2_97.6_AFI42042.1),BT_Cry50Aa1),((NOV_Cry52Ca1_62.9_AZJ24464.1,(BT_Cry52Aa1,BT_Cry52Ba1)),BT_Cry52Ca1 #1)),(NOV_Cry19Ba1_74.0_AGV55021.1,BT_Cry19Ba1),BT_Cry19Ca1);

  - processing model bsB (bsB~a123f9c8c620dbf58dbda0fc881121db)
       marking branches 7

          ((((BT_Cry50Ba1,NOV_Cry50Ba2_97.6_AFI42042.1),BT_Cry50Aa1),((NOV_Cry52Ca1_62.9_AZJ24464.1,(BT_Cry52Aa1,BT_Cry52Ba1)),BT_Cry52Ca1 #1)),(NOV_Cry19Ba1_74.0_AGV55021.1,BT_Cry19Ba1),BT_Cry19Ca1);


LRT

                                         Null model |                             Alternative model | p-value
   =================================================|===============================================|============
                M0~839f18d19d9602d8b53070116bb94aca |      bsA.7-1~7783e1166ad1154496dba4bda973a5cb | 0.000000**
                M0~839f18d19d9602d8b53070116bb94aca |     bsA1.7-1~b9376a01139ef26fd099fe66e42379a1 | 0.000000**
                M0~839f18d19d9602d8b53070116bb94aca |      bsB.7-1~4f2f2ede472d955d1ab51912e10f41b1 | 0.000000**
           bsA.7-1~7783e1166ad1154496dba4bda973a5cb |      bsB.7-1~4f2f2ede472d955d1ab51912e10f41b1 | 0.456478
          bsA1.7-1~b9376a01139ef26fd099fe66e42379a1 |      bsA.7-1~7783e1166ad1154496dba4bda973a5cb | 0.000000**
          bsA1.7-1~b9376a01139ef26fd099fe66e42379a1 |      bsB.7-1~4f2f2ede472d955d1ab51912e10f41b1 | 0.000001**

SUMMARY BY MODEL

 - Model M0
   * Average omega for all tree: 0.413

 - Model bsA.7-1
   * Marked branches
      ((((BT_Cry50Ba1,NOV_Cry50Ba2_97.6_AFI42042.1),BT_Cry50Aa1),((NOV_Cry52Ca1_62.9_AZJ24464.1,(BT_Cry52Aa1,BT_Cry52Ba1)),BT_Cry52Ca1 #1)),(NOV_Cry19Ba1_74.0_AGV55021.1,BT_Cry19Ba1),BT_Cry19Ca1);
   * Sites significantly caracterized
      codon position |   category
     -----------------------------------------------------------
                 6   |   Positively-selected (probability > 0.95)
                 8   |   Conserved (probability > 0.95)
                17   |   Conserved (probability > 0.95)
                26   |   Conserved (probability > 0.95)
                34   |   Conserved (probability > 0.95)
                38   |   Conserved (probability > 0.95)
                40   |   Conserved (probability > 0.95)
                52   |   Conserved (probability > 0.95)
                55   |   Positively-selected (probability > 0.99)
                66   |   Conserved (probability > 0.95)
                70   |   Conserved (probability > 0.95)
                92   |   Positively-selected (probability > 0.95)
                93   |   Conserved (probability > 0.95)
           96-  97   |   Conserved (probability > 0.95)
               100   |   Conserved (probability > 0.95)
               104   |   Conserved (probability > 0.95)
               114   |   Conserved (probability > 0.95)
          116- 119   |   Conserved (probability > 0.95)
               121   |   Conserved (probability > 0.95)
               126   |   Conserved (probability > 0.95)
               128   |   Conserved (probability > 0.95)
          133- 135   |   Conserved (probability > 0.95)
               137   |   Conserved (probability > 0.95)
               139   |   Conserved (probability > 0.95)
               152   |   Conserved (probability > 0.95)
               160   |   Conserved (probability > 0.95)
               163   |   Conserved (probability > 0.95)
               167   |   Conserved (probability > 0.95)
               180   |   Conserved (probability > 0.95)
               187   |   Conserved (probability > 0.95)
               189   |   Conserved (probability > 0.95)
               195   |   Conserved (probability > 0.95)
          197- 199   |   Conserved (probability > 0.95)
               201   |   Conserved (probability > 0.95)
          205- 207   |   Conserved (probability > 0.95)
          209- 210   |   Conserved (probability > 0.95)
               213   |   Conserved (probability > 0.95)

 - Model bsA1.7-1
   * Marked branches
      ((((BT_Cry50Ba1,NOV_Cry50Ba2_97.6_AFI42042.1),BT_Cry50Aa1),((NOV_Cry52Ca1_62.9_AZJ24464.1,(BT_Cry52Aa1,BT_Cry52Ba1)),BT_Cry52Ca1 #1)),(NOV_Cry19Ba1_74.0_AGV55021.1,BT_Cry19Ba1),BT_Cry19Ca1);
   * Sites significantly caracterized
      codon position |   category
     -----------------------------------------------------------
                 8   |   Relaxed (probability > 0.95)
                17   |   Relaxed (probability > 0.95)
                19   |   Relaxed (probability > 0.95)
                24   |   Relaxed (probability > 0.95)
                26   |   Relaxed (probability > 0.95)
                31   |   Relaxed (probability > 0.95)
                34   |   Relaxed (probability > 0.95)
                38   |   Relaxed (probability > 0.95)
           40-  41   |   Relaxed (probability > 0.95)
           45-  47   |   Relaxed (probability > 0.95)
                50   |   Relaxed (probability > 0.95)
                52   |   Relaxed (probability > 0.95)
                54   |   Relaxed (probability > 0.95)
                60   |   Relaxed (probability > 0.95)
                64   |   Relaxed (probability > 0.95)
           66-  67   |   Relaxed (probability > 0.95)
                70   |   Relaxed (probability > 0.95)
                72   |   Relaxed (probability > 0.95)
                75   |   Relaxed (probability > 0.95)
                78   |   Relaxed (probability > 0.95)
                80   |   Relaxed (probability > 0.95)
                91   |   Relaxed (probability > 0.95)
           93-  94   |   Relaxed (probability > 0.95)
           96-  97   |   Relaxed (probability > 0.95)
           99- 102   |   Relaxed (probability > 0.95)
               104   |   Relaxed (probability > 0.95)
               106   |   Relaxed (probability > 0.95)
               111   |   Relaxed (probability > 0.95)
          113- 114   |   Relaxed (probability > 0.95)
          116- 119   |   Relaxed (probability > 0.95)
               121   |   Relaxed (probability > 0.95)
               126   |   Relaxed (probability > 0.95)
               128   |   Relaxed (probability > 0.95)
          131- 132   |   Relaxed (probability > 0.95)
          134- 135   |   Relaxed (probability > 0.95)
               137   |   Relaxed (probability > 0.95)
               139   |   Relaxed (probability > 0.95)
               150   |   Relaxed (probability > 0.95)
          152- 156   |   Relaxed (probability > 0.95)
               160   |   Relaxed (probability > 0.95)
          162- 163   |   Relaxed (probability > 0.95)
          166- 167   |   Relaxed (probability > 0.95)
               170   |   Relaxed (probability > 0.95)
               175   |   Relaxed (probability > 0.95)
               180   |   Relaxed (probability > 0.95)
               187   |   Relaxed (probability > 0.95)
               189   |   Relaxed (probability > 0.95)
               195   |   Relaxed (probability > 0.95)
          197- 202   |   Relaxed (probability > 0.95)
          205- 207   |   Relaxed (probability > 0.95)
          209- 210   |   Relaxed (probability > 0.95)
          212- 213   |   Relaxed (probability > 0.95)

 - Model bsB.7-1
   * Marked branches
      ((((BT_Cry50Ba1,NOV_Cry50Ba2_97.6_AFI42042.1),BT_Cry50Aa1),((NOV_Cry52Ca1_62.9_AZJ24464.1,(BT_Cry52Aa1,BT_Cry52Ba1)),BT_Cry52Ca1 #1)),(NOV_Cry19Ba1_74.0_AGV55021.1,BT_Cry19Ba1),BT_Cry19Ca1);
   * Sites significantly caracterized
      codon position |   category
     -----------------------------------------------------------
                 6   |   Positively-selected (probability > 0.99)
                 8   |   Conserved (probability > 0.95)
                17   |   Conserved (probability > 0.95)
                26   |   Conserved (probability > 0.95)
                34   |   Conserved (probability > 0.95)
                38   |   Conserved (probability > 0.95)
                40   |   Conserved (probability > 0.95)
           52-  53   |   Conserved (probability > 0.95)
                55   |   Positively-selected (probability > 0.99)
                59   |   Conserved (probability > 0.95)
                66   |   Conserved (probability > 0.95)
                70   |   Conserved (probability > 0.95)
                92   |   Positively-selected (probability > 0.95)
                93   |   Conserved (probability > 0.95)
                96   |   Conserved (probability > 0.99)
                97   |   Conserved (probability > 0.95)
               100   |   Conserved (probability > 0.99)
               104   |   Conserved (probability > 0.95)
               108   |   Conserved (probability > 0.95)
          113- 114   |   Conserved (probability > 0.95)
          116- 119   |   Conserved (probability > 0.95)
               121   |   Conserved (probability > 0.95)
               126   |   Conserved (probability > 0.95)
               128   |   Conserved (probability > 0.99)
               129   |   Conserved (probability > 0.95)
          131- 133   |   Conserved (probability > 0.95)
               134   |   Conserved (probability > 0.99)
               135   |   Conserved (probability > 0.95)
               137   |   Conserved (probability > 0.95)
               139   |   Conserved (probability > 0.95)
               150   |   Conserved (probability > 0.95)
               152   |   Conserved (probability > 0.95)
               156   |   Positively-selected (probability > 0.95)
               160   |   Conserved (probability > 0.95)
               163   |   Conserved (probability > 0.95)
               167   |   Conserved (probability > 0.95)
               175   |   Conserved (probability > 0.95)
               180   |   Conserved (probability > 0.95)
               183   |   Conserved (probability > 0.95)
               187   |   Conserved (probability > 0.95)
               189   |   Conserved (probability > 0.95)
          194- 195   |   Conserved (probability > 0.95)
          197- 199   |   Conserved (probability > 0.95)
               201   |   Conserved (probability > 0.99)
          205- 206   |   Conserved (probability > 0.95)
               207   |   Conserved (probability > 0.99)
          209- 210   |   Conserved (probability > 0.95)
          212- 213   |   Conserved (probability > 0.95)
